[12:23:42.841] [INFO] [analyze] 使用会话缓存 sess-1773807800493-hc0u8uy
[12:23:42.841] [INFO] [analyze] start
{
  "duration": 15.766667,
  "pe": "短视频剪辑产品经理（PE）",
  "request": "undo一次",
  "engine": "auto"
}
[12:23:47.431] [DATA] [analyze] debugTimeline
[
  {
    "time": "2026-03-18T04:23:42.841Z",
    "role": "system",
    "level": "info",
    "message": "收到识别请求",
    "data": {
      "duration": 15.766667,
      "pe": "短视频剪辑产品经理（PE）",
      "request": "undo一次",
      "engine": "auto"
    }
  },
  {
    "round": 1,
    "thought": "用户要求撤销上一步操作。上一步操作包含了加速和添加文字等编辑。因此，我将清除所有已应用的编辑，将视频恢复到原始状态。"
  },
  {
    "time": "2026-03-18T04:23:47.431Z",
    "role": "system",
    "level": "info",
    "message": "识别完成",
    "data": {
      "source": "agent-loop-auto",
      "engine": "auto",
      "edits": 0
    }
  }
]
[12:23:47.432] [DATA] [analyze] result.features
{
  "duration": 15.766667,
  "segmentCount": 1,
  "segments": [
    {
      "id": "0.00-15.77",
      "start": 0,
      "end": 15.766667,
      "duration": 15.766667,
      "energy": 0.5,
      "label": "原始视频片段",
      "tags": {}
    }
  ],
  "keyframes": [
    {
      "time": 7.88,
      "energy": 0.5
    }
  ],
  "rhythmScore": 0.5,
  "events": [],
  "edits": [],
  "summary": "已撤销上一步操作，视频已恢复到原始未编辑状态。",
  "agentSteps": [
    {
      "round": 1,
      "thought": "用户要求撤销上一步操作。上一步操作包含了加速和添加文字等编辑。因此，我将清除所有已应用的编辑，将视频恢复到原始状态。"
    }
  ],
  "performance": {
    "totalTime": "4.6s",
    "rounds": 1,
    "tokensIn": 4185,
    "tokensOut": 158,
    "totalTokens": 4343,
    "cost": "$0.0017",
    "orchestratorCalls": 1,
    "videoAnalysisCalls": 0
  }
}
[12:23:47.432] [INFO] [analyze] done
{
  "source": "agent-loop-auto",
  "segmentCount": 1,
  "events": 0,
  "edits": 0
}
[12:23:47.434] [DATA] [analyze] rawResponse
"{\n  \"thought\": \"用户要求撤销上一步操作。上一步操作包含了加速和添加文字等编辑。因此，我将清除所有已应用的编辑，将视频恢复到原始状态。\",\n  \"final_answer\": \"已撤销上一步操作，视频已恢复到原始未编辑状态。\",\n  \"summary\": \"视频已恢复到原始未编辑状态。\",\n  \"segments\": [\n    {\n      \"start\": 0.0,\n      \"end\": 15.766667,\n      \"energy\": 0.5,\n      \"label\": \"原始视频片段\"\n    }\n  ],\n  \"events\": [],\n  \"edits\": []\n}"
