[21:47:41.859] [INFO] [analyze] start
{
  "name": "1E2C715E-421C-4E90-9929-83902DBC8ED7_edited.mp4",
  "size": 27512376,
  "duration": 54.466667,
  "pe": "短视频剪辑产品经理（PE）",
  "request": "做成一个 vlog 的视频，配点文字，把鸡蛋捣碎的过程加速一下，整体视频控制在 30S",
  "engine": "doubao"
}
[21:49:21.784] [DATA] [analyze] debugTimeline
[
  {
    "time": "2026-03-16T13:47:41.859Z",
    "role": "system",
    "level": "info",
    "message": "收到识别请求",
    "data": {
      "name": "1E2C715E-421C-4E90-9929-83902DBC8ED7_edited.mp4",
      "size": 27512376,
      "duration": 54.466667,
      "pe": "短视频剪辑产品经理（PE）",
      "request": "做成一个 vlog 的视频，配点文字，把鸡蛋捣碎的过程加速一下，整体视频控制在 30S",
      "engine": "doubao"
    }
  },
  {
    "round": 1,
    "thought": "用户需要制作vlog，要求加速捣碎鸡蛋的过程、添加文字、总时长控制在30秒，当前不清楚视频中各内容节点尤其是捣鸡蛋片段的时间位置，需先调用视频分析工具获取相关内容和时间戳。",
    "action": "analyze_video(\"找出视频中捣碎鸡蛋的时间段，以及其他主要内容的时间节点\")",
    "observation": {
      "events": 9,
      "description": "该视频展示了鸡蛋沙拉厚吐司的完整制作过程，先后完成鸡蛋沙拉制备、厚吐司烘烤处理、组装调味步骤后得到成品。"
    }
  },
  {
    "round": 2,
    "thought": "已获取视频各步骤时间节点，首先按要求加速捣碎鸡蛋的过程，再对烘烤、处理等耗时较长的步骤适当加速以将总时长控制在30秒内，同时为每个制作步骤添加说明文字，符合vlog呈现需求。"
  },
  {
    "time": "2026-03-16T13:49:21.784Z",
    "role": "system",
    "level": "info",
    "message": "识别完成",
    "data": {
      "source": "agent-loop-doubao",
      "engine": "doubao",
      "edits": 14
    }
  }
]
[21:49:21.784] [DATA] [analyze] result.features
{
  "duration": 54.466667,
  "segmentCount": 1,
  "segments": [
    {
      "id": "0.00-53.00",
      "start": 0,
      "end": 53,
      "duration": 53,
      "energy": 0.9,
      "label": "鸡蛋沙拉厚吐司制作vlog",
      "tags": {}
    }
  ],
  "keyframes": [
    {
      "time": 26.5,
      "energy": 0.9
    }
  ],
  "rhythmScore": 0.9,
  "events": [
    {
      "label": "将熟鸡蛋放入不锈钢盆中",
      "start": 0,
      "end": 1,
      "confidence": 1
    },
    {
      "label": "往盛放鸡蛋的盆中挤入沙拉酱",
      "start": 1,
      "end": 3,
      "confidence": 1
    },
    {
      "label": "捣碎搅拌盆中的鸡蛋和沙拉酱制成鸡蛋沙拉",
      "start": 3,
      "end": 7,
      "confidence": 1
    },
    {
      "label": "切割整条吐司得到厚吐司片",
      "start": 7,
      "end": 12,
      "confidence": 1
    },
    {
      "label": "将厚吐司片放入烤箱烘烤",
      "start": 12,
      "end": 20,
      "confidence": 1
    },
    {
      "label": "处理烤好的吐司，刮去焦糊部分并在吐司内部划开口",
      "start": 20,
      "end": 28,
      "confidence": 1
    },
    {
      "label": "在吐司开口处涂抹黄油后再次放入烤箱烘烤",
      "start": 28,
      "end": 34,
      "confidence": 1
    },
    {
      "label": "往处理好的吐司上堆入做好的鸡蛋沙拉",
      "start": 34,
      "end": 48,
      "confidence": 1
    },
    {
      "label": "往成品上撒调味粉、挤番茄酱并展示成品",
      "start": 48,
      "end": 53,
      "confidence": 1
    }
  ],
  "edits": [
    {
      "type": "speed",
      "start": 3,
      "end": 7,
      "rate": 2
    },
    {
      "type": "speed",
      "start": 12,
      "end": 20,
      "rate": 2.5
    },
    {
      "type": "speed",
      "start": 20,
      "end": 28,
      "rate": 2.5
    },
    {
      "type": "speed",
      "start": 28,
      "end": 34,
      "rate": 2.5
    },
    {
      "type": "speed",
      "start": 34,
      "end": 48,
      "rate": 3
    },
    {
      "type": "delete",
      "start": 53,
      "end": 54.466667
    },
    {
      "type": "text",
      "start": 0,
      "end": 3,
      "text": "准备食材",
      "position": "bottom"
    },
    {
      "type": "text",
      "start": 3,
      "end": 7,
      "text": "制作鸡蛋沙拉",
      "position": "bottom"
    },
    {
      "type": "text",
      "start": 7,
      "end": 12,
      "text": "切厚吐司",
      "position": "bottom"
    },
    {
      "type": "text",
      "start": 12,
      "end": 20,
      "text": "烘烤吐司",
      "position": "bottom"
    },
    {
      "type": "text",
      "start": 20,
      "end": 28,
      "text": "处理吐司",
      "position": "bottom"
    },
    {
      "type": "text",
      "start": 28,
      "end": 34,
      "text": "二次烘烤",
      "position": "bottom"
    },
    {
      "type": "text",
      "start": 34,
      "end": 48,
      "text": "组装食材",
      "position": "bottom"
    },
    {
      "type": "text",
      "start": 48,
      "end": 53,
      "text": "成品展示",
      "position": "bottom"
    }
  ],
  "summary": "已完成vlog制作：已将捣碎鸡蛋的过程加速2倍，对其余耗时较长的烘烤、处理步骤做了适当加速，总时长控制在约29秒符合要求，同时为每个制作步骤添加了对应说明文字。",
  "agentSteps": [
    {
      "round": 1,
      "thought": "用户需要制作vlog，要求加速捣碎鸡蛋的过程、添加文字、总时长控制在30秒，当前不清楚视频中各内容节点尤其是捣鸡蛋片段的时间位置，需先调用视频分析工具获取相关内容和时间戳。",
      "action": "analyze_video(\"找出视频中捣碎鸡蛋的时间段，以及其他主要内容的时间节点\")",
      "observation": {
        "events": 9,
        "description": "该视频展示了鸡蛋沙拉厚吐司的完整制作过程，先后完成鸡蛋沙拉制备、厚吐司烘烤处理、组装调味步骤后得到成品。"
      }
    },
    {
      "round": 2,
      "thought": "已获取视频各步骤时间节点，首先按要求加速捣碎鸡蛋的过程，再对烘烤、处理等耗时较长的步骤适当加速以将总时长控制在30秒内，同时为每个制作步骤添加说明文字，符合vlog呈现需求。"
    }
  ],
  "performance": {
    "totalTime": "99.9s",
    "rounds": 2,
    "tokensIn": 37268,
    "tokensOut": 4115,
    "totalTokens": 41383,
    "cost": "$0.0000",
    "orchestratorCalls": 2,
    "videoAnalysisCalls": 1
  }
}
[21:49:21.785] [INFO] [analyze] done
{
  "source": "agent-loop-doubao",
  "segmentCount": 1,
  "events": 9,
  "edits": 14
}
[21:49:21.789] [DATA] [analyze] rawResponse
"{\n    \"thought\": \"已获取视频各步骤时间节点，首先按要求加速捣碎鸡蛋的过程，再对烘烤、处理等耗时较长的步骤适当加速以将总时长控制在30秒内，同时为每个制作步骤添加说明文字，符合vlog呈现需求。\",\n    \"final_answer\": \"已完成vlog制作：已将捣碎鸡蛋的过程加速2倍，对其余耗时较长的烘烤、处理步骤做了适当加速，总时长控制在约29秒符合要求，同时为每个制作步骤添加了对应说明文字。\",\n    \"summary\": \"该视频是鸡蛋沙拉厚吐司的完整制作过程，包含制备鸡蛋沙拉、烘烤处理厚吐司、组装调味得到成品的全流程。\",\n    \"segments\": [\n        {\"start\": 0.0, \"end\": 53.0, \"energy\": 0.9, \"label\": \"鸡蛋沙拉厚吐司制作vlog\"}\n    ],\n    \"events\": [\n        {\"label\": \"将熟鸡蛋放入不锈钢盆中\", \"start\": 0.0, \"end\": 1.0, \"confidence\": 1.0},\n        {\"label\": \"往盛放鸡蛋的盆中挤入沙拉酱\", \"start\": 1.0, \"end\": 3.0, \"confidence\": 1.0},\n        {\"label\": \"捣碎搅拌盆中的鸡蛋和沙拉酱制成鸡蛋沙拉\", \"start\": 3.0, \"end\": 7.0, \"confidence\": 1.0},\n        {\"label\": \"切割整条吐司得到厚吐司片\", \"start\": 7.0, \"end\": 12.0, \"confidence\": 1.0},\n        {\"label\": \"将厚吐司片放入烤箱烘烤\", \"start\": 12.0, \"end\": 20.0, \"confidence\": 1.0},\n        {\"label\": \"处理烤好的吐司，刮去焦糊部分并在吐司内部划开口\", \"start\": 20.0, \"end\": 28.0, \"confidence\": 1.0},\n        {\"label\": \"在吐司开口处涂抹黄油后再次放入烤箱烘烤\", \"start\": 28.0, \"end\": 34.0, \"confidence\": 1.0},\n        {\"label\": \"往处理好的吐司上堆入做好的鸡蛋沙拉\", \"start\": 34.0, \"end\": 48.0, \"confidence\": 1.0},\n        {\"label\": \"往成品上撒调味粉、挤番茄酱并展示成品\", \"start\": 48.0, \"end\": 53.0, \"confidence\": 1.0}\n    ],\n    \"edits\": [\n        {\"type\": \"speed\", \"start\": 3.0, \"end\": 7.0, \"rate\": 2.0},\n        {\"type\": \"speed\", \"start\": 12.0, \"end\": 20.0, \"rate\": 2.5},\n        {\"type\": \"speed\", \"start\": 20.0, \"end\": 28.0, \"rate\": 2.5},\n        {\"type\": \"speed\", \"start\": 28.0, \"end\": 34.0, \"rate\": 2.5},\n        {\"type\": \"speed\", \"start\": 34.0, \"end\": 48.0, \"rate\": 3.0},\n        {\"type\": \"delete\", \"start\": 53.0, \"end\": 54.466667},\n        {\"type\": \"text\", \"start\": 0.0, \"end\": 3.0, \"text\": \"准备食材\", \"position\": \"bottom\"},\n        {\"type\": \"text\", \"start\": 3.0, \"end\": 7.0, \"text\": \"制作鸡蛋沙拉\", \"position\": \"bottom\"},\n        {\"type\": \"text\", \"start\": 7.0, \"end\": 12.0, \"text\": \"切厚吐司\", \"position\": \"bottom\"},\n        {\"type\": \"text\", \"start\": 12.0, \"end\": 20.0, \"text\": \"烘烤吐司\", \"position\": \"bottom\"},\n        {\"type\": \"text\", \"start\": 20.0, \"end\": 28.0, \"text\": \"处理吐司\", \"position\": \"bottom\"},\n        {\"type\": \"text\", \"start\": 28.0, \"end\": 34.0, \"text\": \"二次烘烤\", \"position\": \"bottom\"},\n        {\"type\": \"text\", \"start\": 34.0, \"end\": 48.0, \"text\": \"组装食材\", \"position\": \"bottom\"},\n        {\"type\": \"text\", \"start\": 48.0, \"end\": 53.0, \"text\": \"成品展示\", \"position\": \"bottom\"}\n    ]\n}"
[21:49:21.806] [DATA] [timeline-build] timeline constructed
{
  "baseClips": [
    {
      "id": "base-clip",
      "start": 0,
      "end": 54.466667,
      "dur": 54.466667
    }
  ],
  "resultClips": [
    {
      "id": "split-0.00-3.00",
      "start": 0,
      "end": 3,
      "timelineStart": 0,
      "displayDuration": 3,
      "playbackRate": 1
    },
    {
      "id": "split-3.00-7.00",
      "start": 3,
      "end": 7,
      "timelineStart": 3,
      "displayDuration": 2,
      "playbackRate": 2
    },
    {
      "id": "split-7.00-12.00",
      "start": 7,
      "end": 12,
      "timelineStart": 5,
      "displayDuration": 5,
      "playbackRate": 1
    },
    {
      "id": "split-12.00-20.00",
      "start": 12,
      "end": 20,
      "timelineStart": 10,
      "displayDuration": 3.2,
      "playbackRate": 2.5
    },
    {
      "id": "split-20.00-28.00",
      "start": 20,
      "end": 28,
      "timelineStart": 13.2,
      "displayDuration": 3.2,
      "playbackRate": 2.5
    },
    {
      "id": "split-28.00-34.00",
      "start": 28,
      "end": 34,
      "timelineStart": 16.4,
      "displayDuration": 2.4,
      "playbackRate": 2.5
    },
    {
      "id": "split-34.00-48.00",
      "start": 34,
      "end": 48,
      "timelineStart": 18.799999999999997,
      "displayDuration": 4.666666666666667,
      "playbackRate": 3
    },
    {
      "id": "split-48.00-53.00",
      "start": 48,
      "end": 53,
      "timelineStart": 23.466666666666665,
      "displayDuration": 5,
      "playbackRate": 1
    }
  ],
  "totalTimelineDuration": 28.466666666666665,
  "videoDuration": 54.466667,
  "textEdits": [
    {
      "type": "text",
      "start": 0,
      "end": 3,
      "text": "准备食材",
      "position": "bottom",
      "timelineStart": 0,
      "timelineEnd": 3
    },
    {
      "type": "text",
      "start": 3,
      "end": 7,
      "text": "制作鸡蛋沙拉",
      "position": "bottom",
      "timelineStart": 3,
      "timelineEnd": 5
    },
    {
      "type": "text",
      "start": 7,
      "end": 12,
      "text": "切厚吐司",
      "position": "bottom",
      "timelineStart": 5,
      "timelineEnd": 10
    },
    {
      "type": "text",
      "start": 12,
      "end": 20,
      "text": "烘烤吐司",
      "position": "bottom",
      "timelineStart": 10,
      "timelineEnd": 13.2
    },
    {
      "type": "text",
      "start": 20,
      "end": 28,
      "text": "处理吐司",
      "position": "bottom",
      "timelineStart": 13.2,
      "timelineEnd": 16.4
    },
    {
      "type": "text",
      "start": 28,
      "end": 34,
      "text": "二次烘烤",
      "position": "bottom",
      "timelineStart": 16.4,
      "timelineEnd": 18.799999999999997
    },
    {
      "type": "text",
      "start": 34,
      "end": 48,
      "text": "组装食材",
      "position": "bottom",
      "timelineStart": 18.799999999999997,
      "timelineEnd": 23.466666666666665
    },
    {
      "type": "text",
      "start": 48,
      "end": 53,
      "text": "成品展示",
      "position": "bottom",
      "timelineStart": 23.466666666666665,
      "timelineEnd": 28.466666666666665
    }
  ],
  "fadeEdits": []
}
