[22:18:58.520] [INFO] [analyze] start
{
  "name": "IMG_5962.MOV",
  "size": 394329811,
  "duration": 358.561667,
  "pe": "短视频剪辑产品经理（PE）",
  "request": "找出视频中穿白色球衣的球员进球的片段，保留这些片段，其它都去掉\r\n",
  "engine": "auto"
}
[22:19:20.277] [DATA] [timeline-build] timeline constructed
{
  "baseClips": [
    {
      "id": "base-clip",
      "start": 0,
      "end": 358.561667,
      "dur": 358.561667
    }
  ],
  "resultClips": [
    {
      "id": "base-clip",
      "start": 0,
      "end": 358.561667,
      "timelineStart": 0,
      "displayDuration": 358.561667,
      "playbackRate": 1
    }
  ],
  "totalTimelineDuration": 358.561667,
  "videoDuration": 358.561667,
  "textEdits": [],
  "fadeEdits": []
}
[22:19:38.649] [DATA] [timeline-build] timeline constructed
{
  "baseClips": [
    {
      "id": "base-clip",
      "start": 0,
      "end": 358.561667,
      "dur": 358.561667
    }
  ],
  "resultClips": [
    {
      "id": "base-clip",
      "start": 0,
      "end": 358.561667,
      "timelineStart": 0,
      "displayDuration": 358.561667,
      "playbackRate": 1
    }
  ],
  "totalTimelineDuration": 358.561667,
  "videoDuration": 358.561667,
  "textEdits": [],
  "fadeEdits": []
}
[22:21:03.040] [DATA] [analyze] debugTimeline
[
  {
    "time": "2026-03-15T14:18:58.520Z",
    "role": "system",
    "level": "info",
    "message": "收到识别请求",
    "data": {
      "name": "IMG_5962.MOV",
      "size": 394329811,
      "duration": 358.561667,
      "pe": "短视频剪辑产品经理（PE）",
      "request": "找出视频中穿白色球衣的球员进球的片段，保留这些片段，其它都去掉\r\n",
      "engine": "auto"
    }
  },
  {
    "round": 1,
    "thought": "用户要求找出视频中穿白色球衣的球员进球的片段，并只保留这些片段。这需要对视频内容进行分析以识别特定球员的进球事件。我将使用 `analyze_video` 工具来检测这些事件。",
    "action": "analyze_video(\"all goals scored by players in white jerseys\")",
    "observation": {
      "events": 4,
      "description": "两名男子在室内篮球场进行一对一篮球比赛，其中身穿白色球衣的球员多次突破和跳投得分。"
    }
  },
  {
    "round": 2,
    "thought": "我已经识别出视频中穿白色球衣球员的四个进球片段。根据剪辑知识库的“高潮时刻的完整性原则”和“边界处理原则”，我将为每个进球片段前后各延伸2秒，以保留完整的蓄力、高潮和反应阶段。这些片段都属于篮球比赛的“密集型内容”，扩展后的时长（约5.9-6.4秒）符合单段3-8秒的节奏要求。我将把这些处理后的片段作为最终输出。"
  },
  {
    "time": "2026-03-15T14:21:03.040Z",
    "role": "system",
    "level": "info",
    "message": "识别完成",
    "data": {
      "source": "agent-loop-auto",
      "edits": 4
    }
  }
]
[22:21:03.040] [DATA] [analyze] result.features
{
  "duration": 358.561667,
  "segmentCount": 4,
  "segments": [
    {
      "id": "73.30-79.20",
      "start": 73.3,
      "end": 79.2,
      "duration": 5.900000000000006,
      "energy": 0.5,
      "label": "身穿白色球衣的球员突破上篮得分",
      "tags": {}
    },
    {
      "id": "110.70-116.90",
      "start": 110.7,
      "end": 116.9,
      "duration": 6.200000000000003,
      "energy": 0.5,
      "label": "身穿白色球衣的球员突破上篮得分",
      "tags": {}
    },
    {
      "id": "180.20-186.60",
      "start": 180.2,
      "end": 186.6,
      "duration": 6.400000000000006,
      "energy": 0.5,
      "label": "身穿白色球衣的球员跳投得分",
      "tags": {}
    },
    {
      "id": "255.00-261.10",
      "start": 255,
      "end": 261.1,
      "duration": 6.100000000000023,
      "energy": 0.5,
      "label": "身穿白色球衣的球员突破上篮得分",
      "tags": {}
    }
  ],
  "keyframes": [
    {
      "time": 76.25,
      "energy": 0.5
    },
    {
      "time": 113.8,
      "energy": 0.5
    },
    {
      "time": 183.4,
      "energy": 0.5
    },
    {
      "time": 258.05,
      "energy": 0.5
    }
  ],
  "rhythmScore": 0.5,
  "events": [
    {
      "label": "身穿白色球衣的球员突破上篮得分",
      "start": 75.3,
      "end": 77.2,
      "confidence": 0.95
    },
    {
      "label": "身穿白色球衣的球员突破上篮得分",
      "start": 112.7,
      "end": 114.9,
      "confidence": 0.95
    },
    {
      "label": "身穿白色球衣的球员跳投得分",
      "start": 182.2,
      "end": 184.6,
      "confidence": 0.95
    },
    {
      "label": "身穿白色球衣的球员突破上篮得分",
      "start": 257,
      "end": 259.1,
      "confidence": 0.95
    }
  ],
  "edits": [
    {
      "type": "split",
      "start": 73.3,
      "end": 79.2
    },
    {
      "type": "split",
      "start": 110.7,
      "end": 116.9
    },
    {
      "type": "split",
      "start": 180.2,
      "end": 186.6
    },
    {
      "type": "split",
      "start": 255,
      "end": 261.1
    }
  ],
  "summary": "已为您剪辑出所有身穿白色球衣球员的进球集锦。",
  "agentSteps": [
    {
      "round": 1,
      "thought": "用户要求找出视频中穿白色球衣的球员进球的片段，并只保留这些片段。这需要对视频内容进行分析以识别特定球员的进球事件。我将使用 `analyze_video` 工具来检测这些事件。",
      "action": "analyze_video(\"all goals scored by players in white jerseys\")",
      "observation": {
        "events": 4,
        "description": "两名男子在室内篮球场进行一对一篮球比赛，其中身穿白色球衣的球员多次突破和跳投得分。"
      }
    },
    {
      "round": 2,
      "thought": "我已经识别出视频中穿白色球衣球员的四个进球片段。根据剪辑知识库的“高潮时刻的完整性原则”和“边界处理原则”，我将为每个进球片段前后各延伸2秒，以保留完整的蓄力、高潮和反应阶段。这些片段都属于篮球比赛的“密集型内容”，扩展后的时长（约5.9-6.4秒）符合单段3-8秒的节奏要求。我将把这些处理后的片段作为最终输出。"
    }
  ],
  "performance": {
    "totalTime": "124.5s",
    "rounds": 2,
    "tokensIn": 113165,
    "tokensOut": 1115,
    "totalTokens": 114280,
    "cost": "$0.1397",
    "orchestratorCalls": 2,
    "videoAnalysisCalls": 1
  }
}
[22:21:03.041] [INFO] [analyze] done
{
  "source": "agent-loop-auto",
  "segmentCount": 4,
  "events": 4,
  "edits": 4
}
[22:21:03.043] [DATA] [analyze] rawResponse
"{\n  \"thought\": \"我已经识别出视频中穿白色球衣球员的四个进球片段。根据剪辑知识库的“高潮时刻的完整性原则”和“边界处理原则”，我将为每个进球片段前后各延伸2秒，以保留完整的蓄力、高潮和反应阶段。这些片段都属于篮球比赛的“密集型内容”，扩展后的时长（约5.9-6.4秒）符合单段3-8秒的节奏要求。我将把这些处理后的片段作为最终输出。\",\n  \"final_answer\": \"已为您剪辑出所有身穿白色球衣球员的进球集锦。\",\n  \"summary\": \"视频中穿白色球衣的球员多次突破和跳投得分。\",\n  \"segments\": [\n    {\n      \"start\": 73.3,\n      \"end\": 79.2,\n      \"label\": \"身穿白色球衣的球员突破上篮得分\"\n    },\n    {\n      \"start\": 110.7,\n      \"end\": 116.9,\n      \"label\": \"身穿白色球衣的球员突破上篮得分\"\n    },\n    {\n      \"start\": 180.2,\n      \"end\": 186.6,\n      \"label\": \"身穿白色球衣的球员跳投得分\"\n    },\n    {\n      \"start\": 255.0,\n      \"end\": 261.1,\n      \"label\": \"身穿白色球衣的球员突破上篮得分\"\n    }\n  ],\n  \"events\": [\n    {\n      \"label\": \"身穿白色球衣的球员突破上篮得分\",\n      \"start\": 75.3,\n      \"end\": 77.2,\n      \"confidence\": 0.95\n    },\n    {\n      \"label\": \"身穿白色球衣的球员突破上篮得分\",\n      \"start\": 112.7,\n      \"end\": 114.9,\n      \"confidence\": 0.95\n    },\n    {\n      \"label\": \"身穿白色球衣的球员跳投得分\",\n      \"start\": 182.2,\n      \"end\": 184.6,\n      \"confidence\": 0.95\n    },\n    {\n      \"label\": \"身穿白色球衣的球员突破上篮得分\",\n      \"start\": 257.0,\n      \"end\": 259.1,\n      \"confidence\": 0.95\n    }\n  ],\n  \"edits\": [\n    {\n      \"type\": \"split\",\n      \"start\": 73.3,\n      \"end\": 79.2\n    },\n    {\n      \"type\": \"split\",\n      \"start\": 110.7,\n      \"end\": 116.9\n    },\n    {\n      \"type\": \"split\",\n      \"start\": 180.2,\n      \"end\": 186.6\n    },\n    {\n      \"type\": \"split\",\n      \"start\": 255.0,\n      \"end\": 261.1\n    }\n  ]\n}"
