[18:32:38.225] [INFO] [analyze] start
{
  "name": "2æ12æ¥.mov",
  "size": 18127869,
  "duration": 15.766667,
  "pe": "短视频剪辑产品经理（PE）",
  "request": "识别视频中鸡蛋被捣碎的时间起始点，速度切换成 2X\r\n",
  "engine": "auto"
}
[18:32:56.602] [DATA] [analyze] debugTimeline
[
  {
    "time": "2026-03-13T10:32:38.225Z",
    "role": "system",
    "level": "info",
    "message": "收到识别请求",
    "data": {
      "name": "2æ12æ¥.mov",
      "size": 18127869,
      "duration": 15.766667,
      "pe": "短视频剪辑产品经理（PE）",
      "request": "识别视频中鸡蛋被捣碎的时间起始点，速度切换成 2X\r\n",
      "engine": "auto"
    }
  },
  {
    "round": 1,
    "thought": "用户要求识别视频中鸡蛋被捣碎的时间点，并对该片段进行2倍速处理。这需要先分析视频内容以定位到具体事件。我将调用 analyze_video 工具来识别“鸡蛋被捣碎”的事件。",
    "action": "analyze_video(\"eggs being smashed\")",
    "observation": {
      "events": 6,
      "description": "视频展示了制作鸡蛋沙拉三明治的过程，从将煮熟的鸡蛋与蛋黄酱混合，到切开巨大的面包片并进行烘烤。"
    }
  },
  {
    "round": 2,
    "thought": "视频分析结果显示，鸡蛋被捣碎并混合均匀的片段是从 2.8 秒到 8.8 秒。我将对这个准确的片段应用 2 倍速。"
  },
  {
    "time": "2026-03-13T10:32:56.602Z",
    "role": "system",
    "level": "info",
    "message": "识别完成",
    "data": {
      "source": "agent-loop",
      "edits": 1
    }
  }
]
[18:32:56.603] [DATA] [analyze] result.features
{
  "duration": 15.766667,
  "segmentCount": 6,
  "segments": [
    {
      "id": "0.00-0.90",
      "start": 0,
      "end": 0.9,
      "duration": 0.9,
      "energy": 0.5,
      "label": "将煮熟的鸡蛋放入金属碗中",
      "tags": {}
    },
    {
      "id": "0.90-2.80",
      "start": 0.9,
      "end": 2.8,
      "duration": 1.9,
      "energy": 0.5,
      "label": "向鸡蛋中挤入大量蛋黄酱",
      "tags": {}
    },
    {
      "id": "2.80-8.80",
      "start": 2.8,
      "end": 8.8,
      "duration": 6.000000000000001,
      "energy": 0.5,
      "label": "将鸡蛋和蛋黄酱捣碎并混合均匀",
      "tags": {}
    },
    {
      "id": "8.80-10.90",
      "start": 8.8,
      "end": 10.9,
      "duration": 2.0999999999999996,
      "energy": 0.5,
      "label": "展示一条巨大的面包",
      "tags": {}
    },
    {
      "id": "10.90-14.30",
      "start": 10.9,
      "end": 14.3,
      "duration": 3.4000000000000004,
      "energy": 0.5,
      "label": "将巨大的面包切成厚片",
      "tags": {}
    },
    {
      "id": "14.30-15.70",
      "start": 14.3,
      "end": 15.7,
      "duration": 1.3999999999999986,
      "energy": 0.5,
      "label": "将面包片放入烤箱烘烤",
      "tags": {}
    }
  ],
  "keyframes": [
    {
      "time": 0.45,
      "energy": 0.5
    },
    {
      "time": 1.85,
      "energy": 0.5
    },
    {
      "time": 5.8,
      "energy": 0.5
    },
    {
      "time": 9.85,
      "energy": 0.5
    },
    {
      "time": 12.6,
      "energy": 0.5
    },
    {
      "time": 15,
      "energy": 0.5
    }
  ],
  "rhythmScore": 0.5,
  "events": [
    {
      "label": "将煮熟的鸡蛋放入金属碗中",
      "start": 0,
      "end": 0.9,
      "confidence": 0.9
    },
    {
      "label": "向鸡蛋中挤入大量蛋黄酱",
      "start": 0.9,
      "end": 2.8,
      "confidence": 0.9
    },
    {
      "label": "将鸡蛋和蛋黄酱捣碎并混合均匀",
      "start": 2.8,
      "end": 8.8,
      "confidence": 0.95
    },
    {
      "label": "展示一条巨大的面包",
      "start": 8.8,
      "end": 10.9,
      "confidence": 0.9
    },
    {
      "label": "将巨大的面包切成厚片",
      "start": 10.9,
      "end": 14.3,
      "confidence": 0.9
    },
    {
      "label": "将面包片放入烤箱烘烤",
      "start": 14.3,
      "end": 15.7,
      "confidence": 0.9
    }
  ],
  "edits": [
    {
      "type": "speed",
      "start": 2.8,
      "end": 8.8,
      "rate": 2
    }
  ],
  "summary": "已将视频中鸡蛋被捣碎的片段（2.8秒至8.8秒）速度调整为2倍。",
  "agentSteps": [
    {
      "round": 1,
      "thought": "用户要求识别视频中鸡蛋被捣碎的时间点，并对该片段进行2倍速处理。这需要先分析视频内容以定位到具体事件。我将调用 analyze_video 工具来识别“鸡蛋被捣碎”的事件。",
      "action": "analyze_video(\"eggs being smashed\")",
      "observation": {
        "events": 6,
        "description": "视频展示了制作鸡蛋沙拉三明治的过程，从将煮熟的鸡蛋与蛋黄酱混合，到切开巨大的面包片并进行烘烤。"
      }
    },
    {
      "round": 2,
      "thought": "视频分析结果显示，鸡蛋被捣碎并混合均匀的片段是从 2.8 秒到 8.8 秒。我将对这个准确的片段应用 2 倍速。"
    }
  ],
  "performance": {
    "totalTime": "18.4s",
    "rounds": 2,
    "tokensIn": 11874,
    "tokensOut": 1224,
    "totalTokens": 13098,
    "cost": "$0.0139",
    "orchestratorCalls": 2,
    "videoAnalysisCalls": 1
  }
}
[18:32:56.603] [INFO] [analyze] done
{
  "source": "agent-loop",
  "segmentCount": 6,
  "events": 6,
  "edits": 1
}
[18:32:56.604] [DATA] [analyze] rawResponse
"{\n  \"thought\": \"视频分析结果显示，鸡蛋被捣碎并混合均匀的片段是从 2.8 秒到 8.8 秒。我将对这个准确的片段应用 2 倍速。\",\n  \"final_answer\": \"已将视频中鸡蛋被捣碎的片段（2.8秒至8.8秒）速度调整为2倍。\",\n  \"summary\": \"视频展示了制作鸡蛋沙拉三明治的过程。\",\n  \"segments\": [\n    {\n      \"start\": 0.0,\n      \"end\": 0.9,\n      \"energy\": 0.0,\n      \"label\": \"将煮熟的鸡蛋放入金属碗中\"\n    },\n    {\n      \"start\": 0.9,\n      \"end\": 2.8,\n      \"energy\": 0.0,\n      \"label\": \"向鸡蛋中挤入大量蛋黄酱\"\n    },\n    {\n      \"start\": 2.8,\n      \"end\": 8.8,\n      \"energy\": 0.0,\n      \"label\": \"将鸡蛋和蛋黄酱捣碎并混合均匀\"\n    },\n    {\n      \"start\": 8.8,\n      \"end\": 10.9,\n      \"energy\": 0.0,\n      \"label\": \"展示一条巨大的面包\"\n    },\n    {\n      \"start\": 10.9,\n      \"end\": 14.3,\n      \"energy\": 0.0,\n      \"label\": \"将巨大的面包切成厚片\"\n    },\n    {\n      \"start\": 14.3,\n      \"end\": 15.7,\n      \"energy\": 0.0,\n      \"label\": \"将面包片放入烤箱烘烤\"\n    }\n  ],\n  \"events\": [\n    {\n      \"label\": \"将煮熟的鸡蛋放入金属碗中\",\n      \"start\": 0.0,\n      \"end\": 0.9,\n      \"confidence\": 0.9\n    },\n    {\n      \"label\": \"向鸡蛋中挤入大量蛋黄酱\",\n      \"start\": 0.9,\n      \"end\": 2.8,\n      \"confidence\": 0.9\n    },\n    {\n      \"label\": \"将鸡蛋和蛋黄酱捣碎并混合均匀\",\n      \"start\": 2.8,\n      \"end\": 8.8,\n      \"confidence\": 0.95\n    },\n    {\n      \"label\": \"展示一条巨大的面包\",\n      \"start\": 8.8,\n      \"end\": 10.9,\n      \"confidence\": 0.9\n    },\n    {\n      \"label\": \"将巨大的面包切成厚片\",\n      \"start\": 10.9,\n      \"end\": 14.3,\n      \"confidence\": 0.9\n    },\n    {\n      \"label\": \"将面包片放入烤箱烘烤\",\n      \"start\": 14.3,\n      \"end\": 15.7,\n      \"confidence\": 0.9\n    }\n  ],\n  \"edits\": [\n    {\n      \"type\": \"speed\",\n      \"start\": 2.8,\n      \"end\": 8.8,\n      \"rate\": 2.0\n    }\n  ]\n}"
[18:32:56.617] [DATA] [timeline-build] timeline constructed
{
  "baseClips": [
    {
      "id": "0.00-0.90",
      "start": 0,
      "end": 0.9,
      "dur": 0.9
    },
    {
      "id": "0.90-2.80",
      "start": 0.9,
      "end": 2.8,
      "dur": 1.9
    },
    {
      "id": "2.80-8.80",
      "start": 2.8,
      "end": 8.8,
      "dur": 6.000000000000001
    },
    {
      "id": "8.80-10.90",
      "start": 8.8,
      "end": 10.9,
      "dur": 2.0999999999999996
    },
    {
      "id": "10.90-14.30",
      "start": 10.9,
      "end": 14.3,
      "dur": 3.4000000000000004
    },
    {
      "id": "14.30-15.70",
      "start": 14.3,
      "end": 15.7,
      "dur": 1.3999999999999986
    }
  ],
  "resultClips": [
    {
      "id": "0.00-0.90",
      "start": 0,
      "end": 0.9,
      "timelineStart": 0,
      "displayDuration": 0.9,
      "playbackRate": 1
    },
    {
      "id": "0.90-2.80",
      "start": 0.9,
      "end": 2.8,
      "timelineStart": 0.9,
      "displayDuration": 1.9,
      "playbackRate": 1
    },
    {
      "id": "2.80-8.80",
      "start": 2.8,
      "end": 8.8,
      "timelineStart": 2.8,
      "displayDuration": 3.0000000000000004,
      "playbackRate": 2
    },
    {
      "id": "8.80-10.90",
      "start": 8.8,
      "end": 10.9,
      "timelineStart": 5.800000000000001,
      "displayDuration": 2.0999999999999996,
      "playbackRate": 1
    },
    {
      "id": "10.90-14.30",
      "start": 10.9,
      "end": 14.3,
      "timelineStart": 7.9,
      "displayDuration": 3.4000000000000004,
      "playbackRate": 1
    },
    {
      "id": "14.30-15.70",
      "start": 14.3,
      "end": 15.7,
      "timelineStart": 11.3,
      "displayDuration": 1.3999999999999986,
      "playbackRate": 1
    }
  ],
  "totalTimelineDuration": 12.7,
  "videoDuration": 15.766667,
  "textEdits": [],
  "fadeEdits": []
}
