[20:21:55.830] [INFO] [analyze] start
{
  "name": "2æ12æ¥.mov",
  "size": 18127869,
  "duration": 15.766667,
  "pe": "短视频剪辑产品经理（PE）",
  "request": "把当前视频进行静音",
  "engine": "auto"
}
[20:21:58.370] [DATA] [analyze] debugTimeline
[
  {
    "time": "2026-03-17T12:21:55.830Z",
    "role": "system",
    "level": "info",
    "message": "收到识别请求",
    "data": {
      "name": "2æ12æ¥.mov",
      "size": 18127869,
      "duration": 15.766667,
      "pe": "短视频剪辑产品经理（PE）",
      "request": "把当前视频进行静音",
      "engine": "auto"
    }
  },
  {
    "round": 1,
    "thought": "用户要求对整个视频进行静音处理。视频时长为 15.766667 秒。我将在 edits 中添加一个静音操作，从视频开始到结束。"
  },
  {
    "time": "2026-03-17T12:21:58.370Z",
    "role": "system",
    "level": "info",
    "message": "识别完成",
    "data": {
      "source": "agent-loop-auto",
      "engine": "auto",
      "edits": 1
    }
  }
]
[20:21:58.371] [DATA] [analyze] result.features
{
  "duration": 15.766667,
  "segmentCount": 0,
  "segments": [],
  "keyframes": [],
  "rhythmScore": 0,
  "events": [],
  "edits": [
    {
      "type": "volume",
      "start": 0,
      "end": 15.766667,
      "volume": 0
    }
  ],
  "summary": "视频已成功设置为静音。",
  "agentSteps": [
    {
      "round": 1,
      "thought": "用户要求对整个视频进行静音处理。视频时长为 15.766667 秒。我将在 edits 中添加一个静音操作，从视频开始到结束。"
    }
  ],
  "performance": {
    "totalTime": "2.5s",
    "rounds": 1,
    "tokensIn": 3711,
    "tokensOut": 140,
    "totalTokens": 3851,
    "cost": "$0.0015",
    "orchestratorCalls": 1,
    "videoAnalysisCalls": 0
  }
}
[20:21:58.371] [INFO] [analyze] done
{
  "source": "agent-loop-auto",
  "segmentCount": 0,
  "events": 0,
  "edits": 1
}
[20:21:58.371] [DATA] [analyze] rawResponse
"{\n  \"thought\": \"用户要求对整个视频进行静音处理。视频时长为 15.766667 秒。我将在 edits 中添加一个静音操作，从视频开始到结束。\",\n  \"final_answer\": \"视频已成功设置为静音。\",\n  \"summary\": \"\",\n  \"segments\": [],\n  \"events\": [],\n  \"edits\": [\n    {\n      \"type\": \"volume\",\n      \"start\": 0.0,\n      \"end\": 15.766667,\n      \"volume\": 0\n    }\n  ]\n}"
[20:21:58.376] [DATA] [timeline-build] timeline constructed
{
  "baseClips": [],
  "resultClips": [
    {
      "id": "base-clip",
      "start": 0,
      "end": 15.766667,
      "timelineStart": 0,
      "displayDuration": 15.766667,
      "playbackRate": 1
    }
  ],
  "totalTimelineDuration": 15.766667,
  "videoDuration": 15.766667,
  "textEdits": [],
  "fadeEdits": []
}
