[23:24:03.040] [INFO] [analyze] start
{
  "name": "IMG_5962_edited.mp4",
  "size": 16664237,
  "duration": 32.002,
  "pe": "短视频剪辑产品经理（PE）",
  "request": "添加一个很燃的背景音乐",
  "engine": "auto"
}
[23:24:05.191] [DATA] [analyze] debugTimeline
[
  {
    "time": "2026-03-15T15:24:03.040Z",
    "role": "system",
    "level": "info",
    "message": "收到识别请求",
    "data": {
      "name": "IMG_5962_edited.mp4",
      "size": 16664237,
      "duration": 32.002,
      "pe": "短视频剪辑产品经理（PE）",
      "request": "添加一个很燃的背景音乐",
      "engine": "auto"
    }
  },
  {
    "round": 1,
    "thought": "用户要求添加“很燃”的背景音乐。我将使用 'epic cinematic' 作为关键词来找到符合描述的背景音乐，并设置默认音量为 0.3。"
  },
  {
    "time": "2026-03-15T15:24:05.191Z",
    "role": "system",
    "level": "info",
    "message": "识别完成",
    "data": {
      "source": "agent-loop-auto",
      "edits": 1
    }
  }
]
[23:24:05.192] [DATA] [analyze] result.features
{
  "duration": 32.002,
  "segmentCount": 0,
  "segments": [],
  "keyframes": [],
  "rhythmScore": 0,
  "events": [],
  "edits": [
    {
      "type": "bgm",
      "start": 0,
      "end": 32.002,
      "keywords": "epic cinematic",
      "volume": 0.3
    }
  ],
  "summary": "已为您添加一段很燃的背景音乐。",
  "agentSteps": [
    {
      "round": 1,
      "thought": "用户要求添加“很燃”的背景音乐。我将使用 'epic cinematic' 作为关键词来找到符合描述的背景音乐，并设置默认音量为 0.3。"
    }
  ],
  "performance": {
    "totalTime": "2.2s",
    "rounds": 1,
    "tokensIn": 3315,
    "tokensOut": 127,
    "totalTokens": 3442,
    "cost": "$0.0013",
    "orchestratorCalls": 1,
    "videoAnalysisCalls": 0
  }
}
[23:24:05.192] [INFO] [analyze] done
{
  "source": "agent-loop-auto",
  "segmentCount": 0,
  "events": 0,
  "edits": 1
}
[23:24:15.702] [DATA] [analyze] rawResponse
"{\n  \"thought\": \"用户要求添加“很燃”的背景音乐。我将使用 'epic cinematic' 作为关键词来找到符合描述的背景音乐，并设置默认音量为 0.3。\",\n  \"edits\": [\n    {\n      \"type\": \"bgm\",\n      \"keywords\": \"epic cinematic\",\n      \"volume\": 0.3\n    }\n  ],\n  \"final_answer\": \"已为您添加一段很燃的背景音乐。\",\n  \"summary\": \"\",\n  \"segments\": [],\n  \"events\": []\n}"
[23:24:15.724] [DATA] [timeline-build] timeline constructed
{
  "baseClips": [],
  "resultClips": [
    {
      "id": "base-clip",
      "start": 0,
      "end": 32.002,
      "timelineStart": 0,
      "displayDuration": 32.002,
      "playbackRate": 1
    }
  ],
  "totalTimelineDuration": 32.002,
  "videoDuration": 32.002,
  "textEdits": [],
  "fadeEdits": []
}
[23:28:14.177] [DATA] [timeline-build] timeline constructed
{
  "baseClips": [],
  "resultClips": [
    {
      "id": "base-clip",
      "start": 0,
      "end": 32.002,
      "timelineStart": 0,
      "displayDuration": 32.002,
      "playbackRate": 1
    }
  ],
  "totalTimelineDuration": 32.002,
  "videoDuration": 32.002,
  "textEdits": [],
  "fadeEdits": []
}
[23:29:59.892] [DATA] [timeline-build] timeline constructed
{
  "baseClips": [
    {
      "id": "base-clip",
      "start": 0,
      "end": 32.002,
      "dur": 32.002
    }
  ],
  "resultClips": [
    {
      "id": "base-clip",
      "start": 0,
      "end": 32.002,
      "timelineStart": 0,
      "displayDuration": 32.002,
      "playbackRate": 1
    }
  ],
  "totalTimelineDuration": 32.002,
  "videoDuration": 32.002,
  "textEdits": [],
  "fadeEdits": []
}
[23:30:24.044] [DATA] [timeline-build] timeline constructed
{
  "baseClips": [
    {
      "id": "base-clip",
      "start": 0,
      "end": 32.002,
      "dur": 32.002
    }
  ],
  "resultClips": [
    {
      "id": "base-clip",
      "start": 0,
      "end": 32.002,
      "timelineStart": 0,
      "displayDuration": 32.002,
      "playbackRate": 1
    }
  ],
  "totalTimelineDuration": 32.002,
  "videoDuration": 32.002,
  "textEdits": [],
  "fadeEdits": []
}
