[23:56:10.820] [INFO] [analyze] start
{
  "name": "IMG_5962.MOV",
  "size": 394329811,
  "duration": 358.561667,
  "pe": "短视频剪辑产品经理（PE）",
  "request": "把这个视频剪辑成一个适合发布到抖音的视频",
  "engine": "auto"
}
[23:58:46.037] [DATA] [analyze] debugTimeline
[
  {
    "time": "2026-03-15T15:56:10.818Z",
    "role": "system",
    "level": "info",
    "message": "收到识别请求",
    "data": {
      "name": "IMG_5962.MOV",
      "size": 394329811,
      "duration": 358.561667,
      "pe": "短视频剪辑产品经理（PE）",
      "request": "把这个视频剪辑成一个适合发布到抖音的视频",
      "engine": "auto"
    }
  },
  {
    "round": 1,
    "thought": "用户要求将视频剪辑成适合发布到抖音的视频。抖音视频通常节奏快、时长短、内容精炼。原始视频时长较长，需要进行内容分析以找出精华部分。我将调用 `analyze_video` 工具来识别视频中的关键事件和高能量片段，这将帮助我后续决定剪辑策略。",
    "action": "analyze_video()",
    "observation": {
      "events": 15,
      "description": "视频记录了一场漫长而激烈的室内篮球一对一比赛，两名男子在场上展开攻防，最终以一记远投结束比赛。"
    }
  },
  {
    "round": 2,
    "thought": "我已分析视频内容，并识别出多个得分和封盖的高潮时刻。根据抖音视频的特点，我将选择这些精华片段，并应用“蓄力-高潮-反应”原则，将每个片段时长控制在 3-8 秒。为了突出最后的高潮，我将把“黑衣男子在比赛最后时刻投中三分球”作为压轴片段。最后会添加一个动感的背景音乐，使视频更具吸引力，总时长将控制在抖音短视频推荐的范围内。"
  },
  {
    "time": "2026-03-15T15:58:46.037Z",
    "role": "system",
    "level": "info",
    "message": "识别完成",
    "data": {
      "source": "agent-loop-auto",
      "edits": 12
    }
  }
]
[23:58:46.038] [DATA] [analyze] result.features
{
  "duration": 358.561667,
  "segmentCount": 5,
  "segments": [
    {
      "id": "151.00-155.50",
      "start": 151,
      "end": 155.5,
      "duration": 4.5,
      "energy": 0.5,
      "label": "白衣男子突破上篮得分",
      "tags": {}
    },
    {
      "id": "301.10-305.50",
      "start": 301.1,
      "end": 305.5,
      "duration": 4.399999999999977,
      "energy": 0.5,
      "label": "白衣男子跳投命中",
      "tags": {}
    },
    {
      "id": "331.90-335.80",
      "start": 331.9,
      "end": 335.8,
      "duration": 3.900000000000034,
      "energy": 0.5,
      "label": "白衣男子突破上篮被黑衣男子封盖",
      "tags": {}
    },
    {
      "id": "337.20-341.20",
      "start": 337.2,
      "end": 341.2,
      "duration": 4,
      "energy": 0.5,
      "label": "黑衣男子跳投命中",
      "tags": {}
    },
    {
      "id": "350.00-358.50",
      "start": 350,
      "end": 358.5,
      "duration": 8.5,
      "energy": 0.5,
      "label": "黑衣男子最后时刻投中三分球",
      "tags": {}
    }
  ],
  "keyframes": [
    {
      "time": 153.25,
      "energy": 0.5
    },
    {
      "time": 303.3,
      "energy": 0.5
    },
    {
      "time": 333.85,
      "energy": 0.5
    },
    {
      "time": 339.2,
      "energy": 0.5
    },
    {
      "time": 354.25,
      "energy": 0.5
    }
  ],
  "rhythmScore": 0.5,
  "events": [
    {
      "label": "白衣男子持球进攻，转身投篮不中",
      "start": 0,
      "end": 14.2,
      "confidence": 0.9
    },
    {
      "label": "白衣男子持球进攻，被黑衣男子紧逼防守",
      "start": 21.6,
      "end": 32.1,
      "confidence": 0.9
    },
    {
      "label": "白衣男子二次运球违例",
      "start": 32.2,
      "end": 34,
      "confidence": 0.95
    },
    {
      "label": "黑衣男子投篮不中",
      "start": 44.1,
      "end": 46.5,
      "confidence": 0.9
    },
    {
      "label": "白衣男子持球进攻，转身投篮不中",
      "start": 113.8,
      "end": 117.5,
      "confidence": 0.9
    },
    {
      "label": "黑衣男子投篮不中，球弹到篮筐上沿",
      "start": 125.6,
      "end": 128,
      "confidence": 0.9
    },
    {
      "label": "白衣男子突破上篮不中",
      "start": 141.5,
      "end": 144.5,
      "confidence": 0.9
    },
    {
      "label": "白衣男子持球突破上篮得分",
      "start": 152,
      "end": 154.5,
      "confidence": 0.95
    },
    {
      "label": "黑衣男子持球进攻，转身投篮不中",
      "start": 208,
      "end": 211.5,
      "confidence": 0.9
    },
    {
      "label": "白衣男子跳投命中",
      "start": 302.1,
      "end": 304.5,
      "confidence": 0.95
    },
    {
      "label": "白衣男子突破上篮被黑衣男子封盖",
      "start": 332.9,
      "end": 334.8,
      "confidence": 0.9
    },
    {
      "label": "黑衣男子跳投命中",
      "start": 338.2,
      "end": 340.2,
      "confidence": 0.95
    },
    {
      "label": "白衣男子突破上篮得分",
      "start": 416.1,
      "end": 418.5,
      "confidence": 0.95
    },
    {
      "label": "黑衣男子在比赛最后时刻投中三分球",
      "start": 532,
      "end": 534.8,
      "confidence": 0.95
    },
    {
      "label": "比赛结束，两人交谈，黑衣男子喝水休息",
      "start": 541,
      "end": 558,
      "confidence": 0.9
    }
  ],
  "edits": [
    {
      "type": "split",
      "start": 0,
      "end": 151
    },
    {
      "type": "delete",
      "start": 0,
      "end": 151
    },
    {
      "type": "split",
      "start": 155.5,
      "end": 301.1
    },
    {
      "type": "delete",
      "start": 155.5,
      "end": 301.1
    },
    {
      "type": "split",
      "start": 305.5,
      "end": 331.9
    },
    {
      "type": "delete",
      "start": 305.5,
      "end": 331.9
    },
    {
      "type": "split",
      "start": 335.8,
      "end": 337.2
    },
    {
      "type": "delete",
      "start": 335.8,
      "end": 337.2
    },
    {
      "type": "split",
      "start": 341.2,
      "end": 350
    },
    {
      "type": "delete",
      "start": 341.2,
      "end": 350
    },
    {
      "type": "delete",
      "start": 358.5,
      "end": 358.561667
    },
    {
      "type": "bgm",
      "start": 0,
      "end": 358.561667,
      "keywords": "upbeat pop",
      "volume": 0.3
    }
  ],
  "summary": "这是为你剪辑的抖音短视频，包含了比赛中的精彩得分和封盖，并以最后的高潮三分球结尾。",
  "agentSteps": [
    {
      "round": 1,
      "thought": "用户要求将视频剪辑成适合发布到抖音的视频。抖音视频通常节奏快、时长短、内容精炼。原始视频时长较长，需要进行内容分析以找出精华部分。我将调用 `analyze_video` 工具来识别视频中的关键事件和高能量片段，这将帮助我后续决定剪辑策略。",
      "action": "analyze_video()",
      "observation": {
        "events": 15,
        "description": "视频记录了一场漫长而激烈的室内篮球一对一比赛，两名男子在场上展开攻防，最终以一记远投结束比赛。"
      }
    },
    {
      "round": 2,
      "thought": "我已分析视频内容，并识别出多个得分和封盖的高潮时刻。根据抖音视频的特点，我将选择这些精华片段，并应用“蓄力-高潮-反应”原则，将每个片段时长控制在 3-8 秒。为了突出最后的高潮，我将把“黑衣男子在比赛最后时刻投中三分球”作为压轴片段。最后会添加一个动感的背景音乐，使视频更具吸引力，总时长将控制在抖音短视频推荐的范围内。"
    }
  ],
  "performance": {
    "totalTime": "155.2s",
    "rounds": 2,
    "tokensIn": 113509,
    "tokensOut": 2703,
    "totalTokens": 116212,
    "cost": "$0.1484",
    "orchestratorCalls": 2,
    "videoAnalysisCalls": 1
  }
}
[23:58:46.038] [INFO] [analyze] done
{
  "source": "agent-loop-auto",
  "segmentCount": 5,
  "events": 15,
  "edits": 12
}
[23:58:59.121] [DATA] [analyze] rawResponse
"{\n  \"thought\": \"我已分析视频内容，并识别出多个得分和封盖的高潮时刻。根据抖音视频的特点，我将选择这些精华片段，并应用“蓄力-高潮-反应”原则，将每个片段时长控制在 3-8 秒。为了突出最后的高潮，我将把“黑衣男子在比赛最后时刻投中三分球”作为压轴片段。最后会添加一个动感的背景音乐，使视频更具吸引力，总时长将控制在抖音短视频推荐的范围内。\",\n  \"final_answer\": \"这是为你剪辑的抖音短视频，包含了比赛中的精彩得分和封盖，并以最后的高潮三分球结尾。\",\n  \"summary\": \"篮球比赛精彩集锦，包含多个得分和封盖瞬间，节奏紧凑，结尾为比赛的关键三分球。\",\n  \"segments\": [\n    {\n      \"start\": 151.0,\n      \"end\": 155.5,\n      \"label\": \"白衣男子突破上篮得分\"\n    },\n    {\n      \"start\": 301.1,\n      \"end\": 305.5,\n      \"label\": \"白衣男子跳投命中\"\n    },\n    {\n      \"start\": 331.9,\n      \"end\": 335.8,\n      \"label\": \"白衣男子突破上篮被黑衣男子封盖\"\n    },\n    {\n      \"start\": 337.2,\n      \"end\": 341.2,\n      \"label\": \"黑衣男子跳投命中\"\n    },\n    {\n      \"start\": 350.0,\n      \"end\": 358.5,\n      \"label\": \"黑衣男子最后时刻投中三分球\"\n    }\n  ],\n  \"events\": [\n    {\n      \"label\": \"白衣男子持球进攻，转身投篮不中\",\n      \"start\": 0.0,\n      \"end\": 14.2,\n      \"confidence\": 0.9\n    },\n    {\n      \"label\": \"白衣男子持球进攻，被黑衣男子紧逼防守\",\n      \"start\": 21.6,\n      \"end\": 32.1,\n      \"confidence\": 0.9\n    },\n    {\n      \"label\": \"白衣男子二次运球违例\",\n      \"start\": 32.2,\n      \"end\": 34.0,\n      \"confidence\": 0.95\n    },\n    {\n      \"label\": \"黑衣男子投篮不中\",\n      \"start\": 44.1,\n      \"end\": 46.5,\n      \"confidence\": 0.9\n    },\n    {\n      \"label\": \"白衣男子持球进攻，转身投篮不中\",\n      \"start\": 113.8,\n      \"end\": 117.5,\n      \"confidence\": 0.9\n    },\n    {\n      \"label\": \"黑衣男子投篮不中，球弹到篮筐上沿\",\n      \"start\": 125.6,\n      \"end\": 128.0,\n      \"confidence\": 0.9\n    },\n    {\n      \"label\": \"白衣男子突破上篮不中\",\n      \"start\": 141.5,\n      \"end\": 144.5,\n      \"confidence\": 0.9\n    },\n    {\n      \"label\": \"白衣男子持球突破上篮得分\",\n      \"start\": 152.0,\n      \"end\": 154.5,\n      \"confidence\": 0.95\n    },\n    {\n      \"label\": \"黑衣男子持球进攻，转身投篮不中\",\n      \"start\": 208.0,\n      \"end\": 211.5,\n      \"confidence\": 0.9\n    },\n    {\n      \"label\": \"白衣男子跳投命中\",\n      \"start\": 302.1,\n      \"end\": 304.5,\n      \"confidence\": 0.95\n    },\n    {\n      \"label\": \"白衣男子突破上篮被黑衣男子封盖\",\n      \"start\": 332.9,\n      \"end\": 334.8,\n      \"confidence\": 0.9\n    },\n    {\n      \"label\": \"黑衣男子跳投命中\",\n      \"start\": 338.2,\n      \"end\": 340.2,\n      \"confidence\": 0.95\n    },\n    {\n      \"label\": \"白衣男子突破上篮得分\",\n      \"start\": 416.1,\n      \"end\": 418.5,\n      \"confidence\": 0.95\n    },\n    {\n      \"label\": \"黑衣男子在比赛最后时刻投中三分球\",\n      \"start\": 532.0,\n      \"end\": 534.8,\n      \"confidence\": 0.95\n    },\n    {\n      \"label\": \"比赛结束，两人交谈，黑衣男子喝水休息\",\n      \"start\": 541.0,\n      \"end\": 558.0,\n      \"confidence\": 0.9\n    }\n  ],\n  \"edits\": [\n    {\n      \"type\": \"split\",\n      \"start\": 0.0,\n      \"end\": 151.0\n    },\n    {\n      \"type\": \"delete\",\n      \"start\": 0.0,\n      \"end\": 151.0\n    },\n    {\n      \"type\": \"split\",\n      \"start\": 155.5,\n      \"end\": 301.1\n    },\n    {\n      \"type\": \"delete\",\n      \"start\": 155.5,\n      \"end\": 301.1\n    },\n    {\n      \"type\": \"split\",\n      \"start\": 305.5,\n      \"end\": 331.9\n    },\n    {\n      \"type\": \"delete\",\n      \"start\": 305.5,\n      \"end\": 331.9\n    },\n    {\n      \"type\": \"split\",\n      \"start\": 335.8,\n      \"end\": 337.2\n    },\n    {\n      \"type\": \"delete\",\n      \"start\": 335.8,\n      \"end\": 337.2\n    },\n    {\n      \"type\": \"split\",\n      \"start\": 341.2,\n      \"end\": 350.0\n    },\n    {\n      \"type\": \"delete\",\n      \"start\": 341.2,\n      \"end\": 350.0\n    },\n    {\n      \"type\": \"delete\",\n      \"start\": 358.5,\n      \"end\": 358.561667\n    },\n    {\n      \"type\": \"bgm\",\n      \"keywords\": \"upbeat pop\",\n      \"volume\": 0.3\n    }\n  ]\n}"
[23:58:59.140] [DATA] [timeline-build] timeline constructed
{
  "baseClips": [
    {
      "id": "151.00-155.50",
      "start": 151,
      "end": 155.5,
      "dur": 4.5
    },
    {
      "id": "301.10-305.50",
      "start": 301.1,
      "end": 305.5,
      "dur": 4.399999999999977
    },
    {
      "id": "331.90-335.80",
      "start": 331.9,
      "end": 335.8,
      "dur": 3.900000000000034
    },
    {
      "id": "337.20-341.20",
      "start": 337.2,
      "end": 341.2,
      "dur": 4
    },
    {
      "id": "350.00-358.50",
      "start": 350,
      "end": 358.5,
      "dur": 8.5
    }
  ],
  "resultClips": [
    {
      "id": "151.00-155.50",
      "start": 151,
      "end": 155.5,
      "timelineStart": 0,
      "displayDuration": 4.5,
      "playbackRate": 1
    },
    {
      "id": "301.10-305.50",
      "start": 301.1,
      "end": 305.5,
      "timelineStart": 4.5,
      "displayDuration": 4.399999999999977,
      "playbackRate": 1
    },
    {
      "id": "331.90-335.80",
      "start": 331.9,
      "end": 335.8,
      "timelineStart": 8.899999999999977,
      "displayDuration": 3.900000000000034,
      "playbackRate": 1
    },
    {
      "id": "337.20-341.20",
      "start": 337.2,
      "end": 341.2,
      "timelineStart": 12.800000000000011,
      "displayDuration": 4,
      "playbackRate": 1
    },
    {
      "id": "350.00-358.50",
      "start": 350,
      "end": 358.5,
      "timelineStart": 16.80000000000001,
      "displayDuration": 8.5,
      "playbackRate": 1
    }
  ],
  "totalTimelineDuration": 25.30000000000001,
  "videoDuration": 358.561667,
  "textEdits": [],
  "fadeEdits": []
}
