[23:09:03.776] [INFO] [analyze] 使用会话缓存 sess-1773587208665-g4glj2l
[23:09:03.777] [INFO] [analyze] start
{
  "duration": 32.002,
  "pe": "短视频剪辑产品经理（PE）",
  "request": "添加一个很燃的适合篮球运动的背景音乐\r\n",
  "engine": "auto"
}
[23:09:11.769] [DATA] [analyze] debugTimeline
[
  {
    "time": "2026-03-15T15:09:03.777Z",
    "role": "system",
    "level": "info",
    "message": "收到识别请求",
    "data": {
      "duration": 32.002,
      "pe": "短视频剪辑产品经理（PE）",
      "request": "添加一个很燃的适合篮球运动的背景音乐\r\n",
      "engine": "auto"
    }
  },
  {
    "round": 1,
    "thought": "用户重复了添加背景音乐的请求，可能对之前的音乐不满意或未感知。我将尝试添加一个不同关键词的、更强调篮球运动氛围的背景音乐，并设置一个合适的音量，以确保它被注意到且符合用户预期。"
  },
  {
    "time": "2026-03-15T15:09:11.769Z",
    "role": "system",
    "level": "info",
    "message": "识别完成",
    "data": {
      "source": "agent-loop-auto",
      "edits": 1
    }
  }
]
[23:09:11.769] [DATA] [analyze] result.features
{
  "duration": 32.002,
  "segmentCount": 0,
  "segments": [],
  "keyframes": [],
  "rhythmScore": 0,
  "events": [],
  "edits": [
    {
      "type": "bgm",
      "start": 0,
      "end": 32.002,
      "keywords": "energetic basketball anthem",
      "volume": 0.4
    }
  ],
  "summary": "已为您添加一段新的、更具篮球运动感的背景音乐！",
  "agentSteps": [
    {
      "round": 1,
      "thought": "用户重复了添加背景音乐的请求，可能对之前的音乐不满意或未感知。我将尝试添加一个不同关键词的、更强调篮球运动氛围的背景音乐，并设置一个合适的音量，以确保它被注意到且符合用户预期。"
    }
  ],
  "performance": {
    "totalTime": "8.0s",
    "rounds": 1,
    "tokensIn": 3513,
    "tokensOut": 149,
    "totalTokens": 3662,
    "cost": "$0.0014",
    "orchestratorCalls": 1,
    "videoAnalysisCalls": 0
  }
}
[23:09:11.770] [INFO] [analyze] done
{
  "source": "agent-loop-auto",
  "segmentCount": 0,
  "events": 0,
  "edits": 1
}
[23:09:30.385] [DATA] [analyze] rawResponse
"{\n  \"thought\": \"用户重复了添加背景音乐的请求，可能对之前的音乐不满意或未感知。我将尝试添加一个不同关键词的、更强调篮球运动氛围的背景音乐，并设置一个合适的音量，以确保它被注意到且符合用户预期。\",\n  \"final_answer\": \"已为您添加一段新的、更具篮球运动感的背景音乐！\",\n  \"summary\": \"\",\n  \"segments\": [],\n  \"events\": [],\n  \"edits\": [\n    {\n      \"type\": \"bgm\",\n      \"keywords\": \"energetic basketball anthem\",\n      \"volume\": 0.4\n    }\n  ]\n}"
[23:09:30.406] [DATA] [timeline-build] timeline constructed
{
  "baseClips": [],
  "resultClips": [
    {
      "id": "base-clip",
      "start": 0,
      "end": 32.002,
      "timelineStart": 0,
      "displayDuration": 32.002,
      "playbackRate": 1
    }
  ],
  "totalTimelineDuration": 32.002,
  "videoDuration": 32.002,
  "textEdits": [],
  "fadeEdits": []
}
[23:14:54.147] [DATA] [timeline-build] timeline constructed
{
  "baseClips": [],
  "resultClips": [
    {
      "id": "base-clip",
      "start": 0,
      "end": 32.002,
      "timelineStart": 0,
      "displayDuration": 32.002,
      "playbackRate": 1
    }
  ],
  "totalTimelineDuration": 32.002,
  "videoDuration": 32.002,
  "textEdits": [],
  "fadeEdits": []
}
