[19:54:11.441] [INFO] [analyze] start
{
  "name": "IMG_5962_edited.mp4",
  "size": 16664237,
  "duration": 32.002,
  "pe": "短视频剪辑产品经理（PE）",
  "request": "找出视频中穿白色球衣的球员进球的片段，保留这些片段，其它都去掉\r\n",
  "engine": "auto"
}
[19:54:50.037] [DATA] [analyze] debugTimeline
[
  {
    "time": "2026-03-15T11:54:11.441Z",
    "role": "system",
    "level": "info",
    "message": "收到识别请求",
    "data": {
      "name": "IMG_5962_edited.mp4",
      "size": 16664237,
      "duration": 32.002,
      "pe": "短视频剪辑产品经理（PE）",
      "request": "找出视频中穿白色球衣的球员进球的片段，保留这些片段，其它都去掉\r\n",
      "engine": "auto"
    }
  },
  {
    "round": 1,
    "thought": "用户要求找出视频中穿白色球衣的球员进球的片段并保留。我需要调用 `analyze_video` 工具来识别这些进球事件。在 `query` 中明确指定“穿白色球衣的球员进球”，以期获得更精确的事件定位。",
    "action": "analyze_video(\"穿白色球衣的球员进球\")",
    "observation": {
      "events": 2,
      "description": "视频记录了两名男子在室内篮球场进行一对一篮球单挑，其中身穿白色23号球衣的球员两次投篮得分。"
    }
  },
  {
    "round": 2,
    "thought": "我已经识别出视频中两个白色球衣球员进球的片段。根据剪辑原则“高潮时刻的完整性原则”和“边界处理原则”，我需要将这些片段的起始和结束时间进行扩展，以包含进球前的蓄力动作和进球后的反应，同时保持单段时长在密集型内容的合理范围内（3-8秒）。最后，我将输出包含这两个完整进球片段的剪辑方案。"
  },
  {
    "time": "2026-03-15T11:54:50.037Z",
    "role": "system",
    "level": "info",
    "message": "识别完成",
    "data": {
      "source": "agent-loop-auto",
      "edits": 0
    }
  }
]
[19:54:50.038] [DATA] [analyze] result.features
{
  "duration": 32.002,
  "segmentCount": 2,
  "segments": [
    {
      "id": "4.40-9.30",
      "start": 4.4,
      "end": 9.3,
      "duration": 4.9,
      "energy": 0.95,
      "label": "身穿白色球衣的球员远投命中",
      "tags": {}
    },
    {
      "id": "19.70-24.30",
      "start": 19.7,
      "end": 24.3,
      "duration": 4.600000000000001,
      "energy": 0.95,
      "label": "身穿白色球衣的球员运球突破上篮得分",
      "tags": {}
    }
  ],
  "keyframes": [
    {
      "time": 6.85,
      "energy": 0.95
    },
    {
      "time": 22,
      "energy": 0.95
    }
  ],
  "rhythmScore": 0.95,
  "events": [
    {
      "label": "身穿白色球衣的球员远投命中",
      "start": 5.9,
      "end": 7.8,
      "confidence": 0.95
    },
    {
      "label": "身穿白色球衣的球员运球突破上篮得分",
      "start": 21.2,
      "end": 22.8,
      "confidence": 0.95
    }
  ],
  "edits": [],
  "summary": "已为您剪辑出白色球衣球员的两个进球片段。",
  "agentSteps": [
    {
      "round": 1,
      "thought": "用户要求找出视频中穿白色球衣的球员进球的片段并保留。我需要调用 `analyze_video` 工具来识别这些进球事件。在 `query` 中明确指定“穿白色球衣的球员进球”，以期获得更精确的事件定位。",
      "action": "analyze_video(\"穿白色球衣的球员进球\")",
      "observation": {
        "events": 2,
        "description": "视频记录了两名男子在室内篮球场进行一对一篮球单挑，其中身穿白色23号球衣的球员两次投篮得分。"
      }
    },
    {
      "round": 2,
      "thought": "我已经识别出视频中两个白色球衣球员进球的片段。根据剪辑原则“高潮时刻的完整性原则”和“边界处理原则”，我需要将这些片段的起始和结束时间进行扩展，以包含进球前的蓄力动作和进球后的反应，同时保持单段时长在密集型内容的合理范围内（3-8秒）。最后，我将输出包含这两个完整进球片段的剪辑方案。"
    }
  ],
  "performance": {
    "totalTime": "38.6s",
    "rounds": 2,
    "tokensIn": 16612,
    "tokensOut": 647,
    "totalTokens": 17259,
    "cost": "$0.0170",
    "orchestratorCalls": 2,
    "videoAnalysisCalls": 1
  }
}
[19:54:50.038] [INFO] [analyze] done
{
  "source": "agent-loop-auto",
  "segmentCount": 2,
  "events": 2,
  "edits": 0
}
[19:54:50.041] [DATA] [analyze] rawResponse
"{\n  \"thought\": \"我已经识别出视频中两个白色球衣球员进球的片段。根据剪辑原则“高潮时刻的完整性原则”和“边界处理原则”，我需要将这些片段的起始和结束时间进行扩展，以包含进球前的蓄力动作和进球后的反应，同时保持单段时长在密集型内容的合理范围内（3-8秒）。最后，我将输出包含这两个完整进球片段的剪辑方案。\",\n  \"final_answer\": \"已为您剪辑出白色球衣球员的两个进球片段。\",\n  \"summary\": \"视频剪辑为白色球衣球员的两个进球集锦。\",\n  \"segments\": [\n    {\n      \"start\": 4.4,\n      \"end\": 9.3,\n      \"energy\": 0.95,\n      \"label\": \"身穿白色球衣的球员远投命中\"\n    },\n    {\n      \"start\": 19.7,\n      \"end\": 24.3,\n      \"energy\": 0.95,\n      \"label\": \"身穿白色球衣的球员运球突破上篮得分\"\n    }\n  ],\n  \"events\": [\n    {\n      \"label\": \"身穿白色球衣的球员远投命中\",\n      \"start\": 5.9,\n      \"end\": 7.8,\n      \"confidence\": 0.95\n    },\n    {\n      \"label\": \"身穿白色球衣的球员运球突破上篮得分\",\n      \"start\": 21.2,\n      \"end\": 22.8,\n      \"confidence\": 0.95\n    }\n  ],\n  \"edits\": []\n}"
[19:54:50.058] [DATA] [timeline-build] timeline constructed
{
  "baseClips": [
    {
      "id": "4.40-9.30",
      "start": 4.4,
      "end": 9.3,
      "dur": 4.9
    },
    {
      "id": "19.70-24.30",
      "start": 19.7,
      "end": 24.3,
      "dur": 4.600000000000001
    }
  ],
  "resultClips": [
    {
      "id": "4.40-9.30",
      "start": 4.4,
      "end": 9.3,
      "timelineStart": 0,
      "displayDuration": 4.9,
      "playbackRate": 1
    },
    {
      "id": "19.70-24.30",
      "start": 19.7,
      "end": 24.3,
      "timelineStart": 4.9,
      "displayDuration": 4.600000000000001,
      "playbackRate": 1
    }
  ],
  "totalTimelineDuration": 9.500000000000002,
  "videoDuration": 32.002,
  "textEdits": [],
  "fadeEdits": []
}
[19:55:28.063] [DATA] [timeline-build] timeline constructed
{
  "baseClips": [
    {
      "id": "base-clip",
      "start": 0,
      "end": 32.002,
      "dur": 32.002
    }
  ],
  "resultClips": [
    {
      "id": "base-clip",
      "start": 0,
      "end": 32.002,
      "timelineStart": 0,
      "displayDuration": 32.002,
      "playbackRate": 1
    }
  ],
  "totalTimelineDuration": 32.002,
  "videoDuration": 32.002,
  "textEdits": [],
  "fadeEdits": []
}
[19:55:32.416] [DATA] [timeline-build] timeline constructed
{
  "baseClips": [
    {
      "id": "base-clip",
      "start": 0,
      "end": 32.002,
      "dur": 32.002
    }
  ],
  "resultClips": [
    {
      "id": "base-clip",
      "start": 0,
      "end": 32.002,
      "timelineStart": 0,
      "displayDuration": 32.002,
      "playbackRate": 1
    }
  ],
  "totalTimelineDuration": 32.002,
  "videoDuration": 32.002,
  "textEdits": [],
  "fadeEdits": []
}
