[18:43:56.155] [INFO] [analyze] start
{
  "name": "IMG_5962.MOV",
  "size": 394329811,
  "duration": 358.561667,
  "pe": "短视频剪辑产品经理（PE）",
  "request": "找出视频中穿白色球衣的球员进球的片段，保留这些片段，其它都去掉\r\n",
  "engine": "auto"
}
[18:45:30.990] [DATA] [analyze] debugTimeline
[
  {
    "time": "2026-03-15T10:43:56.154Z",
    "role": "system",
    "level": "info",
    "message": "收到识别请求",
    "data": {
      "name": "IMG_5962.MOV",
      "size": 394329811,
      "duration": 358.561667,
      "pe": "短视频剪辑产品经理（PE）",
      "request": "找出视频中穿白色球衣的球员进球的片段，保留这些片段，其它都去掉\r\n",
      "engine": "auto"
    }
  },
  {
    "round": 1,
    "thought": "用户要求找出视频中穿白色球衣的球员进球的片段并保留。我需要调用 analyze_video 工具来识别视频内容，特别是与白色球衣球员进球相关的事件。",
    "action": "analyze_video(query=\"scoring plays by player in white jersey\")",
    "observation": {
      "events": 7,
      "description": "视频记录了两名男子在室内篮球场进行一对一单挑比赛的过程，其中身穿白色球衣的球员多次得分。"
    }
  },
  {
    "round": 2,
    "thought": "我已经分析了视频内容，并识别出所有穿白色球衣球员的进球片段。根据剪辑知识库的“高潮时刻的完整性原则”和“节奏分类与时长控制”，我将每个进球片段前后各延长2秒，以保留完整的“蓄力-高潮-反应”结构，并确保单段时长符合密集型内容的节奏（3-8秒）。我将这些片段作为要保留的剪辑点输出，其他部分将自动删除。"
  },
  {
    "time": "2026-03-15T10:45:30.990Z",
    "role": "system",
    "level": "info",
    "message": "识别完成",
    "data": {
      "source": "agent-loop",
      "edits": 0
    }
  }
]
[18:45:30.990] [DATA] [analyze] result.features
{
  "duration": 358.561667,
  "segmentCount": 7,
  "segments": [
    {
      "id": "11.00-17.00",
      "start": 11,
      "end": 17,
      "duration": 6,
      "energy": 0.5,
      "label": "白衣球员抢到篮板后迅速投篮命中",
      "tags": {}
    },
    {
      "id": "43.50-49.50",
      "start": 43.5,
      "end": 49.5,
      "duration": 6,
      "energy": 0.5,
      "label": "白衣球员远距离跳投命中",
      "tags": {}
    },
    {
      "id": "73.50-80.00",
      "start": 73.5,
      "end": 80,
      "duration": 6.5,
      "energy": 0.5,
      "label": "白衣球员勾手投篮命中",
      "tags": {}
    },
    {
      "id": "110.50-117.50",
      "start": 110.5,
      "end": 117.5,
      "duration": 7,
      "energy": 0.5,
      "label": "白衣球员突破上篮得分",
      "tags": {}
    },
    {
      "id": "156.50-163.00",
      "start": 156.5,
      "end": 163,
      "duration": 6.5,
      "energy": 0.5,
      "label": "白衣球员突破后投篮命中",
      "tags": {}
    },
    {
      "id": "183.00-189.00",
      "start": 183,
      "end": 189,
      "duration": 6,
      "energy": 0.5,
      "label": "白衣球员跳投命中",
      "tags": {}
    },
    {
      "id": "254.50-261.50",
      "start": 254.5,
      "end": 261.5,
      "duration": 7,
      "energy": 0.5,
      "label": "白衣球员突破上篮得分",
      "tags": {}
    }
  ],
  "keyframes": [
    {
      "time": 14,
      "energy": 0.5
    },
    {
      "time": 46.5,
      "energy": 0.5
    },
    {
      "time": 76.75,
      "energy": 0.5
    },
    {
      "time": 114,
      "energy": 0.5
    },
    {
      "time": 159.75,
      "energy": 0.5
    },
    {
      "time": 186,
      "energy": 0.5
    },
    {
      "time": 258,
      "energy": 0.5
    }
  ],
  "rhythmScore": 0.5,
  "events": [
    {
      "label": "白衣球员抢到篮板后迅速投篮命中",
      "start": 13,
      "end": 15,
      "confidence": 0.9
    },
    {
      "label": "白衣球员远距离跳投命中",
      "start": 45.5,
      "end": 47.5,
      "confidence": 0.9
    },
    {
      "label": "白衣球员勾手投篮命中",
      "start": 75.5,
      "end": 78,
      "confidence": 0.9
    },
    {
      "label": "白衣球员突破上篮得分",
      "start": 112.5,
      "end": 115.5,
      "confidence": 0.9
    },
    {
      "label": "白衣球员突破后投篮命中",
      "start": 158.5,
      "end": 161,
      "confidence": 0.9
    },
    {
      "label": "白衣球员跳投命中",
      "start": 185,
      "end": 187,
      "confidence": 0.9
    },
    {
      "label": "白衣球员突破上篮得分",
      "start": 256.5,
      "end": 259.5,
      "confidence": 0.9
    }
  ],
  "edits": [],
  "summary": "已为您剪辑出所有穿白色球衣球员的进球集锦。",
  "agentSteps": [
    {
      "round": 1,
      "thought": "用户要求找出视频中穿白色球衣的球员进球的片段并保留。我需要调用 analyze_video 工具来识别视频内容，特别是与白色球衣球员进球相关的事件。",
      "action": "analyze_video(query=\"scoring plays by player in white jersey\")",
      "observation": {
        "events": 7,
        "description": "视频记录了两名男子在室内篮球场进行一对一单挑比赛的过程，其中身穿白色球衣的球员多次得分。"
      }
    },
    {
      "round": 2,
      "thought": "我已经分析了视频内容，并识别出所有穿白色球衣球员的进球片段。根据剪辑知识库的“高潮时刻的完整性原则”和“节奏分类与时长控制”，我将每个进球片段前后各延长2秒，以保留完整的“蓄力-高潮-反应”结构，并确保单段时长符合密集型内容的节奏（3-8秒）。我将这些片段作为要保留的剪辑点输出，其他部分将自动删除。"
    }
  ],
  "performance": {
    "totalTime": "94.8s",
    "rounds": 2,
    "tokensIn": 113225,
    "tokensOut": 1361,
    "totalTokens": 114586,
    "cost": "$0.1414",
    "orchestratorCalls": 2,
    "videoAnalysisCalls": 1
  }
}
[18:45:30.991] [INFO] [analyze] done
{
  "source": "agent-loop",
  "segmentCount": 7,
  "events": 7,
  "edits": 0
}
[18:45:30.994] [DATA] [analyze] rawResponse
"{\n  \"thought\": \"我已经分析了视频内容，并识别出所有穿白色球衣球员的进球片段。根据剪辑知识库的“高潮时刻的完整性原则”和“节奏分类与时长控制”，我将每个进球片段前后各延长2秒，以保留完整的“蓄力-高潮-反应”结构，并确保单段时长符合密集型内容的节奏（3-8秒）。我将这些片段作为要保留的剪辑点输出，其他部分将自动删除。\",\n  \"final_answer\": \"已为您剪辑出所有穿白色球衣球员的进球集锦。\",\n  \"summary\": \"视频中穿白色球衣的球员多次得分，已将所有进球片段剪辑出来，每个片段都包含了进球前后的蓄力与反应。\",\n  \"segments\": [\n    {\n      \"start\": 11.0,\n      \"end\": 17.0,\n      \"label\": \"白衣球员抢到篮板后迅速投篮命中\"\n    },\n    {\n      \"start\": 43.5,\n      \"end\": 49.5,\n      \"label\": \"白衣球员远距离跳投命中\"\n    },\n    {\n      \"start\": 73.5,\n      \"end\": 80.0,\n      \"label\": \"白衣球员勾手投篮命中\"\n    },\n    {\n      \"start\": 110.5,\n      \"end\": 117.5,\n      \"label\": \"白衣球员突破上篮得分\"\n    },\n    {\n      \"start\": 156.5,\n      \"end\": 163.0,\n      \"label\": \"白衣球员突破后投篮命中\"\n    },\n    {\n      \"start\": 183.0,\n      \"end\": 189.0,\n      \"label\": \"白衣球员跳投命中\"\n    },\n    {\n      \"start\": 254.5,\n      \"end\": 261.5,\n      \"label\": \"白衣球员突破上篮得分\"\n    }\n  ],\n  \"events\": [\n    {\n      \"label\": \"白衣球员抢到篮板后迅速投篮命中\",\n      \"start\": 13,\n      \"end\": 15,\n      \"confidence\": 0.9\n    },\n    {\n      \"label\": \"白衣球员远距离跳投命中\",\n      \"start\": 45.5,\n      \"end\": 47.5,\n      \"confidence\": 0.9\n    },\n    {\n      \"label\": \"白衣球员勾手投篮命中\",\n      \"start\": 75.5,\n      \"end\": 78,\n      \"confidence\": 0.9\n    },\n    {\n      \"label\": \"白衣球员突破上篮得分\",\n      \"start\": 112.5,\n      \"end\": 115.5,\n      \"confidence\": 0.9\n    },\n    {\n      \"label\": \"白衣球员突破后投篮命中\",\n      \"start\": 158.5,\n      \"end\": 161,\n      \"confidence\": 0.9\n    },\n    {\n      \"label\": \"白衣球员跳投命中\",\n      \"start\": 185,\n      \"end\": 187,\n      \"confidence\": 0.9\n    },\n    {\n      \"label\": \"白衣球员突破上篮得分\",\n      \"start\": 256.5,\n      \"end\": 259.5,\n      \"confidence\": 0.9\n    }\n  ],\n  \"edits\": []\n}"
[18:45:31.016] [DATA] [timeline-build] timeline constructed
{
  "baseClips": [
    {
      "id": "11.00-17.00",
      "start": 11,
      "end": 17,
      "dur": 6
    },
    {
      "id": "43.50-49.50",
      "start": 43.5,
      "end": 49.5,
      "dur": 6
    },
    {
      "id": "73.50-80.00",
      "start": 73.5,
      "end": 80,
      "dur": 6.5
    },
    {
      "id": "110.50-117.50",
      "start": 110.5,
      "end": 117.5,
      "dur": 7
    },
    {
      "id": "156.50-163.00",
      "start": 156.5,
      "end": 163,
      "dur": 6.5
    }
  ],
  "resultClips": [
    {
      "id": "11.00-17.00",
      "start": 11,
      "end": 17,
      "timelineStart": 0,
      "displayDuration": 6,
      "playbackRate": 1
    },
    {
      "id": "43.50-49.50",
      "start": 43.5,
      "end": 49.5,
      "timelineStart": 6,
      "displayDuration": 6,
      "playbackRate": 1
    },
    {
      "id": "73.50-80.00",
      "start": 73.5,
      "end": 80,
      "timelineStart": 12,
      "displayDuration": 6.5,
      "playbackRate": 1
    },
    {
      "id": "110.50-117.50",
      "start": 110.5,
      "end": 117.5,
      "timelineStart": 18.5,
      "displayDuration": 7,
      "playbackRate": 1
    },
    {
      "id": "156.50-163.00",
      "start": 156.5,
      "end": 163,
      "timelineStart": 25.5,
      "displayDuration": 6.5,
      "playbackRate": 1
    }
  ],
  "totalTimelineDuration": 32,
  "videoDuration": 358.561667,
  "textEdits": [],
  "fadeEdits": []
}
