[23:06:46.570] [INFO] [analyze] start
{
  "name": "IMG_5962_edited.mp4",
  "size": 16664237,
  "duration": 32.002,
  "pe": "短视频剪辑产品经理（PE）",
  "request": "添加一个很燃的适合篮球运动的背景音乐 ",
  "engine": "auto"
}
[23:06:48.665] [DATA] [analyze] debugTimeline
[
  {
    "time": "2026-03-15T15:06:46.570Z",
    "role": "system",
    "level": "info",
    "message": "收到识别请求",
    "data": {
      "name": "IMG_5962_edited.mp4",
      "size": 16664237,
      "duration": 32.002,
      "pe": "短视频剪辑产品经理（PE）",
      "request": "添加一个很燃的适合篮球运动的背景音乐 ",
      "engine": "auto"
    }
  },
  {
    "round": 1,
    "thought": "用户要求添加适合篮球运动的背景音乐。我会使用 'add_bgm' 工具，选择 'upbeat sports rock' 作为关键词，并设置合适的音量。"
  },
  {
    "time": "2026-03-15T15:06:48.664Z",
    "role": "system",
    "level": "info",
    "message": "识别完成",
    "data": {
      "source": "agent-loop-auto",
      "edits": 1
    }
  }
]
[23:06:48.665] [DATA] [analyze] result.features
{
  "duration": 32.002,
  "segmentCount": 0,
  "segments": [],
  "keyframes": [],
  "rhythmScore": 0,
  "events": [],
  "edits": [
    {
      "type": "bgm",
      "start": 0,
      "end": 32.002,
      "keywords": "upbeat sports rock",
      "volume": 0.35
    }
  ],
  "summary": "已为您添加一段很燃的背景音乐！",
  "agentSteps": [
    {
      "round": 1,
      "thought": "用户要求添加适合篮球运动的背景音乐。我会使用 'add_bgm' 工具，选择 'upbeat sports rock' 作为关键词，并设置合适的音量。"
    }
  ],
  "performance": {
    "totalTime": "2.1s",
    "rounds": 1,
    "tokensIn": 3319,
    "tokensOut": 128,
    "totalTokens": 3447,
    "cost": "$0.0013",
    "orchestratorCalls": 1,
    "videoAnalysisCalls": 0
  }
}
[23:06:48.665] [INFO] [analyze] done
{
  "source": "agent-loop-auto",
  "segmentCount": 0,
  "events": 0,
  "edits": 1
}
[23:07:04.926] [DATA] [analyze] rawResponse
"{\n  \"thought\": \"用户要求添加适合篮球运动的背景音乐。我会使用 'add_bgm' 工具，选择 'upbeat sports rock' 作为关键词，并设置合适的音量。\",\n  \"final_answer\": \"已为您添加一段很燃的背景音乐！\",\n  \"summary\": \"\",\n  \"segments\": [],\n  \"events\": [],\n  \"edits\": [\n    {\n      \"type\": \"bgm\",\n      \"keywords\": \"upbeat sports rock\",\n      \"volume\": 0.35\n    }\n  ]\n}"
[23:07:04.946] [DATA] [timeline-build] timeline constructed
{
  "baseClips": [],
  "resultClips": [
    {
      "id": "base-clip",
      "start": 0,
      "end": 32.002,
      "timelineStart": 0,
      "displayDuration": 32.002,
      "playbackRate": 1
    }
  ],
  "totalTimelineDuration": 32.002,
  "videoDuration": 32.002,
  "textEdits": [],
  "fadeEdits": []
}
