[01:16:55.440] [INFO] [analyze] start
{
  "name": "IMG_5962_edited.mp4",
  "size": 16664237,
  "duration": 32.002,
  "pe": "短视频剪辑产品经理（PE）",
  "request": "找出球员进球的片段，保留这些片段，注意要找出所有片段，不能漏掉，同时在确保球是彻底进了，不是只碰到篮筐又出来",
  "engine": "auto"
}
[01:17:35.095] [DATA] [analyze] debugTimeline
[
  {
    "time": "2026-03-15T17:16:55.440Z",
    "role": "system",
    "level": "info",
    "message": "收到识别请求",
    "data": {
      "name": "IMG_5962_edited.mp4",
      "size": 16664237,
      "duration": 32.002,
      "pe": "短视频剪辑产品经理（PE）",
      "request": "找出球员进球的片段，保留这些片段，注意要找出所有片段，不能漏掉，同时在确保球是彻底进了，不是只碰到篮筐又出来",
      "engine": "auto"
    }
  },
  {
    "round": 1,
    "thought": "用户要求找出视频中所有彻底进球的片段。这需要对视频内容进行详细分析，识别出进球事件。我将使用 `analyze_video` 工具来检测这些事件。",
    "action": "analyze_video(\"complete scoring play, where the ball clearly goes into the net/hoop, excluding shots that hit the rim and bounce out\")",
    "observation": {
      "events": 5,
      "description": "视频记录了两名男子在室内篮球场进行一对一单挑的场景，双方都展示了娴熟的运球和投篮技巧，并多次成功得分。"
    }
  },
  {
    "round": 2,
    "thought": "根据用户要求，我已经通过 `analyze_video` 工具识别出所有彻底进球的片段。为了确保每个片段的完整性，我按照“高潮时刻的完整性原则”（蓄力期、高潮期、反应期）扩展了每个进球事件的时间边界。每个片段的最终时长在 3-8 秒之间，符合篮球比赛这种密集型内容的节奏要求，同时确保了动作的完整性。所有检测到的进球片段都已包含。"
  },
  {
    "time": "2026-03-15T17:17:35.095Z",
    "role": "system",
    "level": "info",
    "message": "识别完成",
    "data": {
      "source": "agent-loop-auto",
      "engine": "auto",
      "edits": 0
    }
  }
]
[01:17:35.096] [DATA] [analyze] result.features
{
  "duration": 32.002,
  "segmentCount": 5,
  "segments": [
    {
      "id": "0.00-4.00",
      "start": 0,
      "end": 4,
      "duration": 4,
      "energy": 0.5,
      "label": "白衣23号球员中距离跳投得分",
      "tags": {}
    },
    {
      "id": "4.60-9.50",
      "start": 4.6,
      "end": 9.5,
      "duration": 4.9,
      "energy": 0.5,
      "label": "白衣23号球员远距离投篮得分",
      "tags": {}
    },
    {
      "id": "12.40-17.10",
      "start": 12.4,
      "end": 17.1,
      "duration": 4.700000000000001,
      "energy": 0.5,
      "label": "黑衣球员突破上篮得分",
      "tags": {}
    },
    {
      "id": "20.10-24.70",
      "start": 20.1,
      "end": 24.7,
      "duration": 4.599999999999998,
      "energy": 0.5,
      "label": "白衣23号球员突破上篮得分",
      "tags": {}
    },
    {
      "id": "26.10-31.00",
      "start": 26.1,
      "end": 31,
      "duration": 4.899999999999999,
      "energy": 0.5,
      "label": "黑衣球员跳投得分",
      "tags": {}
    }
  ],
  "keyframes": [
    {
      "time": 2,
      "energy": 0.5
    },
    {
      "time": 7.05,
      "energy": 0.5
    },
    {
      "time": 14.75,
      "energy": 0.5
    },
    {
      "time": 22.4,
      "energy": 0.5
    },
    {
      "time": 28.55,
      "energy": 0.5
    }
  ],
  "rhythmScore": 0.5,
  "events": [
    {
      "label": "白衣23号球员中距离跳投得分",
      "start": 0.9,
      "end": 2.5,
      "confidence": 0.95
    },
    {
      "label": "白衣23号球员远距离投篮得分",
      "start": 6.1,
      "end": 8,
      "confidence": 0.95
    },
    {
      "label": "黑衣球员突破上篮得分",
      "start": 13.9,
      "end": 15.6,
      "confidence": 0.95
    },
    {
      "label": "白衣23号球员突破上篮得分",
      "start": 21.6,
      "end": 23.2,
      "confidence": 0.95
    },
    {
      "label": "黑衣球员跳投得分",
      "start": 27.6,
      "end": 29.5,
      "confidence": 0.95
    }
  ],
  "edits": [],
  "summary": "已为您识别并保留所有进球片段。",
  "agentSteps": [
    {
      "round": 1,
      "thought": "用户要求找出视频中所有彻底进球的片段。这需要对视频内容进行详细分析，识别出进球事件。我将使用 `analyze_video` 工具来检测这些事件。",
      "action": "analyze_video(\"complete scoring play, where the ball clearly goes into the net/hoop, excluding shots that hit the rim and bounce out\")",
      "observation": {
        "events": 5,
        "description": "视频记录了两名男子在室内篮球场进行一对一单挑的场景，双方都展示了娴熟的运球和投篮技巧，并多次成功得分。"
      }
    },
    {
      "round": 2,
      "thought": "根据用户要求，我已经通过 `analyze_video` 工具识别出所有彻底进球的片段。为了确保每个片段的完整性，我按照“高潮时刻的完整性原则”（蓄力期、高潮期、反应期）扩展了每个进球事件的时间边界。每个片段的最终时长在 3-8 秒之间，符合篮球比赛这种密集型内容的节奏要求，同时确保了动作的完整性。所有检测到的进球片段都已包含。"
    }
  ],
  "performance": {
    "totalTime": "39.7s",
    "rounds": 2,
    "tokensIn": 17227,
    "tokensOut": 1067,
    "totalTokens": 18294,
    "cost": "$0.0195",
    "orchestratorCalls": 2,
    "videoAnalysisCalls": 1
  }
}
[01:17:35.097] [INFO] [analyze] done
{
  "source": "agent-loop-auto",
  "segmentCount": 5,
  "events": 5,
  "edits": 0
}
[01:17:35.099] [DATA] [analyze] rawResponse
"{\n  \"thought\": \"根据用户要求，我已经通过 `analyze_video` 工具识别出所有彻底进球的片段。为了确保每个片段的完整性，我按照“高潮时刻的完整性原则”（蓄力期、高潮期、反应期）扩展了每个进球事件的时间边界。每个片段的最终时长在 3-8 秒之间，符合篮球比赛这种密集型内容的节奏要求，同时确保了动作的完整性。所有检测到的进球片段都已包含。\",\n  \"final_answer\": \"已为您识别并保留所有进球片段。\",\n  \"summary\": \"视频中两名球员多次成功得分，共识别出5个进球片段。\",\n  \"segments\": [\n    {\n      \"start\": 0.0,\n      \"end\": 4.0,\n      \"label\": \"白衣23号球员中距离跳投得分\"\n    },\n    {\n      \"start\": 4.6,\n      \"end\": 9.5,\n      \"label\": \"白衣23号球员远距离投篮得分\"\n    },\n    {\n      \"start\": 12.4,\n      \"end\": 17.1,\n      \"label\": \"黑衣球员突破上篮得分\"\n    },\n    {\n      \"start\": 20.1,\n      \"end\": 24.7,\n      \"label\": \"白衣23号球员突破上篮得分\"\n    },\n    {\n      \"start\": 26.1,\n      \"end\": 31.0,\n      \"label\": \"黑衣球员跳投得分\"\n    }\n  ],\n  \"events\": [\n    {\n      \"label\": \"白衣23号球员中距离跳投得分\",\n      \"start\": 0.9,\n      \"end\": 2.5,\n      \"confidence\": 0.95\n    },\n    {\n      \"label\": \"白衣23号球员远距离投篮得分\",\n      \"start\": 6.1,\n      \"end\": 8.0,\n      \"confidence\": 0.95\n    },\n    {\n      \"label\": \"黑衣球员突破上篮得分\",\n      \"start\": 13.9,\n      \"end\": 15.6,\n      \"confidence\": 0.95\n    },\n    {\n      \"label\": \"白衣23号球员突破上篮得分\",\n      \"start\": 21.6,\n      \"end\": 23.2,\n      \"confidence\": 0.95\n    },\n    {\n      \"label\": \"黑衣球员跳投得分\",\n      \"start\": 27.6,\n      \"end\": 29.5,\n      \"confidence\": 0.95\n    }\n  ],\n  \"edits\": []\n}"
[01:17:35.116] [DATA] [timeline-build] timeline constructed
{
  "baseClips": [
    {
      "id": "0.00-4.00",
      "start": 0,
      "end": 4,
      "dur": 4
    },
    {
      "id": "4.60-9.50",
      "start": 4.6,
      "end": 9.5,
      "dur": 4.9
    },
    {
      "id": "12.40-17.10",
      "start": 12.4,
      "end": 17.1,
      "dur": 4.700000000000001
    },
    {
      "id": "20.10-24.70",
      "start": 20.1,
      "end": 24.7,
      "dur": 4.599999999999998
    },
    {
      "id": "26.10-31.00",
      "start": 26.1,
      "end": 31,
      "dur": 4.899999999999999
    }
  ],
  "resultClips": [
    {
      "id": "0.00-4.00",
      "start": 0,
      "end": 4,
      "timelineStart": 0,
      "displayDuration": 4,
      "playbackRate": 1
    },
    {
      "id": "4.60-9.50",
      "start": 4.6,
      "end": 9.5,
      "timelineStart": 4,
      "displayDuration": 4.9,
      "playbackRate": 1
    },
    {
      "id": "12.40-17.10",
      "start": 12.4,
      "end": 17.1,
      "timelineStart": 8.9,
      "displayDuration": 4.700000000000001,
      "playbackRate": 1
    },
    {
      "id": "20.10-24.70",
      "start": 20.1,
      "end": 24.7,
      "timelineStart": 13.600000000000001,
      "displayDuration": 4.599999999999998,
      "playbackRate": 1
    },
    {
      "id": "26.10-31.00",
      "start": 26.1,
      "end": 31,
      "timelineStart": 18.2,
      "displayDuration": 4.899999999999999,
      "playbackRate": 1
    }
  ],
  "totalTimelineDuration": 23.099999999999998,
  "videoDuration": 32.002,
  "textEdits": [],
  "fadeEdits": []
}
