[20:25:20.397] [INFO] [analyze] 使用会话缓存 sess-1773750118371-ngpcunk
[20:25:20.397] [INFO] [analyze] start
{
  "duration": 15.766667,
  "pe": "短视频剪辑产品经理（PE）",
  "request": "把当前视频进行音量设置为正常",
  "engine": "auto"
}
[20:25:26.358] [DATA] [analyze] debugTimeline
[
  {
    "time": "2026-03-17T12:25:20.397Z",
    "role": "system",
    "level": "info",
    "message": "收到识别请求",
    "data": {
      "duration": 15.766667,
      "pe": "短视频剪辑产品经理（PE）",
      "request": "把当前视频进行音量设置为正常",
      "engine": "auto"
    }
  },
  {
    "round": 1,
    "thought": "用户要求将当前视频的音量设置为正常。根据对话历史，视频之前被设置为静音，所以“正常”意味着将音量调回 1.0。我需要先读取草稿以获取视频片段的 ID，然后使用 modify_segment 工具来修改其音量。",
    "action": "read_draft(\"full\")",
    "observation": {
      "draft": {
        "version": 2,
        "lastModified": 1773750118371,
        "sources": {
          "video-1773750118371": {
            "type": "video",
            "name": "2æ12æ¥.mov",
            "path": "/var/folders/vl/804_7yys0pl3sjplmmbhcvsh0000gn/T/1773750115766-c0d00c-2æ12æ¥.mov",
            "duration": 15.766667,
            "metadata": {
              "width": 1920,
              "height": 1080,
              "fps": 30
            }
          }
        },
        "tracks": [
          {
            "id": "V1",
            "type": "video",
            "enabled": true,
            "locked": false,
            "segments": [
              {
                "id": "seg-v-1773750118371-56feb8",
                "type": "video",
                "sourceId": "video-1773750118371",
                "timelineStart": 0,
                "timelineDuration": 15.766667,
                "sourceStart": 0,
                "sourceEnd": 15.766667,
                "playbackRate": 1,
                "volume": 0,
                "transform": {
                  "scale": 1,
                  "x": 0,
                  "y": 0,
                  "rotate": 0,
                  "flipX": false,
                  "flipY": false,
                  "crop": {
                    "top": 0,
                    "right": 0,
                    "bottom": 0,
                    "left": 0
                  }
                },
                "filters": {
                  "brightness": 0,
                  "contrast": 0,
                  "saturation": 0,
                  "hue": 0,
                  "sharpness": 0
                }
              }
            ]
          }
        ],
        "settings": {
          "totalDuration": 15.766667,
          "resolution": {
            "width": 1920,
            "height": 1080
          },
          "fps": 30,
          "aspectRatio": "16:9"
        }
      },
      "changesSince": {
        "added": [
          {
            "type": "segment",
            "trackId": "V1",
            "id": "seg-v-1773750118371-56feb8"
          }
        ],
        "modified": [],
        "deleted": [
          {
            "type": "track",
            "id": "A1"
          },
          {
            "type": "track",
            "id": "T1"
          },
          {
            "type": "track",
            "id": "FX1"
          }
        ],
        "summary": "AI 生成了新的剪辑方案"
      }
    }
  },
  {
    "round": 2,
    "thought": "根据草稿内容，当前视频片段的 ID 是 \"seg-v-1773750118371-56feb8\"，音量被设置为 0。用户要求将音量设置为正常，这意味着将音量调回 1.0。",
    "action": "modify_segment(\"seg-v-1773750118371-56feb8\", {\"volume\": 1.0})",
    "observation": {
      "ok": true,
      "message": "已修改片段 seg-v-1773750118371-56feb8",
      "modifications": [
        "volume"
      ]
    }
  },
  {
    "round": 3,
    "thought": "视频音量已成功设置为正常。"
  },
  {
    "time": "2026-03-17T12:25:26.357Z",
    "role": "system",
    "level": "info",
    "message": "识别完成",
    "data": {
      "source": "agent-loop-auto",
      "engine": "auto",
      "edits": 0
    }
  }
]
[20:25:26.358] [DATA] [analyze] result.features
{
  "duration": 15.766667,
  "segmentCount": 0,
  "segments": [],
  "keyframes": [],
  "rhythmScore": 0,
  "events": [],
  "edits": [],
  "summary": "视频音量已设置为正常。",
  "agentSteps": [
    {
      "round": 1,
      "thought": "用户要求将当前视频的音量设置为正常。根据对话历史，视频之前被设置为静音，所以“正常”意味着将音量调回 1.0。我需要先读取草稿以获取视频片段的 ID，然后使用 modify_segment 工具来修改其音量。",
      "action": "read_draft(\"full\")",
      "observation": {
        "draft": {
          "version": 2,
          "lastModified": 1773750118371,
          "sources": {
            "video-1773750118371": {
              "type": "video",
              "name": "2æ12æ¥.mov",
              "path": "/var/folders/vl/804_7yys0pl3sjplmmbhcvsh0000gn/T/1773750115766-c0d00c-2æ12æ¥.mov",
              "duration": 15.766667,
              "metadata": {
                "width": 1920,
                "height": 1080,
                "fps": 30
              }
            }
          },
          "tracks": [
            {
              "id": "V1",
              "type": "video",
              "enabled": true,
              "locked": false,
              "segments": [
                {
                  "id": "seg-v-1773750118371-56feb8",
                  "type": "video",
                  "sourceId": "video-1773750118371",
                  "timelineStart": 0,
                  "timelineDuration": 15.766667,
                  "sourceStart": 0,
                  "sourceEnd": 15.766667,
                  "playbackRate": 1,
                  "volume": 0,
                  "transform": {
                    "scale": 1,
                    "x": 0,
                    "y": 0,
                    "rotate": 0,
                    "flipX": false,
                    "flipY": false,
                    "crop": {
                      "top": 0,
                      "right": 0,
                      "bottom": 0,
                      "left": 0
                    }
                  },
                  "filters": {
                    "brightness": 0,
                    "contrast": 0,
                    "saturation": 0,
                    "hue": 0,
                    "sharpness": 0
                  }
                }
              ]
            }
          ],
          "settings": {
            "totalDuration": 15.766667,
            "resolution": {
              "width": 1920,
              "height": 1080
            },
            "fps": 30,
            "aspectRatio": "16:9"
          }
        },
        "changesSince": {
          "added": [
            {
              "type": "segment",
              "trackId": "V1",
              "id": "seg-v-1773750118371-56feb8"
            }
          ],
          "modified": [],
          "deleted": [
            {
              "type": "track",
              "id": "A1"
            },
            {
              "type": "track",
              "id": "T1"
            },
            {
              "type": "track",
              "id": "FX1"
            }
          ],
          "summary": "AI 生成了新的剪辑方案"
        }
      }
    },
    {
      "round": 2,
      "thought": "根据草稿内容，当前视频片段的 ID 是 \"seg-v-1773750118371-56feb8\"，音量被设置为 0。用户要求将音量设置为正常，这意味着将音量调回 1.0。",
      "action": "modify_segment(\"seg-v-1773750118371-56feb8\", {\"volume\": 1.0})",
      "observation": {
        "ok": true,
        "message": "已修改片段 seg-v-1773750118371-56feb8",
        "modifications": [
          "volume"
        ]
      }
    },
    {
      "round": 3,
      "thought": "视频音量已成功设置为正常。"
    }
  ],
  "performance": {
    "totalTime": "6.0s",
    "rounds": 3,
    "tokensIn": 13002,
    "tokensOut": 256,
    "totalTokens": 13258,
    "cost": "$0.0045",
    "orchestratorCalls": 3,
    "videoAnalysisCalls": 0
  }
}
[20:25:26.358] [INFO] [analyze] done
{
  "source": "agent-loop-auto",
  "segmentCount": 0,
  "events": 0,
  "edits": 0
}
[20:25:26.359] [DATA] [analyze] rawResponse
"{\n  \"thought\": \"视频音量已成功设置为正常。\",\n  \"final_answer\": \"视频音量已设置为正常。\",\n  \"summary\": \"\",\n  \"segments\": [],\n  \"events\": [],\n  \"edits\": []\n}"
[20:25:26.368] [DATA] [timeline-build] timeline constructed
{
  "baseClips": [],
  "resultClips": [],
  "totalTimelineDuration": 0,
  "videoDuration": 15.766667,
  "textEdits": [],
  "fadeEdits": []
}
