[23:32:53.449] [INFO] [analyze] start
{
  "name": "IMG_5962_edited.mp4",
  "size": 16664237,
  "duration": 32.002,
  "pe": "短视频剪辑产品经理（PE）",
  "request": "添加一个很燃的背景音乐",
  "engine": "auto"
}
[23:32:57.669] [DATA] [analyze] debugTimeline
[
  {
    "time": "2026-03-15T15:32:53.449Z",
    "role": "system",
    "level": "info",
    "message": "收到识别请求",
    "data": {
      "name": "IMG_5962_edited.mp4",
      "size": 16664237,
      "duration": 32.002,
      "pe": "短视频剪辑产品经理（PE）",
      "request": "添加一个很燃的背景音乐",
      "engine": "auto"
    }
  },
  {
    "round": 1,
    "thought": "用户要求添加一个“很燃”的背景音乐，这是一个直接的编辑操作。我将使用 `add_bgm` 工具，并选择 'upbeat energetic' 作为关键词，同时设置一个合适的音量。"
  },
  {
    "time": "2026-03-15T15:32:57.669Z",
    "role": "system",
    "level": "info",
    "message": "识别完成",
    "data": {
      "source": "agent-loop-auto",
      "edits": 1
    }
  }
]
[23:32:57.670] [DATA] [analyze] result.features
{
  "duration": 32.002,
  "segmentCount": 0,
  "segments": [],
  "keyframes": [],
  "rhythmScore": 0,
  "events": [],
  "edits": [
    {
      "type": "bgm",
      "start": 0,
      "end": 32.002,
      "keywords": "upbeat energetic",
      "volume": 0.3
    }
  ],
  "summary": "已为您添加了一个很燃的背景音乐！",
  "agentSteps": [
    {
      "round": 1,
      "thought": "用户要求添加一个“很燃”的背景音乐，这是一个直接的编辑操作。我将使用 `add_bgm` 工具，并选择 'upbeat energetic' 作为关键词，同时设置一个合适的音量。"
    }
  ],
  "performance": {
    "totalTime": "4.2s",
    "rounds": 1,
    "tokensIn": 3315,
    "tokensOut": 136,
    "totalTokens": 3451,
    "cost": "$0.0013",
    "orchestratorCalls": 1,
    "videoAnalysisCalls": 0
  }
}
[23:32:57.670] [INFO] [analyze] done
{
  "source": "agent-loop-auto",
  "segmentCount": 0,
  "events": 0,
  "edits": 1
}
[23:33:09.211] [DATA] [analyze] rawResponse
"{\n  \"thought\": \"用户要求添加一个“很燃”的背景音乐，这是一个直接的编辑操作。我将使用 `add_bgm` 工具，并选择 'upbeat energetic' 作为关键词，同时设置一个合适的音量。\",\n  \"final_answer\": \"已为您添加了一个很燃的背景音乐！\",\n  \"summary\": \"\",\n  \"segments\": [],\n  \"events\": [],\n  \"edits\": [\n    {\n      \"type\": \"bgm\",\n      \"keywords\": \"upbeat energetic\",\n      \"volume\": 0.3\n    }\n  ]\n}"
[23:33:09.230] [DATA] [timeline-build] timeline constructed
{
  "baseClips": [],
  "resultClips": [
    {
      "id": "base-clip",
      "start": 0,
      "end": 32.002,
      "timelineStart": 0,
      "displayDuration": 32.002,
      "playbackRate": 1
    }
  ],
  "totalTimelineDuration": 32.002,
  "videoDuration": 32.002,
  "textEdits": [],
  "fadeEdits": []
}
