[17:47:36.076] [INFO] [analyze] 使用会话缓存 sess-1773740002565-pzqhbf1
[17:47:36.076] [INFO] [analyze] start
{
  "duration": 15.766667,
  "pe": "短视频剪辑产品经理（PE）",
  "request": "静音原视频",
  "engine": "auto"
}
[17:47:46.147] [DATA] [analyze] debugTimeline
[
  {
    "time": "2026-03-17T09:47:36.076Z",
    "role": "system",
    "level": "info",
    "message": "收到识别请求",
    "data": {
      "duration": 15.766667,
      "pe": "短视频剪辑产品经理（PE）",
      "request": "静音原视频",
      "engine": "auto"
    }
  },
  {
    "round": 1,
    "thought": "用户要求静音原视频。我需要读取当前草稿，找到视频轨道上的所有片段，并将其音量设置为0。",
    "action": "read_draft(\"full\")",
    "observation": {
      "draft": {
        "version": 5,
        "lastModified": 1773740375798,
        "sources": {
          "video-1773740357023": {
            "type": "video",
            "name": "video",
            "path": "",
            "duration": 15.766667,
            "metadata": {
              "width": 1920,
              "height": 1080,
              "fps": 30
            }
          }
        },
        "tracks": [
          {
            "id": "V1",
            "type": "video",
            "enabled": true,
            "locked": false,
            "segments": [
              {
                "id": "seg-v-1773740357024-021ffe",
                "type": "video",
                "sourceId": "video-1773740357023",
                "timelineStart": 0,
                "timelineDuration": 4.765,
                "sourceStart": 0,
                "sourceEnd": 9.53,
                "playbackRate": 2,
                "volume": 1,
                "transform": {
                  "scale": 1,
                  "x": 0,
                  "y": 0,
                  "rotate": 0,
                  "flipX": false,
                  "flipY": false,
                  "crop": {
                    "top": 0,
                    "right": 0,
                    "bottom": 0,
                    "left": 0
                  }
                },
                "filters": {
                  "brightness": 0,
                  "contrast": 0,
                  "saturation": 0,
                  "hue": 0,
                  "sharpness": 0
                }
              },
              {
                "id": "seg-v-1773740357024-26f5c8",
                "type": "video",
                "sourceId": "video-1773740357023",
                "timelineStart": 4.765,
                "timelineDuration": 6.236667000000001,
                "sourceStart": 9.53,
                "sourceEnd": 15.766667,
                "playbackRate": 1,
                "volume": 1,
                "transform": {
                  "scale": 1,
                  "x": 0,
                  "y": 0,
                  "rotate": 0,
                  "flipX": false,
                  "flipY": false,
                  "crop": {
                    "top": 0,
                    "right": 0,
                    "bottom": 0,
                    "left": 0
                  }
                },
                "filters": {
                  "brightness": 0,
                  "contrast": 0,
                  "saturation": 0,
                  "hue": 0,
                  "sharpness": 0
                }
              }
            ]
          },
          {
            "id": "T1",
            "type": "text",
            "enabled": true,
            "locked": false,
            "segments": [
              {
                "id": "seg-t-1773740357024-295946",
                "type": "text",
                "timelineStart": 0.125,
                "timelineDuration": 0.875,
                "content": "制作鸡蛋沙拉馅料",
                "style": {
                  "fontSize": 48,
                  "color": "#ffffff",
                  "position": "bottom",
                  "fontFamily": "Arial",
                  "stroke": {
                    "color": "#000000",
                    "width": 2
                  }
                }
              },
              {
                "id": "seg-t-1773740357024-30ae28",
                "type": "text",
                "timelineStart": 1.375,
                "timelineDuration": 0.875,
                "content": "切片巨型吐司",
                "style": {
                  "fontSize": 48,
                  "color": "#ffffff",
                  "position": "bottom",
                  "fontFamily": "Arial",
                  "stroke": {
                    "color": "#000000",
                    "width": 2
                  }
                }
              },
              {
                "id": "seg-t-1773740357024-46c940",
                "type": "text",
                "timelineStart": 2.6175,
                "timelineDuration": 0.3999999999999999,
                "content": "烤制金黄酥脆",
                "style": {
                  "fontSize": 48,
                  "color": "#ffffff",
                  "position": "bottom",
                  "fontFamily": "Arial",
                  "stroke": {
                    "color": "#000000",
                    "width": 2
                  }
                }
              }
            ]
          },
          {
            "id": "A1",
            "type": "audio",
            "enabled": true,
            "locked": false,
            "segments": [
              {
                "id": "seg-a-bgm-1773740375798",
                "type": "audio",
                "sourceFile": "/var/folders/vl/804_7yys0pl3sjplmmbhcvsh0000gn/T/sess-1773740002565-pzqhbf1-bgm.mp3",
                "timelineStart": 0,
                "timelineDuration": 11.001667000000001,
                "volume": 0.3,
                "metadata": {
                  "title": "At the Mall",
                  "artist": "Emerald Park",
                  "keywords": "upbeat cooking"
                }
              }
            ]
          }
        ],
        "settings": {
          "totalDuration": 11.001667000000001,
          "resolution": {
            "width": 1920,
            "height": 1080
          },
          "fps": 30,
          "aspectRatio": "16:9"
        }
      },
      "changesSince": {
        "added": [
          {
            "type": "track",
            "id": "A1"
          },
          {
            "type": "segment",
            "trackId": "V1",
            "id": "seg-v-1773740357024-021ffe"
          },
          {
            "type": "segment",
            "trackId": "V1",
            "id": "seg-v-1773740357024-26f5c8"
          },
          {
            "type": "segment",
            "trackId": "T1",
            "id": "seg-t-1773740357024-295946"
          },
          {
            "type": "segment",
            "trackId": "T1",
            "id": "seg-t-1773740357024-30ae28"
          },
          {
            "type": "segment",
            "trackId": "T1",
            "id": "seg-t-1773740357024-46c940"
          }
        ],
        "modified": [
          {
            "type": "segment",
            "trackId": "V1",
            "id": "seg-v-1773740002566-4aef01",
            "changes": {
              "volume": {
                "old": 1,
                "new": 0
              }
            }
          },
          {
            "type": "segment",
            "trackId": "V1",
            "id": "seg-v-1773740002566-833fb5",
            "changes": {
              "volume": {
                "old": 1,
                "new": 0
              }
            }
          }
        ],
        "deleted": [
          {
            "type": "segment",
            "trackId": "V1",
            "id": "seg-v-1773740002566-4aef01"
          },
          {
            "type": "segment",
            "trackId": "V1",
            "id": "seg-v-1773740002566-833fb5"
          },
          {
            "type": "segment",
            "trackId": "T1",
            "id": "seg-t-1773740002566-a9d86a"
          },
          {
            "type": "segment",
            "trackId": "T1",
            "id": "seg-t-1773740002566-c03339"
          },
          {
            "type": "segment",
            "trackId": "T1",
            "id": "seg-t-1773740002566-abcd3d"
          }
        ],
        "summary": "修改了片段 seg-v-1773740002566-4aef01: volume\n修改了片段 seg-v-1773740002566-833fb5: volume\nAI 生成了新的剪辑方案"
      }
    }
  },
  {
    "round": 2,
    "thought": "根据用户的指示，我将静音原视频。通过读取草稿，我找到了视频轨道（V1）上的所有片段，并将它们的音量设置为0。",
    "action": "modify_segment(\"seg-v-1773740357024-021ffe\", {\"volume\": 0})",
    "observation": {
      "ok": true,
      "message": "已修改片段 seg-v-1773740357024-021ffe",
      "modifications": [
        "volume"
      ]
    }
  },
  {
    "round": 3,
    "thought": "我已将第一个视频片段静音。现在我将对第二个视频片段也进行静音操作，以确保整个原视频被静音。",
    "action": "modify_segment(\"seg-v-1773740357024-26f5c8\", {\"volume\": 0})",
    "observation": {
      "ok": true,
      "message": "已修改片段 seg-v-1773740357024-26f5c8",
      "modifications": [
        "volume"
      ]
    }
  },
  {
    "round": 4,
    "thought": "我已经将原视频的所有片段的音量设置为0，完成了用户“静音原视频”的指令。"
  },
  {
    "time": "2026-03-17T09:47:46.147Z",
    "role": "system",
    "level": "info",
    "message": "识别完成",
    "data": {
      "source": "agent-loop-auto",
      "engine": "auto",
      "edits": 0
    }
  }
]
[17:47:46.148] [DATA] [analyze] result.features
{
  "duration": 15.766667,
  "segmentCount": 0,
  "segments": [],
  "keyframes": [],
  "rhythmScore": 0,
  "events": [],
  "edits": [],
  "summary": "原视频已全部静音。",
  "agentSteps": [
    {
      "round": 1,
      "thought": "用户要求静音原视频。我需要读取当前草稿，找到视频轨道上的所有片段，并将其音量设置为0。",
      "action": "read_draft(\"full\")",
      "observation": {
        "draft": {
          "version": 5,
          "lastModified": 1773740375798,
          "sources": {
            "video-1773740357023": {
              "type": "video",
              "name": "video",
              "path": "",
              "duration": 15.766667,
              "metadata": {
                "width": 1920,
                "height": 1080,
                "fps": 30
              }
            }
          },
          "tracks": [
            {
              "id": "V1",
              "type": "video",
              "enabled": true,
              "locked": false,
              "segments": [
                {
                  "id": "seg-v-1773740357024-021ffe",
                  "type": "video",
                  "sourceId": "video-1773740357023",
                  "timelineStart": 0,
                  "timelineDuration": 4.765,
                  "sourceStart": 0,
                  "sourceEnd": 9.53,
                  "playbackRate": 2,
                  "volume": 1,
                  "transform": {
                    "scale": 1,
                    "x": 0,
                    "y": 0,
                    "rotate": 0,
                    "flipX": false,
                    "flipY": false,
                    "crop": {
                      "top": 0,
                      "right": 0,
                      "bottom": 0,
                      "left": 0
                    }
                  },
                  "filters": {
                    "brightness": 0,
                    "contrast": 0,
                    "saturation": 0,
                    "hue": 0,
                    "sharpness": 0
                  }
                },
                {
                  "id": "seg-v-1773740357024-26f5c8",
                  "type": "video",
                  "sourceId": "video-1773740357023",
                  "timelineStart": 4.765,
                  "timelineDuration": 6.236667000000001,
                  "sourceStart": 9.53,
                  "sourceEnd": 15.766667,
                  "playbackRate": 1,
                  "volume": 1,
                  "transform": {
                    "scale": 1,
                    "x": 0,
                    "y": 0,
                    "rotate": 0,
                    "flipX": false,
                    "flipY": false,
                    "crop": {
                      "top": 0,
                      "right": 0,
                      "bottom": 0,
                      "left": 0
                    }
                  },
                  "filters": {
                    "brightness": 0,
                    "contrast": 0,
                    "saturation": 0,
                    "hue": 0,
                    "sharpness": 0
                  }
                }
              ]
            },
            {
              "id": "T1",
              "type": "text",
              "enabled": true,
              "locked": false,
              "segments": [
                {
                  "id": "seg-t-1773740357024-295946",
                  "type": "text",
                  "timelineStart": 0.125,
                  "timelineDuration": 0.875,
                  "content": "制作鸡蛋沙拉馅料",
                  "style": {
                    "fontSize": 48,
                    "color": "#ffffff",
                    "position": "bottom",
                    "fontFamily": "Arial",
                    "stroke": {
                      "color": "#000000",
                      "width": 2
                    }
                  }
                },
                {
                  "id": "seg-t-1773740357024-30ae28",
                  "type": "text",
                  "timelineStart": 1.375,
                  "timelineDuration": 0.875,
                  "content": "切片巨型吐司",
                  "style": {
                    "fontSize": 48,
                    "color": "#ffffff",
                    "position": "bottom",
                    "fontFamily": "Arial",
                    "stroke": {
                      "color": "#000000",
                      "width": 2
                    }
                  }
                },
                {
                  "id": "seg-t-1773740357024-46c940",
                  "type": "text",
                  "timelineStart": 2.6175,
                  "timelineDuration": 0.3999999999999999,
                  "content": "烤制金黄酥脆",
                  "style": {
                    "fontSize": 48,
                    "color": "#ffffff",
                    "position": "bottom",
                    "fontFamily": "Arial",
                    "stroke": {
                      "color": "#000000",
                      "width": 2
                    }
                  }
                }
              ]
            },
            {
              "id": "A1",
              "type": "audio",
              "enabled": true,
              "locked": false,
              "segments": [
                {
                  "id": "seg-a-bgm-1773740375798",
                  "type": "audio",
                  "sourceFile": "/var/folders/vl/804_7yys0pl3sjplmmbhcvsh0000gn/T/sess-1773740002565-pzqhbf1-bgm.mp3",
                  "timelineStart": 0,
                  "timelineDuration": 11.001667000000001,
                  "volume": 0.3,
                  "metadata": {
                    "title": "At the Mall",
                    "artist": "Emerald Park",
                    "keywords": "upbeat cooking"
                  }
                }
              ]
            }
          ],
          "settings": {
            "totalDuration": 11.001667000000001,
            "resolution": {
              "width": 1920,
              "height": 1080
            },
            "fps": 30,
            "aspectRatio": "16:9"
          }
        },
        "changesSince": {
          "added": [
            {
              "type": "track",
              "id": "A1"
            },
            {
              "type": "segment",
              "trackId": "V1",
              "id": "seg-v-1773740357024-021ffe"
            },
            {
              "type": "segment",
              "trackId": "V1",
              "id": "seg-v-1773740357024-26f5c8"
            },
            {
              "type": "segment",
              "trackId": "T1",
              "id": "seg-t-1773740357024-295946"
            },
            {
              "type": "segment",
              "trackId": "T1",
              "id": "seg-t-1773740357024-30ae28"
            },
            {
              "type": "segment",
              "trackId": "T1",
              "id": "seg-t-1773740357024-46c940"
            }
          ],
          "modified": [
            {
              "type": "segment",
              "trackId": "V1",
              "id": "seg-v-1773740002566-4aef01",
              "changes": {
                "volume": {
                  "old": 1,
                  "new": 0
                }
              }
            },
            {
              "type": "segment",
              "trackId": "V1",
              "id": "seg-v-1773740002566-833fb5",
              "changes": {
                "volume": {
                  "old": 1,
                  "new": 0
                }
              }
            }
          ],
          "deleted": [
            {
              "type": "segment",
              "trackId": "V1",
              "id": "seg-v-1773740002566-4aef01"
            },
            {
              "type": "segment",
              "trackId": "V1",
              "id": "seg-v-1773740002566-833fb5"
            },
            {
              "type": "segment",
              "trackId": "T1",
              "id": "seg-t-1773740002566-a9d86a"
            },
            {
              "type": "segment",
              "trackId": "T1",
              "id": "seg-t-1773740002566-c03339"
            },
            {
              "type": "segment",
              "trackId": "T1",
              "id": "seg-t-1773740002566-abcd3d"
            }
          ],
          "summary": "修改了片段 seg-v-1773740002566-4aef01: volume\n修改了片段 seg-v-1773740002566-833fb5: volume\nAI 生成了新的剪辑方案"
        }
      }
    },
    {
      "round": 2,
      "thought": "根据用户的指示，我将静音原视频。通过读取草稿，我找到了视频轨道（V1）上的所有片段，并将它们的音量设置为0。",
      "action": "modify_segment(\"seg-v-1773740357024-021ffe\", {\"volume\": 0})",
      "observation": {
        "ok": true,
        "message": "已修改片段 seg-v-1773740357024-021ffe",
        "modifications": [
          "volume"
        ]
      }
    },
    {
      "round": 3,
      "thought": "我已将第一个视频片段静音。现在我将对第二个视频片段也进行静音操作，以确保整个原视频被静音。",
      "action": "modify_segment(\"seg-v-1773740357024-26f5c8\", {\"volume\": 0})",
      "observation": {
        "ok": true,
        "message": "已修改片段 seg-v-1773740357024-26f5c8",
        "modifications": [
          "volume"
        ]
      }
    },
    {
      "round": 4,
      "thought": "我已经将原视频的所有片段的音量设置为0，完成了用户“静音原视频”的指令。"
    }
  ],
  "performance": {
    "totalTime": "10.1s",
    "rounds": 4,
    "tokensIn": 21337,
    "tokensOut": 321,
    "totalTokens": 21658,
    "cost": "$0.0072",
    "orchestratorCalls": 4,
    "videoAnalysisCalls": 0
  }
}
[17:47:46.149] [INFO] [analyze] done
{
  "source": "agent-loop-auto",
  "segmentCount": 0,
  "events": 0,
  "edits": 0
}
[17:47:46.151] [DATA] [analyze] rawResponse
"{\n  \"thought\": \"我已经将原视频的所有片段的音量设置为0，完成了用户“静音原视频”的指令。\",\n  \"final_answer\": \"原视频已全部静音。\",\n  \"summary\": \"您的vlog已制作完成，鸡蛋捣碎过程已加速，并添加了描述性文字，整体时长控制在30秒内。\",\n  \"segments\": [],\n  \"events\": [],\n  \"edits\": []\n}"
[17:47:46.170] [DATA] [timeline-build] timeline constructed
{
  "baseClips": [
    {
      "id": "0.00-4.76",
      "start": 0,
      "end": 4.765,
      "dur": 4.765
    },
    {
      "id": "0.25-2.00",
      "start": 0.25,
      "end": 2,
      "dur": 1.75
    },
    {
      "id": "2.75-4.50",
      "start": 2.75,
      "end": 4.5,
      "dur": 1.75
    },
    {
      "id": "4.76-11.00",
      "start": 4.765,
      "end": 11.001667,
      "dur": 6.236667
    },
    {
      "id": "5.24-6.04",
      "start": 5.235,
      "end": 6.035,
      "dur": 0.7999999999999998
    }
  ],
  "resultClips": [
    {
      "id": "0.00-4.76",
      "start": 0,
      "end": 4.765,
      "timelineStart": 0,
      "displayDuration": 4.765,
      "playbackRate": 1
    },
    {
      "id": "0.25-2.00",
      "start": 0.25,
      "end": 2,
      "timelineStart": 4.765,
      "displayDuration": 1.75,
      "playbackRate": 1
    },
    {
      "id": "2.75-4.50",
      "start": 2.75,
      "end": 4.5,
      "timelineStart": 6.515,
      "displayDuration": 1.75,
      "playbackRate": 1
    },
    {
      "id": "split-4.76-9.53",
      "start": 4.765,
      "end": 9.53,
      "timelineStart": 8.265,
      "displayDuration": 4.765,
      "playbackRate": 1
    },
    {
      "id": "split-9.53-11.00",
      "start": 9.53,
      "end": 11.001667,
      "timelineStart": 13.030000000000001,
      "displayDuration": 1.471667,
      "playbackRate": 1
    },
    {
      "id": "5.24-6.04",
      "start": 5.235,
      "end": 6.035,
      "timelineStart": 14.501667000000001,
      "displayDuration": 0.7999999999999998,
      "playbackRate": 1
    }
  ],
  "totalTimelineDuration": 15.301667000000002,
  "videoDuration": 15.766667,
  "textEdits": [],
  "fadeEdits": []
}
[17:48:06.410] [DATA] [timeline-build] timeline constructed
{
  "baseClips": [
    {
      "id": "base-clip",
      "start": 0,
      "end": 15.766667,
      "dur": 15.766667
    }
  ],
  "resultClips": [
    {
      "id": "base-clip",
      "start": 0,
      "end": 15.766667,
      "timelineStart": 0,
      "displayDuration": 15.766667,
      "playbackRate": 1
    }
  ],
  "totalTimelineDuration": 15.766667,
  "videoDuration": 15.766667,
  "textEdits": [],
  "fadeEdits": []
}
[17:48:12.813] [DATA] [timeline-build] timeline constructed
{
  "baseClips": [
    {
      "id": "base-clip",
      "start": 0,
      "end": 15.766667,
      "dur": 15.766667
    }
  ],
  "resultClips": [
    {
      "id": "base-clip",
      "start": 0,
      "end": 15.766667,
      "timelineStart": 0,
      "displayDuration": 15.766667,
      "playbackRate": 1
    }
  ],
  "totalTimelineDuration": 15.766667,
  "videoDuration": 15.766667,
  "textEdits": [],
  "fadeEdits": []
}
