[00:03:28.776] [INFO] [analyze] start
{
  "name": "IMG_5962.MOV",
  "size": 394329811,
  "duration": 358.561667,
  "pe": "短视频剪辑产品经理（PE）",
  "request": "识别出所有进球的片段，把没有投进或者上篮不进的片段删除",
  "engine": "auto"
}
[00:06:00.729] [DATA] [analyze] debugTimeline
[
  {
    "time": "2026-03-15T16:03:28.776Z",
    "role": "system",
    "level": "info",
    "message": "收到识别请求",
    "data": {
      "name": "IMG_5962.MOV",
      "size": 394329811,
      "duration": 358.561667,
      "pe": "短视频剪辑产品经理（PE）",
      "request": "识别出所有进球的片段，把没有投进或者上篮不进的片段删除",
      "engine": "auto"
    }
  },
  {
    "round": 1,
    "thought": "用户要求识别视频中的所有进球片段，并删除没有投进或上篮不进的片段。这需要我分析视频内容以找出准确的进球时间点，并识别出未能进球的片段以便删除。因此，我将调用 `analyze_video` 工具来识别视频中的得分动作和未得分动作。",
    "action": "analyze_video(\"all scoring plays and missed shots\")",
    "observation": {
      "events": 18,
      "description": "两名男子在室内篮球场进行一对一单挑，视频记录了多次攻防回合中的得分与投篮不中的瞬间。"
    }
  },
  {
    "round": 2,
    "thought": "我已经识别出视频中所有成功进球的片段，并根据剪辑原则对这些片段的起止时间进行了适当的扩展，以包含完整的蓄力、高潮和反应阶段。同时，我排除了所有未能进球的片段。鉴于视频的实际时长为 358.561667 秒，我已将超出此范围的识别事件进行过滤，只保留了在视频时长内的有效进球片段。最终输出将包含一个篮球比赛得分集锦。"
  },
  {
    "time": "2026-03-15T16:06:00.729Z",
    "role": "system",
    "level": "info",
    "message": "识别完成",
    "data": {
      "source": "agent-loop-auto",
      "edits": 0
    }
  }
]
[00:06:00.729] [DATA] [analyze] result.features
{
  "duration": 358.561667,
  "segmentCount": 5,
  "segments": [
    {
      "id": "9.00-15.00",
      "start": 9,
      "end": 15,
      "duration": 6,
      "energy": 0.9,
      "label": "黑衣球员突破上篮得分",
      "tags": {}
    },
    {
      "id": "113.50-119.00",
      "start": 113.5,
      "end": 119,
      "duration": 5.5,
      "energy": 0.9,
      "label": "白衣球员上篮得分",
      "tags": {}
    },
    {
      "id": "151.50-156.50",
      "start": 151.5,
      "end": 156.5,
      "duration": 5,
      "energy": 0.9,
      "label": "白衣球员突破上篮得分",
      "tags": {}
    },
    {
      "id": "237.00-242.50",
      "start": 237,
      "end": 242.5,
      "duration": 5.5,
      "energy": 0.9,
      "label": "白衣球员后仰跳投得分",
      "tags": {}
    },
    {
      "id": "300.50-306.00",
      "start": 300.5,
      "end": 306,
      "duration": 5.5,
      "energy": 0.9,
      "label": "黑衣球员上篮得分",
      "tags": {}
    }
  ],
  "keyframes": [
    {
      "time": 12,
      "energy": 0.9
    },
    {
      "time": 116.25,
      "energy": 0.9
    },
    {
      "time": 154,
      "energy": 0.9
    },
    {
      "time": 239.75,
      "energy": 0.9
    },
    {
      "time": 303.25,
      "energy": 0.9
    }
  ],
  "rhythmScore": 0.9,
  "events": [
    {
      "label": "黑衣球员投篮不中",
      "start": 0,
      "end": 1.5,
      "confidence": 0.9
    },
    {
      "label": "黑衣球员突破上篮得分",
      "start": 10.5,
      "end": 13.5,
      "confidence": 0.95
    },
    {
      "label": "白衣球员远投不中",
      "start": 44,
      "end": 46.5,
      "confidence": 0.9
    },
    {
      "label": "白衣球员投篮不中",
      "start": 102.5,
      "end": 104.5,
      "confidence": 0.9
    },
    {
      "label": "白衣球员上篮得分",
      "start": 115,
      "end": 117.5,
      "confidence": 0.95
    },
    {
      "label": "黑衣球员中距离投篮不中",
      "start": 125.5,
      "end": 128,
      "confidence": 0.9
    },
    {
      "label": "黑衣球员上篮不中",
      "start": 142.5,
      "end": 145,
      "confidence": 0.9
    },
    {
      "label": "白衣球员突破上篮得分",
      "start": 153,
      "end": 155,
      "confidence": 0.95
    },
    {
      "label": "黑衣球员投篮不中",
      "start": 210,
      "end": 212.5,
      "confidence": 0.9
    },
    {
      "label": "黑衣球员远投不中",
      "start": 218.5,
      "end": 220.5,
      "confidence": 0.9
    },
    {
      "label": "白衣球员后仰跳投得分",
      "start": 238.5,
      "end": 241,
      "confidence": 0.95
    },
    {
      "label": "黑衣球员上篮得分",
      "start": 302,
      "end": 304.5,
      "confidence": 0.95
    },
    {
      "label": "白衣球员上篮不中",
      "start": 333.5,
      "end": 336,
      "confidence": 0.9
    },
    {
      "label": "白衣球员上篮不中",
      "start": 357,
      "end": 359,
      "confidence": 0.9
    },
    {
      "label": "白衣球员突破上篮得分",
      "start": 416.5,
      "end": 419,
      "confidence": 0.95
    },
    {
      "label": "黑衣球员上篮不中",
      "start": 437,
      "end": 439.5,
      "confidence": 0.9
    },
    {
      "label": "黑衣球员投篮不中",
      "start": 514,
      "end": 516.5,
      "confidence": 0.9
    },
    {
      "label": "黑衣球员远投三分命中",
      "start": 532.5,
      "end": 535.5,
      "confidence": 0.95
    }
  ],
  "edits": [],
  "summary": "已根据您的要求，识别并提取了所有成功进球的片段，移除了所有投篮不中和上篮不进的部分，并对每个进球片段的起止点进行了优化，以确保动作的完整性和观影流畅度。",
  "agentSteps": [
    {
      "round": 1,
      "thought": "用户要求识别视频中的所有进球片段，并删除没有投进或上篮不进的片段。这需要我分析视频内容以找出准确的进球时间点，并识别出未能进球的片段以便删除。因此，我将调用 `analyze_video` 工具来识别视频中的得分动作和未得分动作。",
      "action": "analyze_video(\"all scoring plays and missed shots\")",
      "observation": {
        "events": 18,
        "description": "两名男子在室内篮球场进行一对一单挑，视频记录了多次攻防回合中的得分与投篮不中的瞬间。"
      }
    },
    {
      "round": 2,
      "thought": "我已经识别出视频中所有成功进球的片段，并根据剪辑原则对这些片段的起止时间进行了适当的扩展，以包含完整的蓄力、高潮和反应阶段。同时，我排除了所有未能进球的片段。鉴于视频的实际时长为 358.561667 秒，我已将超出此范围的识别事件进行过滤，只保留了在视频时长内的有效进球片段。最终输出将包含一个篮球比赛得分集锦。"
    }
  ],
  "performance": {
    "totalTime": "151.9s",
    "rounds": 2,
    "tokensIn": 113568,
    "tokensOut": 2569,
    "totalTokens": 116137,
    "cost": "$0.1489",
    "orchestratorCalls": 2,
    "videoAnalysisCalls": 1
  }
}
[00:06:00.729] [INFO] [analyze] done
{
  "source": "agent-loop-auto",
  "segmentCount": 5,
  "events": 18,
  "edits": 0
}
[00:06:00.734] [ERROR] [analyze] error
{
  "message": "Error: ENOENT: no such file or directory, copyfile '/var/folders/lv/yth33x7j7cd5snnf8fmj_7gr0000gn/T/1773590608077-d86c40-IMG_5962.MOV' -> 'uploads/sess-1773590760729-r74n0gj/IMG_5962.MOV'",
  "stack": "Error: ENOENT: no such file or directory, copyfile '/var/folders/lv/yth33x7j7cd5snnf8fmj_7gr0000gn/T/1773590608077-d86c40-IMG_5962.MOV' -> 'uploads/sess-1773590760729-r74n0gj/IMG_5962.MOV'\n    at Object.copyFileSync (node:fs:3097:11)\n    at file:///Users/bytedance/re-act/server/index.js:379:12\n    at process.processTicksAndRejections (node:internal/process/task_queues:105:5)"
}
[00:06:00.758] [DATA] [timeline-build] timeline constructed
{
  "baseClips": [
    {
      "id": "0.00-29.88",
      "start": 0,
      "end": 29.880138916666667,
      "dur": 29.880138916666667
    },
    {
      "id": "298.80-328.68",
      "start": 298.8013891666667,
      "end": 328.6815280833333,
      "dur": 29.880138916666624
    }
  ],
  "resultClips": [
    {
      "id": "0.00-29.88",
      "start": 0,
      "end": 29.880138916666667,
      "timelineStart": 0,
      "displayDuration": 29.880138916666667,
      "playbackRate": 1
    },
    {
      "id": "298.80-328.68",
      "start": 298.8013891666667,
      "end": 328.6815280833333,
      "timelineStart": 29.880138916666667,
      "displayDuration": 29.880138916666624,
      "playbackRate": 1
    }
  ],
  "totalTimelineDuration": 59.76027783333329,
  "videoDuration": 358.561667,
  "textEdits": [],
  "fadeEdits": []
}
[00:07:33.429] [DATA] [timeline-build] timeline constructed
{
  "baseClips": [
    {
      "id": "0.00-29.88",
      "start": 0,
      "end": 29.880138916666667,
      "dur": 29.880138916666667
    },
    {
      "id": "298.80-328.68",
      "start": 298.8013891666667,
      "end": 328.6815280833333,
      "dur": 29.880138916666624
    }
  ],
  "resultClips": [
    {
      "id": "0.00-29.88",
      "start": 0,
      "end": 29.880138916666667,
      "timelineStart": 0,
      "displayDuration": 29.880138916666667,
      "playbackRate": 1
    },
    {
      "id": "298.80-328.68",
      "start": 298.8013891666667,
      "end": 328.6815280833333,
      "timelineStart": 29.880138916666667,
      "displayDuration": 29.880138916666624,
      "playbackRate": 1
    }
  ],
  "totalTimelineDuration": 59.76027783333329,
  "videoDuration": 358.561667,
  "textEdits": [],
  "fadeEdits": []
}
