[12:24:02.108] [INFO] [analyze] 使用会话缓存 sess-1773807800493-hc0u8uy
[12:24:02.109] [INFO] [analyze] start
{
  "duration": 15.766667,
  "pe": "短视频剪辑产品经理（PE）",
  "request": "再 undo 一次",
  "engine": "auto"
}
[12:24:04.159] [DATA] [analyze] debugTimeline
[
  {
    "time": "2026-03-18T04:24:02.109Z",
    "role": "system",
    "level": "info",
    "message": "收到识别请求",
    "data": {
      "duration": 15.766667,
      "pe": "短视频剪辑产品经理（PE）",
      "request": "再 undo 一次",
      "engine": "auto"
    }
  },
  {
    "round": 1,
    "thought": "The user is asking to undo an action again. According to the dialogue history, the previous 'undo' command already reverted the video to its 'original unedited state'. This means there are no further actions to undo."
  },
  {
    "time": "2026-03-18T04:24:04.159Z",
    "role": "system",
    "level": "info",
    "message": "识别完成",
    "data": {
      "source": "agent-loop-auto",
      "engine": "auto",
      "edits": 0
    }
  }
]
[12:24:04.160] [DATA] [analyze] result.features
{
  "duration": 15.766667,
  "segmentCount": 0,
  "segments": [],
  "keyframes": [],
  "rhythmScore": 0,
  "events": [],
  "edits": [],
  "summary": "视频已恢复到原始未编辑状态，没有更多可以撤销的操作了。",
  "agentSteps": [
    {
      "round": 1,
      "thought": "The user is asking to undo an action again. According to the dialogue history, the previous 'undo' command already reverted the video to its 'original unedited state'. This means there are no further actions to undo."
    }
  ],
  "performance": {
    "totalTime": "2.0s",
    "rounds": 1,
    "tokensIn": 4238,
    "tokensOut": 103,
    "totalTokens": 4341,
    "cost": "$0.0015",
    "orchestratorCalls": 1,
    "videoAnalysisCalls": 0
  }
}
[12:24:04.160] [INFO] [analyze] done
{
  "source": "agent-loop-auto",
  "segmentCount": 0,
  "events": 0,
  "edits": 0
}
[12:24:04.161] [DATA] [analyze] rawResponse
"{\n  \"thought\": \"The user is asking to undo an action again. According to the dialogue history, the previous 'undo' command already reverted the video to its 'original unedited state'. This means there are no further actions to undo.\",\n  \"final_answer\": \"视频已恢复到原始未编辑状态，没有更多可以撤销的操作了。\",\n  \"summary\": \"\",\n  \"segments\": [],\n  \"events\": [],\n  \"edits\": []\n}"
