[18:54:42.769] [INFO] [analyze] start
{
  "name": "IMG_5962.MOV",
  "size": 394329811,
  "duration": 358.561667,
  "pe": "短视频剪辑产品经理（PE）",
  "request": "找出视频中穿白色球衣的球员进球的片段，保留这些片段，其它都去掉\r\n",
  "engine": "doubao"
}
[18:56:24.649] [DATA] [analyze] debugTimeline
[
  {
    "time": "2026-03-15T10:54:42.769Z",
    "role": "system",
    "level": "info",
    "message": "收到识别请求",
    "data": {
      "name": "IMG_5962.MOV",
      "size": 394329811,
      "duration": 358.561667,
      "pe": "短视频剪辑产品经理（PE）",
      "request": "找出视频中穿白色球衣的球员进球的片段，保留这些片段，其它都去掉\r\n",
      "engine": "doubao"
    }
  },
  {
    "round": 1,
    "thought": "用户要求保留穿白色球衣的球员进球的片段，这需要对视频内容进行分析以识别这些特定事件。我将调用 `analyze_video` 工具来找出视频中“穿白色球衣的球员进球”的片段。",
    "action": "analyze_video(\"穿白色球衣的球员进球\")",
    "observation": {
      "events": 5,
      "description": "视频记录了两名男子在室内篮球场进行一对一篮球比赛的过程，其中穿白色球衣的球员多次突破上篮和投篮得分。"
    }
  },
  {
    "round": 2,
    "thought": "我已经分析了视频，并根据用户要求找到了所有穿白色球衣球员的进球片段。我将按照“高潮时刻完整性原则”和“节奏分类与时长控制”原则，对每个进球片段进行前后扩展，以确保动作完整性和合适的时长（3-8秒）。最后，我将输出剪辑指令以保留这些片段。"
  },
  {
    "time": "2026-03-15T10:56:24.649Z",
    "role": "system",
    "level": "info",
    "message": "识别完成",
    "data": {
      "source": "agent-loop",
      "edits": 5
    }
  }
]
[18:56:24.649] [DATA] [analyze] result.features
{
  "duration": 358.561667,
  "segmentCount": 5,
  "segments": [
    {
      "id": "73.80-79.20",
      "start": 73.8,
      "end": 79.2,
      "duration": 5.400000000000006,
      "energy": 0.95,
      "label": "穿白色球衣的球员上篮得分",
      "tags": {}
    },
    {
      "id": "111.00-116.60",
      "start": 111,
      "end": 116.6,
      "duration": 5.599999999999994,
      "energy": 0.95,
      "label": "穿白色球衣的球员上篮得分",
      "tags": {}
    },
    {
      "id": "156.90-162.40",
      "start": 156.9,
      "end": 162.4,
      "duration": 5.5,
      "energy": 0.95,
      "label": "穿白色球衣的球员投篮得分",
      "tags": {}
    },
    {
      "id": "255.30-260.80",
      "start": 255.3,
      "end": 260.8,
      "duration": 5.5,
      "energy": 0.95,
      "label": "穿白色球衣的球员上篮得分",
      "tags": {}
    },
    {
      "id": "336.20-342.00",
      "start": 336.2,
      "end": 342,
      "duration": 5.800000000000011,
      "energy": 0.9,
      "label": "穿白色球衣的球员在赛后投进一个庆祝的球",
      "tags": {}
    }
  ],
  "keyframes": [
    {
      "time": 76.5,
      "energy": 0.95
    },
    {
      "time": 113.8,
      "energy": 0.95
    },
    {
      "time": 159.65,
      "energy": 0.95
    },
    {
      "time": 258.05,
      "energy": 0.95
    },
    {
      "time": 339.1,
      "energy": 0.9
    }
  ],
  "rhythmScore": 0.94,
  "events": [
    {
      "label": "穿白色球衣的球员上篮得分",
      "start": 75.8,
      "end": 77.2,
      "confidence": 0.95
    },
    {
      "label": "穿白色球衣的球员上篮得分",
      "start": 113,
      "end": 114.6,
      "confidence": 0.95
    },
    {
      "label": "穿白色球衣的球员投篮得分",
      "start": 158.9,
      "end": 160.4,
      "confidence": 0.95
    },
    {
      "label": "穿白色球衣的球员上篮得分",
      "start": 257.3,
      "end": 258.8,
      "confidence": 0.95
    },
    {
      "label": "穿白色球衣的球员在赛后投进一个庆祝的球",
      "start": 338.2,
      "end": 340,
      "confidence": 0.9
    }
  ],
  "edits": [
    {
      "type": "split",
      "start": 73.8,
      "end": 79.2
    },
    {
      "type": "split",
      "start": 111,
      "end": 116.6
    },
    {
      "type": "split",
      "start": 156.9,
      "end": 162.4
    },
    {
      "type": "split",
      "start": 255.3,
      "end": 260.8
    },
    {
      "type": "split",
      "start": 336.2,
      "end": 342
    }
  ],
  "summary": "这是为你剪辑的穿白色球衣球员的进球集锦。",
  "agentSteps": [
    {
      "round": 1,
      "thought": "用户要求保留穿白色球衣的球员进球的片段，这需要对视频内容进行分析以识别这些特定事件。我将调用 `analyze_video` 工具来找出视频中“穿白色球衣的球员进球”的片段。",
      "action": "analyze_video(\"穿白色球衣的球员进球\")",
      "observation": {
        "events": 5,
        "description": "视频记录了两名男子在室内篮球场进行一对一篮球比赛的过程，其中穿白色球衣的球员多次突破上篮和投篮得分。"
      }
    },
    {
      "round": 2,
      "thought": "我已经分析了视频，并根据用户要求找到了所有穿白色球衣球员的进球片段。我将按照“高潮时刻完整性原则”和“节奏分类与时长控制”原则，对每个进球片段进行前后扩展，以确保动作完整性和合适的时长（3-8秒）。最后，我将输出剪辑指令以保留这些片段。"
    }
  ],
  "performance": {
    "totalTime": "101.9s",
    "rounds": 2,
    "tokensIn": 113192,
    "tokensOut": 1339,
    "totalTokens": 114531,
    "cost": "$0.1407",
    "orchestratorCalls": 2,
    "videoAnalysisCalls": 1
  }
}
[18:56:24.649] [INFO] [analyze] done
{
  "source": "agent-loop",
  "segmentCount": 5,
  "events": 5,
  "edits": 5
}
[18:56:24.650] [DATA] [analyze] rawResponse
"{\n  \"thought\": \"我已经分析了视频，并根据用户要求找到了所有穿白色球衣球员的进球片段。我将按照“高潮时刻完整性原则”和“节奏分类与时长控制”原则，对每个进球片段进行前后扩展，以确保动作完整性和合适的时长（3-8秒）。最后，我将输出剪辑指令以保留这些片段。\",\n  \"final_answer\": \"这是为你剪辑的穿白色球衣球员的进球集锦。\",\n  \"summary\": \"视频剪辑保留了穿白色球衣的球员在篮球比赛中的五个得分片段，并删除了其余内容。\",\n  \"segments\": [\n    {\n      \"start\": 73.8,\n      \"end\": 79.2,\n      \"energy\": 0.95,\n      \"label\": \"穿白色球衣的球员上篮得分\"\n    },\n    {\n      \"start\": 111.0,\n      \"end\": 116.6,\n      \"energy\": 0.95,\n      \"label\": \"穿白色球衣的球员上篮得分\"\n    },\n    {\n      \"start\": 156.9,\n      \"end\": 162.4,\n      \"energy\": 0.95,\n      \"label\": \"穿白色球衣的球员投篮得分\"\n    },\n    {\n      \"start\": 255.3,\n      \"end\": 260.8,\n      \"energy\": 0.95,\n      \"label\": \"穿白色球衣的球员上篮得分\"\n    },\n    {\n      \"start\": 336.2,\n      \"end\": 342.0,\n      \"energy\": 0.9,\n      \"label\": \"穿白色球衣的球员在赛后投进一个庆祝的球\"\n    }\n  ],\n  \"events\": [\n    {\n      \"label\": \"穿白色球衣的球员上篮得分\",\n      \"start\": 75.8,\n      \"end\": 77.2,\n      \"confidence\": 0.95\n    },\n    {\n      \"label\": \"穿白色球衣的球员上篮得分\",\n      \"start\": 113.0,\n      \"end\": 114.6,\n      \"confidence\": 0.95\n    },\n    {\n      \"label\": \"穿白色球衣的球员投篮得分\",\n      \"start\": 158.9,\n      \"end\": 160.4,\n      \"confidence\": 0.95\n    },\n    {\n      \"label\": \"穿白色球衣的球员上篮得分\",\n      \"start\": 257.3,\n      \"end\": 258.8,\n      \"confidence\": 0.95\n    },\n    {\n      \"label\": \"穿白色球衣的球员在赛后投进一个庆祝的球\",\n      \"start\": 338.2,\n      \"end\": 340.0,\n      \"confidence\": 0.9\n    }\n  ],\n  \"edits\": [\n    {\n      \"type\": \"split\",\n      \"start\": 73.8,\n      \"end\": 79.2\n    },\n    {\n      \"type\": \"split\",\n      \"start\": 111.0,\n      \"end\": 116.6\n    },\n    {\n      \"type\": \"split\",\n      \"start\": 156.9,\n      \"end\": 162.4\n    },\n    {\n      \"type\": \"split\",\n      \"start\": 255.3,\n      \"end\": 260.8\n    },\n    {\n      \"type\": \"split\",\n      \"start\": 336.2,\n      \"end\": 342.0\n    }\n  ]\n}"
[18:56:24.670] [DATA] [timeline-build] timeline constructed
{
  "baseClips": [
    {
      "id": "73.80-79.20",
      "start": 73.8,
      "end": 79.2,
      "dur": 5.400000000000006
    },
    {
      "id": "111.00-116.60",
      "start": 111,
      "end": 116.6,
      "dur": 5.599999999999994
    },
    {
      "id": "156.90-162.40",
      "start": 156.9,
      "end": 162.4,
      "dur": 5.5
    },
    {
      "id": "255.30-260.80",
      "start": 255.3,
      "end": 260.8,
      "dur": 5.5
    },
    {
      "id": "336.20-342.00",
      "start": 336.2,
      "end": 342,
      "dur": 5.800000000000011
    }
  ],
  "resultClips": [
    {
      "id": "73.80-79.20",
      "start": 73.8,
      "end": 79.2,
      "timelineStart": 0,
      "displayDuration": 5.400000000000006,
      "playbackRate": 1
    },
    {
      "id": "111.00-116.60",
      "start": 111,
      "end": 116.6,
      "timelineStart": 5.400000000000006,
      "displayDuration": 5.599999999999994,
      "playbackRate": 1
    },
    {
      "id": "156.90-162.40",
      "start": 156.9,
      "end": 162.4,
      "timelineStart": 11,
      "displayDuration": 5.5,
      "playbackRate": 1
    },
    {
      "id": "255.30-260.80",
      "start": 255.3,
      "end": 260.8,
      "timelineStart": 16.5,
      "displayDuration": 5.5,
      "playbackRate": 1
    },
    {
      "id": "336.20-342.00",
      "start": 336.2,
      "end": 342,
      "timelineStart": 22,
      "displayDuration": 5.800000000000011,
      "playbackRate": 1
    }
  ],
  "totalTimelineDuration": 27.80000000000001,
  "videoDuration": 358.561667,
  "textEdits": [],
  "fadeEdits": []
}
