[12:09:53.664] [INFO] [analyze] start
{
  "name": "2æ12æ¥.mov",
  "size": 18127869,
  "duration": 15.766667,
  "pe": "短视频剪辑产品经理（PE）",
  "request": "添加一个合适的背景音乐",
  "engine": "auto"
}
[12:09:56.126] [DATA] [analyze] debugTimeline
[
  {
    "time": "2026-03-18T04:09:53.662Z",
    "role": "system",
    "level": "info",
    "message": "收到识别请求",
    "data": {
      "name": "2æ12æ¥.mov",
      "size": 18127869,
      "duration": 15.766667,
      "pe": "短视频剪辑产品经理（PE）",
      "request": "添加一个合适的背景音乐",
      "engine": "auto"
    }
  },
  {
    "round": 1,
    "thought": "用户要求添加背景音乐。由于没有指定具体类型或音量，我将选择一个通用的、积极向上的流行音乐作为背景音乐，并设置一个适中的音量，以避免盖过视频中的其他声音。"
  },
  {
    "time": "2026-03-18T04:09:56.126Z",
    "role": "system",
    "level": "info",
    "message": "识别完成",
    "data": {
      "source": "agent-loop-auto",
      "engine": "auto",
      "edits": 0
    }
  }
]
[12:09:56.126] [DATA] [analyze] result.features
{
  "summary": "已为您添加了一个积极向上的背景音乐。",
  "agentSteps": [
    {
      "round": 1,
      "thought": "用户要求添加背景音乐。由于没有指定具体类型或音量，我将选择一个通用的、积极向上的流行音乐作为背景音乐，并设置一个适中的音量，以避免盖过视频中的其他声音。"
    }
  ],
  "performance": {
    "totalTime": "2.5s",
    "rounds": 1,
    "tokensIn": 3710,
    "tokensOut": 119,
    "totalTokens": 3829,
    "cost": "$0.0014",
    "orchestratorCalls": 1,
    "videoAnalysisCalls": 0
  }
}
[12:09:56.127] [INFO] [analyze] done
{
  "source": "agent-loop-auto",
  "events": 0,
  "edits": 0
}
[12:09:56.127] [DATA] [analyze] rawResponse
"{\n  \"thought\": \"用户要求添加背景音乐。由于没有指定具体类型或音量，我将选择一个通用的、积极向上的流行音乐作为背景音乐，并设置一个适中的音量，以避免盖过视频中的其他声音。\",\n  \"edits\": [\n    {\n      \"type\": \"bgm\",\n      \"keywords\": \"upbeat pop\",\n      \"volume\": 0.3\n    }\n  ],\n  \"final_answer\": \"已为您添加了一个积极向上的背景音乐。\"\n}"
