[12:22:27.625] [INFO] [analyze] start
{
  "name": "2æ12æ¥.mov",
  "size": 18127869,
  "duration": 15.766667,
  "pe": "短视频剪辑产品经理（PE）",
  "request": "做成一个 vlog 的视频，配点文字，把鸡蛋捣碎的过程加速一下，整体视频控制在 30S",
  "engine": "auto"
}
[12:23:20.492] [DATA] [analyze] debugTimeline
[
  {
    "time": "2026-03-18T04:22:27.624Z",
    "role": "system",
    "level": "info",
    "message": "收到识别请求",
    "data": {
      "name": "2æ12æ¥.mov",
      "size": 18127869,
      "duration": 15.766667,
      "pe": "短视频剪辑产品经理（PE）",
      "request": "做成一个 vlog 的视频，配点文字，把鸡蛋捣碎的过程加速一下，整体视频控制在 30S",
      "engine": "auto"
    }
  },
  {
    "round": 1,
    "thought": "用户要求制作一个vlog，需要配文字，加速“鸡蛋捣碎的过程”，并控制整体视频在30秒内。由于视频时长只有15.76秒，即使加速后也会更短，所以“控制在30秒内”更像是一个上限。首先，我需要分析视频内容，找到“鸡蛋捣碎的过程”的具体时间点，以及其他适合vlog的片段，以便后续进行加速和添加文字。",
    "action": "analyze_video(\"vlog content, cooking, egg smashing process\")",
    "observation": {
      "events": 6,
      "description": "视频展示了制作鸡蛋沙拉三明治的过程，包括捣碎煮鸡蛋、切厚片面包以及烘烤面包片。"
    }
  },
  {
    "round": 2,
    "thought": "根据用户需求，我已将视频分析完成，并识别出“鸡蛋捣碎过程”的时间范围。现在我将对该片段进行加速处理，并根据视频内容在关键步骤添加文字说明。整体视频时长在加速后将远低于30秒，符合用户要求。"
  },
  {
    "time": "2026-03-18T04:23:20.492Z",
    "role": "system",
    "level": "info",
    "message": "识别完成",
    "data": {
      "source": "agent-loop-auto",
      "engine": "auto",
      "edits": 6
    }
  }
]
[12:23:20.493] [DATA] [analyze] result.features
{
  "duration": 15.766667,
  "segmentCount": 6,
  "segments": [
    {
      "id": "0.00-1.00",
      "start": 0,
      "end": 1,
      "duration": 1,
      "energy": 0.95,
      "label": "将煮熟的鸡蛋倒入碗中。",
      "tags": {}
    },
    {
      "id": "1.00-3.00",
      "start": 1,
      "end": 3,
      "duration": 2,
      "energy": 0.95,
      "label": "在鸡蛋上挤入蛋黄酱。",
      "tags": {}
    },
    {
      "id": "3.00-6.40",
      "start": 3,
      "end": 6.4,
      "duration": 3.4000000000000004,
      "energy": 0.95,
      "label": "用工具将鸡蛋和蛋黄酱捣碎并搅拌均匀，制成鸡蛋沙拉 (加速)。",
      "tags": {}
    },
    {
      "id": "6.40-7.80",
      "start": 6.4,
      "end": 7.8,
      "duration": 1.3999999999999995,
      "energy": 0.9,
      "label": "一位女士将一个巨大的长条面包放在砧板上。",
      "tags": {}
    },
    {
      "id": "7.80-11.00",
      "start": 7.8,
      "end": 11,
      "duration": 3.2,
      "energy": 0.95,
      "label": "用刀从大面包上切下厚厚的面包片。",
      "tags": {}
    },
    {
      "id": "11.00-12.30",
      "start": 11,
      "end": 12.3,
      "duration": 1.3000000000000007,
      "energy": 0.9,
      "label": "将一片面包放入烤箱进行烘烤。",
      "tags": {}
    }
  ],
  "keyframes": [
    {
      "time": 0.5,
      "energy": 0.95
    },
    {
      "time": 2,
      "energy": 0.95
    },
    {
      "time": 4.7,
      "energy": 0.95
    },
    {
      "time": 7.1,
      "energy": 0.9
    },
    {
      "time": 9.4,
      "energy": 0.95
    },
    {
      "time": 11.65,
      "energy": 0.9
    }
  ],
  "rhythmScore": 0.93,
  "events": [
    {
      "label": "将煮熟的鸡蛋倒入碗中。",
      "start": 0,
      "end": 1,
      "confidence": 0.95
    },
    {
      "label": "在鸡蛋上挤入蛋黄酱。",
      "start": 1,
      "end": 3,
      "confidence": 0.95
    },
    {
      "label": "用工具将鸡蛋和蛋黄酱捣碎并搅拌均匀，制成鸡蛋沙拉。",
      "start": 3,
      "end": 9.8,
      "confidence": 0.95
    },
    {
      "label": "一位女士将一个巨大的长条面包放在砧板上。",
      "start": 9.8,
      "end": 11.2,
      "confidence": 0.9
    },
    {
      "label": "用刀从大面包上切下厚厚的面包片。",
      "start": 11.2,
      "end": 14.4,
      "confidence": 0.95
    },
    {
      "label": "将一片面包放入烤箱进行烘烤。",
      "start": 14.4,
      "end": 15.7,
      "confidence": 0.9
    }
  ],
  "edits": [
    {
      "type": "speed",
      "start": 3,
      "end": 9.8,
      "rate": 2
    },
    {
      "type": "text",
      "start": 0.5,
      "end": 1,
      "text": "准备鸡蛋",
      "position": "bottom"
    },
    {
      "type": "text",
      "start": 1.5,
      "end": 2.5,
      "text": "加入蛋黄酱",
      "position": "bottom"
    },
    {
      "type": "text",
      "start": 3.5,
      "end": 7.5,
      "text": "捣碎搅拌",
      "position": "bottom"
    },
    {
      "type": "text",
      "start": 11.7,
      "end": 13.9,
      "text": "切片面包",
      "position": "bottom"
    },
    {
      "type": "text",
      "start": 14.9,
      "end": 15.2,
      "text": "烘烤面包",
      "position": "bottom"
    }
  ],
  "summary": "好的，我已经为您制作了vlog视频：将鸡蛋捣碎的过程进行了加速，并在关键步骤添加了文字说明。最终视频时长约为12.3秒。",
  "agentSteps": [
    {
      "round": 1,
      "thought": "用户要求制作一个vlog，需要配文字，加速“鸡蛋捣碎的过程”，并控制整体视频在30秒内。由于视频时长只有15.76秒，即使加速后也会更短，所以“控制在30秒内”更像是一个上限。首先，我需要分析视频内容，找到“鸡蛋捣碎的过程”的具体时间点，以及其他适合vlog的片段，以便后续进行加速和添加文字。",
      "action": "analyze_video(\"vlog content, cooking, egg smashing process\")",
      "observation": {
        "events": 6,
        "description": "视频展示了制作鸡蛋沙拉三明治的过程，包括捣碎煮鸡蛋、切厚片面包以及烘烤面包片。"
      }
    },
    {
      "round": 2,
      "thought": "根据用户需求，我已将视频分析完成，并识别出“鸡蛋捣碎过程”的时间范围。现在我将对该片段进行加速处理，并根据视频内容在关键步骤添加文字说明。整体视频时长在加速后将远低于30秒，符合用户要求。"
    }
  ],
  "performance": {
    "totalTime": "52.9s",
    "rounds": 2,
    "tokensIn": 12857,
    "tokensOut": 1524,
    "totalTokens": 14381,
    "cost": "$0.0152",
    "orchestratorCalls": 2,
    "videoAnalysisCalls": 1
  }
}
[12:23:20.493] [INFO] [analyze] done
{
  "source": "agent-loop-auto",
  "segmentCount": 6,
  "events": 6,
  "edits": 6
}
[12:23:20.496] [DATA] [analyze] rawResponse
"{\n  \"thought\": \"根据用户需求，我已将视频分析完成，并识别出“鸡蛋捣碎过程”的时间范围。现在我将对该片段进行加速处理，并根据视频内容在关键步骤添加文字说明。整体视频时长在加速后将远低于30秒，符合用户要求。\",\n  \"final_answer\": \"好的，我已经为您制作了vlog视频：将鸡蛋捣碎的过程进行了加速，并在关键步骤添加了文字说明。最终视频时长约为12.3秒。\",\n  \"summary\": \"vlog视频，制作鸡蛋沙拉三明治，加速了捣碎鸡蛋过程，并添加了步骤文字。\",\n  \"segments\": [\n    { \"start\": 0.0, \"end\": 1.0, \"energy\": 0.95, \"label\": \"将煮熟的鸡蛋倒入碗中。\" },\n    { \"start\": 1.0, \"end\": 3.0, \"energy\": 0.95, \"label\": \"在鸡蛋上挤入蛋黄酱。\" },\n    { \"start\": 3.0, \"end\": 6.4, \"energy\": 0.95, \"label\": \"用工具将鸡蛋和蛋黄酱捣碎并搅拌均匀，制成鸡蛋沙拉 (加速)。\" },\n    { \"start\": 6.4, \"end\": 7.8, \"energy\": 0.9, \"label\": \"一位女士将一个巨大的长条面包放在砧板上。\" },\n    { \"start\": 7.8, \"end\": 11.0, \"energy\": 0.95, \"label\": \"用刀从大面包上切下厚厚的面包片。\" },\n    { \"start\": 11.0, \"end\": 12.3, \"energy\": 0.9, \"label\": \"将一片面包放入烤箱进行烘烤。\" }\n  ],\n  \"events\": [\n    { \"label\": \"将煮熟的鸡蛋倒入碗中。\", \"start\": 0.0, \"end\": 1.0, \"confidence\": 0.95 },\n    { \"label\": \"在鸡蛋上挤入蛋黄酱。\", \"start\": 1.0, \"end\": 3.0, \"confidence\": 0.95 },\n    { \"label\": \"用工具将鸡蛋和蛋黄酱捣碎并搅拌均匀，制成鸡蛋沙拉。\", \"start\": 3.0, \"end\": 9.8, \"confidence\": 0.95 },\n    { \"label\": \"一位女士将一个巨大的长条面包放在砧板上。\", \"start\": 9.8, \"end\": 11.2, \"confidence\": 0.9 },\n    { \"label\": \"用刀从大面包上切下厚厚的面包片。\", \"start\": 11.2, \"end\": 14.4, \"confidence\": 0.95 },\n    { \"label\": \"将一片面包放入烤箱进行烘烤。\", \"start\": 14.4, \"end\": 15.7, \"confidence\": 0.9 }\n  ],\n  \"edits\": [\n    {\n      \"type\": \"speed\",\n      \"start\": 3.0,\n      \"end\": 9.8,\n      \"rate\": 2.0\n    },\n    {\n      \"type\": \"text\",\n      \"start\": 0.5,\n      \"end\": 1.0,\n      \"text\": \"准备鸡蛋\",\n      \"position\": \"bottom\"\n    },\n    {\n      \"type\": \"text\",\n      \"start\": 1.5,\n      \"end\": 2.5,\n      \"text\": \"加入蛋黄酱\",\n      \"position\": \"bottom\"\n    },\n    {\n      \"type\": \"text\",\n      \"start\": 3.5,\n      \"end\": 7.5,\n      \"text\": \"捣碎搅拌\",\n      \"position\": \"bottom\"\n    },\n    {\n      \"type\": \"text\",\n      \"start\": 11.7,\n      \"end\": 13.9,\n      \"text\": \"切片面包\",\n      \"position\": \"bottom\"\n    },\n    {\n      \"type\": \"text\",\n      \"start\": 14.9,\n      \"end\": 15.2,\n      \"text\": \"烘烤面包\",\n      \"position\": \"bottom\"\n    }\n  ]\n}"
