[00:00:31.697] [INFO] [analyze] 使用会话缓存 sess-1773590326039-dykkl44
[00:00:31.697] [INFO] [analyze] start
{
  "duration": 358.561667,
  "pe": "短视频剪辑产品经理（PE）",
  "request": "添加一些文字，要打字机的动效",
  "engine": "auto"
}
[00:00:34.487] [DATA] [analyze] debugTimeline
[
  {
    "time": "2026-03-15T16:00:31.697Z",
    "role": "system",
    "level": "info",
    "message": "收到识别请求",
    "data": {
      "duration": 358.561667,
      "pe": "短视频剪辑产品经理（PE）",
      "request": "添加一些文字，要打字机的动效",
      "engine": "auto"
    }
  },
  {
    "round": 1,
    "thought": "我理解您想为视频添加带有打字机动效的文字。很抱歉，当前我无法直接支持“打字机动效”这种特殊的文字动画效果。但我可以为您添加普通的文字。请告诉我您想添加什么文字，以及希望文字出现在哪个片段或时间点。"
  },
  {
    "time": "2026-03-15T16:00:34.487Z",
    "role": "system",
    "level": "info",
    "message": "识别完成",
    "data": {
      "source": "agent-loop-auto",
      "edits": 0
    }
  }
]
[00:00:34.487] [DATA] [analyze] result.features
{
  "duration": 358.561667,
  "segmentCount": 0,
  "segments": [],
  "keyframes": [],
  "rhythmScore": 0,
  "events": [],
  "edits": [],
  "summary": "很抱歉，我无法直接支持“打字机动效”这种特殊的文字动画效果。但我可以为您添加普通的文字。请告诉我您想添加什么文字，以及希望文字出现在哪个片段或时间点。",
  "agentSteps": [
    {
      "round": 1,
      "thought": "我理解您想为视频添加带有打字机动效的文字。很抱歉，当前我无法直接支持“打字机动效”这种特殊的文字动画效果。但我可以为您添加普通的文字。请告诉我您想添加什么文字，以及希望文字出现在哪个片段或时间点。"
    }
  ],
  "performance": {
    "totalTime": "2.8s",
    "rounds": 1,
    "tokensIn": 3817,
    "tokensOut": 168,
    "totalTokens": 3985,
    "cost": "$0.0016",
    "orchestratorCalls": 1,
    "videoAnalysisCalls": 0
  }
}
[00:00:34.487] [INFO] [analyze] done
{
  "source": "agent-loop-auto",
  "segmentCount": 0,
  "events": 0,
  "edits": 0
}
[00:00:34.489] [DATA] [analyze] rawResponse
"{\n  \"thought\": \"我理解您想为视频添加带有打字机动效的文字。很抱歉，当前我无法直接支持“打字机动效”这种特殊的文字动画效果。但我可以为您添加普通的文字。请告诉我您想添加什么文字，以及希望文字出现在哪个片段或时间点。\",\n  \"final_answer\": \"很抱歉，我无法直接支持“打字机动效”这种特殊的文字动画效果。但我可以为您添加普通的文字。请告诉我您想添加什么文字，以及希望文字出现在哪个片段或时间点。\",\n  \"summary\": \"视频内容摘要（调用过 analyze_video 后填写，否则留空）\",\n  \"segments\": [],\n  \"events\": [],\n  \"edits\": []\n}"
[00:00:34.508] [DATA] [timeline-build] timeline constructed
{
  "baseClips": [
    {
      "id": "151.00-155.50",
      "start": 151,
      "end": 155.5,
      "dur": 4.5
    },
    {
      "id": "301.10-305.50",
      "start": 301.1,
      "end": 305.5,
      "dur": 4.399999999999977
    },
    {
      "id": "331.90-335.80",
      "start": 331.9,
      "end": 335.8,
      "dur": 3.900000000000034
    },
    {
      "id": "337.20-341.20",
      "start": 337.2,
      "end": 341.2,
      "dur": 4
    },
    {
      "id": "350.00-358.50",
      "start": 350,
      "end": 358.5,
      "dur": 8.5
    }
  ],
  "resultClips": [
    {
      "id": "151.00-155.50",
      "start": 151,
      "end": 155.5,
      "timelineStart": 0,
      "displayDuration": 4.5,
      "playbackRate": 1
    },
    {
      "id": "301.10-305.50",
      "start": 301.1,
      "end": 305.5,
      "timelineStart": 4.5,
      "displayDuration": 4.399999999999977,
      "playbackRate": 1
    },
    {
      "id": "331.90-335.80",
      "start": 331.9,
      "end": 335.8,
      "timelineStart": 8.899999999999977,
      "displayDuration": 3.900000000000034,
      "playbackRate": 1
    },
    {
      "id": "337.20-341.20",
      "start": 337.2,
      "end": 341.2,
      "timelineStart": 12.800000000000011,
      "displayDuration": 4,
      "playbackRate": 1
    },
    {
      "id": "350.00-358.50",
      "start": 350,
      "end": 358.5,
      "timelineStart": 16.80000000000001,
      "displayDuration": 8.5,
      "playbackRate": 1
    }
  ],
  "totalTimelineDuration": 25.30000000000001,
  "videoDuration": 358.561667,
  "textEdits": [],
  "fadeEdits": []
}
