[12:10:38.695] [INFO] [analyze] 使用会话缓存 sess-1773806996127-3u930y1
[12:10:38.695] [INFO] [analyze] start
{
  "duration": 15.766667,
  "pe": "短视频剪辑产品经理（PE）",
  "request": "做成一个 vlog 的视频，配点文字，把鸡蛋捣碎的过程加速一下，整体视频控制在 30S",
  "engine": "auto"
}
[12:10:46.347] [DATA] [analyze] debugTimeline
[
  {
    "time": "2026-03-18T04:10:38.695Z",
    "role": "system",
    "level": "info",
    "message": "收到识别请求",
    "data": {
      "duration": 15.766667,
      "pe": "短视频剪辑产品经理（PE）",
      "request": "做成一个 vlog 的视频，配点文字，把鸡蛋捣碎的过程加速一下，整体视频控制在 30S",
      "engine": "auto"
    }
  },
  {
    "round": 1,
    "thought": "用户要求将视频做成一个vlog，并对“鸡蛋捣碎的过程”进行加速，同时添加文字，并控制整体视频时长在30秒内。由于当前视频总时长仅为15.76秒，控制在30秒内意味着需要通过加速或删除内容来达到更紧凑的效果，但不会主动延长到30秒。我需要先分析视频内容，找到“鸡蛋捣碎”的片段，并识别适合添加文字的场景。",
    "action": "analyze_video(\"identify egg mashing process and key moments for text in a cooking vlog style\")"
  },
  {
    "round": 2,
    "thought": "我无法访问或分析视频文件，因此无法识别“鸡蛋捣碎的过程”或确定适合添加文字的关键时刻。请确认视频文件是否已正确上传或可供分析工具访问，我才能继续完成您的请求。"
  },
  {
    "time": "2026-03-18T04:10:46.347Z",
    "role": "system",
    "level": "info",
    "message": "识别完成",
    "data": {
      "source": "agent-loop-auto",
      "engine": "auto",
      "edits": 0
    }
  }
]
[12:10:46.347] [DATA] [analyze] result.features
{
  "duration": 15.766667,
  "segmentCount": 0,
  "segments": [],
  "keyframes": [],
  "rhythmScore": 0,
  "events": [],
  "edits": [],
  "summary": "抱歉，由于无法访问视频文件，我无法完成您的请求。请确认视频文件是否已正确上传或可供分析工具访问。",
  "agentSteps": [
    {
      "round": 1,
      "thought": "用户要求将视频做成一个vlog，并对“鸡蛋捣碎的过程”进行加速，同时添加文字，并控制整体视频时长在30秒内。由于当前视频总时长仅为15.76秒，控制在30秒内意味着需要通过加速或删除内容来达到更紧凑的效果，但不会主动延长到30秒。我需要先分析视频内容，找到“鸡蛋捣碎”的片段，并识别适合添加文字的场景。",
      "action": "analyze_video(\"identify egg mashing process and key moments for text in a cooking vlog style\")"
    },
    {
      "round": 2,
      "thought": "我无法访问或分析视频文件，因此无法识别“鸡蛋捣碎的过程”或确定适合添加文字的关键时刻。请确认视频文件是否已正确上传或可供分析工具访问，我才能继续完成您的请求。"
    }
  ],
  "performance": {
    "totalTime": "7.7s",
    "rounds": 2,
    "tokensIn": 8010,
    "tokensOut": 259,
    "totalTokens": 8269,
    "cost": "$0.0031",
    "orchestratorCalls": 2,
    "videoAnalysisCalls": 0
  }
}
[12:10:46.347] [INFO] [analyze] done
{
  "source": "agent-loop-auto",
  "segmentCount": 0,
  "events": 0,
  "edits": 0
}
[12:10:46.348] [DATA] [analyze] rawResponse
"{\n  \"thought\": \"我无法访问或分析视频文件，因此无法识别“鸡蛋捣碎的过程”或确定适合添加文字的关键时刻。请确认视频文件是否已正确上传或可供分析工具访问，我才能继续完成您的请求。\",\n  \"final_answer\": \"抱歉，由于无法访问视频文件，我无法完成您的请求。请确认视频文件是否已正确上传或可供分析工具访问。\",\n  \"summary\": \"\",\n  \"segments\": [],\n  \"events\": [],\n  \"edits\": []\n}"
