[17:26:24.029] [INFO] [analyze] start
{
  "name": "1E2C715E-421C-4E90-9929-83902DBC8ED7.mov",
  "size": 39345775,
  "duration": 57.538005,
  "pe": "短视频剪辑产品经理（PE）",
  "request": "找出鸡蛋被捣碎的过程，加速到 2X ",
  "engine": "auto"
}
[17:27:03.904] [DATA] [analyze] debugTimeline
[
  {
    "time": "2026-03-16T09:26:24.029Z",
    "role": "system",
    "level": "info",
    "message": "收到识别请求",
    "data": {
      "name": "1E2C715E-421C-4E90-9929-83902DBC8ED7.mov",
      "size": 39345775,
      "duration": 57.538005,
      "pe": "短视频剪辑产品经理（PE）",
      "request": "找出鸡蛋被捣碎的过程，加速到 2X ",
      "engine": "auto"
    }
  },
  {
    "round": 1,
    "thought": "用户要求找出“鸡蛋被捣碎的过程”并加速。这需要分析视频内容来定位该事件。因此，我将调用 `analyze_video` 工具来识别视频中与“鸡蛋被捣碎”相关的片段。",
    "action": "analyze_video(\"鸡蛋被捣碎的过程\")",
    "observation": {
      "events": 8,
      "description": "视频展示了制作一份超大份鸡蛋沙拉厚吐司的全过程，包括制作鸡蛋沙拉、烘烤面包以及最后的组装。"
    }
  },
  {
    "round": 2,
    "thought": "视频分析结果显示，在 3.4 秒到 9.6 秒之间是“用工具将鸡蛋和蛋黄酱捣碎并搅拌均匀，制作成鸡蛋沙拉”的过程，这与用户请求的“鸡蛋被捣碎的过程”完全匹配。我将对这个片段进行 2 倍速加速。"
  },
  {
    "time": "2026-03-16T09:27:03.904Z",
    "role": "system",
    "level": "info",
    "message": "识别完成",
    "data": {
      "source": "agent-loop-auto",
      "engine": "auto",
      "edits": 1
    }
  }
]
[17:27:03.904] [DATA] [analyze] result.features
{
  "duration": 57.538005,
  "segmentCount": 1,
  "segments": [
    {
      "id": "0.00-57.54",
      "start": 0,
      "end": 57.538005,
      "duration": 57.538005,
      "energy": 0.5,
      "label": "原始视频片段",
      "tags": {}
    }
  ],
  "keyframes": [
    {
      "time": 28.77,
      "energy": 0.5
    }
  ],
  "rhythmScore": 0.5,
  "events": [
    {
      "label": "将煮熟的鸡蛋倒入不锈钢碗中。",
      "start": 0,
      "end": 1.1,
      "confidence": 0.95
    },
    {
      "label": "在鸡蛋上挤入大量的蛋黄酱。",
      "start": 1.2,
      "end": 3.3,
      "confidence": 0.95
    },
    {
      "label": "用工具将鸡蛋和蛋黄酱捣碎并搅拌均匀，制作成鸡蛋沙拉。",
      "start": 3.4,
      "end": 9.6,
      "confidence": 0.99
    },
    {
      "label": "切下一大块厚片面包。",
      "start": 10.1,
      "end": 14.6,
      "confidence": 0.9
    },
    {
      "label": "将厚片面包放入烤箱进行烘烤。",
      "start": 14.7,
      "end": 22.6,
      "confidence": 0.95
    },
    {
      "label": "将烤好的面包切开一个口，为填入鸡蛋沙拉做准备。",
      "start": 22.8,
      "end": 30.6,
      "confidence": 0.9
    },
    {
      "label": "将制作好的鸡蛋沙拉满满地铺在烤好的厚吐司上。",
      "start": 37.9,
      "end": 50.7,
      "confidence": 0.95
    },
    {
      "label": "在成品鸡蛋沙拉吐司上淋上番茄酱。",
      "start": 51.7,
      "end": 53.7,
      "confidence": 0.9
    }
  ],
  "edits": [
    {
      "type": "speed",
      "start": 3.4,
      "end": 9.6,
      "rate": 2
    }
  ],
  "summary": "已将鸡蛋被捣碎的过程加速到 2 倍速。",
  "agentSteps": [
    {
      "round": 1,
      "thought": "用户要求找出“鸡蛋被捣碎的过程”并加速。这需要分析视频内容来定位该事件。因此，我将调用 `analyze_video` 工具来识别视频中与“鸡蛋被捣碎”相关的片段。",
      "action": "analyze_video(\"鸡蛋被捣碎的过程\")",
      "observation": {
        "events": 8,
        "description": "视频展示了制作一份超大份鸡蛋沙拉厚吐司的全过程，包括制作鸡蛋沙拉、烘烤面包以及最后的组装。"
      }
    },
    {
      "round": 2,
      "thought": "视频分析结果显示，在 3.4 秒到 9.6 秒之间是“用工具将鸡蛋和蛋黄酱捣碎并搅拌均匀，制作成鸡蛋沙拉”的过程，这与用户请求的“鸡蛋被捣碎的过程”完全匹配。我将对这个片段进行 2 倍速加速。"
    }
  ],
  "performance": {
    "totalTime": "39.9s",
    "rounds": 2,
    "tokensIn": 24951,
    "tokensOut": 1288,
    "totalTokens": 26239,
    "cost": "$0.0310",
    "orchestratorCalls": 2,
    "videoAnalysisCalls": 1
  }
}
[17:27:03.905] [INFO] [analyze] done
{
  "source": "agent-loop-auto",
  "segmentCount": 1,
  "events": 8,
  "edits": 1
}
[17:27:03.906] [DATA] [analyze] rawResponse
"{\n  \"thought\": \"视频分析结果显示，在 3.4 秒到 9.6 秒之间是“用工具将鸡蛋和蛋黄酱捣碎并搅拌均匀，制作成鸡蛋沙拉”的过程，这与用户请求的“鸡蛋被捣碎的过程”完全匹配。我将对这个片段进行 2 倍速加速。\",\n  \"final_answer\": \"已将鸡蛋被捣碎的过程加速到 2 倍速。\",\n  \"summary\": \"视频展示了制作一份超大份鸡蛋沙拉厚吐司的全过程，包括制作鸡蛋沙拉、烘烤面包以及最后的组装。\",\n  \"segments\": [\n    {\n      \"start\": 0.0,\n      \"end\": 57.538005,\n      \"energy\": 0.5,\n      \"label\": \"原始视频片段\"\n    }\n  ],\n  \"events\": [\n    {\n      \"label\": \"将煮熟的鸡蛋倒入不锈钢碗中。\",\n      \"start\": 0.0,\n      \"end\": 1.1,\n      \"confidence\": 0.95\n    },\n    {\n      \"label\": \"在鸡蛋上挤入大量的蛋黄酱。\",\n      \"start\": 1.2,\n      \"end\": 3.3,\n      \"confidence\": 0.95\n    },\n    {\n      \"label\": \"用工具将鸡蛋和蛋黄酱捣碎并搅拌均匀，制作成鸡蛋沙拉。\",\n      \"start\": 3.4,\n      \"end\": 9.6,\n      \"confidence\": 0.99\n    },\n    {\n      \"label\": \"切下一大块厚片面包。\",\n      \"start\": 10.1,\n      \"end\": 14.6,\n      \"confidence\": 0.9\n    },\n    {\n      \"label\": \"将厚片面包放入烤箱进行烘烤。\",\n      \"start\": 14.7,\n      \"end\": 22.6,\n      \"confidence\": 0.95\n    },\n    {\n      \"label\": \"将烤好的面包切开一个口，为填入鸡蛋沙拉做准备。\",\n      \"start\": 22.8,\n      \"end\": 30.6,\n      \"confidence\": 0.9\n    },\n    {\n      \"label\": \"将制作好的鸡蛋沙拉满满地铺在烤好的厚吐司上。\",\n      \"start\": 37.9,\n      \"end\": 50.7,\n      \"confidence\": 0.95\n    },\n    {\n      \"label\": \"在成品鸡蛋沙拉吐司上淋上番茄酱。\",\n      \"start\": 51.7,\n      \"end\": 53.7,\n      \"confidence\": 0.9\n    }\n  ],\n  \"edits\": [\n    {\n      \"type\": \"speed\",\n      \"start\": 3.4,\n      \"end\": 9.6,\n      \"rate\": 2.0\n    }\n  ]\n}"
[17:27:03.918] [DATA] [timeline-build] timeline constructed
{
  "baseClips": [
    {
      "id": "0.00-57.54",
      "start": 0,
      "end": 57.538005,
      "dur": 57.538005
    }
  ],
  "resultClips": [
    {
      "id": "split-0.00-3.40",
      "start": 0,
      "end": 3.4,
      "timelineStart": 0,
      "displayDuration": 3.4,
      "playbackRate": 1
    },
    {
      "id": "split-3.40-9.60",
      "start": 3.4,
      "end": 9.6,
      "timelineStart": 3.4,
      "displayDuration": 3.0999999999999996,
      "playbackRate": 2
    },
    {
      "id": "split-9.60-57.54",
      "start": 9.6,
      "end": 57.538005,
      "timelineStart": 6.5,
      "displayDuration": 47.938005,
      "playbackRate": 1
    }
  ],
  "totalTimelineDuration": 54.438005,
  "videoDuration": 57.538005,
  "textEdits": [],
  "fadeEdits": []
}
