[16:15:39.113] [INFO] [analyze] start
{
  "name": "2æ12æ¥.mov",
  "size": 18127869,
  "duration": 15.766667,
  "pe": "短视频剪辑产品经理（PE）",
  "request": "给这个视频加一个淡入的特效",
  "engine": "auto"
}
[16:15:42.007] [DATA] [analyze] debugTimeline
[
  {
    "time": "2026-03-13T08:15:39.112Z",
    "role": "system",
    "level": "info",
    "message": "收到识别请求",
    "data": {
      "name": "2æ12æ¥.mov",
      "size": 18127869,
      "duration": 15.766667,
      "pe": "短视频剪辑产品经理（PE）",
      "request": "给这个视频加一个淡入的特效",
      "engine": "auto"
    }
  },
  {
    "round": 1,
    "thought": "用户要求为视频添加一个淡入特效。我会将淡入效果从视频的0秒开始，持续1.5秒。"
  },
  {
    "time": "2026-03-13T08:15:42.007Z",
    "role": "system",
    "level": "info",
    "message": "识别完成",
    "data": {
      "source": "agent-loop",
      "edits": 1
    }
  }
]
[16:15:42.008] [DATA] [analyze] result.features
{
  "duration": 15.766667,
  "segmentCount": 0,
  "segments": [],
  "keyframes": [],
  "rhythmScore": 0,
  "events": [],
  "edits": [
    {
      "type": "fade",
      "start": 0,
      "end": 1.5,
      "direction": "in"
    }
  ],
  "summary": "已为您添加视频开头淡入特效。",
  "agentSteps": [
    {
      "round": 1,
      "thought": "用户要求为视频添加一个淡入特效。我会将淡入效果从视频的0秒开始，持续1.5秒。"
    }
  ],
  "performance": {
    "totalTime": "2.9s",
    "rounds": 1,
    "tokensIn": 2867,
    "tokensOut": 124,
    "totalTokens": 2991,
    "cost": "$0.0012",
    "orchestratorCalls": 1,
    "videoAnalysisCalls": 0
  }
}
[16:15:42.008] [INFO] [analyze] done
{
  "source": "agent-loop",
  "segmentCount": 0,
  "events": 0,
  "edits": 1
}
[16:15:42.008] [DATA] [analyze] rawResponse
"{\n  \"thought\": \"用户要求为视频添加一个淡入特效。我会将淡入效果从视频的0秒开始，持续1.5秒。\",\n  \"final_answer\": \"已为您添加视频开头淡入特效。\",\n  \"summary\": \"\",\n  \"segments\": [],\n  \"events\": [],\n  \"edits\": [\n    {\n      \"type\": \"fade\",\n      \"start\": 0.0,\n      \"end\": 1.5,\n      \"direction\": \"in\"\n    }\n  ]\n}"
[16:15:42.016] [DATA] [timeline-build] timeline constructed
{
  "baseClips": [],
  "resultClips": [
    {
      "id": "base-clip",
      "start": 0,
      "end": 15.766667,
      "timelineStart": 0,
      "displayDuration": 15.766667,
      "playbackRate": 1
    }
  ],
  "totalTimelineDuration": 15.766667,
  "videoDuration": 15.766667,
  "textEdits": [],
  "fadeEdits": [
    {
      "type": "fade",
      "start": 0,
      "end": 1.5,
      "direction": "in",
      "timelineStart": 0,
      "timelineEnd": 1.5
    }
  ]
}
