[18:33:11.906] [INFO] [analyze] 使用会话缓存 sess-1773397976603-o1okk5n
[18:33:11.906] [INFO] [analyze] start
{
  "duration": 15.766667,
  "pe": "短视频剪辑产品经理（PE）",
  "request": "再快点",
  "engine": "auto"
}
[18:33:21.345] [DATA] [analyze] debugTimeline
[
  {
    "time": "2026-03-13T10:33:11.906Z",
    "role": "system",
    "level": "info",
    "message": "收到识别请求",
    "data": {
      "duration": 15.766667,
      "pe": "短视频剪辑产品经理（PE）",
      "request": "再快点",
      "engine": "auto"
    }
  },
  {
    "round": 1,
    "thought": "用户要求对之前加速的片段“再快点”。根据对话历史，已对视频中鸡蛋捣碎的片段（2.8秒至8.8秒）进行了2倍速处理。现在需要读取草稿，找到该片段的ID，然后将其速度从2倍提升到3倍。",
    "action": "read_draft(\"full\")",
    "observation": {
      "draft": {
        "version": 1,
        "lastModified": 1773397976611,
        "sources": {},
        "tracks": [],
        "settings": {
          "totalDuration": 0,
          "resolution": {
            "width": 1920,
            "height": 1080
          },
          "fps": 30,
          "aspectRatio": "16:9"
        }
      },
      "changesSince": {
        "added": [],
        "modified": [],
        "deleted": [],
        "summary": ""
      }
    }
  },
  {
    "round": 2,
    "thought": "用户要求对之前加速的片段“再快点”。根据对话历史，视频中鸡蛋被捣碎的片段（2.8秒至8.8秒）已进行2倍速处理。现在需要将该片段的速度从2倍提升到3倍。"
  },
  {
    "time": "2026-03-13T10:33:21.345Z",
    "role": "system",
    "level": "info",
    "message": "识别完成",
    "data": {
      "source": "agent-loop",
      "edits": 1
    }
  }
]
[18:33:21.345] [DATA] [analyze] result.features
{
  "duration": 15.766667,
  "segmentCount": 0,
  "segments": [],
  "keyframes": [],
  "rhythmScore": 0,
  "events": [],
  "edits": [
    {
      "type": "speed",
      "start": 2.8,
      "end": 8.8,
      "rate": 3
    }
  ],
  "summary": "已将视频中鸡蛋被捣碎的片段（2.8秒至8.8秒）速度调整为3倍。",
  "agentSteps": [
    {
      "round": 1,
      "thought": "用户要求对之前加速的片段“再快点”。根据对话历史，已对视频中鸡蛋捣碎的片段（2.8秒至8.8秒）进行了2倍速处理。现在需要读取草稿，找到该片段的ID，然后将其速度从2倍提升到3倍。",
      "action": "read_draft(\"full\")",
      "observation": {
        "draft": {
          "version": 1,
          "lastModified": 1773397976611,
          "sources": {},
          "tracks": [],
          "settings": {
            "totalDuration": 0,
            "resolution": {
              "width": 1920,
              "height": 1080
            },
            "fps": 30,
            "aspectRatio": "16:9"
          }
        },
        "changesSince": {
          "added": [],
          "modified": [],
          "deleted": [],
          "summary": ""
        }
      }
    },
    {
      "round": 2,
      "thought": "用户要求对之前加速的片段“再快点”。根据对话历史，视频中鸡蛋被捣碎的片段（2.8秒至8.8秒）已进行2倍速处理。现在需要将该片段的速度从2倍提升到3倍。"
    }
  ],
  "performance": {
    "totalTime": "9.4s",
    "rounds": 2,
    "tokensIn": 7449,
    "tokensOut": 286,
    "totalTokens": 7735,
    "cost": "$0.0029",
    "orchestratorCalls": 2,
    "videoAnalysisCalls": 0
  }
}
[18:33:21.346] [INFO] [analyze] done
{
  "source": "agent-loop",
  "segmentCount": 0,
  "events": 0,
  "edits": 1
}
[18:33:21.350] [DATA] [analyze] rawResponse
"{\n  \"thought\": \"用户要求对之前加速的片段“再快点”。根据对话历史，视频中鸡蛋被捣碎的片段（2.8秒至8.8秒）已进行2倍速处理。现在需要将该片段的速度从2倍提升到3倍。\",\n  \"final_answer\": \"已将视频中鸡蛋被捣碎的片段（2.8秒至8.8秒）速度调整为3倍。\",\n  \"summary\": \"已将视频中鸡蛋被捣碎的片段（2.8秒至8.8秒）速度调整为3倍。\",\n  \"segments\": [],\n  \"events\": [],\n  \"edits\": [\n    {\n      \"type\": \"speed\",\n      \"start\": 2.8,\n      \"end\": 8.8,\n      \"rate\": 3.0\n    }\n  ]\n}"
[18:33:21.362] [DATA] [timeline-build] timeline constructed
{
  "baseClips": [
    {
      "id": "0.00-0.90",
      "start": 0,
      "end": 0.9,
      "dur": 0.9
    },
    {
      "id": "0.90-2.80",
      "start": 0.9,
      "end": 2.8,
      "dur": 1.9
    },
    {
      "id": "2.80-8.80",
      "start": 2.8,
      "end": 8.8,
      "dur": 6.000000000000001
    },
    {
      "id": "8.80-10.90",
      "start": 8.8,
      "end": 10.9,
      "dur": 2.0999999999999996
    },
    {
      "id": "10.90-14.30",
      "start": 10.9,
      "end": 14.3,
      "dur": 3.4000000000000004
    },
    {
      "id": "14.30-15.70",
      "start": 14.3,
      "end": 15.7,
      "dur": 1.3999999999999986
    }
  ],
  "resultClips": [
    {
      "id": "0.00-0.90",
      "start": 0,
      "end": 0.9,
      "timelineStart": 0,
      "displayDuration": 0.9,
      "playbackRate": 1
    },
    {
      "id": "0.90-2.80",
      "start": 0.9,
      "end": 2.8,
      "timelineStart": 0.9,
      "displayDuration": 1.9,
      "playbackRate": 1
    },
    {
      "id": "2.80-8.80",
      "start": 2.8,
      "end": 8.8,
      "timelineStart": 2.8,
      "displayDuration": 2.0000000000000004,
      "playbackRate": 3
    },
    {
      "id": "8.80-10.90",
      "start": 8.8,
      "end": 10.9,
      "timelineStart": 4.800000000000001,
      "displayDuration": 2.0999999999999996,
      "playbackRate": 1
    },
    {
      "id": "10.90-14.30",
      "start": 10.9,
      "end": 14.3,
      "timelineStart": 6.9,
      "displayDuration": 3.4000000000000004,
      "playbackRate": 1
    },
    {
      "id": "14.30-15.70",
      "start": 14.3,
      "end": 15.7,
      "timelineStart": 10.3,
      "displayDuration": 1.3999999999999986,
      "playbackRate": 1
    }
  ],
  "totalTimelineDuration": 11.7,
  "videoDuration": 15.766667,
  "textEdits": [],
  "fadeEdits": []
}
[18:33:54.276] [DATA] [timeline-build] timeline constructed
{
  "baseClips": [
    {
      "id": "base-clip",
      "start": 0,
      "end": 15.766667,
      "dur": 15.766667
    }
  ],
  "resultClips": [
    {
      "id": "base-clip",
      "start": 0,
      "end": 15.766667,
      "timelineStart": 0,
      "displayDuration": 15.766667,
      "playbackRate": 1
    }
  ],
  "totalTimelineDuration": 15.766667,
  "videoDuration": 15.766667,
  "textEdits": [],
  "fadeEdits": []
}
[18:34:02.576] [DATA] [timeline-build] timeline constructed
{
  "baseClips": [
    {
      "id": "base-clip",
      "start": 0,
      "end": 15.766667,
      "dur": 15.766667
    }
  ],
  "resultClips": [
    {
      "id": "base-clip",
      "start": 0,
      "end": 15.766667,
      "timelineStart": 0,
      "displayDuration": 15.766667,
      "playbackRate": 1
    }
  ],
  "totalTimelineDuration": 15.766667,
  "videoDuration": 15.766667,
  "textEdits": [],
  "fadeEdits": []
}
