[23:41:02.573] [INFO] [analyze] 使用会话缓存 sess-1773588777671-1zs2wl8
[23:41:02.573] [INFO] [analyze] start
{
  "duration": 32.002,
  "pe": "短视频剪辑产品经理（PE）",
  "request": "为什么你刚刚无法识别视频",
  "engine": "auto"
}
[23:41:07.727] [DATA] [analyze] debugTimeline
[
  {
    "time": "2026-03-15T15:41:02.573Z",
    "role": "system",
    "level": "info",
    "message": "收到识别请求",
    "data": {
      "duration": 32.002,
      "pe": "短视频剪辑产品经理（PE）",
      "request": "为什么你刚刚无法识别视频",
      "engine": "auto"
    }
  },
  {
    "round": 1,
    "thought": "用户询问为什么我无法识别视频。从对话历史来看，我成功地为视频添加了背景音乐、进行了变速处理并添加了文字。这些操作并不需要对视频内容进行高级别的“识别”或“理解”（例如，找出视频中的特定事件或场景）。只有当用户要求我根据视频内容进行判断或剪辑（如“找出进球片段”或“删除无聊部分”）时，我才需要调用 `analyze_video` 工具来“识别”视频内容。在之前的操作中，我能够根据用户的指令直接对视频进行编辑，这说明我能够处理视频。"
  },
  {
    "time": "2026-03-15T15:41:07.726Z",
    "role": "system",
    "level": "info",
    "message": "识别完成",
    "data": {
      "source": "agent-loop-auto",
      "edits": 0
    }
  }
]
[23:41:07.727] [DATA] [analyze] result.features
{
  "duration": 32.002,
  "segmentCount": 0,
  "segments": [],
  "keyframes": [],
  "rhythmScore": 0,
  "events": [],
  "edits": [],
  "summary": "您好，我理解您可能有误解。在之前的操作中，我实际上成功地处理了您的视频。我能够为您添加背景音乐、进行加速并添加文字。这些基本的编辑操作，我可以直接执行，无需调用“分析视频”工具来识别视频的具体内容（例如视频中有哪些物体或事件）。只有当您提出需要我理解视频画面内容，例如“找出所有的进球”或“删除视频中无聊的部分”时，我才会调用 `analyze_video` 工具进行深度分析。因此，我一直都能够处理您的视频。",
  "agentSteps": [
    {
      "round": 1,
      "thought": "用户询问为什么我无法识别视频。从对话历史来看，我成功地为视频添加了背景音乐、进行了变速处理并添加了文字。这些操作并不需要对视频内容进行高级别的“识别”或“理解”（例如，找出视频中的特定事件或场景）。只有当用户要求我根据视频内容进行判断或剪辑（如“找出进球片段”或“删除无聊部分”）时，我才需要调用 `analyze_video` 工具来“识别”视频内容。在之前的操作中，我能够根据用户的指令直接对视频进行编辑，这说明我能够处理视频。"
    }
  ],
  "performance": {
    "totalTime": "5.2s",
    "rounds": 1,
    "tokensIn": 3576,
    "tokensOut": 356,
    "totalTokens": 3932,
    "cost": "$0.0020",
    "orchestratorCalls": 1,
    "videoAnalysisCalls": 0
  }
}
[23:41:07.727] [INFO] [analyze] done
{
  "source": "agent-loop-auto",
  "segmentCount": 0,
  "events": 0,
  "edits": 0
}
[23:41:07.729] [DATA] [analyze] rawResponse
"{\n  \"thought\": \"用户询问为什么我无法识别视频。从对话历史来看，我成功地为视频添加了背景音乐、进行了变速处理并添加了文字。这些操作并不需要对视频内容进行高级别的“识别”或“理解”（例如，找出视频中的特定事件或场景）。只有当用户要求我根据视频内容进行判断或剪辑（如“找出进球片段”或“删除无聊部分”）时，我才需要调用 `analyze_video` 工具来“识别”视频内容。在之前的操作中，我能够根据用户的指令直接对视频进行编辑，这说明我能够处理视频。\",\n  \"final_answer\": \"您好，我理解您可能有误解。在之前的操作中，我实际上成功地处理了您的视频。我能够为您添加背景音乐、进行加速并添加文字。这些基本的编辑操作，我可以直接执行，无需调用“分析视频”工具来识别视频的具体内容（例如视频中有哪些物体或事件）。只有当您提出需要我理解视频画面内容，例如“找出所有的进球”或“删除视频中无聊的部分”时，我才会调用 `analyze_video` 工具进行深度分析。因此，我一直都能够处理您的视频。\",\n  \"summary\": \"已添加背景音乐(upbeat energetic)，变速1.5x(0-32.002s)，文字\\\"燃爆瞬间，不容错过！\\\"(0.5-5s @center)。向用户解释了无需调用 analyze_video 也能处理视频，以及 analyze_video 的用途。\",\n  \"segments\": [],\n  \"events\": [],\n  \"edits\": []\n}"
[23:41:07.751] [DATA] [timeline-build] timeline constructed
{
  "baseClips": [],
  "resultClips": [],
  "totalTimelineDuration": 0,
  "videoDuration": 32.002,
  "textEdits": [],
  "fadeEdits": []
}
[23:55:52.436] [DATA] [timeline-build] timeline constructed
{
  "baseClips": [
    {
      "id": "base-clip",
      "start": 0,
      "end": 358.561667,
      "dur": 358.561667
    }
  ],
  "resultClips": [
    {
      "id": "base-clip",
      "start": 0,
      "end": 358.561667,
      "timelineStart": 0,
      "displayDuration": 358.561667,
      "playbackRate": 1
    }
  ],
  "totalTimelineDuration": 358.561667,
  "videoDuration": 358.561667,
  "textEdits": [],
  "fadeEdits": []
}
[23:56:10.056] [DATA] [timeline-build] timeline constructed
{
  "baseClips": [
    {
      "id": "base-clip",
      "start": 0,
      "end": 358.561667,
      "dur": 358.561667
    }
  ],
  "resultClips": [
    {
      "id": "base-clip",
      "start": 0,
      "end": 358.561667,
      "timelineStart": 0,
      "displayDuration": 358.561667,
      "playbackRate": 1
    }
  ],
  "totalTimelineDuration": 358.561667,
  "videoDuration": 358.561667,
  "textEdits": [],
  "fadeEdits": []
}
