[17:32:38.865] [INFO] [analyze] start
{
  "name": "2æ12æ¥.mov",
  "size": 18127869,
  "duration": 15.766667,
  "pe": "短视频剪辑产品经理（PE）",
  "request": "做成一个 vlog 的视频，配点文字，把鸡蛋捣碎的过程加速一下，整体视频控制在 30S",
  "engine": "auto"
}
[17:33:22.565] [DATA] [analyze] debugTimeline
[
  {
    "time": "2026-03-17T09:32:38.865Z",
    "role": "system",
    "level": "info",
    "message": "收到识别请求",
    "data": {
      "name": "2æ12æ¥.mov",
      "size": 18127869,
      "duration": 15.766667,
      "pe": "短视频剪辑产品经理（PE）",
      "request": "做成一个 vlog 的视频，配点文字，把鸡蛋捣碎的过程加速一下，整体视频控制在 30S",
      "engine": "auto"
    }
  },
  {
    "round": 1,
    "thought": "用户要求制作一个vlog，需要配文字，并将鸡蛋捣碎的过程加速。首先，我需要分析视频内容，找到鸡蛋捣碎的具体时间段，以便进行加速处理。同时，我会观察视频中是否有其他适合作为vlog内容的片段。然后，我会根据视频内容和vlog的特点来添加合适的文字。最终确保整体视频时长控制在30秒内，由于原视频时长为15.7秒，加速后会更短，所以“控制在30秒”应该理解为“不超过30秒”。",
    "action": "analyze_video(\"identify the process of crushing eggs and other key actions suitable for a vlog\")",
    "observation": {
      "events": 3,
      "description": "视频展示了制作鸡蛋沙拉三明治的过程，包括将煮熟的鸡蛋和蛋黄酱捣碎混合，以及切片和烘烤面包。"
    }
  },
  {
    "round": 2,
    "thought": "用户要求制作一个vlog，将鸡蛋捣碎的过程加速，并配上文字，同时整体视频时长控制在30秒内。我已经通过analyze_video识别了视频的主要事件。现在，我将根据这些事件创建剪辑指令：首先加速鸡蛋捣碎的部分，然后为每个主要步骤添加描述性文字，确保文字出现时机恰当且不遮挡主体，并最终确认视频总时长在30秒内。由于原视频时长为15.7秒，加速后总时长会大幅缩短，因此\"控制在30秒\"被理解为\"不超过30秒\"。"
  },
  {
    "time": "2026-03-17T09:33:22.565Z",
    "role": "system",
    "level": "info",
    "message": "识别完成",
    "data": {
      "source": "agent-loop-auto",
      "engine": "auto",
      "edits": 4
    }
  }
]
[17:33:22.565] [DATA] [analyze] result.features
{
  "duration": 15.766667,
  "segmentCount": 3,
  "segments": [
    {
      "id": "0.00-4.76",
      "start": 0,
      "end": 4.765,
      "duration": 4.765,
      "energy": 0.7,
      "label": "制作鸡蛋沙拉馅料",
      "tags": {}
    },
    {
      "id": "5.07-9.54",
      "start": 5.065,
      "end": 9.535,
      "duration": 4.47,
      "energy": 0.5,
      "label": "切片巨型吐司",
      "tags": {}
    },
    {
      "id": "9.73-10.94",
      "start": 9.735,
      "end": 10.935,
      "duration": 1.200000000000001,
      "energy": 0.6,
      "label": "烤制金黄酥脆",
      "tags": {}
    }
  ],
  "keyframes": [
    {
      "time": 2.38,
      "energy": 0.7
    },
    {
      "time": 7.3,
      "energy": 0.5
    },
    {
      "time": 10.34,
      "energy": 0.6
    }
  ],
  "rhythmScore": 0.6,
  "events": [
    {
      "label": "将煮熟的鸡蛋和蛋黄酱混合并捣碎，制作鸡蛋沙拉",
      "start": 0,
      "end": 9.53,
      "confidence": 0.95
    },
    {
      "label": "将一个巨大的吐司面包切成厚片",
      "start": 9.83,
      "end": 14.3,
      "confidence": 0.95
    },
    {
      "label": "将切好的面包片放入烤箱中烘烤",
      "start": 14.5,
      "end": 15.7,
      "confidence": 0.9
    }
  ],
  "edits": [
    {
      "type": "speed",
      "start": 0,
      "end": 9.53,
      "rate": 2
    },
    {
      "type": "text",
      "start": 0.5,
      "end": 4,
      "text": "制作鸡蛋沙拉馅料",
      "position": "bottom"
    },
    {
      "type": "text",
      "start": 5.5,
      "end": 9,
      "text": "切片巨型吐司",
      "position": "bottom"
    },
    {
      "type": "text",
      "start": 10,
      "end": 10.8,
      "text": "烤制金黄酥脆",
      "position": "bottom"
    }
  ],
  "summary": "您的vlog已制作完成，鸡蛋捣碎过程已加速，并添加了描述性文字，整体时长控制在30秒内。",
  "agentSteps": [
    {
      "round": 1,
      "thought": "用户要求制作一个vlog，需要配文字，并将鸡蛋捣碎的过程加速。首先，我需要分析视频内容，找到鸡蛋捣碎的具体时间段，以便进行加速处理。同时，我会观察视频中是否有其他适合作为vlog内容的片段。然后，我会根据视频内容和vlog的特点来添加合适的文字。最终确保整体视频时长控制在30秒内，由于原视频时长为15.7秒，加速后会更短，所以“控制在30秒”应该理解为“不超过30秒”。",
      "action": "analyze_video(\"identify the process of crushing eggs and other key actions suitable for a vlog\")",
      "observation": {
        "events": 3,
        "description": "视频展示了制作鸡蛋沙拉三明治的过程，包括将煮熟的鸡蛋和蛋黄酱捣碎混合，以及切片和烘烤面包。"
      }
    },
    {
      "round": 2,
      "thought": "用户要求制作一个vlog，将鸡蛋捣碎的过程加速，并配上文字，同时整体视频时长控制在30秒内。我已经通过analyze_video识别了视频的主要事件。现在，我将根据这些事件创建剪辑指令：首先加速鸡蛋捣碎的部分，然后为每个主要步骤添加描述性文字，确保文字出现时机恰当且不遮挡主体，并最终确认视频总时长在30秒内。由于原视频时长为15.7秒，加速后总时长会大幅缩短，因此\"控制在30秒\"被理解为\"不超过30秒\"。"
    }
  ],
  "performance": {
    "totalTime": "43.7s",
    "rounds": 2,
    "tokensIn": 12506,
    "tokensOut": 1177,
    "totalTokens": 13683,
    "cost": "$0.0131",
    "orchestratorCalls": 2,
    "videoAnalysisCalls": 1
  }
}
[17:33:22.565] [INFO] [analyze] done
{
  "source": "agent-loop-auto",
  "segmentCount": 3,
  "events": 3,
  "edits": 4
}
[17:33:22.567] [DATA] [analyze] rawResponse
"{\n  \"thought\": \"用户要求制作一个vlog，将鸡蛋捣碎的过程加速，并配上文字，同时整体视频时长控制在30秒内。我已经通过analyze_video识别了视频的主要事件。现在，我将根据这些事件创建剪辑指令：首先加速鸡蛋捣碎的部分，然后为每个主要步骤添加描述性文字，确保文字出现时机恰当且不遮挡主体，并最终确认视频总时长在30秒内。由于原视频时长为15.7秒，加速后总时长会大幅缩短，因此\\\"控制在30秒\\\"被理解为\\\"不超过30秒\\\"。\",\n  \"final_answer\": \"您的vlog已制作完成，鸡蛋捣碎过程已加速，并添加了描述性文字，整体时长控制在30秒内。\",\n  \"summary\": \"视频展示了制作鸡蛋沙拉三明治的过程，包括将煮熟的鸡蛋和蛋黄酱捣碎混合，以及切片和烘烤面包。加速了鸡蛋捣碎部分，并添加了文字说明。\",\n  \"segments\": [\n    {\n      \"start\": 0.0,\n      \"end\": 4.765,\n      \"energy\": 0.7,\n      \"label\": \"制作鸡蛋沙拉馅料\"\n    },\n    {\n      \"start\": 5.065,\n      \"end\": 9.535,\n      \"energy\": 0.5,\n      \"label\": \"切片巨型吐司\"\n    },\n    {\n      \"start\": 9.735,\n      \"end\": 10.935,\n      \"energy\": 0.6,\n      \"label\": \"烤制金黄酥脆\"\n    }\n  ],\n  \"events\": [\n    {\n      \"label\": \"将煮熟的鸡蛋和蛋黄酱混合并捣碎，制作鸡蛋沙拉\",\n      \"start\": 0.0,\n      \"end\": 9.53,\n      \"confidence\": 0.95\n    },\n    {\n      \"label\": \"将一个巨大的吐司面包切成厚片\",\n      \"start\": 9.83,\n      \"end\": 14.3,\n      \"confidence\": 0.95\n    },\n    {\n      \"label\": \"将切好的面包片放入烤箱中烘烤\",\n      \"start\": 14.5,\n      \"end\": 15.7,\n      \"confidence\": 0.9\n    }\n  ],\n  \"edits\": [\n    {\n      \"type\": \"speed\",\n      \"start\": 0.0,\n      \"end\": 9.53,\n      \"rate\": 2.0\n    },\n    {\n      \"type\": \"text\",\n      \"start\": 0.5,\n      \"end\": 4.0,\n      \"text\": \"制作鸡蛋沙拉馅料\",\n      \"position\": \"bottom\"\n    },\n    {\n      \"type\": \"text\",\n      \"start\": 5.5,\n      \"end\": 9.0,\n      \"text\": \"切片巨型吐司\",\n      \"position\": \"bottom\"\n    },\n    {\n      \"type\": \"text\",\n      \"start\": 10.0,\n      \"end\": 10.8,\n      \"text\": \"烤制金黄酥脆\",\n      \"position\": \"bottom\"\n    }\n  ]\n}"
[17:33:22.580] [DATA] [timeline-build] timeline constructed
{
  "baseClips": [
    {
      "id": "0.00-4.76",
      "start": 0,
      "end": 4.765,
      "dur": 4.765
    },
    {
      "id": "5.07-9.54",
      "start": 5.065,
      "end": 9.535,
      "dur": 4.47
    },
    {
      "id": "9.73-10.94",
      "start": 9.735,
      "end": 10.935,
      "dur": 1.200000000000001
    }
  ],
  "resultClips": [
    {
      "id": "0.00-4.76",
      "start": 0,
      "end": 4.765,
      "timelineStart": 0,
      "displayDuration": 2.3825,
      "playbackRate": 2
    },
    {
      "id": "5.07-9.54",
      "start": 5.065,
      "end": 9.535,
      "timelineStart": 2.3825,
      "displayDuration": 2.235,
      "playbackRate": 2
    },
    {
      "id": "9.73-10.94",
      "start": 9.735,
      "end": 10.935,
      "timelineStart": 4.6175,
      "displayDuration": 1.200000000000001,
      "playbackRate": 1
    }
  ],
  "totalTimelineDuration": 5.817500000000001,
  "videoDuration": 15.766667,
  "textEdits": [
    {
      "type": "text",
      "start": 0.5,
      "end": 4,
      "text": "制作鸡蛋沙拉馅料",
      "position": "bottom",
      "timelineStart": 0.25,
      "timelineEnd": 2
    },
    {
      "type": "text",
      "start": 5.5,
      "end": 9,
      "text": "切片巨型吐司",
      "position": "bottom",
      "timelineStart": 2.5999999999999996,
      "timelineEnd": 4.35
    },
    {
      "type": "text",
      "start": 10,
      "end": 10.8,
      "text": "烤制金黄酥脆",
      "position": "bottom",
      "timelineStart": 4.8825,
      "timelineEnd": 5.682500000000001
    }
  ],
  "fadeEdits": []
}
