[15:39:15.884] [INFO] [analyze] start
{
  "name": "2æ12æ¥.mov",
  "size": 18127869,
  "duration": 15.766667,
  "pe": "短视频剪辑产品经理（PE）",
  "request": "识别视频中鸡蛋被捣碎的时间起始点，并加速到 2X",
  "engine": "auto"
}
[15:39:41.126] [DATA] [analyze] debugTimeline
[
  {
    "time": "2026-03-13T07:39:15.884Z",
    "role": "system",
    "level": "info",
    "message": "收到识别请求",
    "data": {
      "name": "2æ12æ¥.mov",
      "size": 18127869,
      "duration": 15.766667,
      "pe": "短视频剪辑产品经理（PE）",
      "request": "识别视频中鸡蛋被捣碎的时间起始点，并加速到 2X",
      "engine": "auto"
    }
  },
  {
    "round": 1,
    "thought": "用户要求识别视频中鸡蛋被捣碎的时间起始点，并对该片段进行2倍加速。这需要分析视频内容以定位“鸡蛋被捣碎”的事件。因此，我将使用 `analyze_video` 工具来识别这个关键事件。",
    "action": "analyze_video(\"eggs being smashed\")",
    "observation": {
      "events": 6,
      "description": "视频展示了制作鸡蛋沙拉三明治的过程，包括将煮熟的鸡蛋与蛋黄酱混合捣碎，以及切片烘烤厚吐司面包。"
    }
  },
  {
    "round": 2,
    "thought": "根据视频分析结果，鸡蛋被捣碎并搅拌成鸡蛋沙拉的片段在 2.8 秒到 8.7 秒之间。我将对这个片段进行 2 倍加速处理。"
  },
  {
    "time": "2026-03-13T07:39:41.126Z",
    "role": "system",
    "level": "info",
    "message": "识别完成",
    "data": {
      "source": "agent-loop",
      "edits": 1
    }
  }
]
[15:39:41.126] [DATA] [analyze] result.features
{
  "duration": 15.766667,
  "segmentCount": 6,
  "segments": [
    {
      "id": "0.00-1.00",
      "start": 0,
      "end": 1,
      "duration": 1,
      "energy": 0.5,
      "label": "将多个煮熟的鸡蛋放入金属碗中",
      "tags": {}
    },
    {
      "id": "1.00-2.80",
      "start": 1,
      "end": 2.8,
      "duration": 1.7999999999999998,
      "energy": 0.5,
      "label": "向碗中的鸡蛋挤入大量蛋黄酱",
      "tags": {}
    },
    {
      "id": "2.80-8.70",
      "start": 2.8,
      "end": 8.7,
      "duration": 5.8999999999999995,
      "energy": 0.5,
      "label": "用工具将鸡蛋和蛋黄酱捣碎并搅拌成鸡蛋沙拉",
      "tags": {}
    },
    {
      "id": "8.70-11.10",
      "start": 8.7,
      "end": 11.1,
      "duration": 2.4000000000000004,
      "energy": 0.5,
      "label": "将一个巨大的山形吐司面包放在案板上",
      "tags": {}
    },
    {
      "id": "11.10-14.50",
      "start": 11.1,
      "end": 14.5,
      "duration": 3.4000000000000004,
      "energy": 0.5,
      "label": "用刀将吐司面包切成厚片",
      "tags": {}
    },
    {
      "id": "14.50-15.70",
      "start": 14.5,
      "end": 15.7,
      "duration": 1.1999999999999993,
      "energy": 0.5,
      "label": "将一片面包放入烤箱中烘烤",
      "tags": {}
    }
  ],
  "keyframes": [
    {
      "time": 0.5,
      "energy": 0.5
    },
    {
      "time": 1.9,
      "energy": 0.5
    },
    {
      "time": 5.75,
      "energy": 0.5
    },
    {
      "time": 9.9,
      "energy": 0.5
    },
    {
      "time": 12.8,
      "energy": 0.5
    },
    {
      "time": 15.1,
      "energy": 0.5
    }
  ],
  "rhythmScore": 0.5,
  "events": [
    {
      "label": "将多个煮熟的鸡蛋放入金属碗中",
      "start": 0,
      "end": 1,
      "confidence": 0.95
    },
    {
      "label": "向碗中的鸡蛋挤入大量蛋黄酱",
      "start": 1,
      "end": 2.8,
      "confidence": 0.9
    },
    {
      "label": "用工具将鸡蛋和蛋黄酱捣碎并搅拌成鸡蛋沙拉",
      "start": 2.8,
      "end": 8.7,
      "confidence": 0.98
    },
    {
      "label": "将一个巨大的山形吐司面包放在案板上",
      "start": 8.7,
      "end": 11.1,
      "confidence": 0.92
    },
    {
      "label": "用刀将吐司面包切成厚片",
      "start": 11.1,
      "end": 14.5,
      "confidence": 0.95
    },
    {
      "label": "将一片面包放入烤箱中烘烤",
      "start": 14.5,
      "end": 15.7,
      "confidence": 0.9
    }
  ],
  "edits": [
    {
      "type": "speed",
      "start": 2.8,
      "end": 8.7,
      "rate": 2
    }
  ],
  "summary": "视频中鸡蛋被捣碎的片段已识别并加速到2倍。",
  "agentSteps": [
    {
      "round": 1,
      "thought": "用户要求识别视频中鸡蛋被捣碎的时间起始点，并对该片段进行2倍加速。这需要分析视频内容以定位“鸡蛋被捣碎”的事件。因此，我将使用 `analyze_video` 工具来识别这个关键事件。",
      "action": "analyze_video(\"eggs being smashed\")",
      "observation": {
        "events": 6,
        "description": "视频展示了制作鸡蛋沙拉三明治的过程，包括将煮熟的鸡蛋与蛋黄酱混合捣碎，以及切片烘烤厚吐司面包。"
      }
    },
    {
      "round": 2,
      "thought": "根据视频分析结果，鸡蛋被捣碎并搅拌成鸡蛋沙拉的片段在 2.8 秒到 8.7 秒之间。我将对这个片段进行 2 倍加速处理。"
    }
  ],
  "performance": {
    "totalTime": "25.2s",
    "rounds": 2,
    "tokensIn": 10986,
    "tokensOut": 1289,
    "totalTokens": 12275,
    "cost": "$0.0140",
    "orchestratorCalls": 2,
    "videoAnalysisCalls": 1
  }
}
[15:39:41.126] [INFO] [analyze] done
{
  "source": "agent-loop",
  "segmentCount": 6,
  "events": 6,
  "edits": 1
}
[15:39:41.128] [DATA] [analyze] rawResponse
"{\n  \"thought\": \"根据视频分析结果，鸡蛋被捣碎并搅拌成鸡蛋沙拉的片段在 2.8 秒到 8.7 秒之间。我将对这个片段进行 2 倍加速处理。\",\n  \"final_answer\": \"视频中鸡蛋被捣碎的片段已识别并加速到2倍。\",\n  \"summary\": \"视频展示了制作鸡蛋沙拉三明治的过程，包括将煮熟的鸡蛋与蛋黄酱混合捣碎，以及切片烘烤厚吐司面包。\",\n  \"segments\": [\n    {\n      \"start\": 0.0,\n      \"end\": 1.0,\n      \"energy\": null,\n      \"label\": \"将多个煮熟的鸡蛋放入金属碗中\"\n    },\n    {\n      \"start\": 1.0,\n      \"end\": 2.8,\n      \"energy\": null,\n      \"label\": \"向碗中的鸡蛋挤入大量蛋黄酱\"\n    },\n    {\n      \"start\": 2.8,\n      \"end\": 8.7,\n      \"energy\": null,\n      \"label\": \"用工具将鸡蛋和蛋黄酱捣碎并搅拌成鸡蛋沙拉\"\n    },\n    {\n      \"start\": 8.7,\n      \"end\": 11.1,\n      \"energy\": null,\n      \"label\": \"将一个巨大的山形吐司面包放在案板上\"\n    },\n    {\n      \"start\": 11.1,\n      \"end\": 14.5,\n      \"energy\": null,\n      \"label\": \"用刀将吐司面包切成厚片\"\n    },\n    {\n      \"start\": 14.5,\n      \"end\": 15.7,\n      \"energy\": null,\n      \"label\": \"将一片面包放入烤箱中烘烤\"\n    }\n  ],\n  \"events\": [\n    {\n      \"label\": \"将多个煮熟的鸡蛋放入金属碗中\",\n      \"start\": 0.0,\n      \"end\": 1.0,\n      \"confidence\": 0.95\n    },\n    {\n      \"label\": \"向碗中的鸡蛋挤入大量蛋黄酱\",\n      \"start\": 1.0,\n      \"end\": 2.8,\n      \"confidence\": 0.9\n    },\n    {\n      \"label\": \"用工具将鸡蛋和蛋黄酱捣碎并搅拌成鸡蛋沙拉\",\n      \"start\": 2.8,\n      \"end\": 8.7,\n      \"confidence\": 0.98\n    },\n    {\n      \"label\": \"将一个巨大的山形吐司面包放在案板上\",\n      \"start\": 8.7,\n      \"end\": 11.1,\n      \"confidence\": 0.92\n    },\n    {\n      \"label\": \"用刀将吐司面包切成厚片\",\n      \"start\": 11.1,\n      \"end\": 14.5,\n      \"confidence\": 0.95\n    },\n    {\n      \"label\": \"将一片面包放入烤箱中烘烤\",\n      \"start\": 14.5,\n      \"end\": 15.7,\n      \"confidence\": 0.9\n    }\n  ],\n  \"edits\": [\n    {\n      \"type\": \"speed\",\n      \"start\": 2.8,\n      \"end\": 8.7,\n      \"rate\": 2.0\n    }\n  ]\n}"
[15:39:41.145] [DATA] [timeline-build] timeline constructed
{
  "baseClips": [
    {
      "id": "0.00-1.00",
      "start": 0,
      "end": 1,
      "dur": 1
    },
    {
      "id": "1.00-2.80",
      "start": 1,
      "end": 2.8,
      "dur": 1.7999999999999998
    },
    {
      "id": "2.80-8.70",
      "start": 2.8,
      "end": 8.7,
      "dur": 5.8999999999999995
    },
    {
      "id": "8.70-11.10",
      "start": 8.7,
      "end": 11.1,
      "dur": 2.4000000000000004
    },
    {
      "id": "11.10-14.50",
      "start": 11.1,
      "end": 14.5,
      "dur": 3.4000000000000004
    },
    {
      "id": "14.50-15.70",
      "start": 14.5,
      "end": 15.7,
      "dur": 1.1999999999999993
    }
  ],
  "resultClips": [
    {
      "id": "0.00-1.00",
      "start": 0,
      "end": 1,
      "timelineStart": 0,
      "displayDuration": 1,
      "playbackRate": 1
    },
    {
      "id": "1.00-2.80",
      "start": 1,
      "end": 2.8,
      "timelineStart": 1,
      "displayDuration": 1.7999999999999998,
      "playbackRate": 1
    },
    {
      "id": "2.80-8.70",
      "start": 2.8,
      "end": 8.7,
      "timelineStart": 2.8,
      "displayDuration": 2.9499999999999997,
      "playbackRate": 2
    },
    {
      "id": "8.70-11.10",
      "start": 8.7,
      "end": 11.1,
      "timelineStart": 5.75,
      "displayDuration": 2.4000000000000004,
      "playbackRate": 1
    },
    {
      "id": "11.10-14.50",
      "start": 11.1,
      "end": 14.5,
      "timelineStart": 8.15,
      "displayDuration": 3.4000000000000004,
      "playbackRate": 1
    },
    {
      "id": "14.50-15.70",
      "start": 14.5,
      "end": 15.7,
      "timelineStart": 11.55,
      "displayDuration": 1.1999999999999993,
      "playbackRate": 1
    }
  ],
  "totalTimelineDuration": 12.75,
  "videoDuration": 15.766667,
  "textEdits": [],
  "fadeEdits": []
}
[16:15:27.943] [DATA] [timeline-build] timeline constructed
{
  "baseClips": [
    {
      "id": "base-clip",
      "start": 0,
      "end": 15.766667,
      "dur": 15.766667
    }
  ],
  "resultClips": [
    {
      "id": "base-clip",
      "start": 0,
      "end": 15.766667,
      "timelineStart": 0,
      "displayDuration": 15.766667,
      "playbackRate": 1
    }
  ],
  "totalTimelineDuration": 15.766667,
  "videoDuration": 15.766667,
  "textEdits": [],
  "fadeEdits": []
}
[16:15:39.077] [DATA] [timeline-build] timeline constructed
{
  "baseClips": [
    {
      "id": "base-clip",
      "start": 0,
      "end": 15.766667,
      "dur": 15.766667
    }
  ],
  "resultClips": [
    {
      "id": "base-clip",
      "start": 0,
      "end": 15.766667,
      "timelineStart": 0,
      "displayDuration": 15.766667,
      "playbackRate": 1
    }
  ],
  "totalTimelineDuration": 15.766667,
  "videoDuration": 15.766667,
  "textEdits": [],
  "fadeEdits": []
}
