[19:22:07.442] [INFO] [analyze] start
{
  "name": "IMG_5962_edited.mp4",
  "size": 16664237,
  "duration": 32.002,
  "pe": "短视频剪辑产品经理（PE）",
  "request": "找出视频中穿白色球衣的球员进球的片段，保留这些片段，其它都去掉\r\n",
  "engine": "auto"
}
[19:22:25.032] [DATA] [timeline-build] timeline constructed
{
  "baseClips": [
    {
      "id": "base-clip",
      "start": 0,
      "end": 32.002,
      "dur": 32.002
    }
  ],
  "resultClips": [
    {
      "id": "base-clip",
      "start": 0,
      "end": 32.002,
      "timelineStart": 0,
      "displayDuration": 32.002,
      "playbackRate": 1
    }
  ],
  "totalTimelineDuration": 32.002,
  "videoDuration": 32.002,
  "textEdits": [],
  "fadeEdits": []
}
[19:22:31.735] [DATA] [timeline-build] timeline constructed
{
  "baseClips": [
    {
      "id": "base-clip",
      "start": 0,
      "end": 32.002,
      "dur": 32.002
    }
  ],
  "resultClips": [
    {
      "id": "base-clip",
      "start": 0,
      "end": 32.002,
      "timelineStart": 0,
      "displayDuration": 32.002,
      "playbackRate": 1
    }
  ],
  "totalTimelineDuration": 32.002,
  "videoDuration": 32.002,
  "textEdits": [],
  "fadeEdits": []
}
[19:22:52.271] [DATA] [analyze] debugTimeline
[
  {
    "time": "2026-03-15T11:22:07.442Z",
    "role": "system",
    "level": "info",
    "message": "收到识别请求",
    "data": {
      "name": "IMG_5962_edited.mp4",
      "size": 16664237,
      "duration": 32.002,
      "pe": "短视频剪辑产品经理（PE）",
      "request": "找出视频中穿白色球衣的球员进球的片段，保留这些片段，其它都去掉\r\n",
      "engine": "auto"
    }
  },
  {
    "round": 1,
    "thought": "用户要求找出视频中穿白色球衣球员的进球片段并只保留这些，这需要对视频内容进行分析，识别出进球事件及其相关的球员信息。我将使用 `analyze_video` 工具来完成这项任务。",
    "action": "analyze_video(\"所有穿白色球衣的球员的进球片段\")",
    "observation": {
      "events": 3,
      "description": "视频记录了两名男子在室内篮球场进行一对一单挑的场景，其中身穿白色23号球衣的球员多次投篮得分。"
    }
  },
  {
    "round": 2,
    "thought": "根据用户要求和视频分析结果，我已识别出穿白色球衣球员的三个进球时刻。我将根据'高潮时刻的完整性原则'对每个进球片段进行扩展，确保包含蓄力、高潮和反应期。同时，考虑到篮球比赛是密集型内容，我会将单段时长控制在3-8秒，并保留必要上下文，删除其他无关片段以形成集锦。"
  },
  {
    "time": "2026-03-15T11:22:52.271Z",
    "role": "system",
    "level": "info",
    "message": "识别完成",
    "data": {
      "source": "agent-loop-auto",
      "edits": 0
    }
  }
]
[19:22:52.272] [DATA] [analyze] result.features
{
  "duration": 32.002,
  "segmentCount": 3,
  "segments": [
    {
      "id": "1.00-4.00",
      "start": 1,
      "end": 4,
      "duration": 3,
      "energy": 0.8,
      "label": "白色球衣球员篮板后快速投篮命中",
      "tags": {}
    },
    {
      "id": "4.50-7.50",
      "start": 4.5,
      "end": 7.5,
      "duration": 3,
      "energy": 0.9,
      "label": "白色球衣球员中圈附近远距离投篮命中",
      "tags": {}
    },
    {
      "id": "20.00-23.50",
      "start": 20,
      "end": 23.5,
      "duration": 3.5,
      "energy": 0.9,
      "label": "白色球衣球员运球突破上篮得分",
      "tags": {}
    }
  ],
  "keyframes": [
    {
      "time": 2.5,
      "energy": 0.8
    },
    {
      "time": 6,
      "energy": 0.9
    },
    {
      "time": 21.75,
      "energy": 0.9
    }
  ],
  "rhythmScore": 0.87,
  "events": [],
  "edits": [],
  "summary": "已为您剪辑出白色球衣球员的进球集锦。",
  "agentSteps": [
    {
      "round": 1,
      "thought": "用户要求找出视频中穿白色球衣球员的进球片段并只保留这些，这需要对视频内容进行分析，识别出进球事件及其相关的球员信息。我将使用 `analyze_video` 工具来完成这项任务。",
      "action": "analyze_video(\"所有穿白色球衣的球员的进球片段\")",
      "observation": {
        "events": 3,
        "description": "视频记录了两名男子在室内篮球场进行一对一单挑的场景，其中身穿白色23号球衣的球员多次投篮得分。"
      }
    },
    {
      "round": 2,
      "thought": "根据用户要求和视频分析结果，我已识别出穿白色球衣球员的三个进球时刻。我将根据'高潮时刻的完整性原则'对每个进球片段进行扩展，确保包含蓄力、高潮和反应期。同时，考虑到篮球比赛是密集型内容，我会将单段时长控制在3-8秒，并保留必要上下文，删除其他无关片段以形成集锦。"
    }
  ],
  "performance": {
    "totalTime": "44.8s",
    "rounds": 2,
    "tokensIn": 16644,
    "tokensOut": 645,
    "totalTokens": 17289,
    "cost": "$0.0175",
    "orchestratorCalls": 2,
    "videoAnalysisCalls": 1
  }
}
[19:22:52.272] [INFO] [analyze] done
{
  "source": "agent-loop-auto",
  "segmentCount": 3,
  "events": 0,
  "edits": 0
}
[19:22:52.275] [DATA] [analyze] rawResponse
"{\n  \"thought\": \"根据用户要求和视频分析结果，我已识别出穿白色球衣球员的三个进球时刻。我将根据'高潮时刻的完整性原则'对每个进球片段进行扩展，确保包含蓄力、高潮和反应期。同时，考虑到篮球比赛是密集型内容，我会将单段时长控制在3-8秒，并保留必要上下文，删除其他无关片段以形成集锦。\",\n  \"final_answer\": \"已为您剪辑出白色球衣球员的进球集锦。\",\n  \"summary\": \"视频中穿白色球衣的球员投篮得分的集锦，共包含三个进球片段，总时长约9.5秒。\",\n  \"segments\": [\n    {\n      \"start\": 1.0,\n      \"end\": 4.0,\n      \"energy\": 0.8,\n      \"label\": \"白色球衣球员篮板后快速投篮命中\"\n    },\n    {\n      \"start\": 4.5,\n      \"end\": 7.5,\n      \"energy\": 0.9,\n      \"label\": \"白色球衣球员中圈附近远距离投篮命中\"\n    },\n    {\n      \"start\": 20.0,\n      \"end\": 23.5,\n      \"energy\": 0.9,\n      \"label\": \"白色球衣球员运球突破上篮得分\"\n    }\n  ],\n  \"events\": [],\n  \"edits\": []\n}"
