[16:32:00.315] [INFO] [analyze] start
{
  "name": "2æ12æ¥.mov",
  "size": 18127869,
  "duration": 15.766667,
  "pe": "短视频剪辑产品经理（PE）",
  "request": "在第 5 分割一下视频",
  "engine": "auto"
}
[16:32:02.921] [DATA] [analyze] debugTimeline
[
  {
    "time": "2026-03-18T08:32:00.315Z",
    "role": "system",
    "level": "info",
    "message": "收到识别请求",
    "data": {
      "name": "2æ12æ¥.mov",
      "size": 18127869,
      "duration": 15.766667,
      "pe": "短视频剪辑产品经理（PE）",
      "request": "在第 5 分割一下视频",
      "engine": "auto"
    }
  },
  {
    "round": 1,
    "thought": "用户要求在第 5 秒分割视频。这是一个简单的操作，直接在 edits 中添加一个 split 类型的编辑即可。"
  },
  {
    "time": "2026-03-18T08:32:02.921Z",
    "role": "system",
    "level": "info",
    "message": "识别完成",
    "data": {
      "source": "agent-loop-auto",
      "engine": "auto",
      "edits": 1
    }
  }
]
[16:32:02.921] [DATA] [analyze] result.features
{
  "duration": 15.766667,
  "segmentCount": 0,
  "segments": [],
  "keyframes": [],
  "rhythmScore": 0,
  "events": [],
  "edits": [
    {
      "type": "split",
      "start": 5,
      "end": 15.766667
    }
  ],
  "summary": "视频已在第 5 秒分割。",
  "agentSteps": [
    {
      "round": 1,
      "thought": "用户要求在第 5 秒分割视频。这是一个简单的操作，直接在 edits 中添加一个 split 类型的编辑即可。"
    }
  ],
  "performance": {
    "totalTime": "2.6s",
    "rounds": 1,
    "tokensIn": 3713,
    "tokensOut": 119,
    "totalTokens": 3832,
    "cost": "$0.0014",
    "orchestratorCalls": 1,
    "videoAnalysisCalls": 0
  }
}
[16:32:02.921] [INFO] [analyze] done
{
  "source": "agent-loop-auto",
  "segmentCount": 0,
  "events": 0,
  "edits": 1
}
[16:32:02.923] [DATA] [analyze] rawResponse
"{\n  \"thought\": \"用户要求在第 5 秒分割视频。这是一个简单的操作，直接在 edits 中添加一个 split 类型的编辑即可。\",\n  \"final_answer\": \"视频已在第 5 秒分割。\",\n  \"summary\": \"\",\n  \"segments\": [],\n  \"events\": [],\n  \"edits\": [\n    {\n      \"type\": \"split\",\n      \"start\": 5.0,\n      \"end\": 15.766667\n    }\n  ]\n}"
