[17:20:06.695] [INFO] [analyze] start
{
  "name": "1E2C715E-421C-4E90-9929-83902DBC8ED7.mov",
  "size": 39345775,
  "duration": 57.538005,
  "pe": "短视频剪辑产品经理（PE）",
  "request": "做成一个 vlog 的视频，配点文字，把鸡蛋捣碎的过程加速一下，整体视频控制在 30S",
  "engine": "auto"
}
[17:21:12.430] [DATA] [analyze] debugTimeline
[
  {
    "time": "2026-03-16T09:20:06.694Z",
    "role": "system",
    "level": "info",
    "message": "收到识别请求",
    "data": {
      "name": "1E2C715E-421C-4E90-9929-83902DBC8ED7.mov",
      "size": 39345775,
      "duration": 57.538005,
      "pe": "短视频剪辑产品经理（PE）",
      "request": "做成一个 vlog 的视频，配点文字，把鸡蛋捣碎的过程加速一下，整体视频控制在 30S",
      "engine": "auto"
    }
  },
  {
    "round": 1,
    "thought": "用户要求制作一个vlog，需要配文字，将鸡蛋捣碎的过程加速，并控制整体时长在30秒。我需要首先分析视频内容，识别出关键事件，特别是“鸡蛋捣碎”的片段，以及其他适合vlog的场景。这将帮助我确定哪些部分可以保留，哪些需要加速或删除，以及文字可以放置的位置和内容。因此，我将调用 `analyze_video` 工具来获取视频的详细内容分析和事件列表。",
    "action": "analyze_video(\"vlog content, egg crushing process, key moments\")",
    "observation": {
      "events": 7,
      "description": "视频展示了制作日式厚蛋三明治的全过程，从捣碎鸡蛋、烤厚吐司到最后堆满鸡蛋沙拉。"
    }
  },
  {
    "round": 2,
    "thought": "用户要求制作一个vlog，需要配文字，将鸡蛋捣碎的过程加速，并控制整体时长在30秒。根据视频分析，鸡蛋捣碎过程在0-9.9秒。我将对该片段进行2倍加速处理，并选择视频中制作厚蛋三明治的关键步骤作为vlog内容，删除不必要的过渡和等待时间。我将为每个关键步骤添加简洁的说明文字。通过精简和加速，最终视频时长将控制在30秒左右。"
  },
  {
    "time": "2026-03-16T09:21:12.430Z",
    "role": "system",
    "level": "info",
    "message": "识别完成",
    "data": {
      "source": "agent-loop-auto",
      "engine": "auto",
      "edits": 17
    }
  }
]
[17:21:12.430] [DATA] [analyze] result.features
{
  "duration": 57.538005,
  "segmentCount": 8,
  "segments": [
    {
      "id": "0.00-4.95",
      "start": 0,
      "end": 4.95,
      "duration": 4.95,
      "energy": 0.8,
      "label": "制作美味鸡蛋沙拉",
      "tags": {}
    },
    {
      "id": "4.95-8.45",
      "start": 4.95,
      "end": 8.45,
      "duration": 3.499999999999999,
      "energy": 0.7,
      "label": "切出厚实吐司",
      "tags": {}
    },
    {
      "id": "8.45-9.45",
      "start": 8.45,
      "end": 9.45,
      "duration": 1,
      "energy": 0.6,
      "label": "吐司放入烤箱",
      "tags": {}
    },
    {
      "id": "9.45-10.95",
      "start": 9.45,
      "end": 10.95,
      "duration": 1.5,
      "energy": 0.7,
      "label": "金黄烤制出炉",
      "tags": {}
    },
    {
      "id": "10.95-15.45",
      "start": 10.95,
      "end": 15.45,
      "duration": 4.5,
      "energy": 0.75,
      "label": "准备吐司口袋",
      "tags": {}
    },
    {
      "id": "15.45-16.95",
      "start": 15.45,
      "end": 16.95,
      "duration": 1.5,
      "energy": 0.6,
      "label": "均匀涂抹黄油",
      "tags": {}
    },
    {
      "id": "16.95-26.45",
      "start": 16.95,
      "end": 26.45,
      "duration": 9.5,
      "energy": 0.9,
      "label": "满满鸡蛋沙拉",
      "tags": {}
    },
    {
      "id": "26.45-28.95",
      "start": 26.45,
      "end": 28.95,
      "duration": 2.5,
      "energy": 0.8,
      "label": "画龙点睛番茄酱",
      "tags": {}
    }
  ],
  "keyframes": [
    {
      "time": 2.48,
      "energy": 0.8
    },
    {
      "time": 6.7,
      "energy": 0.7
    },
    {
      "time": 8.95,
      "energy": 0.6
    },
    {
      "time": 10.2,
      "energy": 0.7
    },
    {
      "time": 13.2,
      "energy": 0.75
    },
    {
      "time": 16.2,
      "energy": 0.6
    },
    {
      "time": 21.7,
      "energy": 0.9
    },
    {
      "time": 27.7,
      "energy": 0.8
    }
  ],
  "rhythmScore": 0.73,
  "events": [],
  "edits": [
    {
      "type": "adjust_speed",
      "start": 0,
      "end": 9.9,
      "rate": 2
    },
    {
      "type": "delete",
      "start": 9.9,
      "end": 10
    },
    {
      "type": "delete",
      "start": 13.5,
      "end": 14.5
    },
    {
      "type": "delete",
      "start": 15.5,
      "end": 21
    },
    {
      "type": "delete",
      "start": 22.5,
      "end": 23
    },
    {
      "type": "delete",
      "start": 27.5,
      "end": 31
    },
    {
      "type": "delete",
      "start": 32.5,
      "end": 38
    },
    {
      "type": "delete",
      "start": 47.5,
      "end": 51
    },
    {
      "type": "delete",
      "start": 53.5,
      "end": 55.7
    },
    {
      "type": "text",
      "start": 1,
      "end": 8,
      "text": "美味蛋沙拉",
      "position": "bottom"
    },
    {
      "type": "text",
      "start": 10.5,
      "end": 13,
      "text": "切厚吐司",
      "position": "bottom"
    },
    {
      "type": "text",
      "start": 14.7,
      "end": 15.3,
      "text": "放入烤箱",
      "position": "bottom"
    },
    {
      "type": "text",
      "start": 21.2,
      "end": 22.3,
      "text": "金黄出炉",
      "position": "bottom"
    },
    {
      "type": "text",
      "start": 23.5,
      "end": 27,
      "text": "准备吐司",
      "position": "bottom"
    },
    {
      "type": "text",
      "start": 31.2,
      "end": 32.3,
      "text": "涂抹黄油",
      "position": "bottom"
    },
    {
      "type": "text",
      "start": 38.5,
      "end": 47,
      "text": "满满的幸福",
      "position": "bottom"
    },
    {
      "type": "text",
      "start": 51.5,
      "end": 53,
      "text": "画龙点睛",
      "position": "bottom"
    }
  ],
  "summary": "好的，我已经为您制作了一个关于日式厚蛋三明治制作的vlog。视频中鸡蛋捣碎的过程已加速，并为每个关键步骤添加了文字说明，总时长控制在30秒左右。",
  "agentSteps": [
    {
      "round": 1,
      "thought": "用户要求制作一个vlog，需要配文字，将鸡蛋捣碎的过程加速，并控制整体时长在30秒。我需要首先分析视频内容，识别出关键事件，特别是“鸡蛋捣碎”的片段，以及其他适合vlog的场景。这将帮助我确定哪些部分可以保留，哪些需要加速或删除，以及文字可以放置的位置和内容。因此，我将调用 `analyze_video` 工具来获取视频的详细内容分析和事件列表。",
      "action": "analyze_video(\"vlog content, egg crushing process, key moments\")",
      "observation": {
        "events": 7,
        "description": "视频展示了制作日式厚蛋三明治的全过程，从捣碎鸡蛋、烤厚吐司到最后堆满鸡蛋沙拉。"
      }
    },
    {
      "round": 2,
      "thought": "用户要求制作一个vlog，需要配文字，将鸡蛋捣碎的过程加速，并控制整体时长在30秒。根据视频分析，鸡蛋捣碎过程在0-9.9秒。我将对该片段进行2倍加速处理，并选择视频中制作厚蛋三明治的关键步骤作为vlog内容，删除不必要的过渡和等待时间。我将为每个关键步骤添加简洁的说明文字。通过精简和加速，最终视频时长将控制在30秒左右。"
    }
  ],
  "performance": {
    "totalTime": "65.7s",
    "rounds": 2,
    "tokensIn": 25004,
    "tokensOut": 1772,
    "totalTokens": 26776,
    "cost": "$0.0318",
    "orchestratorCalls": 2,
    "videoAnalysisCalls": 1
  }
}
[17:21:12.430] [INFO] [analyze] done
{
  "source": "agent-loop-auto",
  "segmentCount": 8,
  "events": 0,
  "edits": 17
}
[17:21:12.431] [DATA] [analyze] rawResponse
"{\n  \"thought\": \"用户要求制作一个vlog，需要配文字，将鸡蛋捣碎的过程加速，并控制整体时长在30秒。根据视频分析，鸡蛋捣碎过程在0-9.9秒。我将对该片段进行2倍加速处理，并选择视频中制作厚蛋三明治的关键步骤作为vlog内容，删除不必要的过渡和等待时间。我将为每个关键步骤添加简洁的说明文字。通过精简和加速，最终视频时长将控制在30秒左右。\",\n  \"final_answer\": \"好的，我已经为您制作了一个关于日式厚蛋三明治制作的vlog。视频中鸡蛋捣碎的过程已加速，并为每个关键步骤添加了文字说明，总时长控制在30秒左右。\",\n  \"summary\": \"这个vlog展示了日式厚蛋三明治的制作过程。从加速处理的鸡蛋沙拉制作开始，依次展示了切厚吐司、烤吐司、准备吐司、涂抹黄油、堆叠鸡蛋沙拉以及最后挤上番茄酱的关键步骤。视频节奏紧凑，通过文字辅助说明。\",\n  \"segments\": [\n    { \"start\": 0.0, \"end\": 4.95, \"energy\": 0.8, \"label\": \"制作美味鸡蛋沙拉\" },\n    { \"start\": 4.95, \"end\": 8.45, \"energy\": 0.7, \"label\": \"切出厚实吐司\" },\n    { \"start\": 8.45, \"end\": 9.45, \"energy\": 0.6, \"label\": \"吐司放入烤箱\" },\n    { \"start\": 9.45, \"end\": 10.95, \"energy\": 0.7, \"label\": \"金黄烤制出炉\" },\n    { \"start\": 10.95, \"end\": 15.45, \"energy\": 0.75, \"label\": \"准备吐司口袋\" },\n    { \"start\": 15.45, \"end\": 16.95, \"energy\": 0.6, \"label\": \"均匀涂抹黄油\" },\n    { \"start\": 16.95, \"end\": 26.45, \"energy\": 0.9, \"label\": \"满满鸡蛋沙拉\" },\n    { \"start\": 26.45, \"end\": 28.95, \"energy\": 0.8, \"label\": \"画龙点睛番茄酱\" }\n  ],\n  \"events\": [],\n  \"edits\": [\n    { \"type\": \"adjust_speed\", \"start\": 0.0, \"end\": 9.9, \"rate\": 2.0 },\n    { \"type\": \"delete\", \"start\": 9.9, \"end\": 10.0 },\n    { \"type\": \"delete\", \"start\": 13.5, \"end\": 14.5 },\n    { \"type\": \"delete\", \"start\": 15.5, \"end\": 21.0 },\n    { \"type\": \"delete\", \"start\": 22.5, \"end\": 23.0 },\n    { \"type\": \"delete\", \"start\": 27.5, \"end\": 31.0 },\n    { \"type\": \"delete\", \"start\": 32.5, \"end\": 38.0 },\n    { \"type\": \"delete\", \"start\": 47.5, \"end\": 51.0 },\n    { \"type\": \"delete\", \"start\": 53.5, \"end\": 55.7 },\n    { \"type\": \"text\", \"start\": 1.0, \"end\": 8.0, \"text\": \"美味蛋沙拉\", \"position\": \"bottom\" },\n    { \"type\": \"text\", \"start\": 10.5, \"end\": 13.0, \"text\": \"切厚吐司\", \"position\": \"bottom\" },\n    { \"type\": \"text\", \"start\": 14.7, \"end\": 15.3, \"text\": \"放入烤箱\", \"position\": \"bottom\" },\n    { \"type\": \"text\", \"start\": 21.2, \"end\": 22.3, \"text\": \"金黄出炉\", \"position\": \"bottom\" },\n    { \"type\": \"text\", \"start\": 23.5, \"end\": 27.0, \"text\": \"准备吐司\", \"position\": \"bottom\" },\n    { \"type\": \"text\", \"start\": 31.2, \"end\": 32.3, \"text\": \"涂抹黄油\", \"position\": \"bottom\" },\n    { \"type\": \"text\", \"start\": 38.5, \"end\": 47.0, \"text\": \"满满的幸福\", \"position\": \"bottom\" },\n    { \"type\": \"text\", \"start\": 51.5, \"end\": 53.0, \"text\": \"画龙点睛\", \"position\": \"bottom\" }\n  ]\n}"
[17:21:12.435] [DATA] [timeline-build] timeline constructed
{
  "baseClips": [
    {
      "id": "base-clip",
      "start": 0,
      "end": 57.538005,
      "dur": 57.538005
    }
  ],
  "resultClips": [
    {
      "id": "split-0.00-9.90",
      "start": 0,
      "end": 9.9,
      "timelineStart": 0,
      "displayDuration": 9.9,
      "playbackRate": 1
    },
    {
      "id": "split-10.00-13.50",
      "start": 10,
      "end": 13.5,
      "timelineStart": 9.9,
      "displayDuration": 3.5,
      "playbackRate": 1
    },
    {
      "id": "split-14.50-15.50",
      "start": 14.5,
      "end": 15.5,
      "timelineStart": 13.4,
      "displayDuration": 1,
      "playbackRate": 1
    },
    {
      "id": "split-21.00-22.50",
      "start": 21,
      "end": 22.5,
      "timelineStart": 14.4,
      "displayDuration": 1.5,
      "playbackRate": 1
    },
    {
      "id": "split-23.00-27.50",
      "start": 23,
      "end": 27.5,
      "timelineStart": 15.9,
      "displayDuration": 4.5,
      "playbackRate": 1
    },
    {
      "id": "split-31.00-32.50",
      "start": 31,
      "end": 32.5,
      "timelineStart": 20.4,
      "displayDuration": 1.5,
      "playbackRate": 1
    },
    {
      "id": "split-38.00-47.50",
      "start": 38,
      "end": 47.5,
      "timelineStart": 21.9,
      "displayDuration": 9.5,
      "playbackRate": 1
    },
    {
      "id": "split-51.00-53.50",
      "start": 51,
      "end": 53.5,
      "timelineStart": 31.4,
      "displayDuration": 2.5,
      "playbackRate": 1
    },
    {
      "id": "split-55.70-57.54",
      "start": 55.7,
      "end": 57.538005,
      "timelineStart": 33.9,
      "displayDuration": 1.8380049999999954,
      "playbackRate": 1
    }
  ],
  "totalTimelineDuration": 35.738004999999994,
  "videoDuration": 57.538005,
  "textEdits": [
    {
      "type": "text",
      "start": 1,
      "end": 8,
      "text": "美味蛋沙拉",
      "position": "bottom",
      "timelineStart": 1,
      "timelineEnd": 8
    },
    {
      "type": "text",
      "start": 10.5,
      "end": 13,
      "text": "切厚吐司",
      "position": "bottom",
      "timelineStart": 10.4,
      "timelineEnd": 12.9
    },
    {
      "type": "text",
      "start": 14.7,
      "end": 15.3,
      "text": "放入烤箱",
      "position": "bottom",
      "timelineStart": 13.6,
      "timelineEnd": 14.200000000000001
    },
    {
      "type": "text",
      "start": 21.2,
      "end": 22.3,
      "text": "金黄出炉",
      "position": "bottom",
      "timelineStart": 14.6,
      "timelineEnd": 15.700000000000001
    },
    {
      "type": "text",
      "start": 23.5,
      "end": 27,
      "text": "准备吐司",
      "position": "bottom",
      "timelineStart": 16.4,
      "timelineEnd": 19.9
    },
    {
      "type": "text",
      "start": 31.2,
      "end": 32.3,
      "text": "涂抹黄油",
      "position": "bottom",
      "timelineStart": 20.599999999999998,
      "timelineEnd": 21.699999999999996
    },
    {
      "type": "text",
      "start": 38.5,
      "end": 47,
      "text": "满满的幸福",
      "position": "bottom",
      "timelineStart": 22.4,
      "timelineEnd": 30.9
    },
    {
      "type": "text",
      "start": 51.5,
      "end": 53,
      "text": "画龙点睛",
      "position": "bottom",
      "timelineStart": 31.9,
      "timelineEnd": 33.4
    }
  ],
  "fadeEdits": []
}
[17:26:08.987] [DATA] [timeline-build] timeline constructed
{
  "baseClips": [
    {
      "id": "base-clip",
      "start": 0,
      "end": 57.538005,
      "dur": 57.538005
    }
  ],
  "resultClips": [
    {
      "id": "base-clip",
      "start": 0,
      "end": 57.538005,
      "timelineStart": 0,
      "displayDuration": 57.538005,
      "playbackRate": 1
    }
  ],
  "totalTimelineDuration": 57.538005,
  "videoDuration": 57.538005,
  "textEdits": [],
  "fadeEdits": []
}
[17:26:23.868] [DATA] [timeline-build] timeline constructed
{
  "baseClips": [
    {
      "id": "base-clip",
      "start": 0,
      "end": 57.538005,
      "dur": 57.538005
    }
  ],
  "resultClips": [
    {
      "id": "base-clip",
      "start": 0,
      "end": 57.538005,
      "timelineStart": 0,
      "displayDuration": 57.538005,
      "playbackRate": 1
    }
  ],
  "totalTimelineDuration": 57.538005,
  "videoDuration": 57.538005,
  "textEdits": [],
  "fadeEdits": []
}
