[01:55:42.767] [INFO] [analyze] start
{
  "name": "IMG_5962.MOV",
  "size": 394329811,
  "duration": 358.561667,
  "pe": "短视频剪辑产品经理（PE）",
  "request": "找出白色球员进球的片段，保留这些片段，然后再添加一个合适的很燃的背景音乐",
  "engine": "auto"
}
[01:57:44.696] [DATA] [analyze] debugTimeline
[
  {
    "time": "2026-03-14T17:55:42.763Z",
    "role": "system",
    "level": "info",
    "message": "收到识别请求",
    "data": {
      "name": "IMG_5962.MOV",
      "size": 394329811,
      "duration": 358.561667,
      "pe": "短视频剪辑产品经理（PE）",
      "request": "找出白色球员进球的片段，保留这些片段，然后再添加一个合适的很燃的背景音乐",
      "engine": "auto"
    }
  },
  {
    "round": 1,
    "thought": "用户要求找出白色球员的进球片段并保留，然后添加一个燃的背景音乐。我需要分析视频内容来定位这些进球事件。我将使用 `analyze_video` 工具来识别视频中的进球。",
    "action": "analyze_video(\"white player scoring goals\")",
    "observation": {
      "events": 5,
      "description": "两名男子在室内篮球场进行一对一斗牛比赛，视频完整记录了比赛过程，身穿白色球衣的球员最终获胜。"
    }
  },
  {
    "round": 2,
    "thought": "我已经成功识别了白色球员的进球片段。根据剪辑知识库的“高潮时刻的完整性原则”和“边界处理原则”，我将每个进球片段的开始时间提前约2秒（包含蓄力期），结束时间延后约1.5秒（包含反应期），以确保每个精彩瞬间都包含完整的动作和上下文。由于是篮球比赛，属于密集型内容，单段时长控制在3-8秒是合适的。最后，我将添加一个符合“很燃”要求的背景音乐。"
  },
  {
    "time": "2026-03-14T17:57:44.696Z",
    "role": "system",
    "level": "info",
    "message": "识别完成",
    "data": {
      "source": "agent-loop",
      "edits": 1
    }
  }
]
[01:57:44.696] [DATA] [analyze] result.features
{
  "duration": 358.561667,
  "segmentCount": 5,
  "segments": [
    {
      "id": "11.50-16.30",
      "start": 11.5,
      "end": 16.3,
      "duration": 4.800000000000001,
      "energy": 0.5,
      "label": "白衣球员命中一记远投",
      "tags": {}
    },
    {
      "id": "114.20-118.50",
      "start": 114.2,
      "end": 118.5,
      "duration": 4.299999999999997,
      "energy": 0.5,
      "label": "白衣球员突破上篮得分",
      "tags": {}
    },
    {
      "id": "156.80-161.50",
      "start": 156.8,
      "end": 161.5,
      "duration": 4.699999999999989,
      "energy": 0.5,
      "label": "白衣球员急停跳投命中",
      "tags": {}
    },
    {
      "id": "182.50-187.10",
      "start": 182.5,
      "end": 187.1,
      "duration": 4.599999999999994,
      "energy": 0.5,
      "label": "白衣球员中距离投篮命中",
      "tags": {}
    },
    {
      "id": "255.30-259.90",
      "start": 255.3,
      "end": 259.9,
      "duration": 4.599999999999966,
      "energy": 0.5,
      "label": "白衣球员上篮得分",
      "tags": {}
    }
  ],
  "keyframes": [
    {
      "time": 13.9,
      "energy": 0.5
    },
    {
      "time": 116.35,
      "energy": 0.5
    },
    {
      "time": 159.15,
      "energy": 0.5
    },
    {
      "time": 184.8,
      "energy": 0.5
    },
    {
      "time": 257.6,
      "energy": 0.5
    }
  ],
  "rhythmScore": 0.5,
  "events": [],
  "edits": [
    {
      "type": "bgm",
      "start": 0,
      "end": 358.561667,
      "keywords": "upbeat sport",
      "volume": 0.3
    }
  ],
  "summary": "已为您剪辑出白色球员的进球集锦，并添加了动感的背景音乐。",
  "agentSteps": [
    {
      "round": 1,
      "thought": "用户要求找出白色球员的进球片段并保留，然后添加一个燃的背景音乐。我需要分析视频内容来定位这些进球事件。我将使用 `analyze_video` 工具来识别视频中的进球。",
      "action": "analyze_video(\"white player scoring goals\")",
      "observation": {
        "events": 5,
        "description": "两名男子在室内篮球场进行一对一斗牛比赛，视频完整记录了比赛过程，身穿白色球衣的球员最终获胜。"
      }
    },
    {
      "round": 2,
      "thought": "我已经成功识别了白色球员的进球片段。根据剪辑知识库的“高潮时刻的完整性原则”和“边界处理原则”，我将每个进球片段的开始时间提前约2秒（包含蓄力期），结束时间延后约1.5秒（包含反应期），以确保每个精彩瞬间都包含完整的动作和上下文。由于是篮球比赛，属于密集型内容，单段时长控制在3-8秒是合适的。最后，我将添加一个符合“很燃”要求的背景音乐。"
    }
  ],
  "performance": {
    "totalTime": "121.9s",
    "rounds": 2,
    "tokensIn": 113059,
    "tokensOut": 876,
    "totalTokens": 113935,
    "cost": "$0.1393",
    "orchestratorCalls": 2,
    "videoAnalysisCalls": 1
  }
}
[01:57:44.696] [INFO] [analyze] done
{
  "source": "agent-loop",
  "segmentCount": 5,
  "events": 0,
  "edits": 1
}
[01:57:44.702] [DATA] [analyze] rawResponse
"{\n  \"thought\": \"我已经成功识别了白色球员的进球片段。根据剪辑知识库的“高潮时刻的完整性原则”和“边界处理原则”，我将每个进球片段的开始时间提前约2秒（包含蓄力期），结束时间延后约1.5秒（包含反应期），以确保每个精彩瞬间都包含完整的动作和上下文。由于是篮球比赛，属于密集型内容，单段时长控制在3-8秒是合适的。最后，我将添加一个符合“很燃”要求的背景音乐。\",\n  \"final_answer\": \"已为您剪辑出白色球员的进球集锦，并添加了动感的背景音乐。\",\n  \"summary\": \"剪辑了视频中所有白色球员的进球集锦，共包含5个精彩得分片段，每个片段都完整保留了从蓄力到反应的完整过程，并配有动感背景音乐。\",\n  \"segments\": [\n    {\n      \"start\": 11.5,\n      \"end\": 16.3,\n      \"label\": \"白衣球员命中一记远投\"\n    },\n    {\n      \"start\": 114.2,\n      \"end\": 118.5,\n      \"label\": \"白衣球员突破上篮得分\"\n    },\n    {\n      \"start\": 156.8,\n      \"end\": 161.5,\n      \"label\": \"白衣球员急停跳投命中\"\n    },\n    {\n      \"start\": 182.5,\n      \"end\": 187.1,\n      \"label\": \"白衣球员中距离投篮命中\"\n    },\n    {\n      \"start\": 255.3,\n      \"end\": 259.9,\n      \"label\": \"白衣球员上篮得分\"\n    }\n  ],\n  \"events\": [],\n  \"edits\": [\n    {\n      \"type\": \"bgm\",\n      \"keywords\": \"upbeat sport\",\n      \"volume\": 0.3\n    }\n  ]\n}"
[01:57:44.727] [DATA] [timeline-build] timeline constructed
{
  "baseClips": [
    {
      "id": "11.50-16.30",
      "start": 11.5,
      "end": 16.3,
      "dur": 4.800000000000001
    },
    {
      "id": "114.20-118.50",
      "start": 114.2,
      "end": 118.5,
      "dur": 4.299999999999997
    },
    {
      "id": "156.80-161.50",
      "start": 156.8,
      "end": 161.5,
      "dur": 4.699999999999989
    },
    {
      "id": "182.50-187.10",
      "start": 182.5,
      "end": 187.1,
      "dur": 4.599999999999994
    },
    {
      "id": "255.30-259.90",
      "start": 255.3,
      "end": 259.9,
      "dur": 4.599999999999966
    }
  ],
  "resultClips": [
    {
      "id": "11.50-16.30",
      "start": 11.5,
      "end": 16.3,
      "timelineStart": 0,
      "displayDuration": 4.800000000000001,
      "playbackRate": 1
    },
    {
      "id": "114.20-118.50",
      "start": 114.2,
      "end": 118.5,
      "timelineStart": 4.800000000000001,
      "displayDuration": 4.299999999999997,
      "playbackRate": 1
    },
    {
      "id": "156.80-161.50",
      "start": 156.8,
      "end": 161.5,
      "timelineStart": 9.099999999999998,
      "displayDuration": 4.699999999999989,
      "playbackRate": 1
    },
    {
      "id": "182.50-187.10",
      "start": 182.5,
      "end": 187.1,
      "timelineStart": 13.799999999999986,
      "displayDuration": 4.599999999999994,
      "playbackRate": 1
    },
    {
      "id": "255.30-259.90",
      "start": 255.3,
      "end": 259.9,
      "timelineStart": 18.39999999999998,
      "displayDuration": 4.599999999999966,
      "playbackRate": 1
    }
  ],
  "totalTimelineDuration": 22.999999999999947,
  "videoDuration": 358.561667,
  "textEdits": [],
  "fadeEdits": []
}
[17:55:46.898] [DATA] [timeline-build] timeline constructed
{
  "baseClips": [
    {
      "id": "base-clip",
      "start": 0,
      "end": 358.561667,
      "dur": 358.561667
    }
  ],
  "resultClips": [
    {
      "id": "base-clip",
      "start": 0,
      "end": 358.561667,
      "timelineStart": 0,
      "displayDuration": 358.561667,
      "playbackRate": 1
    }
  ],
  "totalTimelineDuration": 358.561667,
  "videoDuration": 358.561667,
  "textEdits": [],
  "fadeEdits": []
}
[17:56:27.597] [DATA] [timeline-build] timeline constructed
{
  "baseClips": [
    {
      "id": "base-clip",
      "start": 0,
      "end": 358.561667,
      "dur": 358.561667
    }
  ],
  "resultClips": [
    {
      "id": "base-clip",
      "start": 0,
      "end": 358.561667,
      "timelineStart": 0,
      "displayDuration": 358.561667,
      "playbackRate": 1
    }
  ],
  "totalTimelineDuration": 358.561667,
  "videoDuration": 358.561667,
  "textEdits": [],
  "fadeEdits": []
}
