[18:34:02.621] [INFO] [analyze] start
{
  "name": "2æ12æ¥.mov",
  "size": 18127869,
  "duration": 15.766667,
  "pe": "短视频剪辑产品经理（PE）",
  "request": "识别视频中鸡蛋被捣碎的时间起始点，速度变成 2X",
  "engine": "auto"
}
[18:34:18.916] [DATA] [analyze] debugTimeline
[
  {
    "time": "2026-03-13T10:34:02.621Z",
    "role": "system",
    "level": "info",
    "message": "收到识别请求",
    "data": {
      "name": "2æ12æ¥.mov",
      "size": 18127869,
      "duration": 15.766667,
      "pe": "短视频剪辑产品经理（PE）",
      "request": "识别视频中鸡蛋被捣碎的时间起始点，速度变成 2X",
      "engine": "auto"
    }
  },
  {
    "round": 1,
    "thought": "用户要求识别视频中鸡蛋被捣碎的时间点，并将其速度调整为2X。这需要分析视频内容以定位该事件。我将使用 `analyze_video` 工具来寻找“鸡蛋被捣碎”的片段。",
    "action": "analyze_video(query='eggs being mashed')",
    "observation": {
      "events": 6,
      "description": "视频展示了制作鸡蛋沙拉三明治的过程，从将煮熟的鸡蛋与蛋黄酱混合捣碎，到切片并烘烤大块面包。"
    }
  },
  {
    "round": 2,
    "thought": "视频分析结果显示，鸡蛋被捣碎的片段在3秒到8.7秒之间。我将使用 `adjust_speed` 工具将这段视频的速度调整为2倍。"
  },
  {
    "time": "2026-03-13T10:34:18.916Z",
    "role": "system",
    "level": "info",
    "message": "识别完成",
    "data": {
      "source": "agent-loop",
      "edits": 1
    }
  }
]
[18:34:18.917] [DATA] [analyze] result.features
{
  "duration": 15.766667,
  "segmentCount": 0,
  "segments": [],
  "keyframes": [],
  "rhythmScore": 0,
  "events": [
    {
      "label": "将煮熟的鸡蛋倒入金属碗中",
      "start": 0,
      "end": 0.9,
      "confidence": 0.95
    },
    {
      "label": "在鸡蛋上挤入大量蛋黄酱",
      "start": 0.9,
      "end": 3,
      "confidence": 0.9
    },
    {
      "label": "用工具将鸡蛋和蛋黄酱捣碎混合",
      "start": 3,
      "end": 8.7,
      "confidence": 0.98
    },
    {
      "label": "一位女士将一大块面包放在砧板上",
      "start": 8.7,
      "end": 10.9,
      "confidence": 0.9
    },
    {
      "label": "将大块面包切成厚片",
      "start": 10.9,
      "end": 14.4,
      "confidence": 0.95
    },
    {
      "label": "将面包片放入烤箱烘烤",
      "start": 14.4,
      "end": 15.7,
      "confidence": 0.9
    }
  ],
  "edits": [
    {
      "type": "speed",
      "start": 3,
      "end": 8.7,
      "rate": 2
    }
  ],
  "summary": "已将视频中鸡蛋被捣碎的片段（3秒至8.7秒）速度调整为2倍。",
  "agentSteps": [
    {
      "round": 1,
      "thought": "用户要求识别视频中鸡蛋被捣碎的时间点，并将其速度调整为2X。这需要分析视频内容以定位该事件。我将使用 `analyze_video` 工具来寻找“鸡蛋被捣碎”的片段。",
      "action": "analyze_video(query='eggs being mashed')",
      "observation": {
        "events": 6,
        "description": "视频展示了制作鸡蛋沙拉三明治的过程，从将煮熟的鸡蛋与蛋黄酱混合捣碎，到切片并烘烤大块面包。"
      }
    },
    {
      "round": 2,
      "thought": "视频分析结果显示，鸡蛋被捣碎的片段在3秒到8.7秒之间。我将使用 `adjust_speed` 工具将这段视频的速度调整为2倍。"
    }
  ],
  "performance": {
    "totalTime": "16.3s",
    "rounds": 2,
    "tokensIn": 11885,
    "tokensOut": 948,
    "totalTokens": 12833,
    "cost": "$0.0133",
    "orchestratorCalls": 2,
    "videoAnalysisCalls": 1
  }
}
[18:34:18.917] [INFO] [analyze] done
{
  "source": "agent-loop",
  "segmentCount": 0,
  "events": 6,
  "edits": 1
}
[18:34:18.918] [DATA] [analyze] rawResponse
"{\n  \"thought\": \"视频分析结果显示，鸡蛋被捣碎的片段在3秒到8.7秒之间。我将使用 `adjust_speed` 工具将这段视频的速度调整为2倍。\",\n  \"final_answer\": \"已将视频中鸡蛋被捣碎的片段（3秒至8.7秒）速度调整为2倍。\",\n  \"summary\": \"视频展示了制作鸡蛋沙拉三明治的过程，从将煮熟的鸡蛋与蛋黄酱混合捣碎，到切片并烘烤大块面包。\",\n  \"segments\": [],\n  \"events\": [\n    {\n      \"label\": \"将煮熟的鸡蛋倒入金属碗中\",\n      \"start\": 0.0,\n      \"end\": 0.9,\n      \"confidence\": 0.95\n    },\n    {\n      \"label\": \"在鸡蛋上挤入大量蛋黄酱\",\n      \"start\": 0.9,\n      \"end\": 3.0,\n      \"confidence\": 0.9\n    },\n    {\n      \"label\": \"用工具将鸡蛋和蛋黄酱捣碎混合\",\n      \"start\": 3.0,\n      \"end\": 8.7,\n      \"confidence\": 0.98\n    },\n    {\n      \"label\": \"一位女士将一大块面包放在砧板上\",\n      \"start\": 8.7,\n      \"end\": 10.9,\n      \"confidence\": 0.9\n    },\n    {\n      \"label\": \"将大块面包切成厚片\",\n      \"start\": 10.9,\n      \"end\": 14.4,\n      \"confidence\": 0.95\n    },\n    {\n      \"label\": \"将面包片放入烤箱烘烤\",\n      \"start\": 14.4,\n      \"end\": 15.7,\n      \"confidence\": 0.9\n    }\n  ],\n  \"edits\": [\n    {\n      \"type\": \"speed\",\n      \"start\": 3.0,\n      \"end\": 8.7,\n      \"rate\": 2.0\n    }\n  ]\n}"
[18:34:18.929] [DATA] [timeline-build] timeline constructed
{
  "baseClips": [],
  "resultClips": [
    {
      "id": "split-0.00-3.00",
      "start": 0,
      "end": 3,
      "timelineStart": 0,
      "displayDuration": 3,
      "playbackRate": 1
    },
    {
      "id": "split-3.00-8.70",
      "start": 3,
      "end": 8.7,
      "timelineStart": 3,
      "displayDuration": 2.8499999999999996,
      "playbackRate": 2
    },
    {
      "id": "split-8.70-15.77",
      "start": 8.7,
      "end": 15.766667,
      "timelineStart": 5.85,
      "displayDuration": 7.066667000000001,
      "playbackRate": 1
    }
  ],
  "totalTimelineDuration": 12.916667,
  "videoDuration": 15.766667,
  "textEdits": [],
  "fadeEdits": []
}
