[21:46:54.365] [INFO] [analyze] start
{
  "name": "1E2C715E-421C-4E90-9929-83902DBC8ED7_edited.mp4",
  "size": 27512376,
  "duration": 54.466667,
  "pe": "短视频剪辑产品经理（PE）",
  "request": "做成一个 vlog 的视频，配点文字，把鸡蛋捣碎的过程加速一下，整体视频控制在 30S",
  "engine": "auto"
}
[21:47:16.248] [ERROR] [analyze] error
{
  "message": "TypeError [ERR_INVALID_ARG_TYPE]: The \"data\" argument must be of type string or an instance of Buffer, TypedArray, or DataView. Received undefined",
  "stack": "TypeError [ERR_INVALID_ARG_TYPE]: The \"data\" argument must be of type string or an instance of Buffer, TypedArray, or DataView. Received undefined\n    at Object.writeFileSync (node:fs:2406:5)\n    at prepareGeminiUpload (file:///Users/bytedance/Documents/trae_projects/re-act/server/providers/geminiProvider.js:49:10)\n    at runAgentLoop (file:///Users/bytedance/Documents/trae_projects/re-act/server/providers/agentLoop.js:236:21)\n    at process.processTicksAndRejections (node:internal/process/task_queues:104:5)\n    at async file:///Users/bytedance/Documents/trae_projects/re-act/server/index.js:356:18"
}
[21:47:30.120] [DATA] [timeline-build] timeline constructed
{
  "baseClips": [
    {
      "id": "base-clip",
      "start": 0,
      "end": 54.466667,
      "dur": 54.466667
    }
  ],
  "resultClips": [
    {
      "id": "base-clip",
      "start": 0,
      "end": 54.466667,
      "timelineStart": 0,
      "displayDuration": 54.466667,
      "playbackRate": 1
    }
  ],
  "totalTimelineDuration": 54.466667,
  "videoDuration": 54.466667,
  "textEdits": [],
  "fadeEdits": []
}
[21:47:41.734] [DATA] [timeline-build] timeline constructed
{
  "baseClips": [
    {
      "id": "base-clip",
      "start": 0,
      "end": 54.466667,
      "dur": 54.466667
    }
  ],
  "resultClips": [
    {
      "id": "base-clip",
      "start": 0,
      "end": 54.466667,
      "timelineStart": 0,
      "displayDuration": 54.466667,
      "playbackRate": 1
    }
  ],
  "totalTimelineDuration": 54.466667,
  "videoDuration": 54.466667,
  "textEdits": [],
  "fadeEdits": []
}
