[20:12:34.478] [INFO] [analyze] start
{
  "name": "IMG_5962_edited.mp4",
  "size": 16664237,
  "duration": 32.002,
  "pe": "短视频剪辑产品经理（PE）",
  "request": "找出视频中穿白色球衣的球员进球的片段，保留这些片段，其它都去掉\r\n",
  "engine": "auto"
}
[20:12:46.026] [DATA] [timeline-build] timeline constructed
{
  "baseClips": [
    {
      "id": "base-clip",
      "start": 0,
      "end": 32.002,
      "dur": 32.002
    }
  ],
  "resultClips": [
    {
      "id": "base-clip",
      "start": 0,
      "end": 32.002,
      "timelineStart": 0,
      "displayDuration": 32.002,
      "playbackRate": 1
    }
  ],
  "totalTimelineDuration": 32.002,
  "videoDuration": 32.002,
  "textEdits": [],
  "fadeEdits": []
}
[20:12:54.430] [DATA] [timeline-build] timeline constructed
{
  "baseClips": [
    {
      "id": "base-clip",
      "start": 0,
      "end": 32.002,
      "dur": 32.002
    }
  ],
  "resultClips": [
    {
      "id": "base-clip",
      "start": 0,
      "end": 32.002,
      "timelineStart": 0,
      "displayDuration": 32.002,
      "playbackRate": 1
    }
  ],
  "totalTimelineDuration": 32.002,
  "videoDuration": 32.002,
  "textEdits": [],
  "fadeEdits": []
}
[20:13:15.183] [DATA] [analyze] debugTimeline
[
  {
    "time": "2026-03-15T12:12:34.478Z",
    "role": "system",
    "level": "info",
    "message": "收到识别请求",
    "data": {
      "name": "IMG_5962_edited.mp4",
      "size": 16664237,
      "duration": 32.002,
      "pe": "短视频剪辑产品经理（PE）",
      "request": "找出视频中穿白色球衣的球员进球的片段，保留这些片段，其它都去掉\r\n",
      "engine": "auto"
    }
  },
  {
    "round": 1,
    "thought": "用户要求找出视频中穿白色球衣的球员进球的片段，并保留这些片段。这需要对视频内容进行分析以识别球衣颜色和进球事件。因此，我将调用 `analyze_video` 工具并明确指定查询内容。",
    "action": "analyze_video(query='identify goals by players in white jerseys and their surrounding context')",
    "observation": {
      "events": 3,
      "description": "视频记录了一场室内一对一篮球比赛，其中身穿白色23号球衣的球员展示了多样的进攻技巧并成功得分。"
    }
  },
  {
    "round": 2,
    "thought": "我已经根据用户要求和视频分析结果，识别出穿白色球衣球员的三个进球片段。我将根据“高潮时刻的完整性原则”和“节奏分类与时长控制”原则，为每个进球片段扩展其蓄力期和反应期，确保每个片段的完整性和适当的时长。最后，我将输出这些精修后的片段。"
  },
  {
    "time": "2026-03-15T12:13:15.183Z",
    "role": "system",
    "level": "info",
    "message": "识别完成",
    "data": {
      "source": "agent-loop-auto",
      "edits": 0
    }
  }
]
[20:13:15.183] [DATA] [analyze] result.features
{
  "duration": 32.002,
  "segmentCount": 3,
  "segments": [
    {
      "id": "0.00-4.50",
      "start": 0,
      "end": 4.5,
      "duration": 4.5,
      "energy": 0.95,
      "label": "白色23号球员后撤步跳投命中",
      "tags": {}
    },
    {
      "id": "4.40-9.50",
      "start": 4.4,
      "end": 9.5,
      "duration": 5.1,
      "energy": 0.95,
      "label": "白色23号球员远投命中",
      "tags": {}
    },
    {
      "id": "18.70-24.50",
      "start": 18.7,
      "end": 24.5,
      "duration": 5.800000000000001,
      "energy": 0.95,
      "label": "白色23号球员运球突破上篮得分",
      "tags": {}
    }
  ],
  "keyframes": [
    {
      "time": 2.25,
      "energy": 0.95
    },
    {
      "time": 6.95,
      "energy": 0.95
    },
    {
      "time": 21.6,
      "energy": 0.95
    }
  ],
  "rhythmScore": 0.95,
  "events": [],
  "edits": [],
  "summary": "已为您剪辑出视频中穿白色球衣球员的全部3个精彩进球片段，并确保了每个高潮时刻的完整性，总时长约15秒。",
  "agentSteps": [
    {
      "round": 1,
      "thought": "用户要求找出视频中穿白色球衣的球员进球的片段，并保留这些片段。这需要对视频内容进行分析以识别球衣颜色和进球事件。因此，我将调用 `analyze_video` 工具并明确指定查询内容。",
      "action": "analyze_video(query='identify goals by players in white jerseys and their surrounding context')",
      "observation": {
        "events": 3,
        "description": "视频记录了一场室内一对一篮球比赛，其中身穿白色23号球衣的球员展示了多样的进攻技巧并成功得分。"
      }
    },
    {
      "round": 2,
      "thought": "我已经根据用户要求和视频分析结果，识别出穿白色球衣球员的三个进球片段。我将根据“高潮时刻的完整性原则”和“节奏分类与时长控制”原则，为每个进球片段扩展其蓄力期和反应期，确保每个片段的完整性和适当的时长。最后，我将输出这些精修后的片段。"
    }
  ],
  "performance": {
    "totalTime": "40.7s",
    "rounds": 2,
    "tokensIn": 16658,
    "tokensOut": 684,
    "totalTokens": 17342,
    "cost": "$0.0176",
    "orchestratorCalls": 2,
    "videoAnalysisCalls": 1
  }
}
[20:13:15.183] [INFO] [analyze] done
{
  "source": "agent-loop-auto",
  "segmentCount": 3,
  "events": 0,
  "edits": 0
}
[20:13:15.184] [DATA] [analyze] rawResponse
"{\n  \"thought\": \"我已经根据用户要求和视频分析结果，识别出穿白色球衣球员的三个进球片段。我将根据“高潮时刻的完整性原则”和“节奏分类与时长控制”原则，为每个进球片段扩展其蓄力期和反应期，确保每个片段的完整性和适当的时长。最后，我将输出这些精修后的片段。\",\n  \"final_answer\": \"已为您剪辑出视频中穿白色球衣球员的全部3个精彩进球片段，并确保了每个高潮时刻的完整性，总时长约15秒。\",\n  \"summary\": \"视频中穿白色23号球衣的球员在室内一对一篮球赛中三次成功得分的集锦，展示了后撤步跳投、远投和运球突破上篮的技巧。\",\n  \"segments\": [\n    {\n      \"start\": 0.0,\n      \"end\": 4.5,\n      \"energy\": 0.95,\n      \"label\": \"白色23号球员后撤步跳投命中\"\n    },\n    {\n      \"start\": 4.4,\n      \"end\": 9.5,\n      \"energy\": 0.95,\n      \"label\": \"白色23号球员远投命中\"\n    },\n    {\n      \"start\": 18.7,\n      \"end\": 24.5,\n      \"energy\": 0.95,\n      \"label\": \"白色23号球员运球突破上篮得分\"\n    }\n  ],\n  \"events\": [],\n  \"edits\": []\n}"
