[17:35:33.254] [INFO] [analyze] start
{
  "name": "1E2C715E-421C-4E90-9929-83902DBC8ED7.mov",
  "size": 39345775,
  "duration": 57.538005,
  "pe": "短视频剪辑产品经理（PE）",
  "request": "做成一个 vlog 的视频，配点文字，把鸡蛋捣碎的过程加速一下，整体视频控制在 30S",
  "engine": "auto"
}
[17:36:35.135] [DATA] [analyze] debugTimeline
[
  {
    "time": "2026-03-16T09:35:33.254Z",
    "role": "system",
    "level": "info",
    "message": "收到识别请求",
    "data": {
      "name": "1E2C715E-421C-4E90-9929-83902DBC8ED7.mov",
      "size": 39345775,
      "duration": 57.538005,
      "pe": "短视频剪辑产品经理（PE）",
      "request": "做成一个 vlog 的视频，配点文字，把鸡蛋捣碎的过程加速一下，整体视频控制在 30S",
      "engine": "auto"
    }
  },
  {
    "round": 1,
    "thought": "用户要求制作一个 vlog，并提到要加速“鸡蛋捣碎的过程”，同时将视频总时长控制在 30 秒内，并配上文字。为了满足这些要求，我需要先分析视频内容，找出关键事件，特别是“鸡蛋捣碎的过程”，以及其他适合 vlog 的亮点。然后，我将根据分析结果和 30 秒的时长限制，规划剪辑点，进行加速处理，并选择合适的时机添加文字。",
    "action": "analyze_video(\"vlog content, focusing on cooking steps and highlights, specifically the egg crushing process\")",
    "observation": {
      "events": 7,
      "description": "视频展示了制作超大份鸡蛋沙拉厚吐司的全过程，从捣碎鸡蛋、烘烤面包到最终铺满鸡蛋沙拉并挤上酱汁。"
    }
  },
  {
    "round": 2,
    "thought": "用户要求制作一个 vlog，包括文字和加速鸡蛋捣碎的过程，并将总时长控制在 30 秒内。我已经分析了视频内容，识别出鸡蛋捣碎（0-9.7s）是第一个关键事件，并确定了其他几个适合保留的关键步骤。为了达到 30 秒的总时长，我将对鸡蛋捣碎过程进行 2 倍加速，并精简掉其他冗余或过渡片段，保留核心的制作步骤。文字将添加在视频的关键时刻，背景音乐将提升 vlog 氛围。所有编辑操作将确保内容连贯性。"
  },
  {
    "time": "2026-03-16T09:36:35.134Z",
    "role": "system",
    "level": "info",
    "message": "识别完成",
    "data": {
      "source": "agent-loop-auto",
      "engine": "auto",
      "edits": 11
    }
  }
]
[17:36:35.135] [DATA] [analyze] result.features
{
  "duration": 57.538005,
  "segmentCount": 6,
  "segments": [
    {
      "id": "0.00-4.85",
      "start": 0,
      "end": 4.85,
      "duration": 4.85,
      "energy": 0.7,
      "label": "加速捣碎鸡蛋沙拉",
      "tags": {}
    },
    {
      "id": "4.85-6.85",
      "start": 4.85,
      "end": 6.85,
      "duration": 2,
      "energy": 0.6,
      "label": "切下巨无霸厚吐司",
      "tags": {}
    },
    {
      "id": "6.85-9.45",
      "start": 6.85,
      "end": 9.45,
      "duration": 2.5999999999999996,
      "energy": 0.7,
      "label": "厚吐司初次烘烤",
      "tags": {}
    },
    {
      "id": "9.45-14.45",
      "start": 9.45,
      "end": 14.45,
      "duration": 5,
      "energy": 0.7,
      "label": "面包切格涂黄油再烤",
      "tags": {}
    },
    {
      "id": "14.45-20.45",
      "start": 14.45,
      "end": 20.45,
      "duration": 6,
      "energy": 0.8,
      "label": "堆满鸡蛋沙拉",
      "tags": {}
    },
    {
      "id": "20.45-25.35",
      "start": 20.45,
      "end": 25.35,
      "duration": 4.900000000000002,
      "energy": 0.9,
      "label": "成品挤酱展示",
      "tags": {}
    }
  ],
  "keyframes": [
    {
      "time": 2.42,
      "energy": 0.7
    },
    {
      "time": 5.85,
      "energy": 0.6
    },
    {
      "time": 8.15,
      "energy": 0.7
    },
    {
      "time": 11.95,
      "energy": 0.7
    },
    {
      "time": 17.45,
      "energy": 0.8
    },
    {
      "time": 22.9,
      "energy": 0.9
    }
  ],
  "rhythmScore": 0.73,
  "events": [
    {
      "label": "将煮熟的鸡蛋放入碗中，挤上蛋黄酱并用工具捣碎混合",
      "start": 0,
      "end": 9.7,
      "confidence": 0.95
    },
    {
      "label": "从一个巨大的面包上切下厚厚的一片",
      "start": 9.8,
      "end": 14.6,
      "confidence": 0.9
    },
    {
      "label": "将厚面包片放入烤箱烘烤至金黄色",
      "start": 14.7,
      "end": 22.6,
      "confidence": 0.95
    },
    {
      "label": "用刀刮掉面包片上轻微烤焦的部分",
      "start": 22.7,
      "end": 27.8,
      "confidence": 0.9
    },
    {
      "label": "在面包片上切出格子状，涂抹黄油后再次烘烤",
      "start": 27.9,
      "end": 37.8,
      "confidence": 0.9
    },
    {
      "label": "将大量鸡蛋沙拉堆在烤好的面包片上",
      "start": 37.9,
      "end": 50.7,
      "confidence": 0.95
    },
    {
      "label": "在成品上挤上番茄酱并展示",
      "start": 50.8,
      "end": 55.7,
      "confidence": 0.95
    }
  ],
  "edits": [
    {
      "type": "speed",
      "start": 0,
      "end": 9.7,
      "rate": 2
    },
    {
      "type": "delete",
      "start": 9.7,
      "end": 12
    },
    {
      "type": "delete",
      "start": 14,
      "end": 20
    },
    {
      "type": "delete",
      "start": 22.6,
      "end": 28.5
    },
    {
      "type": "delete",
      "start": 33.5,
      "end": 40
    },
    {
      "type": "delete",
      "start": 46,
      "end": 50.8
    },
    {
      "type": "delete",
      "start": 55.7,
      "end": 57.538005
    },
    {
      "type": "text",
      "start": 0.5,
      "end": 4,
      "text": "巨无霸鸡蛋沙拉厚吐司",
      "position": "top"
    },
    {
      "type": "text",
      "start": 15,
      "end": 19,
      "text": "料多到溢出来啦！",
      "position": "bottom"
    },
    {
      "type": "text",
      "start": 21,
      "end": 24.5,
      "text": "一份就饱的幸福感",
      "position": "bottom"
    },
    {
      "type": "bgm",
      "start": 0,
      "end": 57.538005,
      "keywords": "upbeat pop",
      "volume": 0.3
    }
  ],
  "summary": "好的，这是根据您的要求剪辑的 Vlog 视频草稿，加速了鸡蛋捣碎过程，并配有文字和背景音乐，总时长控制在约 25 秒。",
  "agentSteps": [
    {
      "round": 1,
      "thought": "用户要求制作一个 vlog，并提到要加速“鸡蛋捣碎的过程”，同时将视频总时长控制在 30 秒内，并配上文字。为了满足这些要求，我需要先分析视频内容，找出关键事件，特别是“鸡蛋捣碎的过程”，以及其他适合 vlog 的亮点。然后，我将根据分析结果和 30 秒的时长限制，规划剪辑点，进行加速处理，并选择合适的时机添加文字。",
      "action": "analyze_video(\"vlog content, focusing on cooking steps and highlights, specifically the egg crushing process\")",
      "observation": {
        "events": 7,
        "description": "视频展示了制作超大份鸡蛋沙拉厚吐司的全过程，从捣碎鸡蛋、烘烤面包到最终铺满鸡蛋沙拉并挤上酱汁。"
      }
    },
    {
      "round": 2,
      "thought": "用户要求制作一个 vlog，包括文字和加速鸡蛋捣碎的过程，并将总时长控制在 30 秒内。我已经分析了视频内容，识别出鸡蛋捣碎（0-9.7s）是第一个关键事件，并确定了其他几个适合保留的关键步骤。为了达到 30 秒的总时长，我将对鸡蛋捣碎过程进行 2 倍加速，并精简掉其他冗余或过渡片段，保留核心的制作步骤。文字将添加在视频的关键时刻，背景音乐将提升 vlog 氛围。所有编辑操作将确保内容连贯性。"
    }
  ],
  "performance": {
    "totalTime": "61.9s",
    "rounds": 2,
    "tokensIn": 25023,
    "tokensOut": 2033,
    "totalTokens": 27056,
    "cost": "$0.0325",
    "orchestratorCalls": 2,
    "videoAnalysisCalls": 1
  }
}
[17:36:35.136] [INFO] [analyze] done
{
  "source": "agent-loop-auto",
  "segmentCount": 6,
  "events": 7,
  "edits": 11
}
[17:37:00.827] [DATA] [analyze] rawResponse
"{\n  \"thought\": \"用户要求制作一个 vlog，包括文字和加速鸡蛋捣碎的过程，并将总时长控制在 30 秒内。我已经分析了视频内容，识别出鸡蛋捣碎（0-9.7s）是第一个关键事件，并确定了其他几个适合保留的关键步骤。为了达到 30 秒的总时长，我将对鸡蛋捣碎过程进行 2 倍加速，并精简掉其他冗余或过渡片段，保留核心的制作步骤。文字将添加在视频的关键时刻，背景音乐将提升 vlog 氛围。所有编辑操作将确保内容连贯性。\",\n  \"final_answer\": \"好的，这是根据您的要求剪辑的 Vlog 视频草稿，加速了鸡蛋捣碎过程，并配有文字和背景音乐，总时长控制在约 25 秒。\",\n  \"summary\": \"制作超大份鸡蛋沙拉厚吐司的Vlog，通过加速鸡蛋捣碎过程并精简其他步骤，将视频浓缩至约25秒，并配有文字说明和背景音乐。\",\n  \"segments\": [\n    {\n      \"start\": 0.0,\n      \"end\": 4.85,\n      \"energy\": 0.7,\n      \"label\": \"加速捣碎鸡蛋沙拉\"\n    },\n    {\n      \"start\": 4.85,\n      \"end\": 6.85,\n      \"energy\": 0.6,\n      \"label\": \"切下巨无霸厚吐司\"\n    },\n    {\n      \"start\": 6.85,\n      \"end\": 9.45,\n      \"energy\": 0.7,\n      \"label\": \"厚吐司初次烘烤\"\n    },\n    {\n      \"start\": 9.45,\n      \"end\": 14.45,\n      \"energy\": 0.7,\n      \"label\": \"面包切格涂黄油再烤\"\n    },\n    {\n      \"start\": 14.45,\n      \"end\": 20.45,\n      \"energy\": 0.8,\n      \"label\": \"堆满鸡蛋沙拉\"\n    },\n    {\n      \"start\": 20.45,\n      \"end\": 25.35,\n      \"energy\": 0.9,\n      \"label\": \"成品挤酱展示\"\n    }\n  ],\n  \"events\": [\n    {\n      \"label\": \"将煮熟的鸡蛋放入碗中，挤上蛋黄酱并用工具捣碎混合\",\n      \"start\": 0.0,\n      \"end\": 9.7,\n      \"confidence\": 0.95\n    },\n    {\n      \"label\": \"从一个巨大的面包上切下厚厚的一片\",\n      \"start\": 9.8,\n      \"end\": 14.6,\n      \"confidence\": 0.9\n    },\n    {\n      \"label\": \"将厚面包片放入烤箱烘烤至金黄色\",\n      \"start\": 14.7,\n      \"end\": 22.6,\n      \"confidence\": 0.95\n    },\n    {\n      \"label\": \"用刀刮掉面包片上轻微烤焦的部分\",\n      \"start\": 22.7,\n      \"end\": 27.8,\n      \"confidence\": 0.9\n    },\n    {\n      \"label\": \"在面包片上切出格子状，涂抹黄油后再次烘烤\",\n      \"start\": 27.9,\n      \"end\": 37.8,\n      \"confidence\": 0.9\n    },\n    {\n      \"label\": \"将大量鸡蛋沙拉堆在烤好的面包片上\",\n      \"start\": 37.9,\n      \"end\": 50.7,\n      \"confidence\": 0.95\n    },\n    {\n      \"label\": \"在成品上挤上番茄酱并展示\",\n      \"start\": 50.8,\n      \"end\": 55.7,\n      \"confidence\": 0.95\n    }\n  ],\n  \"edits\": [\n    {\n      \"type\": \"speed\",\n      \"start\": 0.0,\n      \"end\": 9.7,\n      \"rate\": 2.0\n    },\n    {\n      \"type\": \"delete\",\n      \"start\": 9.7,\n      \"end\": 12.0\n    },\n    {\n      \"type\": \"delete\",\n      \"start\": 14.0,\n      \"end\": 20.0\n    },\n    {\n      \"type\": \"delete\",\n      \"start\": 22.6,\n      \"end\": 28.5\n    },\n    {\n      \"type\": \"delete\",\n      \"start\": 33.5,\n      \"end\": 40.0\n    },\n    {\n      \"type\": \"delete\",\n      \"start\": 46.0,\n      \"end\": 50.8\n    },\n    {\n      \"type\": \"delete\",\n      \"start\": 55.7,\n      \"end\": 57.538005\n    },\n    {\n      \"type\": \"text\",\n      \"start\": 0.5,\n      \"end\": 4.0,\n      \"text\": \"巨无霸鸡蛋沙拉厚吐司\",\n      \"position\": \"top\"\n    },\n    {\n      \"type\": \"text\",\n      \"start\": 15.0,\n      \"end\": 19.0,\n      \"text\": \"料多到溢出来啦！\",\n      \"position\": \"bottom\"\n    },\n    {\n      \"type\": \"text\",\n      \"start\": 21.0,\n      \"end\": 24.5,\n      \"text\": \"一份就饱的幸福感\",\n      \"position\": \"bottom\"\n    },\n    {\n      \"type\": \"bgm\",\n      \"keywords\": \"upbeat pop\",\n      \"volume\": 0.3\n    }\n  ]\n}"
[17:37:00.837] [DATA] [timeline-build] timeline constructed
{
  "baseClips": [
    {
      "id": "base-clip",
      "start": 0,
      "end": 57.538005,
      "dur": 57.538005
    }
  ],
  "resultClips": [
    {
      "id": "split-0.00-9.70",
      "start": 0,
      "end": 9.7,
      "timelineStart": 0,
      "displayDuration": 4.85,
      "playbackRate": 2
    },
    {
      "id": "split-12.00-14.00",
      "start": 12,
      "end": 14,
      "timelineStart": 4.85,
      "displayDuration": 2,
      "playbackRate": 1
    },
    {
      "id": "split-20.00-22.60",
      "start": 20,
      "end": 22.6,
      "timelineStart": 6.85,
      "displayDuration": 2.6000000000000014,
      "playbackRate": 1
    },
    {
      "id": "split-28.50-33.50",
      "start": 28.5,
      "end": 33.5,
      "timelineStart": 9.450000000000001,
      "displayDuration": 5,
      "playbackRate": 1
    },
    {
      "id": "split-40.00-46.00",
      "start": 40,
      "end": 46,
      "timelineStart": 14.450000000000001,
      "displayDuration": 6,
      "playbackRate": 1
    },
    {
      "id": "split-50.80-55.70",
      "start": 50.8,
      "end": 55.7,
      "timelineStart": 20.450000000000003,
      "displayDuration": 4.900000000000006,
      "playbackRate": 1
    }
  ],
  "totalTimelineDuration": 25.35000000000001,
  "videoDuration": 57.538005,
  "textEdits": [
    {
      "type": "text",
      "start": 0.5,
      "end": 4,
      "text": "巨无霸鸡蛋沙拉厚吐司",
      "position": "top",
      "timelineStart": 0.25,
      "timelineEnd": 2
    },
    {
      "type": "text",
      "start": 15,
      "end": 19,
      "text": "料多到溢出来啦！",
      "position": "bottom",
      "timelineStart": 15,
      "timelineEnd": 19
    },
    {
      "type": "text",
      "start": 21,
      "end": 24.5,
      "text": "一份就饱的幸福感",
      "position": "bottom",
      "timelineStart": 7.85,
      "timelineEnd": 24.5
    }
  ],
  "fadeEdits": []
}
[17:46:42.105] [DATA] [timeline-build] timeline constructed
{
  "baseClips": [
    {
      "id": "base-clip",
      "start": 0,
      "end": 57.538005,
      "dur": 57.538005
    }
  ],
  "resultClips": [
    {
      "id": "base-clip",
      "start": 0,
      "end": 57.538005,
      "timelineStart": 0,
      "displayDuration": 57.538005,
      "playbackRate": 1
    }
  ],
  "totalTimelineDuration": 57.538005,
  "videoDuration": 57.538005,
  "textEdits": [],
  "fadeEdits": []
}
[17:47:02.166] [DATA] [timeline-build] timeline constructed
{
  "baseClips": [
    {
      "id": "base-clip",
      "start": 0,
      "end": 57.538005,
      "dur": 57.538005
    }
  ],
  "resultClips": [
    {
      "id": "base-clip",
      "start": 0,
      "end": 57.538005,
      "timelineStart": 0,
      "displayDuration": 57.538005,
      "playbackRate": 1
    }
  ],
  "totalTimelineDuration": 57.538005,
  "videoDuration": 57.538005,
  "textEdits": [],
  "fadeEdits": []
}
