[01:04:18.574] [INFO] [analyze] start
{
  "name": "IMG_5962.MOV",
  "size": 394329811,
  "duration": 358.561667,
  "pe": "短视频剪辑产品经理（PE）",
  "request": "找出球员进球的片段，保留这些片段，注意要找出所有片段，不能漏掉，同时在确保球是彻底进了，不是只碰到篮筐又出来",
  "engine": "auto"
}
[01:06:28.131] [DATA] [analyze] debugTimeline
[
  {
    "time": "2026-03-15T17:04:18.574Z",
    "role": "system",
    "level": "info",
    "message": "收到识别请求",
    "data": {
      "name": "IMG_5962.MOV",
      "size": 394329811,
      "duration": 358.561667,
      "pe": "短视频剪辑产品经理（PE）",
      "request": "找出球员进球的片段，保留这些片段，注意要找出所有片段，不能漏掉，同时在确保球是彻底进了，不是只碰到篮筐又出来",
      "engine": "auto"
    }
  },
  {
    "round": 1,
    "thought": "用户要求找出视频中所有球员进球的片段，并强调是彻底进球。这需要对视频内容进行分析，因此我将使用 `analyze_video` 工具来识别这些事件。",
    "action": "analyze_video(query='彻底进球的片段，不能是碰到篮筐又出来的情况')",
    "observation": {
      "events": 8,
      "description": "视频中两名男子在室内篮球场进行一对一篮球比赛，期间多次进行攻防转换和投篮。"
    }
  },
  {
    "round": 2,
    "thought": "我已经根据用户要求，识别出了所有彻底进球的片段。根据视频剪辑原则中的“高潮时刻的完整性原则”，我为每个进球片段在前后各扩展了约1.5-2秒，以包含进球前的蓄力动作和进球后的反应，同时参考“节奏分类与时长控制”中篮球比赛（密集型内容）的节奏，确保每个片段时长在3-8秒之间。总共找到了8个进球片段。"
  },
  {
    "time": "2026-03-15T17:06:28.131Z",
    "role": "system",
    "level": "info",
    "message": "识别完成",
    "data": {
      "source": "agent-loop-auto",
      "engine": "auto",
      "edits": 0
    }
  }
]
[01:06:28.131] [DATA] [analyze] result.features
{
  "duration": 358.561667,
  "segmentCount": 8,
  "segments": [
    {
      "id": "10.30-15.50",
      "start": 10.3,
      "end": 15.5,
      "duration": 5.199999999999999,
      "energy": 0.8,
      "label": "黑衣男子跳投命中",
      "tags": {}
    },
    {
      "id": "43.00-48.00",
      "start": 43,
      "end": 48,
      "duration": 5,
      "energy": 0.8,
      "label": "白衣男子投篮命中",
      "tags": {}
    },
    {
      "id": "143.80-149.60",
      "start": 143.8,
      "end": 149.6,
      "duration": 5.799999999999983,
      "energy": 0.9,
      "label": "黑衣男子远投命中",
      "tags": {}
    },
    {
      "id": "171.30-176.70",
      "start": 171.3,
      "end": 176.7,
      "duration": 5.399999999999977,
      "energy": 0.9,
      "label": "白衣男子上篮得分",
      "tags": {}
    },
    {
      "id": "216.80-222.50",
      "start": 216.8,
      "end": 222.5,
      "duration": 5.699999999999989,
      "energy": 0.8,
      "label": "黑衣男子中投命中",
      "tags": {}
    },
    {
      "id": "241.40-246.60",
      "start": 241.4,
      "end": 246.6,
      "duration": 5.199999999999989,
      "energy": 0.9,
      "label": "白衣男子上篮得分",
      "tags": {}
    },
    {
      "id": "255.30-260.90",
      "start": 255.3,
      "end": 260.9,
      "duration": 5.599999999999966,
      "energy": 0.9,
      "label": "白衣男子突破上篮得分",
      "tags": {}
    },
    {
      "id": "330.90-337.30",
      "start": 330.9,
      "end": 337.3,
      "duration": 6.400000000000034,
      "energy": 0.9,
      "label": "黑衣男子远投三分命中",
      "tags": {}
    }
  ],
  "keyframes": [
    {
      "time": 12.9,
      "energy": 0.8
    },
    {
      "time": 45.5,
      "energy": 0.8
    },
    {
      "time": 146.7,
      "energy": 0.9
    },
    {
      "time": 174,
      "energy": 0.9
    },
    {
      "time": 219.65,
      "energy": 0.8
    },
    {
      "time": 244,
      "energy": 0.9
    },
    {
      "time": 258.1,
      "energy": 0.9
    },
    {
      "time": 334.1,
      "energy": 0.9
    }
  ],
  "rhythmScore": 0.86,
  "events": [
    {
      "label": "身穿黑色球衣的男子跳投命中",
      "start": 12.3,
      "end": 14,
      "confidence": 0.9
    },
    {
      "label": "身穿23号白色球衣的男子投篮命中",
      "start": 45,
      "end": 46.5,
      "confidence": 0.9
    },
    {
      "label": "身穿黑色球衣的男子远投命中",
      "start": 145.8,
      "end": 148.1,
      "confidence": 0.9
    },
    {
      "label": "身穿23号白色球衣的男子上篮得分",
      "start": 173.3,
      "end": 175.2,
      "confidence": 0.9
    },
    {
      "label": "身穿黑色球衣的男子中投命中",
      "start": 218.8,
      "end": 221,
      "confidence": 0.9
    },
    {
      "label": "身穿23号白色球衣的男子上篮得分",
      "start": 243.4,
      "end": 245.1,
      "confidence": 0.9
    },
    {
      "label": "身穿23号白色球衣的男子突破上篮得分",
      "start": 257.3,
      "end": 259.4,
      "confidence": 0.9
    },
    {
      "label": "身穿黑色球衣的男子远投三分命中",
      "start": 332.9,
      "end": 335.8,
      "confidence": 0.9
    }
  ],
  "edits": [],
  "summary": "我已经为您找到了视频中所有球员彻底进球的8个片段，并进行了剪辑，确保每个片段都包含了进球的完整过程。",
  "agentSteps": [
    {
      "round": 1,
      "thought": "用户要求找出视频中所有球员进球的片段，并强调是彻底进球。这需要对视频内容进行分析，因此我将使用 `analyze_video` 工具来识别这些事件。",
      "action": "analyze_video(query='彻底进球的片段，不能是碰到篮筐又出来的情况')",
      "observation": {
        "events": 8,
        "description": "视频中两名男子在室内篮球场进行一对一篮球比赛，期间多次进行攻防转换和投篮。"
      }
    },
    {
      "round": 2,
      "thought": "我已经根据用户要求，识别出了所有彻底进球的片段。根据视频剪辑原则中的“高潮时刻的完整性原则”，我为每个进球片段在前后各扩展了约1.5-2秒，以包含进球前的蓄力动作和进球后的反应，同时参考“节奏分类与时长控制”中篮球比赛（密集型内容）的节奏，确保每个片段时长在3-8秒之间。总共找到了8个进球片段。"
    }
  ],
  "performance": {
    "totalTime": "129.6s",
    "rounds": 2,
    "tokensIn": 113465,
    "tokensOut": 1662,
    "totalTokens": 115127,
    "cost": "$0.1428",
    "orchestratorCalls": 2,
    "videoAnalysisCalls": 1
  }
}
[01:06:28.132] [INFO] [analyze] done
{
  "source": "agent-loop-auto",
  "segmentCount": 8,
  "events": 8,
  "edits": 0
}
[01:06:28.133] [DATA] [analyze] rawResponse
"{\n  \"thought\": \"我已经根据用户要求，识别出了所有彻底进球的片段。根据视频剪辑原则中的“高潮时刻的完整性原则”，我为每个进球片段在前后各扩展了约1.5-2秒，以包含进球前的蓄力动作和进球后的反应，同时参考“节奏分类与时长控制”中篮球比赛（密集型内容）的节奏，确保每个片段时长在3-8秒之间。总共找到了8个进球片段。\",\n  \"final_answer\": \"我已经为您找到了视频中所有球员彻底进球的8个片段，并进行了剪辑，确保每个片段都包含了进球的完整过程。\",\n  \"summary\": \"视频中两名男子在室内篮球场进行一对一篮球比赛，期间的8个彻底进球片段被剪辑出来。\",\n  \"segments\": [\n    {\n      \"start\": 10.3,\n      \"end\": 15.5,\n      \"energy\": 0.8,\n      \"label\": \"黑衣男子跳投命中\"\n    },\n    {\n      \"start\": 43.0,\n      \"end\": 48.0,\n      \"energy\": 0.8,\n      \"label\": \"白衣男子投篮命中\"\n    },\n    {\n      \"start\": 143.8,\n      \"end\": 149.6,\n      \"energy\": 0.9,\n      \"label\": \"黑衣男子远投命中\"\n    },\n    {\n      \"start\": 171.3,\n      \"end\": 176.7,\n      \"energy\": 0.9,\n      \"label\": \"白衣男子上篮得分\"\n    },\n    {\n      \"start\": 216.8,\n      \"end\": 222.5,\n      \"energy\": 0.8,\n      \"label\": \"黑衣男子中投命中\"\n    },\n    {\n      \"start\": 241.4,\n      \"end\": 246.6,\n      \"energy\": 0.9,\n      \"label\": \"白衣男子上篮得分\"\n    },\n    {\n      \"start\": 255.3,\n      \"end\": 260.9,\n      \"energy\": 0.9,\n      \"label\": \"白衣男子突破上篮得分\"\n    },\n    {\n      \"start\": 330.9,\n      \"end\": 337.3,\n      \"energy\": 0.9,\n      \"label\": \"黑衣男子远投三分命中\"\n    }\n  ],\n  \"events\": [\n    {\n      \"label\": \"身穿黑色球衣的男子跳投命中\",\n      \"start\": 12.3,\n      \"end\": 14,\n      \"confidence\": 0.9\n    },\n    {\n      \"label\": \"身穿23号白色球衣的男子投篮命中\",\n      \"start\": 45,\n      \"end\": 46.5,\n      \"confidence\": 0.9\n    },\n    {\n      \"label\": \"身穿黑色球衣的男子远投命中\",\n      \"start\": 145.8,\n      \"end\": 148.1,\n      \"confidence\": 0.9\n    },\n    {\n      \"label\": \"身穿23号白色球衣的男子上篮得分\",\n      \"start\": 173.3,\n      \"end\": 175.2,\n      \"confidence\": 0.9\n    },\n    {\n      \"label\": \"身穿黑色球衣的男子中投命中\",\n      \"start\": 218.8,\n      \"end\": 221,\n      \"confidence\": 0.9\n    },\n    {\n      \"label\": \"身穿23号白色球衣的男子上篮得分\",\n      \"start\": 243.4,\n      \"end\": 245.1,\n      \"confidence\": 0.9\n    },\n    {\n      \"label\": \"身穿23号白色球衣的男子突破上篮得分\",\n      \"start\": 257.3,\n      \"end\": 259.4,\n      \"confidence\": 0.9\n    },\n    {\n      \"label\": \"身穿黑色球衣的男子远投三分命中\",\n      \"start\": 332.9,\n      \"end\": 335.8,\n      \"confidence\": 0.9\n    }\n  ],\n  \"edits\": []\n}"
[01:06:28.165] [DATA] [timeline-build] timeline constructed
{
  "baseClips": [
    {
      "id": "10.30-15.50",
      "start": 10.3,
      "end": 15.5,
      "dur": 5.199999999999999
    },
    {
      "id": "143.80-149.60",
      "start": 143.8,
      "end": 149.6,
      "dur": 5.799999999999983
    },
    {
      "id": "171.30-176.70",
      "start": 171.3,
      "end": 176.7,
      "dur": 5.399999999999977
    },
    {
      "id": "241.40-246.60",
      "start": 241.4,
      "end": 246.6,
      "dur": 5.199999999999989
    },
    {
      "id": "255.30-260.90",
      "start": 255.3,
      "end": 260.9,
      "dur": 5.599999999999966
    },
    {
      "id": "330.90-337.30",
      "start": 330.9,
      "end": 337.3,
      "dur": 6.400000000000034
    }
  ],
  "resultClips": [
    {
      "id": "10.30-15.50",
      "start": 10.3,
      "end": 15.5,
      "timelineStart": 0,
      "displayDuration": 5.199999999999999,
      "playbackRate": 1
    },
    {
      "id": "143.80-149.60",
      "start": 143.8,
      "end": 149.6,
      "timelineStart": 5.199999999999999,
      "displayDuration": 5.799999999999983,
      "playbackRate": 1
    },
    {
      "id": "171.30-176.70",
      "start": 171.3,
      "end": 176.7,
      "timelineStart": 10.999999999999982,
      "displayDuration": 5.399999999999977,
      "playbackRate": 1
    },
    {
      "id": "241.40-246.60",
      "start": 241.4,
      "end": 246.6,
      "timelineStart": 16.39999999999996,
      "displayDuration": 5.199999999999989,
      "playbackRate": 1
    },
    {
      "id": "255.30-260.90",
      "start": 255.3,
      "end": 260.9,
      "timelineStart": 21.599999999999948,
      "displayDuration": 5.599999999999966,
      "playbackRate": 1
    },
    {
      "id": "330.90-337.30",
      "start": 330.9,
      "end": 337.3,
      "timelineStart": 27.199999999999914,
      "displayDuration": 6.400000000000034,
      "playbackRate": 1
    }
  ],
  "totalTimelineDuration": 33.59999999999995,
  "videoDuration": 358.561667,
  "textEdits": [],
  "fadeEdits": []
}
