[00:23:50.801] [INFO] [analyze] start
{
  "name": "IMG_5962_edited.mp4",
  "size": 16664237,
  "duration": 32.002,
  "pe": "短视频剪辑产品经理（PE）",
  "request": "识别画面再根据识别到的内容添加一个适合的背景音乐 ",
  "engine": "auto"
}
[00:24:30.187] [DATA] [analyze] debugTimeline
[
  {
    "time": "2026-03-15T16:23:50.801Z",
    "role": "system",
    "level": "info",
    "message": "收到识别请求",
    "data": {
      "name": "IMG_5962_edited.mp4",
      "size": 16664237,
      "duration": 32.002,
      "pe": "短视频剪辑产品经理（PE）",
      "request": "识别画面再根据识别到的内容添加一个适合的背景音乐 ",
      "engine": "auto"
    }
  },
  {
    "round": 1,
    "thought": "用户要求识别画面内容并添加适合的背景音乐。我需要先分析视频内容以了解其主题或情感，从而选择合适的音乐。因此，我将调用 analyze_video 工具。",
    "action": "analyze_video()",
    "observation": {
      "events": 6,
      "description": "视频记录了两个男子在室内篮球场进行一对一单挑的几个回合，双方互有攻防，并多次投篮命中。"
    }
  },
  {
    "round": 2,
    "thought": "视频内容是篮球单挑，属于运动竞技类。为了营造紧张刺激、充满活力的氛围，我会选择\"upbeat sports\"风格的背景音乐，并将音量设置为0.3，以避免盖过可能的原声。"
  },
  {
    "time": "2026-03-15T16:24:30.187Z",
    "role": "system",
    "level": "info",
    "message": "识别完成",
    "data": {
      "source": "agent-loop-auto",
      "edits": 1
    }
  }
]
[00:24:30.187] [DATA] [analyze] result.features
{
  "duration": 32.002,
  "segmentCount": 0,
  "segments": [],
  "keyframes": [],
  "rhythmScore": 0,
  "events": [
    {
      "label": "身穿23号白色球衣的球员命中三分球",
      "start": 0,
      "end": 2.5,
      "confidence": 0.95
    },
    {
      "label": "身穿23号白色球衣的球员从远处将球抛入篮筐",
      "start": 5.8,
      "end": 8.1,
      "confidence": 0.9
    },
    {
      "label": "身穿黑色球衣的球员突破防守上篮得分",
      "start": 12,
      "end": 15.5,
      "confidence": 0.95
    },
    {
      "label": "身穿黑色球衣的球员脱下背心，露出里面的负重背心",
      "start": 17.6,
      "end": 19,
      "confidence": 0.9
    },
    {
      "label": "身穿23号白色球衣的球员突破防守上篮得分",
      "start": 20.7,
      "end": 23.1,
      "confidence": 0.95
    },
    {
      "label": "身穿黑色球衣的球员命中跳投",
      "start": 26,
      "end": 29.5,
      "confidence": 0.95
    }
  ],
  "edits": [
    {
      "type": "bgm",
      "start": 0,
      "end": 32.002,
      "keywords": "upbeat sports",
      "volume": 0.3
    }
  ],
  "summary": "我已经根据视频的篮球单挑内容，添加了一段充满活力的背景音乐。",
  "agentSteps": [
    {
      "round": 1,
      "thought": "用户要求识别画面内容并添加适合的背景音乐。我需要先分析视频内容以了解其主题或情感，从而选择合适的音乐。因此，我将调用 analyze_video 工具。",
      "action": "analyze_video()",
      "observation": {
        "events": 6,
        "description": "视频记录了两个男子在室内篮球场进行一对一单挑的几个回合，双方互有攻防，并多次投篮命中。"
      }
    },
    {
      "round": 2,
      "thought": "视频内容是篮球单挑，属于运动竞技类。为了营造紧张刺激、充满活力的氛围，我会选择\"upbeat sports\"风格的背景音乐，并将音量设置为0.3，以避免盖过可能的原声。"
    }
  ],
  "performance": {
    "totalTime": "39.4s",
    "rounds": 2,
    "tokensIn": 16705,
    "tokensOut": 991,
    "totalTokens": 17696,
    "cost": "$0.0197",
    "orchestratorCalls": 2,
    "videoAnalysisCalls": 1
  }
}
[00:24:30.187] [INFO] [analyze] done
{
  "source": "agent-loop-auto",
  "segmentCount": 0,
  "events": 6,
  "edits": 1
}
[00:24:32.676] [DATA] [analyze] rawResponse
"{\n  \"thought\": \"视频内容是篮球单挑，属于运动竞技类。为了营造紧张刺激、充满活力的氛围，我会选择\\\"upbeat sports\\\"风格的背景音乐，并将音量设置为0.3，以避免盖过可能的原声。\",\n  \"final_answer\": \"我已经根据视频的篮球单挑内容，添加了一段充满活力的背景音乐。\",\n  \"summary\": \"视频记录了两个男子在室内篮球场进行一对一单挑的几个回合，双方互有攻防，并多次投篮命中。\",\n  \"segments\": [],\n  \"events\": [\n    {\n      \"label\": \"身穿23号白色球衣的球员命中三分球\",\n      \"start\": 0.0,\n      \"end\": 2.5,\n      \"confidence\": 0.95\n    },\n    {\n      \"label\": \"身穿23号白色球衣的球员从远处将球抛入篮筐\",\n      \"start\": 5.8,\n      \"end\": 8.1,\n      \"confidence\": 0.9\n    },\n    {\n      \"label\": \"身穿黑色球衣的球员突破防守上篮得分\",\n      \"start\": 12.0,\n      \"end\": 15.5,\n      \"confidence\": 0.95\n    },\n    {\n      \"label\": \"身穿黑色球衣的球员脱下背心，露出里面的负重背心\",\n      \"start\": 17.6,\n      \"end\": 19.0,\n      \"confidence\": 0.9\n    },\n    {\n      \"label\": \"身穿23号白色球衣的球员突破防守上篮得分\",\n      \"start\": 20.7,\n      \"end\": 23.1,\n      \"confidence\": 0.95\n    },\n    {\n      \"label\": \"身穿黑色球衣的球员命中跳投\",\n      \"start\": 26.0,\n      \"end\": 29.5,\n      \"confidence\": 0.95\n    }\n  ],\n  \"edits\": [\n    {\n      \"type\": \"bgm\",\n      \"keywords\": \"upbeat sports\",\n      \"volume\": 0.3\n    }\n  ]\n}"
[00:24:32.699] [DATA] [timeline-build] timeline constructed
{
  "baseClips": [],
  "resultClips": [
    {
      "id": "base-clip",
      "start": 0,
      "end": 32.002,
      "timelineStart": 0,
      "displayDuration": 32.002,
      "playbackRate": 1
    }
  ],
  "totalTimelineDuration": 32.002,
  "videoDuration": 32.002,
  "textEdits": [],
  "fadeEdits": []
}
