[18:31:33.494] [INFO] [analyze] start
{
  "name": "IMG_5962.MOV",
  "size": 394329811,
  "duration": 358.561667,
  "pe": "短视频剪辑产品经理（PE）",
  "request": "找出视频中穿白色球衣的球员进球的片段，保留这些片段，其它都去掉,记住是只能是穿白色球衣的球员的\r\n",
  "engine": "auto"
}
[18:33:05.725] [DATA] [analyze] debugTimeline
[
  {
    "time": "2026-03-15T10:31:33.493Z",
    "role": "system",
    "level": "info",
    "message": "收到识别请求",
    "data": {
      "name": "IMG_5962.MOV",
      "size": 394329811,
      "duration": 358.561667,
      "pe": "短视频剪辑产品经理（PE）",
      "request": "找出视频中穿白色球衣的球员进球的片段，保留这些片段，其它都去掉,记住是只能是穿白色球衣的球员的\r\n",
      "engine": "auto"
    }
  },
  {
    "round": 1,
    "thought": "用户要求识别并保留视频中“穿白色球衣的球员进球的片段”，并删除其他部分。这需要我对视频内容进行详细分析，包括识别进球动作和球员的球衣颜色。因此，我需要调用 `analyze_video` 工具来获取这些信息。",
    "action": "analyze_video(\"all complete scoring plays by players in white jerseys\")",
    "observation": {
      "events": 4,
      "description": "两名男子在室内篮球场进行一对一斗牛比赛，视频记录了多次攻防回合，其中白色球衣球员多次上篮和投篮得分。"
    }
  },
  {
    "round": 2,
    "thought": "我已经根据用户的指令和视频分析结果，找到了所有穿白色球衣球员进球的片段。为了符合剪辑原则，我为每个进球片段前后各扩展了约1秒，以保留完整的蓄力、高潮和反应期。这些片段的时长都控制在3-8秒之间，符合篮球比赛这类密集型内容的节奏要求。我将保留这四个片段，并删除视频的其余部分。"
  },
  {
    "time": "2026-03-15T10:33:05.724Z",
    "role": "system",
    "level": "info",
    "message": "识别完成",
    "data": {
      "source": "agent-loop",
      "edits": 4
    }
  }
]
[18:33:05.725] [DATA] [analyze] result.features
{
  "duration": 358.561667,
  "segmentCount": 4,
  "segments": [
    {
      "id": "73.80-78.40",
      "start": 73.8,
      "end": 78.4,
      "duration": 4.6000000000000085,
      "energy": 0.5,
      "label": "白色球衣球员上篮得分",
      "tags": {}
    },
    {
      "id": "111.50-116.00",
      "start": 111.5,
      "end": 116,
      "duration": 4.5,
      "energy": 0.5,
      "label": "白色球衣球员上篮得分",
      "tags": {}
    },
    {
      "id": "157.30-161.30",
      "start": 157.3,
      "end": 161.3,
      "duration": 4,
      "energy": 0.5,
      "label": "白色球衣球员投篮命中",
      "tags": {}
    },
    {
      "id": "255.40-259.90",
      "start": 255.4,
      "end": 259.9,
      "duration": 4.499999999999972,
      "energy": 0.5,
      "label": "白色球衣球员上篮得分",
      "tags": {}
    }
  ],
  "keyframes": [
    {
      "time": 76.1,
      "energy": 0.5
    },
    {
      "time": 113.75,
      "energy": 0.5
    },
    {
      "time": 159.3,
      "energy": 0.5
    },
    {
      "time": 257.65,
      "energy": 0.5
    }
  ],
  "rhythmScore": 0.5,
  "events": [
    {
      "label": "白色球衣球员在防守下上篮得分",
      "start": 74.8,
      "end": 77.4,
      "confidence": 0.95
    },
    {
      "label": "白色球衣球员上篮得分",
      "start": 112.5,
      "end": 115,
      "confidence": 0.95
    },
    {
      "label": "白色球衣球员投篮命中",
      "start": 158.3,
      "end": 160.3,
      "confidence": 0.95
    },
    {
      "label": "白色球衣球员上篮得分",
      "start": 256.4,
      "end": 258.9,
      "confidence": 0.95
    }
  ],
  "edits": [
    {
      "type": "split",
      "start": 73.8,
      "end": 78.4
    },
    {
      "type": "split",
      "start": 111.5,
      "end": 116
    },
    {
      "type": "split",
      "start": 157.3,
      "end": 161.3
    },
    {
      "type": "split",
      "start": 255.4,
      "end": 259.9
    }
  ],
  "summary": "已为您剪辑出所有白色球衣球员进球的片段，并确保每个片段都包含了完整的进球过程和适当的上下文。",
  "agentSteps": [
    {
      "round": 1,
      "thought": "用户要求识别并保留视频中“穿白色球衣的球员进球的片段”，并删除其他部分。这需要我对视频内容进行详细分析，包括识别进球动作和球员的球衣颜色。因此，我需要调用 `analyze_video` 工具来获取这些信息。",
      "action": "analyze_video(\"all complete scoring plays by players in white jerseys\")",
      "observation": {
        "events": 4,
        "description": "两名男子在室内篮球场进行一对一斗牛比赛，视频记录了多次攻防回合，其中白色球衣球员多次上篮和投篮得分。"
      }
    },
    {
      "round": 2,
      "thought": "我已经根据用户的指令和视频分析结果，找到了所有穿白色球衣球员进球的片段。为了符合剪辑原则，我为每个进球片段前后各扩展了约1秒，以保留完整的蓄力、高潮和反应期。这些片段的时长都控制在3-8秒之间，符合篮球比赛这类密集型内容的节奏要求。我将保留这四个片段，并删除视频的其余部分。"
    }
  ],
  "performance": {
    "totalTime": "92.2s",
    "rounds": 2,
    "tokensIn": 113196,
    "tokensOut": 1100,
    "totalTokens": 114296,
    "cost": "$0.1396",
    "orchestratorCalls": 2,
    "videoAnalysisCalls": 1
  }
}
[18:33:05.725] [INFO] [analyze] done
{
  "source": "agent-loop",
  "segmentCount": 4,
  "events": 4,
  "edits": 4
}
[18:33:05.726] [DATA] [analyze] rawResponse
"{\n  \"thought\": \"我已经根据用户的指令和视频分析结果，找到了所有穿白色球衣球员进球的片段。为了符合剪辑原则，我为每个进球片段前后各扩展了约1秒，以保留完整的蓄力、高潮和反应期。这些片段的时长都控制在3-8秒之间，符合篮球比赛这类密集型内容的节奏要求。我将保留这四个片段，并删除视频的其余部分。\",\n  \"final_answer\": \"已为您剪辑出所有白色球衣球员进球的片段，并确保每个片段都包含了完整的进球过程和适当的上下文。\",\n  \"summary\": \"视频剪辑了白色球衣球员的四个进球瞬间，每个片段都进行了前后扩展，以保证动作的完整性。\",\n  \"segments\": [\n    {\n      \"start\": 73.8,\n      \"end\": 78.4,\n      \"label\": \"白色球衣球员上篮得分\"\n    },\n    {\n      \"start\": 111.5,\n      \"end\": 116.0,\n      \"label\": \"白色球衣球员上篮得分\"\n    },\n    {\n      \"start\": 157.3,\n      \"end\": 161.3,\n      \"label\": \"白色球衣球员投篮命中\"\n    },\n    {\n      \"start\": 255.4,\n      \"end\": 259.9,\n      \"label\": \"白色球衣球员上篮得分\"\n    }\n  ],\n  \"events\": [\n    {\n      \"label\": \"白色球衣球员在防守下上篮得分\",\n      \"start\": 74.8,\n      \"end\": 77.4,\n      \"confidence\": 0.95\n    },\n    {\n      \"label\": \"白色球衣球员上篮得分\",\n      \"start\": 112.5,\n      \"end\": 115.0,\n      \"confidence\": 0.95\n    },\n    {\n      \"label\": \"白色球衣球员投篮命中\",\n      \"start\": 158.3,\n      \"end\": 160.3,\n      \"confidence\": 0.95\n    },\n    {\n      \"label\": \"白色球衣球员上篮得分\",\n      \"start\": 256.4,\n      \"end\": 258.9,\n      \"confidence\": 0.95\n    }\n  ],\n  \"edits\": [\n    {\n      \"type\": \"split\",\n      \"start\": 73.8,\n      \"end\": 78.4\n    },\n    {\n      \"type\": \"split\",\n      \"start\": 111.5,\n      \"end\": 116.0\n    },\n    {\n      \"type\": \"split\",\n      \"start\": 157.3,\n      \"end\": 161.3\n    },\n    {\n      \"type\": \"split\",\n      \"start\": 255.4,\n      \"end\": 259.9\n    }\n  ]\n}"
[18:33:05.746] [DATA] [timeline-build] timeline constructed
{
  "baseClips": [
    {
      "id": "73.80-78.40",
      "start": 73.8,
      "end": 78.4,
      "dur": 4.6000000000000085
    },
    {
      "id": "111.50-116.00",
      "start": 111.5,
      "end": 116,
      "dur": 4.5
    },
    {
      "id": "157.30-161.30",
      "start": 157.3,
      "end": 161.3,
      "dur": 4
    },
    {
      "id": "255.40-259.90",
      "start": 255.4,
      "end": 259.9,
      "dur": 4.499999999999972
    }
  ],
  "resultClips": [
    {
      "id": "73.80-78.40",
      "start": 73.8,
      "end": 78.4,
      "timelineStart": 0,
      "displayDuration": 4.6000000000000085,
      "playbackRate": 1
    },
    {
      "id": "111.50-116.00",
      "start": 111.5,
      "end": 116,
      "timelineStart": 4.6000000000000085,
      "displayDuration": 4.5,
      "playbackRate": 1
    },
    {
      "id": "157.30-161.30",
      "start": 157.3,
      "end": 161.3,
      "timelineStart": 9.100000000000009,
      "displayDuration": 4,
      "playbackRate": 1
    },
    {
      "id": "255.40-259.90",
      "start": 255.4,
      "end": 259.9,
      "timelineStart": 13.100000000000009,
      "displayDuration": 4.499999999999972,
      "playbackRate": 1
    }
  ],
  "totalTimelineDuration": 17.59999999999998,
  "videoDuration": 358.561667,
  "textEdits": [],
  "fadeEdits": []
}
