[17:47:02.315] [INFO] [analyze] start
{
  "name": "1E2C715E-421C-4E90-9929-83902DBC8ED7.mov",
  "size": 39345775,
  "duration": 57.538005,
  "pe": "短视频剪辑产品经理（PE）",
  "request": "做成一个 vlog 的视频，配点文字，把鸡蛋捣碎的过程加速一下，整体视频控制在 30S",
  "engine": "auto"
}
[17:48:10.408] [DATA] [analyze] debugTimeline
[
  {
    "time": "2026-03-16T09:47:02.315Z",
    "role": "system",
    "level": "info",
    "message": "收到识别请求",
    "data": {
      "name": "1E2C715E-421C-4E90-9929-83902DBC8ED7.mov",
      "size": 39345775,
      "duration": 57.538005,
      "pe": "短视频剪辑产品经理（PE）",
      "request": "做成一个 vlog 的视频，配点文字，把鸡蛋捣碎的过程加速一下，整体视频控制在 30S",
      "engine": "auto"
    }
  },
  {
    "round": 1,
    "thought": "用户要求制作一个vlog，需要配文字，将鸡蛋捣碎过程加速，并控制总时长在30秒。我首先需要分析视频内容，找到“鸡蛋捣碎”的具体片段。",
    "action": "analyze_video(\"identify the process of crushing eggs and other key events for a vlog\")",
    "observation": {
      "events": 10,
      "description": "视频展示了制作日式厚切鸡蛋沙拉吐司的全过程，从捣碎鸡蛋、切片、烘烤面包到最后将满满的鸡蛋沙拉铺在吐司上。"
    }
  },
  {
    "round": 2,
    "thought": "用户要求制作一个vlog视频，包含文字，将鸡蛋捣碎过程加速，并将整体视频控制在30秒内。我已经分析了视频内容，识别了所有关键事件。根据分析，我将选择视频中的精彩片段进行剪辑，加速鸡蛋捣碎的环节，并添加相应的文字说明，最终使视频时长控制在26.37秒左右，符合用户要求。"
  },
  {
    "time": "2026-03-16T09:48:10.408Z",
    "role": "system",
    "level": "info",
    "message": "识别完成",
    "data": {
      "source": "agent-loop-auto",
      "engine": "auto",
      "edits": 22
    }
  }
]
[17:48:10.409] [DATA] [analyze] result.features
{
  "duration": 57.538005,
  "segmentCount": 13,
  "segments": [
    {
      "id": "0.00-3.20",
      "start": 0,
      "end": 3.2,
      "duration": 3.2,
      "energy": 0.5,
      "label": "将煮熟的鸡蛋和酱料放入碗中",
      "tags": {}
    },
    {
      "id": "3.30-9.80",
      "start": 3.3,
      "end": 9.8,
      "duration": 6.500000000000001,
      "energy": 0.5,
      "label": "用工具将碗中的鸡蛋捣碎并搅拌成鸡蛋沙拉",
      "tags": {}
    },
    {
      "id": "10.30-12.00",
      "start": 10.3,
      "end": 12,
      "duration": 1.6999999999999993,
      "energy": 0.5,
      "label": "切下一片厚厚的面包片",
      "tags": {}
    },
    {
      "id": "14.30-16.00",
      "start": 14.3,
      "end": 16,
      "duration": 1.6999999999999993,
      "energy": 0.5,
      "label": "将厚切面包片放入烤箱中烘烤（入炉）",
      "tags": {}
    },
    {
      "id": "21.00-22.40",
      "start": 21,
      "end": 22.4,
      "duration": 1.3999999999999986,
      "energy": 0.5,
      "label": "将厚切面包片放入烤箱中烘烤（出炉）",
      "tags": {}
    },
    {
      "id": "22.50-24.00",
      "start": 22.5,
      "end": 24,
      "duration": 1.5,
      "energy": 0.5,
      "label": "用刀刮掉面包片上烤焦的部分",
      "tags": {}
    },
    {
      "id": "28.00-31.00",
      "start": 28,
      "end": 31,
      "duration": 3,
      "energy": 0.5,
      "label": "在面包片上切出格子纹并涂抹黄油",
      "tags": {}
    },
    {
      "id": "32.80-34.00",
      "start": 32.8,
      "end": 34,
      "duration": 1.2000000000000028,
      "energy": 0.5,
      "label": "将涂好黄油的面包片再次放入烤箱烘烤（入炉）",
      "tags": {}
    },
    {
      "id": "36.00-37.70",
      "start": 36,
      "end": 37.7,
      "duration": 1.7000000000000028,
      "energy": 0.5,
      "label": "将涂好黄油的面包片再次放入烤箱烘烤（出炉）",
      "tags": {}
    },
    {
      "id": "37.80-40.00",
      "start": 37.8,
      "end": 40,
      "duration": 2.200000000000003,
      "energy": 0.5,
      "label": "将大量鸡蛋沙拉铺在烤好的面包片上（开始铺）",
      "tags": {}
    },
    {
      "id": "48.00-50.70",
      "start": 48,
      "end": 50.7,
      "duration": 2.700000000000003,
      "energy": 0.5,
      "label": "将大量鸡蛋沙拉铺在烤好的面包片上（铺满展示）",
      "tags": {}
    },
    {
      "id": "51.50-53.70",
      "start": 51.5,
      "end": 53.7,
      "duration": 2.200000000000003,
      "energy": 0.5,
      "label": "在成品上挤上番茄酱",
      "tags": {}
    },
    {
      "id": "53.80-55.50",
      "start": 53.8,
      "end": 55.5,
      "duration": 1.7000000000000028,
      "energy": 0.5,
      "label": "展示制作完成的厚切鸡蛋沙拉吐司",
      "tags": {}
    }
  ],
  "keyframes": [
    {
      "time": 1.6,
      "energy": 0.5
    },
    {
      "time": 6.55,
      "energy": 0.5
    },
    {
      "time": 11.15,
      "energy": 0.5
    },
    {
      "time": 15.15,
      "energy": 0.5
    },
    {
      "time": 21.7,
      "energy": 0.5
    },
    {
      "time": 23.25,
      "energy": 0.5
    },
    {
      "time": 29.5,
      "energy": 0.5
    },
    {
      "time": 33.4,
      "energy": 0.5
    },
    {
      "time": 36.85,
      "energy": 0.5
    },
    {
      "time": 38.9,
      "energy": 0.5
    },
    {
      "time": 49.35,
      "energy": 0.5
    },
    {
      "time": 52.6,
      "energy": 0.5
    },
    {
      "time": 54.65,
      "energy": 0.5
    }
  ],
  "rhythmScore": 0.5,
  "events": [],
  "edits": [
    {
      "type": "speed",
      "start": 3.3,
      "end": 9.8,
      "rate": 3
    },
    {
      "type": "delete",
      "start": 3.2,
      "end": 3.3
    },
    {
      "type": "delete",
      "start": 9.8,
      "end": 10.3
    },
    {
      "type": "delete",
      "start": 12,
      "end": 14.3
    },
    {
      "type": "delete",
      "start": 16,
      "end": 21
    },
    {
      "type": "delete",
      "start": 22.4,
      "end": 22.5
    },
    {
      "type": "delete",
      "start": 24,
      "end": 28
    },
    {
      "type": "delete",
      "start": 31,
      "end": 32.8
    },
    {
      "type": "delete",
      "start": 34,
      "end": 36
    },
    {
      "type": "delete",
      "start": 37.7,
      "end": 37.8
    },
    {
      "type": "delete",
      "start": 40,
      "end": 48
    },
    {
      "type": "delete",
      "start": 50.7,
      "end": 51.5
    },
    {
      "type": "delete",
      "start": 53.7,
      "end": 53.8
    },
    {
      "type": "delete",
      "start": 55.5,
      "end": 57.538005
    },
    {
      "type": "text",
      "start": 0.5,
      "end": 3,
      "text": "美味鸡蛋沙拉吐司，开做！",
      "position": "bottom"
    },
    {
      "type": "text",
      "start": 3.5,
      "end": 5.1,
      "text": "捣碎鸡蛋，搅拌均匀",
      "position": "bottom"
    },
    {
      "type": "text",
      "start": 5.5,
      "end": 6.8,
      "text": "厚切面包片准备",
      "position": "bottom"
    },
    {
      "type": "text",
      "start": 7.2,
      "end": 8.5,
      "text": "第一次烘烤",
      "position": "bottom"
    },
    {
      "type": "text",
      "start": 11.8,
      "end": 14.4,
      "text": "切格纹，涂黄油",
      "position": "bottom"
    },
    {
      "type": "text",
      "start": 17.8,
      "end": 19.5,
      "text": "铺上满满的鸡蛋沙拉",
      "position": "bottom"
    },
    {
      "type": "text",
      "start": 22.6,
      "end": 24.4,
      "text": "挤上美味番茄酱",
      "position": "bottom"
    },
    {
      "type": "text",
      "start": 24.8,
      "end": 26.1,
      "text": "完成！享受美食",
      "position": "bottom"
    }
  ],
  "summary": "我已经为您将视频制作成一个vlog，鸡蛋捣碎过程已加速，并添加了文字说明。最终视频时长约26秒，符合30秒内的要求。",
  "agentSteps": [
    {
      "round": 1,
      "thought": "用户要求制作一个vlog，需要配文字，将鸡蛋捣碎过程加速，并控制总时长在30秒。我首先需要分析视频内容，找到“鸡蛋捣碎”的具体片段。",
      "action": "analyze_video(\"identify the process of crushing eggs and other key events for a vlog\")",
      "observation": {
        "events": 10,
        "description": "视频展示了制作日式厚切鸡蛋沙拉吐司的全过程，从捣碎鸡蛋、切片、烘烤面包到最后将满满的鸡蛋沙拉铺在吐司上。"
      }
    },
    {
      "round": 2,
      "thought": "用户要求制作一个vlog视频，包含文字，将鸡蛋捣碎过程加速，并将整体视频控制在30秒内。我已经分析了视频内容，识别了所有关键事件。根据分析，我将选择视频中的精彩片段进行剪辑，加速鸡蛋捣碎的环节，并添加相应的文字说明，最终使视频时长控制在26.37秒左右，符合用户要求。"
    }
  ],
  "performance": {
    "totalTime": "68.1s",
    "rounds": 2,
    "tokensIn": 25056,
    "tokensOut": 2181,
    "totalTokens": 27237,
    "cost": "$0.0340",
    "orchestratorCalls": 2,
    "videoAnalysisCalls": 1
  }
}
[17:48:10.409] [INFO] [analyze] done
{
  "source": "agent-loop-auto",
  "segmentCount": 13,
  "events": 0,
  "edits": 22
}
[17:48:10.411] [DATA] [analyze] rawResponse
"{\n  \"thought\": \"用户要求制作一个vlog视频，包含文字，将鸡蛋捣碎过程加速，并将整体视频控制在30秒内。我已经分析了视频内容，识别了所有关键事件。根据分析，我将选择视频中的精彩片段进行剪辑，加速鸡蛋捣碎的环节，并添加相应的文字说明，最终使视频时长控制在26.37秒左右，符合用户要求。\",\n  \"final_answer\": \"我已经为您将视频制作成一个vlog，鸡蛋捣碎过程已加速，并添加了文字说明。最终视频时长约26秒，符合30秒内的要求。\",\n  \"summary\": \"视频展示了制作日式厚切鸡蛋沙拉吐司的全过程，包含鸡蛋和酱料混合、鸡蛋捣碎搅拌成沙拉、面包切片、烘烤、刮焦、切格纹涂黄油、二次烘烤、铺设鸡蛋沙拉、挤番茄酱以及成品展示等步骤。\",\n  \"segments\": [\n    { \"start\": 0.0, \"end\": 3.2, \"label\": \"将煮熟的鸡蛋和酱料放入碗中\" },\n    { \"start\": 3.3, \"end\": 9.8, \"label\": \"用工具将碗中的鸡蛋捣碎并搅拌成鸡蛋沙拉\" },\n    { \"start\": 10.3, \"end\": 12.0, \"label\": \"切下一片厚厚的面包片\" },\n    { \"start\": 14.3, \"end\": 16.0, \"label\": \"将厚切面包片放入烤箱中烘烤（入炉）\" },\n    { \"start\": 21.0, \"end\": 22.4, \"label\": \"将厚切面包片放入烤箱中烘烤（出炉）\" },\n    { \"start\": 22.5, \"end\": 24.0, \"label\": \"用刀刮掉面包片上烤焦的部分\" },\n    { \"start\": 28.0, \"end\": 31.0, \"label\": \"在面包片上切出格子纹并涂抹黄油\" },\n    { \"start\": 32.8, \"end\": 34.0, \"label\": \"将涂好黄油的面包片再次放入烤箱烘烤（入炉）\" },\n    { \"start\": 36.0, \"end\": 37.7, \"label\": \"将涂好黄油的面包片再次放入烤箱烘烤（出炉）\" },\n    { \"start\": 37.8, \"end\": 40.0, \"label\": \"将大量鸡蛋沙拉铺在烤好的面包片上（开始铺）\" },\n    { \"start\": 48.0, \"end\": 50.7, \"label\": \"将大量鸡蛋沙拉铺在烤好的面包片上（铺满展示）\" },\n    { \"start\": 51.5, \"end\": 53.7, \"label\": \"在成品上挤上番茄酱\" },\n    { \"start\": 53.8, \"end\": 55.5, \"label\": \"展示制作完成的厚切鸡蛋沙拉吐司\" }\n  ],\n  \"events\": [],\n  \"edits\": [\n    { \"type\": \"speed\", \"start\": 3.3, \"end\": 9.8, \"rate\": 3.0 },\n    { \"type\": \"delete\", \"start\": 3.2, \"end\": 3.3 },\n    { \"type\": \"delete\", \"start\": 9.8, \"end\": 10.3 },\n    { \"type\": \"delete\", \"start\": 12.0, \"end\": 14.3 },\n    { \"type\": \"delete\", \"start\": 16.0, \"end\": 21.0 },\n    { \"type\": \"delete\", \"start\": 22.4, \"end\": 22.5 },\n    { \"type\": \"delete\", \"start\": 24.0, \"end\": 28.0 },\n    { \"type\": \"delete\", \"start\": 31.0, \"end\": 32.8 },\n    { \"type\": \"delete\", \"start\": 34.0, \"end\": 36.0 },\n    { \"type\": \"delete\", \"start\": 37.7, \"end\": 37.8 },\n    { \"type\": \"delete\", \"start\": 40.0, \"end\": 48.0 },\n    { \"type\": \"delete\", \"start\": 50.7, \"end\": 51.5 },\n    { \"type\": \"delete\", \"start\": 53.7, \"end\": 53.8 },\n    { \"type\": \"delete\", \"start\": 55.5, \"end\": 57.538005 },\n    { \"type\": \"text\", \"start\": 0.5, \"end\": 3.0, \"text\": \"美味鸡蛋沙拉吐司，开做！\", \"position\": \"bottom\" },\n    { \"type\": \"text\", \"start\": 3.5, \"end\": 5.1, \"text\": \"捣碎鸡蛋，搅拌均匀\", \"position\": \"bottom\" },\n    { \"type\": \"text\", \"start\": 5.5, \"end\": 6.8, \"text\": \"厚切面包片准备\", \"position\": \"bottom\" },\n    { \"type\": \"text\", \"start\": 7.2, \"end\": 8.5, \"text\": \"第一次烘烤\", \"position\": \"bottom\" },\n    { \"type\": \"text\", \"start\": 11.8, \"end\": 14.4, \"text\": \"切格纹，涂黄油\", \"position\": \"bottom\" },\n    { \"type\": \"text\", \"start\": 17.8, \"end\": 19.5, \"text\": \"铺上满满的鸡蛋沙拉\", \"position\": \"bottom\" },\n    { \"type\": \"text\", \"start\": 22.6, \"end\": 24.4, \"text\": \"挤上美味番茄酱\", \"position\": \"bottom\" },\n    { \"type\": \"text\", \"start\": 24.8, \"end\": 26.1, \"text\": \"完成！享受美食\", \"position\": \"bottom\" }\n  ]\n}"
[17:48:10.424] [DATA] [timeline-build] timeline constructed
{
  "baseClips": [
    {
      "id": "base-clip",
      "start": 0,
      "end": 57.538005,
      "dur": 57.538005
    }
  ],
  "resultClips": [
    {
      "id": "split-0.00-3.20",
      "start": 0,
      "end": 3.2,
      "timelineStart": 0,
      "displayDuration": 3.2,
      "playbackRate": 1
    },
    {
      "id": "split-3.30-9.80",
      "start": 3.3,
      "end": 9.8,
      "timelineStart": 3.2,
      "displayDuration": 2.166666666666667,
      "playbackRate": 3
    },
    {
      "id": "split-10.30-12.00",
      "start": 10.3,
      "end": 12,
      "timelineStart": 5.366666666666667,
      "displayDuration": 1.6999999999999993,
      "playbackRate": 1
    },
    {
      "id": "split-14.30-16.00",
      "start": 14.3,
      "end": 16,
      "timelineStart": 7.066666666666666,
      "displayDuration": 1.6999999999999993,
      "playbackRate": 1
    },
    {
      "id": "split-21.00-22.40",
      "start": 21,
      "end": 22.4,
      "timelineStart": 8.766666666666666,
      "displayDuration": 1.3999999999999986,
      "playbackRate": 1
    },
    {
      "id": "split-22.50-24.00",
      "start": 22.5,
      "end": 24,
      "timelineStart": 10.166666666666664,
      "displayDuration": 1.5,
      "playbackRate": 1
    },
    {
      "id": "split-28.00-31.00",
      "start": 28,
      "end": 31,
      "timelineStart": 11.666666666666664,
      "displayDuration": 3,
      "playbackRate": 1
    },
    {
      "id": "split-32.80-34.00",
      "start": 32.8,
      "end": 34,
      "timelineStart": 14.666666666666664,
      "displayDuration": 1.2000000000000028,
      "playbackRate": 1
    },
    {
      "id": "split-36.00-37.70",
      "start": 36,
      "end": 37.7,
      "timelineStart": 15.866666666666667,
      "displayDuration": 1.7000000000000028,
      "playbackRate": 1
    },
    {
      "id": "split-37.80-40.00",
      "start": 37.8,
      "end": 40,
      "timelineStart": 17.56666666666667,
      "displayDuration": 2.200000000000003,
      "playbackRate": 1
    },
    {
      "id": "split-48.00-50.70",
      "start": 48,
      "end": 50.7,
      "timelineStart": 19.766666666666673,
      "displayDuration": 2.700000000000003,
      "playbackRate": 1
    },
    {
      "id": "split-51.50-53.70",
      "start": 51.5,
      "end": 53.7,
      "timelineStart": 22.466666666666676,
      "displayDuration": 2.200000000000003,
      "playbackRate": 1
    },
    {
      "id": "split-53.80-55.50",
      "start": 53.8,
      "end": 55.5,
      "timelineStart": 24.66666666666668,
      "displayDuration": 1.7000000000000028,
      "playbackRate": 1
    }
  ],
  "totalTimelineDuration": 26.36666666666668,
  "videoDuration": 57.538005,
  "textEdits": [
    {
      "type": "text",
      "start": 0.5,
      "end": 3,
      "text": "美味鸡蛋沙拉吐司，开做！",
      "position": "bottom",
      "timelineStart": 0.5,
      "timelineEnd": 3
    },
    {
      "type": "text",
      "start": 3.5,
      "end": 5.1,
      "text": "捣碎鸡蛋，搅拌均匀",
      "position": "bottom",
      "timelineStart": 3.266666666666667,
      "timelineEnd": 3.8000000000000003
    },
    {
      "type": "text",
      "start": 5.5,
      "end": 6.8,
      "text": "厚切面包片准备",
      "position": "bottom",
      "timelineStart": 3.9333333333333336,
      "timelineEnd": 4.366666666666667
    },
    {
      "type": "text",
      "start": 7.2,
      "end": 8.5,
      "text": "第一次烘烤",
      "position": "bottom",
      "timelineStart": 4.5,
      "timelineEnd": 4.933333333333334
    },
    {
      "type": "text",
      "start": 11.8,
      "end": 14.4,
      "text": "切格纹，涂黄油",
      "position": "bottom",
      "timelineStart": 6.866666666666667,
      "timelineEnd": 7.166666666666666
    },
    {
      "type": "text",
      "start": 17.8,
      "end": 19.5,
      "text": "铺上满满的鸡蛋沙拉",
      "position": "bottom",
      "timelineStart": 17.8,
      "timelineEnd": 19.5
    },
    {
      "type": "text",
      "start": 22.6,
      "end": 24.4,
      "text": "挤上美味番茄酱",
      "position": "bottom",
      "timelineStart": 10.266666666666666,
      "timelineEnd": 24.4
    },
    {
      "type": "text",
      "start": 24.8,
      "end": 26.1,
      "text": "完成！享受美食",
      "position": "bottom",
      "timelineStart": 24.8,
      "timelineEnd": 26.1
    }
  ],
  "fadeEdits": []
}
