[19:13:22.068] [INFO] [analyze] start
{
  "name": "IMG_5962_edited.mp4",
  "size": 16664237,
  "duration": 32.002,
  "pe": "短视频剪辑产品经理（PE）",
  "request": "找出视频中穿白色球衣的球员进球的片段，保留这些片段，其它都去掉\r\n",
  "engine": "doubao"
}
[19:13:22.490] [DATA] [analyze] debugTimeline
[
  {
    "time": "2026-03-15T11:13:22.068Z",
    "role": "system",
    "level": "info",
    "message": "收到识别请求",
    "data": {
      "name": "IMG_5962_edited.mp4",
      "size": 16664237,
      "duration": 32.002,
      "pe": "短视频剪辑产品经理（PE）",
      "request": "找出视频中穿白色球衣的球员进球的片段，保留这些片段，其它都去掉\r\n",
      "engine": "doubao"
    }
  },
  {
    "round": 1,
    "error": "Error: Doubao API error: 404 "
  },
  {
    "time": "2026-03-15T11:13:22.490Z",
    "role": "system",
    "level": "info",
    "message": "识别完成",
    "data": {
      "source": "agent-loop-timeout",
      "edits": 0
    }
  }
]
[19:13:22.490] [DATA] [analyze] result.features
null
[19:13:22.491] [INFO] [analyze] done
{
  "source": "agent-loop-timeout",
  "events": 0,
  "edits": 0
}
