[18:53:59.342] [INFO] [analyze] start
{
  "name": "IMG_5962.MOV",
  "size": 394329811,
  "duration": 358.561667,
  "pe": "短视频剪辑产品经理（PE）",
  "request": "找出视频中穿白色球衣的球员进球的片段，保留这些片段，其它都去掉\r\n",
  "engine": "doubao"
}
[18:54:34.586] [DATA] [timeline-build] timeline constructed
{
  "baseClips": [
    {
      "id": "base-clip",
      "start": 0,
      "end": 358.561667,
      "dur": 358.561667
    }
  ],
  "resultClips": [
    {
      "id": "base-clip",
      "start": 0,
      "end": 358.561667,
      "timelineStart": 0,
      "displayDuration": 358.561667,
      "playbackRate": 1
    }
  ],
  "totalTimelineDuration": 358.561667,
  "videoDuration": 358.561667,
  "textEdits": [],
  "fadeEdits": []
}
[18:54:42.088] [DATA] [timeline-build] timeline constructed
{
  "baseClips": [
    {
      "id": "base-clip",
      "start": 0,
      "end": 358.561667,
      "dur": 358.561667
    }
  ],
  "resultClips": [
    {
      "id": "base-clip",
      "start": 0,
      "end": 358.561667,
      "timelineStart": 0,
      "displayDuration": 358.561667,
      "playbackRate": 1
    }
  ],
  "totalTimelineDuration": 358.561667,
  "videoDuration": 358.561667,
  "textEdits": [],
  "fadeEdits": []
}
[18:55:21.590] [DATA] [analyze] debugTimeline
[
  {
    "time": "2026-03-15T10:53:59.342Z",
    "role": "system",
    "level": "info",
    "message": "收到识别请求",
    "data": {
      "name": "IMG_5962.MOV",
      "size": 394329811,
      "duration": 358.561667,
      "pe": "短视频剪辑产品经理（PE）",
      "request": "找出视频中穿白色球衣的球员进球的片段，保留这些片段，其它都去掉\r\n",
      "engine": "doubao"
    }
  },
  {
    "round": 1,
    "thought": "用户要求找出视频中穿白色球衣的球员进球的片段并保留。这需要分析视频内容以识别进球事件以及进球球员的特征。我将调用 `analyze_video` 工具，并明确查询条件以获取相关信息。",
    "action": "analyze_video(query=\"穿白色球衣的球员进球的片段\")",
    "observation": {
      "events": 4,
      "description": "视频记录了两名男子在室内篮球场进行一对一单挑比赛，其中穿白色23号球衣的球员多次投篮命中。"
    }
  },
  {
    "round": 2,
    "thought": "我已经根据用户需求，识别出视频中所有穿白色球衣球员进球的片段。为了符合“高潮时刻的完整性原则”和“密集型内容”的节奏要求，我将每个进球片段的剪辑点扩展为包含“蓄力-高潮-反应”的完整结构，并确保单段时长在3-8秒之间。最终，我将输出这些保留片段的列表，并添加一段激昂的背景音乐来增强集锦效果。"
  },
  {
    "time": "2026-03-15T10:55:21.590Z",
    "role": "system",
    "level": "info",
    "message": "识别完成",
    "data": {
      "source": "agent-loop",
      "edits": 1
    }
  }
]
[18:55:21.591] [DATA] [analyze] result.features
{
  "duration": 358.561667,
  "segmentCount": 4,
  "segments": [
    {
      "id": "41.50-47.60",
      "start": 41.5,
      "end": 47.6,
      "duration": 6.100000000000001,
      "energy": 0.5,
      "label": "穿白色23号球衣的球员投篮命中",
      "tags": {}
    },
    {
      "id": "113.50-119.40",
      "start": 113.5,
      "end": 119.4,
      "duration": 5.900000000000006,
      "energy": 0.5,
      "label": "穿白色23号球衣的球员勾手投篮命中",
      "tags": {}
    },
    {
      "id": "171.00-176.90",
      "start": 171,
      "end": 176.9,
      "duration": 5.900000000000006,
      "energy": 0.5,
      "label": "穿白色23号球衣的球员突破上篮得分",
      "tags": {}
    },
    {
      "id": "254.50-260.90",
      "start": 254.5,
      "end": 260.9,
      "duration": 6.399999999999977,
      "energy": 0.5,
      "label": "穿白色23号球衣的球员突破上篮得分",
      "tags": {}
    }
  ],
  "keyframes": [
    {
      "time": 44.55,
      "energy": 0.5
    },
    {
      "time": 116.45,
      "energy": 0.5
    },
    {
      "time": 173.95,
      "energy": 0.5
    },
    {
      "time": 257.7,
      "energy": 0.5
    }
  ],
  "rhythmScore": 0.5,
  "events": [
    {
      "label": "穿白色23号球衣的球员投篮命中",
      "start": 43.5,
      "end": 45.6,
      "confidence": 0.95
    },
    {
      "label": "穿白色23号球衣的球员勾手投篮命中",
      "start": 115.5,
      "end": 117.4,
      "confidence": 0.95
    },
    {
      "label": "穿白色23号球衣的球员突破上篮得分",
      "start": 173,
      "end": 174.9,
      "confidence": 0.95
    },
    {
      "label": "穿白色23号球衣的球员突破上篮得分",
      "start": 256.5,
      "end": 258.9,
      "confidence": 0.95
    }
  ],
  "edits": [
    {
      "type": "bgm",
      "start": 0,
      "end": 358.561667,
      "keywords": "energetic sports highlight",
      "volume": 0.3
    }
  ],
  "summary": "已为您剪辑出所有穿白色球衣球员的进球集锦，并添加了背景音乐。",
  "agentSteps": [
    {
      "round": 1,
      "thought": "用户要求找出视频中穿白色球衣的球员进球的片段并保留。这需要分析视频内容以识别进球事件以及进球球员的特征。我将调用 `analyze_video` 工具，并明确查询条件以获取相关信息。",
      "action": "analyze_video(query=\"穿白色球衣的球员进球的片段\")",
      "observation": {
        "events": 4,
        "description": "视频记录了两名男子在室内篮球场进行一对一单挑比赛，其中穿白色23号球衣的球员多次投篮命中。"
      }
    },
    {
      "round": 2,
      "thought": "我已经根据用户需求，识别出视频中所有穿白色球衣球员进球的片段。为了符合“高潮时刻的完整性原则”和“密集型内容”的节奏要求，我将每个进球片段的剪辑点扩展为包含“蓄力-高潮-反应”的完整结构，并确保单段时长在3-8秒之间。最终，我将输出这些保留片段的列表，并添加一段激昂的背景音乐来增强集锦效果。"
    }
  ],
  "performance": {
    "totalTime": "82.2s",
    "rounds": 2,
    "tokensIn": 113177,
    "tokensOut": 1055,
    "totalTokens": 114232,
    "cost": "$0.1396",
    "orchestratorCalls": 2,
    "videoAnalysisCalls": 1
  }
}
[18:55:21.591] [INFO] [analyze] done
{
  "source": "agent-loop",
  "segmentCount": 4,
  "events": 4,
  "edits": 1
}
[18:55:21.594] [DATA] [analyze] rawResponse
"{\n  \"thought\": \"我已经根据用户需求，识别出视频中所有穿白色球衣球员进球的片段。为了符合“高潮时刻的完整性原则”和“密集型内容”的节奏要求，我将每个进球片段的剪辑点扩展为包含“蓄力-高潮-反应”的完整结构，并确保单段时长在3-8秒之间。最终，我将输出这些保留片段的列表，并添加一段激昂的背景音乐来增强集锦效果。\",\n  \"final_answer\": \"已为您剪辑出所有穿白色球衣球员的进球集锦，并添加了背景音乐。\",\n  \"summary\": \"视频中穿白色23号球衣的球员多次投篮命中，共识别出4个进球事件，已剪辑为集锦。\",\n  \"segments\": [\n    {\n      \"start\": 41.5,\n      \"end\": 47.6,\n      \"label\": \"穿白色23号球衣的球员投篮命中\"\n    },\n    {\n      \"start\": 113.5,\n      \"end\": 119.4,\n      \"label\": \"穿白色23号球衣的球员勾手投篮命中\"\n    },\n    {\n      \"start\": 171.0,\n      \"end\": 176.9,\n      \"label\": \"穿白色23号球衣的球员突破上篮得分\"\n    },\n    {\n      \"start\": 254.5,\n      \"end\": 260.9,\n      \"label\": \"穿白色23号球衣的球员突破上篮得分\"\n    }\n  ],\n  \"events\": [\n    {\n      \"label\": \"穿白色23号球衣的球员投篮命中\",\n      \"start\": 43.5,\n      \"end\": 45.6,\n      \"confidence\": 0.95\n    },\n    {\n      \"label\": \"穿白色23号球衣的球员勾手投篮命中\",\n      \"start\": 115.5,\n      \"end\": 117.4,\n      \"confidence\": 0.95\n    },\n    {\n      \"label\": \"穿白色23号球衣的球员突破上篮得分\",\n      \"start\": 173.0,\n      \"end\": 174.9,\n      \"confidence\": 0.95\n    },\n    {\n      \"label\": \"穿白色23号球衣的球员突破上篮得分\",\n      \"start\": 256.5,\n      \"end\": 258.9,\n      \"confidence\": 0.95\n    }\n  ],\n  \"edits\": [\n    {\n      \"type\": \"bgm\",\n      \"keywords\": \"energetic sports highlight\",\n      \"volume\": 0.3\n    }\n  ]\n}"
