[15:44:37.294] [INFO] [analyze] start
{
  "name": "IMG_5962.MOV",
  "size": 394329811,
  "duration": 358.561667,
  "pe": "短视频剪辑产品经理（PE）",
  "request": "找出白色球员进球的的片段，只保留这些片段",
  "engine": "auto"
}
[15:46:58.861] [DATA] [analyze] debugTimeline
[
  {
    "time": "2026-03-11T07:44:37.290Z",
    "role": "system",
    "level": "info",
    "message": "收到识别请求",
    "data": {
      "name": "IMG_5962.MOV",
      "size": 394329811,
      "duration": 358.561667,
      "pe": "短视频剪辑产品经理（PE）",
      "request": "找出白色球员进球的的片段，只保留这些片段",
      "engine": "auto"
    }
  },
  {
    "round": 1,
    "thought": "用户要求找出视频中白色球员进球的片段。这是一个需要通过分析视频内容来定位特定事件的任务。我将使用 analyze_video 工具，并指定查询'白色球员进球'，以便系统可以识别并返回所有符合条件的进球事件及其时间戳。",
    "action": "analyze_video(query='白色球员进球')",
    "observation": {
      "events": 6,
      "description": "两名男子在室内篮球场进行一对一斗牛比赛，视频记录了双方多次攻防和得分过程。"
    }
  },
  {
    "round": 2,
    "thought": "我已根据 analyze_video 的结果，识别出白色球员的所有进球片段。为了遵循剪辑知识库中的'高潮时刻的完整性原则'和'节奏分类与时长控制'（密集型内容），我将对每个进球片段进行时间扩展。每个片段将包含进球前的蓄力、进球的高潮瞬间以及进球后的反应，并将单个片段时长控制在3-8秒之间，以保持篮球比赛集锦的紧凑节奏。我将原始事件的开始时间向前推2秒作为蓄力期，向后推2秒作为反应期，这样每个片段的总时长为高潮期长度+4秒，确保完整性和适当的节奏。"
  },
  {
    "time": "2026-03-11T07:46:58.861Z",
    "role": "system",
    "level": "info",
    "message": "识别完成",
    "data": {
      "source": "agent-loop",
      "edits": 0
    }
  }
]
[15:46:58.862] [DATA] [analyze] result.features
{
  "duration": 358.561667,
  "segmentCount": 6,
  "segments": [
    {
      "id": "11.00-16.50",
      "start": 11,
      "end": 16.5,
      "duration": 5.5,
      "energy": 0.5,
      "label": "白色球员中投命中",
      "tags": {}
    },
    {
      "id": "44.20-49.70",
      "start": 44.2,
      "end": 49.7,
      "duration": 5.5,
      "energy": 0.5,
      "label": "白色球员投进三分球",
      "tags": {}
    },
    {
      "id": "113.70-119.20",
      "start": 113.7,
      "end": 119.2,
      "duration": 5.5,
      "energy": 0.5,
      "label": "白色球员上篮得分",
      "tags": {}
    },
    {
      "id": "182.00-187.50",
      "start": 182,
      "end": 187.5,
      "duration": 5.5,
      "energy": 0.5,
      "label": "白色球员投篮得分",
      "tags": {}
    },
    {
      "id": "256.00-261.50",
      "start": 256,
      "end": 261.5,
      "duration": 5.5,
      "energy": 0.5,
      "label": "白色球员上篮得分",
      "tags": {}
    },
    {
      "id": "332.00-337.50",
      "start": 332,
      "end": 337.5,
      "duration": 5.5,
      "energy": 0.5,
      "label": "白色球员投进三分球",
      "tags": {}
    }
  ],
  "keyframes": [
    {
      "time": 13.75,
      "energy": 0.5
    },
    {
      "time": 46.95,
      "energy": 0.5
    },
    {
      "time": 116.45,
      "energy": 0.5
    },
    {
      "time": 184.75,
      "energy": 0.5
    },
    {
      "time": 258.75,
      "energy": 0.5
    },
    {
      "time": 334.75,
      "energy": 0.5
    }
  ],
  "rhythmScore": 0.5,
  "events": [
    {
      "label": "白色球员中投命中",
      "start": 13,
      "end": 14.5,
      "confidence": 0.9
    },
    {
      "label": "白色球员投进三分球",
      "start": 46.2,
      "end": 47.7,
      "confidence": 0.9
    },
    {
      "label": "白色球员上篮得分",
      "start": 115.7,
      "end": 117.2,
      "confidence": 0.9
    },
    {
      "label": "白色球员投篮得分",
      "start": 184,
      "end": 185.5,
      "confidence": 0.9
    },
    {
      "label": "白色球员上篮得分",
      "start": 258,
      "end": 259.5,
      "confidence": 0.9
    },
    {
      "label": "白色球员投进三分球",
      "start": 334,
      "end": 335.5,
      "confidence": 0.9
    }
  ],
  "edits": [],
  "summary": "这是白色球员进球的集锦片段。",
  "agentSteps": [
    {
      "round": 1,
      "thought": "用户要求找出视频中白色球员进球的片段。这是一个需要通过分析视频内容来定位特定事件的任务。我将使用 analyze_video 工具，并指定查询'白色球员进球'，以便系统可以识别并返回所有符合条件的进球事件及其时间戳。",
      "action": "analyze_video(query='白色球员进球')",
      "observation": {
        "events": 6,
        "description": "两名男子在室内篮球场进行一对一斗牛比赛，视频记录了双方多次攻防和得分过程。"
      }
    },
    {
      "round": 2,
      "thought": "我已根据 analyze_video 的结果，识别出白色球员的所有进球片段。为了遵循剪辑知识库中的'高潮时刻的完整性原则'和'节奏分类与时长控制'（密集型内容），我将对每个进球片段进行时间扩展。每个片段将包含进球前的蓄力、进球的高潮瞬间以及进球后的反应，并将单个片段时长控制在3-8秒之间，以保持篮球比赛集锦的紧凑节奏。我将原始事件的开始时间向前推2秒作为蓄力期，向后推2秒作为反应期，这样每个片段的总时长为高潮期长度+4秒，确保完整性和适当的节奏。"
    }
  ]
}
[15:46:58.862] [INFO] [analyze] done
{
  "source": "agent-loop",
  "segmentCount": 6,
  "events": 6,
  "edits": 0
}
[15:46:58.864] [DATA] [analyze] rawResponse
"{\n  \"thought\": \"我已根据 analyze_video 的结果，识别出白色球员的所有进球片段。为了遵循剪辑知识库中的'高潮时刻的完整性原则'和'节奏分类与时长控制'（密集型内容），我将对每个进球片段进行时间扩展。每个片段将包含进球前的蓄力、进球的高潮瞬间以及进球后的反应，并将单个片段时长控制在3-8秒之间，以保持篮球比赛集锦的紧凑节奏。我将原始事件的开始时间向前推2秒作为蓄力期，向后推2秒作为反应期，这样每个片段的总时长为高潮期长度+4秒，确保完整性和适当的节奏。\",\n  \"final_answer\": \"这是白色球员进球的集锦片段。\",\n  \"summary\": \"视频剪辑保留了白色球员的全部6个进球片段，每个片段都经过精心剪辑，包含进球前的铺垫、进球瞬间和进球后的反应，符合篮球比赛（密集型内容）的剪辑节奏，每个片段时长控制在5-6秒，保证了观赏性和节奏感。\",\n  \"segments\": [\n    {\n      \"start\": 11.0,\n      \"end\": 16.5,\n      \"label\": \"白色球员中投命中\"\n    },\n    {\n      \"start\": 44.2,\n      \"end\": 49.7,\n      \"label\": \"白色球员投进三分球\"\n    },\n    {\n      \"start\": 113.7,\n      \"end\": 119.2,\n      \"label\": \"白色球员上篮得分\"\n    },\n    {\n      \"start\": 182.0,\n      \"end\": 187.5,\n      \"label\": \"白色球员投篮得分\"\n    },\n    {\n      \"start\": 256.0,\n      \"end\": 261.5,\n      \"label\": \"白色球员上篮得分\"\n    },\n    {\n      \"start\": 332.0,\n      \"end\": 337.5,\n      \"label\": \"白色球员投进三分球\"\n    }\n  ],\n  \"events\": [\n    {\n      \"label\": \"白色球员中投命中\",\n      \"start\": 13.0,\n      \"end\": 14.5,\n      \"confidence\": 0.9\n    },\n    {\n      \"label\": \"白色球员投进三分球\",\n      \"start\": 46.2,\n      \"end\": 47.7,\n      \"confidence\": 0.9\n    },\n    {\n      \"label\": \"白色球员上篮得分\",\n      \"start\": 115.7,\n      \"end\": 117.2,\n      \"confidence\": 0.9\n    },\n    {\n      \"label\": \"白色球员投篮得分\",\n      \"start\": 184.0,\n      \"end\": 185.5,\n      \"confidence\": 0.9\n    },\n    {\n      \"label\": \"白色球员上篮得分\",\n      \"start\": 258.0,\n      \"end\": 259.5,\n      \"confidence\": 0.9\n    },\n    {\n      \"label\": \"白色球员投进三分球\",\n      \"start\": 334.0,\n      \"end\": 335.5,\n      \"confidence\": 0.9\n    }\n  ],\n  \"edits\": []\n}"
[15:46:58.883] [DATA] [timeline-build] timeline constructed
{
  "baseClips": [
    {
      "id": "11.00-16.50",
      "start": 11,
      "end": 16.5,
      "dur": 5.5
    },
    {
      "id": "44.20-49.70",
      "start": 44.2,
      "end": 49.7,
      "dur": 5.5
    },
    {
      "id": "113.70-119.20",
      "start": 113.7,
      "end": 119.2,
      "dur": 5.5
    },
    {
      "id": "182.00-187.50",
      "start": 182,
      "end": 187.5,
      "dur": 5.5
    },
    {
      "id": "256.00-261.50",
      "start": 256,
      "end": 261.5,
      "dur": 5.5
    },
    {
      "id": "332.00-337.50",
      "start": 332,
      "end": 337.5,
      "dur": 5.5
    }
  ],
  "resultClips": [
    {
      "id": "11.00-16.50",
      "start": 11,
      "end": 16.5,
      "timelineStart": 0,
      "displayDuration": 5.5,
      "playbackRate": 1
    },
    {
      "id": "44.20-49.70",
      "start": 44.2,
      "end": 49.7,
      "timelineStart": 5.5,
      "displayDuration": 5.5,
      "playbackRate": 1
    },
    {
      "id": "113.70-119.20",
      "start": 113.7,
      "end": 119.2,
      "timelineStart": 11,
      "displayDuration": 5.5,
      "playbackRate": 1
    },
    {
      "id": "182.00-187.50",
      "start": 182,
      "end": 187.5,
      "timelineStart": 16.5,
      "displayDuration": 5.5,
      "playbackRate": 1
    },
    {
      "id": "256.00-261.50",
      "start": 256,
      "end": 261.5,
      "timelineStart": 22,
      "displayDuration": 5.5,
      "playbackRate": 1
    },
    {
      "id": "332.00-337.50",
      "start": 332,
      "end": 337.5,
      "timelineStart": 27.5,
      "displayDuration": 5.5,
      "playbackRate": 1
    }
  ],
  "totalTimelineDuration": 33,
  "videoDuration": 358.561667,
  "textEdits": [],
  "fadeEdits": []
}
