[17:38:45.773] [INFO] [analyze] 使用会话缓存 sess-1773740002565-pzqhbf1
[17:38:45.773] [INFO] [analyze] start
{
  "duration": 15.766667,
  "pe": "短视频剪辑产品经理（PE）",
  "request": "原视频静音，再添加一个合适的背景音乐 ",
  "engine": "auto"
}
[17:39:17.021] [DATA] [analyze] debugTimeline
[
  {
    "time": "2026-03-17T09:38:45.773Z",
    "role": "system",
    "level": "info",
    "message": "收到识别请求",
    "data": {
      "duration": 15.766667,
      "pe": "短视频剪辑产品经理（PE）",
      "request": "原视频静音，再添加一个合适的背景音乐 ",
      "engine": "auto"
    }
  },
  {
    "round": 1,
    "thought": "用户要求将原视频静音，并添加背景音乐。我将通过修改现有视频片段的音量来实现静音，然后使用add_bgm工具添加合适的背景音乐。",
    "action": "add_bgm(keywords=\"upbeat cooking\", volume=0.3)",
    "observation": {
      "ok": true
    }
  },
  {
    "round": 2,
    "thought": "我已经添加了背景音乐。现在需要将原视频的音量设为0以实现静音。我需要先读取草稿来获取视频片段的ID，然后修改每个视频片段的音量。",
    "action": "read_draft(\"full\")",
    "observation": {
      "draft": {
        "version": 2,
        "lastModified": 1773740002566,
        "sources": {
          "video-1773740002566": {
            "type": "video",
            "name": "2æ12æ¥.mov",
            "path": "/var/folders/vl/804_7yys0pl3sjplmmbhcvsh0000gn/T/1773739958812-d8025a-2æ12æ¥.mov",
            "duration": 15.766667,
            "metadata": {
              "width": 1920,
              "height": 1080,
              "fps": 30
            }
          }
        },
        "tracks": [
          {
            "id": "V1",
            "type": "video",
            "enabled": true,
            "locked": false,
            "segments": [
              {
                "id": "seg-v-1773740002566-4aef01",
                "type": "video",
                "sourceId": "video-1773740002566",
                "timelineStart": 0,
                "timelineDuration": 4.765,
                "sourceStart": 0,
                "sourceEnd": 9.53,
                "playbackRate": 2,
                "volume": 1,
                "transform": {
                  "scale": 1,
                  "x": 0,
                  "y": 0,
                  "rotate": 0,
                  "flipX": false,
                  "flipY": false,
                  "crop": {
                    "top": 0,
                    "right": 0,
                    "bottom": 0,
                    "left": 0
                  }
                },
                "filters": {
                  "brightness": 0,
                  "contrast": 0,
                  "saturation": 0,
                  "hue": 0,
                  "sharpness": 0
                }
              },
              {
                "id": "seg-v-1773740002566-833fb5",
                "type": "video",
                "sourceId": "video-1773740002566",
                "timelineStart": 4.765,
                "timelineDuration": 6.236667000000001,
                "sourceStart": 9.53,
                "sourceEnd": 15.766667,
                "playbackRate": 1,
                "volume": 1,
                "transform": {
                  "scale": 1,
                  "x": 0,
                  "y": 0,
                  "rotate": 0,
                  "flipX": false,
                  "flipY": false,
                  "crop": {
                    "top": 0,
                    "right": 0,
                    "bottom": 0,
                    "left": 0
                  }
                },
                "filters": {
                  "brightness": 0,
                  "contrast": 0,
                  "saturation": 0,
                  "hue": 0,
                  "sharpness": 0
                }
              }
            ]
          },
          {
            "id": "T1",
            "type": "text",
            "enabled": true,
            "locked": false,
            "segments": [
              {
                "id": "seg-t-1773740002566-a9d86a",
                "type": "text",
                "timelineStart": 0.25,
                "timelineDuration": 1.75,
                "content": "制作鸡蛋沙拉馅料",
                "style": {
                  "fontSize": 48,
                  "color": "#ffffff",
                  "position": "bottom",
                  "fontFamily": "Arial",
                  "stroke": {
                    "color": "#000000",
                    "width": 2
                  }
                }
              },
              {
                "id": "seg-t-1773740002566-c03339",
                "type": "text",
                "timelineStart": 2.75,
                "timelineDuration": 1.75,
                "content": "切片巨型吐司",
                "style": {
                  "fontSize": 48,
                  "color": "#ffffff",
                  "position": "bottom",
                  "fontFamily": "Arial",
                  "stroke": {
                    "color": "#000000",
                    "width": 2
                  }
                }
              },
              {
                "id": "seg-t-1773740002566-abcd3d",
                "type": "text",
                "timelineStart": 5.235,
                "timelineDuration": 0.8000000000000007,
                "content": "烤制金黄酥脆",
                "style": {
                  "fontSize": 48,
                  "color": "#ffffff",
                  "position": "bottom",
                  "fontFamily": "Arial",
                  "stroke": {
                    "color": "#000000",
                    "width": 2
                  }
                }
              }
            ]
          }
        ],
        "settings": {
          "totalDuration": 11.001667000000001,
          "resolution": {
            "width": 1920,
            "height": 1080
          },
          "fps": 30,
          "aspectRatio": "16:9"
        }
      },
      "changesSince": {
        "added": [
          {
            "type": "track",
            "id": "V1"
          },
          {
            "type": "track",
            "id": "T1"
          }
        ],
        "modified": [],
        "deleted": [],
        "summary": "AI 生成了新的剪辑方案"
      }
    }
  },
  {
    "round": 3,
    "thought": "我已经成功添加了背景音乐。现在我将把原视频的两个片段的音量都设置为0，以实现静音。",
    "action": "modify_segment(\"seg-v-1773740002566-4aef01\", {\"volume\": 0})",
    "observation": {
      "ok": true,
      "message": "已修改片段 seg-v-1773740002566-4aef01",
      "modifications": [
        "volume"
      ]
    }
  },
  {
    "round": 4,
    "thought": "我已经将第一个视频片段静音。现在，我需要将第二个视频片段也静音，以完成\"原视频静音\"的用户指令。",
    "action": "modify_segment(\"seg-v-1773740002566-833fb5\", {\"volume\": 0})",
    "observation": {
      "ok": true,
      "message": "已修改片段 seg-v-1773740002566-833fb5",
      "modifications": [
        "volume"
      ]
    }
  },
  {
    "round": 5,
    "thought": "我已经成功地将原视频静音，并通过添加背景音乐完成了用户的请求。现在我将总结整个任务并输出最终结果。"
  },
  {
    "time": "2026-03-17T09:39:17.021Z",
    "role": "system",
    "level": "info",
    "message": "识别完成",
    "data": {
      "source": "agent-loop-auto",
      "engine": "auto",
      "edits": 5
    }
  }
]
[17:39:17.022] [DATA] [analyze] result.features
{
  "duration": 15.766667,
  "segmentCount": 5,
  "segments": [
    {
      "id": "0.00-4.76",
      "start": 0,
      "end": 4.765,
      "duration": 4.765,
      "energy": 0.5,
      "label": "制作鸡蛋沙拉馅料",
      "tags": {}
    },
    {
      "id": "4.76-11.00",
      "start": 4.765,
      "end": 11.001667,
      "duration": 6.236667,
      "energy": 0.5,
      "label": "切片巨型吐司及烤制",
      "tags": {}
    },
    {
      "id": "0.25-2.00",
      "start": 0.25,
      "end": 2,
      "duration": 1.75,
      "energy": 0.5,
      "label": "字幕: 制作鸡蛋沙拉馅料",
      "tags": {}
    },
    {
      "id": "2.75-4.50",
      "start": 2.75,
      "end": 4.5,
      "duration": 1.75,
      "energy": 0.5,
      "label": "字幕: 切片巨型吐司",
      "tags": {}
    },
    {
      "id": "5.24-6.04",
      "start": 5.235,
      "end": 6.035,
      "duration": 0.7999999999999998,
      "energy": 0.5,
      "label": "字幕: 烤制金黄酥脆",
      "tags": {}
    }
  ],
  "keyframes": [
    {
      "time": 2.38,
      "energy": 0.5
    },
    {
      "time": 7.88,
      "energy": 0.5
    },
    {
      "time": 1.13,
      "energy": 0.5
    },
    {
      "time": 3.63,
      "energy": 0.5
    },
    {
      "time": 5.63,
      "energy": 0.5
    }
  ],
  "rhythmScore": 0.5,
  "events": [],
  "edits": [
    {
      "type": "speed",
      "start": 0,
      "end": 9.53,
      "rate": 2
    },
    {
      "type": "text",
      "start": 0.25,
      "end": 2,
      "text": "制作鸡蛋沙拉馅料",
      "position": "bottom"
    },
    {
      "type": "text",
      "start": 2.75,
      "end": 4.5,
      "text": "切片巨型吐司",
      "position": "bottom"
    },
    {
      "type": "text",
      "start": 5.235,
      "end": 6.035,
      "text": "烤制金黄酥脆",
      "position": "bottom"
    },
    {
      "type": "bgm",
      "start": 0,
      "end": 15.766667,
      "keywords": "upbeat cooking",
      "volume": 0.3
    }
  ],
  "summary": "您的vlog已完成编辑：原视频已静音，并添加了合适的背景音乐。",
  "agentSteps": [
    {
      "round": 1,
      "thought": "用户要求将原视频静音，并添加背景音乐。我将通过修改现有视频片段的音量来实现静音，然后使用add_bgm工具添加合适的背景音乐。",
      "action": "add_bgm(keywords=\"upbeat cooking\", volume=0.3)",
      "observation": {
        "ok": true
      }
    },
    {
      "round": 2,
      "thought": "我已经添加了背景音乐。现在需要将原视频的音量设为0以实现静音。我需要先读取草稿来获取视频片段的ID，然后修改每个视频片段的音量。",
      "action": "read_draft(\"full\")",
      "observation": {
        "draft": {
          "version": 2,
          "lastModified": 1773740002566,
          "sources": {
            "video-1773740002566": {
              "type": "video",
              "name": "2æ12æ¥.mov",
              "path": "/var/folders/vl/804_7yys0pl3sjplmmbhcvsh0000gn/T/1773739958812-d8025a-2æ12æ¥.mov",
              "duration": 15.766667,
              "metadata": {
                "width": 1920,
                "height": 1080,
                "fps": 30
              }
            }
          },
          "tracks": [
            {
              "id": "V1",
              "type": "video",
              "enabled": true,
              "locked": false,
              "segments": [
                {
                  "id": "seg-v-1773740002566-4aef01",
                  "type": "video",
                  "sourceId": "video-1773740002566",
                  "timelineStart": 0,
                  "timelineDuration": 4.765,
                  "sourceStart": 0,
                  "sourceEnd": 9.53,
                  "playbackRate": 2,
                  "volume": 1,
                  "transform": {
                    "scale": 1,
                    "x": 0,
                    "y": 0,
                    "rotate": 0,
                    "flipX": false,
                    "flipY": false,
                    "crop": {
                      "top": 0,
                      "right": 0,
                      "bottom": 0,
                      "left": 0
                    }
                  },
                  "filters": {
                    "brightness": 0,
                    "contrast": 0,
                    "saturation": 0,
                    "hue": 0,
                    "sharpness": 0
                  }
                },
                {
                  "id": "seg-v-1773740002566-833fb5",
                  "type": "video",
                  "sourceId": "video-1773740002566",
                  "timelineStart": 4.765,
                  "timelineDuration": 6.236667000000001,
                  "sourceStart": 9.53,
                  "sourceEnd": 15.766667,
                  "playbackRate": 1,
                  "volume": 1,
                  "transform": {
                    "scale": 1,
                    "x": 0,
                    "y": 0,
                    "rotate": 0,
                    "flipX": false,
                    "flipY": false,
                    "crop": {
                      "top": 0,
                      "right": 0,
                      "bottom": 0,
                      "left": 0
                    }
                  },
                  "filters": {
                    "brightness": 0,
                    "contrast": 0,
                    "saturation": 0,
                    "hue": 0,
                    "sharpness": 0
                  }
                }
              ]
            },
            {
              "id": "T1",
              "type": "text",
              "enabled": true,
              "locked": false,
              "segments": [
                {
                  "id": "seg-t-1773740002566-a9d86a",
                  "type": "text",
                  "timelineStart": 0.25,
                  "timelineDuration": 1.75,
                  "content": "制作鸡蛋沙拉馅料",
                  "style": {
                    "fontSize": 48,
                    "color": "#ffffff",
                    "position": "bottom",
                    "fontFamily": "Arial",
                    "stroke": {
                      "color": "#000000",
                      "width": 2
                    }
                  }
                },
                {
                  "id": "seg-t-1773740002566-c03339",
                  "type": "text",
                  "timelineStart": 2.75,
                  "timelineDuration": 1.75,
                  "content": "切片巨型吐司",
                  "style": {
                    "fontSize": 48,
                    "color": "#ffffff",
                    "position": "bottom",
                    "fontFamily": "Arial",
                    "stroke": {
                      "color": "#000000",
                      "width": 2
                    }
                  }
                },
                {
                  "id": "seg-t-1773740002566-abcd3d",
                  "type": "text",
                  "timelineStart": 5.235,
                  "timelineDuration": 0.8000000000000007,
                  "content": "烤制金黄酥脆",
                  "style": {
                    "fontSize": 48,
                    "color": "#ffffff",
                    "position": "bottom",
                    "fontFamily": "Arial",
                    "stroke": {
                      "color": "#000000",
                      "width": 2
                    }
                  }
                }
              ]
            }
          ],
          "settings": {
            "totalDuration": 11.001667000000001,
            "resolution": {
              "width": 1920,
              "height": 1080
            },
            "fps": 30,
            "aspectRatio": "16:9"
          }
        },
        "changesSince": {
          "added": [
            {
              "type": "track",
              "id": "V1"
            },
            {
              "type": "track",
              "id": "T1"
            }
          ],
          "modified": [],
          "deleted": [],
          "summary": "AI 生成了新的剪辑方案"
        }
      }
    },
    {
      "round": 3,
      "thought": "我已经成功添加了背景音乐。现在我将把原视频的两个片段的音量都设置为0，以实现静音。",
      "action": "modify_segment(\"seg-v-1773740002566-4aef01\", {\"volume\": 0})",
      "observation": {
        "ok": true,
        "message": "已修改片段 seg-v-1773740002566-4aef01",
        "modifications": [
          "volume"
        ]
      }
    },
    {
      "round": 4,
      "thought": "我已经将第一个视频片段静音。现在，我需要将第二个视频片段也静音，以完成\"原视频静音\"的用户指令。",
      "action": "modify_segment(\"seg-v-1773740002566-833fb5\", {\"volume\": 0})",
      "observation": {
        "ok": true,
        "message": "已修改片段 seg-v-1773740002566-833fb5",
        "modifications": [
          "volume"
        ]
      }
    },
    {
      "round": 5,
      "thought": "我已经成功地将原视频静音，并通过添加背景音乐完成了用户的请求。现在我将总结整个任务并输出最终结果。"
    }
  ],
  "performance": {
    "totalTime": "31.2s",
    "rounds": 5,
    "tokensIn": 23520,
    "tokensOut": 842,
    "totalTokens": 24362,
    "cost": "$0.0092",
    "orchestratorCalls": 5,
    "videoAnalysisCalls": 0
  }
}
[17:39:17.023] [INFO] [analyze] done
{
  "source": "agent-loop-auto",
  "segmentCount": 5,
  "events": 0,
  "edits": 5
}
[17:39:35.799] [DATA] [analyze] rawResponse
"{\n  \"thought\": \"我已经成功地将原视频静音，并通过添加背景音乐完成了用户的请求。现在我将总结整个任务并输出最终结果。\",\n  \"final_answer\": \"您的vlog已完成编辑：原视频已静音，并添加了合适的背景音乐。\",\n  \"summary\": \"您的vlog已制作完成，鸡蛋捣碎过程已加速，并添加了描述性文字，原视频已静音，并配上了轻松愉快的背景音乐，整体时长控制在30秒内。\",\n  \"segments\": [\n    { \"start\": 0.0, \"end\": 4.765, \"energy\": null, \"label\": \"制作鸡蛋沙拉馅料\" },\n    { \"start\": 4.765, \"end\": 11.001667, \"energy\": null, \"label\": \"切片巨型吐司及烤制\" },\n    { \"start\": 0.25, \"end\": 2.0, \"energy\": null, \"label\": \"字幕: 制作鸡蛋沙拉馅料\" },\n    { \"start\": 2.75, \"end\": 4.5, \"energy\": null, \"label\": \"字幕: 切片巨型吐司\" },\n    { \"start\": 5.235, \"end\": 6.035, \"energy\": null, \"label\": \"字幕: 烤制金黄酥脆\" }\n  ],\n  \"events\": [],\n  \"edits\": [\n    { \"type\": \"speed\", \"start\": 0.0, \"end\": 9.53, \"rate\": 2.0 },\n    { \"type\": \"text\", \"start\": 0.25, \"end\": 2.0, \"text\": \"制作鸡蛋沙拉馅料\", \"position\": \"bottom\" },\n    { \"type\": \"text\", \"start\": 2.75, \"end\": 4.5, \"text\": \"切片巨型吐司\", \"position\": \"bottom\" },\n    { \"type\": \"text\", \"start\": 5.235, \"end\": 6.035, \"text\": \"烤制金黄酥脆\", \"position\": \"bottom\" },\n    { \"type\": \"bgm\", \"keywords\": \"upbeat cooking\", \"volume\": 0.3 }\n  ]\n}"
[17:39:35.818] [DATA] [timeline-build] timeline constructed
{
  "baseClips": [
    {
      "id": "0.00-4.76",
      "start": 0,
      "end": 4.765,
      "dur": 4.765
    },
    {
      "id": "0.25-2.00",
      "start": 0.25,
      "end": 2,
      "dur": 1.75
    },
    {
      "id": "2.75-4.50",
      "start": 2.75,
      "end": 4.5,
      "dur": 1.75
    },
    {
      "id": "4.76-11.00",
      "start": 4.765,
      "end": 11.001667,
      "dur": 6.236667
    },
    {
      "id": "5.24-6.04",
      "start": 5.235,
      "end": 6.035,
      "dur": 0.7999999999999998
    }
  ],
  "resultClips": [
    {
      "id": "0.00-4.76",
      "start": 0,
      "end": 4.765,
      "timelineStart": 0,
      "displayDuration": 2.3825,
      "playbackRate": 2
    },
    {
      "id": "0.25-2.00",
      "start": 0.25,
      "end": 2,
      "timelineStart": 2.3825,
      "displayDuration": 0.875,
      "playbackRate": 2
    },
    {
      "id": "2.75-4.50",
      "start": 2.75,
      "end": 4.5,
      "timelineStart": 3.2575,
      "displayDuration": 0.875,
      "playbackRate": 2
    },
    {
      "id": "split-4.76-9.53",
      "start": 4.765,
      "end": 9.53,
      "timelineStart": 4.1325,
      "displayDuration": 2.3825,
      "playbackRate": 2
    },
    {
      "id": "split-9.53-11.00",
      "start": 9.53,
      "end": 11.001667,
      "timelineStart": 6.515000000000001,
      "displayDuration": 1.471667,
      "playbackRate": 1
    },
    {
      "id": "5.24-6.04",
      "start": 5.235,
      "end": 6.035,
      "timelineStart": 7.986667000000001,
      "displayDuration": 0.3999999999999999,
      "playbackRate": 2
    }
  ],
  "totalTimelineDuration": 8.386667000000001,
  "videoDuration": 15.766667,
  "textEdits": [
    {
      "type": "text",
      "start": 0.25,
      "end": 2,
      "text": "制作鸡蛋沙拉馅料",
      "position": "bottom",
      "timelineStart": 0.125,
      "timelineEnd": 1
    },
    {
      "type": "text",
      "start": 2.75,
      "end": 4.5,
      "text": "切片巨型吐司",
      "position": "bottom",
      "timelineStart": 1.375,
      "timelineEnd": 2.25
    },
    {
      "type": "text",
      "start": 5.235,
      "end": 6.035,
      "text": "烤制金黄酥脆",
      "position": "bottom",
      "timelineStart": 4.367500000000001,
      "timelineEnd": 4.7675
    }
  ],
  "fadeEdits": []
}
[17:39:54.108] [DATA] [timeline-build] timeline constructed
{
  "baseClips": [
    {
      "id": "0.00-4.76",
      "start": 0,
      "end": 4.765,
      "dur": 4.765
    },
    {
      "id": "0.25-2.00",
      "start": 0.25,
      "end": 2,
      "dur": 1.75
    },
    {
      "id": "2.75-4.50",
      "start": 2.75,
      "end": 4.5,
      "dur": 1.75
    },
    {
      "id": "4.76-11.00",
      "start": 4.765,
      "end": 11.001667,
      "dur": 6.236667
    },
    {
      "id": "5.24-6.04",
      "start": 5.235,
      "end": 6.035,
      "dur": 0.7999999999999998
    }
  ],
  "resultClips": [
    {
      "id": "0.00-4.76",
      "start": 0,
      "end": 4.765,
      "timelineStart": 0,
      "displayDuration": 2.3825,
      "playbackRate": 2
    },
    {
      "id": "0.25-2.00",
      "start": 0.25,
      "end": 2,
      "timelineStart": 2.3825,
      "displayDuration": 0.875,
      "playbackRate": 2
    },
    {
      "id": "2.75-4.50",
      "start": 2.75,
      "end": 4.5,
      "timelineStart": 3.2575,
      "displayDuration": 0.875,
      "playbackRate": 2
    },
    {
      "id": "split-4.76-9.53",
      "start": 4.765,
      "end": 9.53,
      "timelineStart": 4.1325,
      "displayDuration": 2.3825,
      "playbackRate": 2
    },
    {
      "id": "split-9.53-11.00",
      "start": 9.53,
      "end": 11.001667,
      "timelineStart": 6.515000000000001,
      "displayDuration": 1.471667,
      "playbackRate": 1
    },
    {
      "id": "5.24-6.04",
      "start": 5.235,
      "end": 6.035,
      "timelineStart": 7.986667000000001,
      "displayDuration": 0.3999999999999999,
      "playbackRate": 2
    }
  ],
  "totalTimelineDuration": 8.386667000000001,
  "videoDuration": 15.766667,
  "textEdits": [
    {
      "type": "text",
      "start": 0.25,
      "end": 2,
      "text": "制作鸡蛋沙拉馅料",
      "position": "bottom",
      "timelineStart": 0.125,
      "timelineEnd": 1
    },
    {
      "type": "text",
      "start": 2.75,
      "end": 4.5,
      "text": "切片巨型吐司",
      "position": "bottom",
      "timelineStart": 1.375,
      "timelineEnd": 2.25
    },
    {
      "type": "text",
      "start": 5.235,
      "end": 6.035,
      "text": "烤制金黄酥脆",
      "position": "bottom",
      "timelineStart": 4.367500000000001,
      "timelineEnd": 4.7675
    }
  ],
  "fadeEdits": []
}
[17:43:31.783] [DATA] [timeline-build] timeline constructed
{
  "baseClips": [
    {
      "id": "0.00-4.76",
      "start": 0,
      "end": 4.765,
      "dur": 4.765
    },
    {
      "id": "0.25-2.00",
      "start": 0.25,
      "end": 2,
      "dur": 1.75
    },
    {
      "id": "2.75-4.50",
      "start": 2.75,
      "end": 4.5,
      "dur": 1.75
    },
    {
      "id": "4.76-11.00",
      "start": 4.765,
      "end": 11.001667,
      "dur": 6.236667
    },
    {
      "id": "5.24-6.04",
      "start": 5.235,
      "end": 6.035,
      "dur": 0.7999999999999998
    }
  ],
  "resultClips": [
    {
      "id": "0.00-4.76",
      "start": 0,
      "end": 4.765,
      "timelineStart": 0,
      "displayDuration": 2.3825,
      "playbackRate": 2
    },
    {
      "id": "0.25-2.00",
      "start": 0.25,
      "end": 2,
      "timelineStart": 2.3825,
      "displayDuration": 0.875,
      "playbackRate": 2
    },
    {
      "id": "2.75-4.50",
      "start": 2.75,
      "end": 4.5,
      "timelineStart": 3.2575,
      "displayDuration": 0.875,
      "playbackRate": 2
    },
    {
      "id": "split-4.76-9.53",
      "start": 4.765,
      "end": 9.53,
      "timelineStart": 4.1325,
      "displayDuration": 2.3825,
      "playbackRate": 2
    },
    {
      "id": "split-9.53-11.00",
      "start": 9.53,
      "end": 11.001667,
      "timelineStart": 6.515000000000001,
      "displayDuration": 1.471667,
      "playbackRate": 1
    },
    {
      "id": "5.24-6.04",
      "start": 5.235,
      "end": 6.035,
      "timelineStart": 7.986667000000001,
      "displayDuration": 0.3999999999999999,
      "playbackRate": 2
    }
  ],
  "totalTimelineDuration": 8.386667000000001,
  "videoDuration": 15.766667,
  "textEdits": [
    {
      "type": "text",
      "start": 0.25,
      "end": 2,
      "text": "制作鸡蛋沙拉馅料",
      "position": "bottom",
      "timelineStart": 0.125,
      "timelineEnd": 1
    },
    {
      "type": "text",
      "start": 2.75,
      "end": 4.5,
      "text": "切片巨型吐司",
      "position": "bottom",
      "timelineStart": 1.375,
      "timelineEnd": 2.25
    },
    {
      "type": "text",
      "start": 5.235,
      "end": 6.035,
      "text": "烤制金黄酥脆",
      "position": "bottom",
      "timelineStart": 4.367500000000001,
      "timelineEnd": 4.7675
    }
  ],
  "fadeEdits": []
}
[17:45:21.749] [DATA] [timeline-build] timeline constructed
{
  "baseClips": [
    {
      "id": "0.00-4.76",
      "start": 0,
      "end": 4.765,
      "dur": 4.765
    },
    {
      "id": "0.25-2.00",
      "start": 0.25,
      "end": 2,
      "dur": 1.75
    },
    {
      "id": "2.75-4.50",
      "start": 2.75,
      "end": 4.5,
      "dur": 1.75
    },
    {
      "id": "4.76-11.00",
      "start": 4.765,
      "end": 11.001667,
      "dur": 6.236667
    },
    {
      "id": "5.24-6.04",
      "start": 5.235,
      "end": 6.035,
      "dur": 0.7999999999999998
    }
  ],
  "resultClips": [
    {
      "id": "0.00-4.76",
      "start": 0,
      "end": 4.765,
      "timelineStart": 0,
      "displayDuration": 2.3825,
      "playbackRate": 2
    },
    {
      "id": "0.25-2.00",
      "start": 0.25,
      "end": 2,
      "timelineStart": 2.3825,
      "displayDuration": 0.875,
      "playbackRate": 2
    },
    {
      "id": "2.75-4.50",
      "start": 2.75,
      "end": 4.5,
      "timelineStart": 3.2575,
      "displayDuration": 0.875,
      "playbackRate": 2
    },
    {
      "id": "split-4.76-9.53",
      "start": 4.765,
      "end": 9.53,
      "timelineStart": 4.1325,
      "displayDuration": 2.3825,
      "playbackRate": 2
    },
    {
      "id": "split-9.53-11.00",
      "start": 9.53,
      "end": 11.001667,
      "timelineStart": 6.515000000000001,
      "displayDuration": 1.471667,
      "playbackRate": 1
    },
    {
      "id": "5.24-6.04",
      "start": 5.235,
      "end": 6.035,
      "timelineStart": 7.986667000000001,
      "displayDuration": 0.3999999999999999,
      "playbackRate": 2
    }
  ],
  "totalTimelineDuration": 8.386667000000001,
  "videoDuration": 15.766667,
  "textEdits": [
    {
      "type": "text",
      "start": 0.25,
      "end": 2,
      "text": "制作鸡蛋沙拉馅料",
      "position": "bottom",
      "timelineStart": 0.125,
      "timelineEnd": 1
    },
    {
      "type": "text",
      "start": 2.75,
      "end": 4.5,
      "text": "切片巨型吐司",
      "position": "bottom",
      "timelineStart": 1.375,
      "timelineEnd": 2.25
    },
    {
      "type": "text",
      "start": 5.235,
      "end": 6.035,
      "text": "烤制金黄酥脆",
      "position": "bottom",
      "timelineStart": 4.367500000000001,
      "timelineEnd": 4.7675
    }
  ],
  "fadeEdits": []
}
[17:47:03.757] [DATA] [timeline-build] timeline constructed
{
  "baseClips": [
    {
      "id": "0.00-4.76",
      "start": 0,
      "end": 4.765,
      "dur": 4.765
    },
    {
      "id": "0.25-2.00",
      "start": 0.25,
      "end": 2,
      "dur": 1.75
    },
    {
      "id": "2.75-4.50",
      "start": 2.75,
      "end": 4.5,
      "dur": 1.75
    },
    {
      "id": "4.76-11.00",
      "start": 4.765,
      "end": 11.001667,
      "dur": 6.236667
    },
    {
      "id": "5.24-6.04",
      "start": 5.235,
      "end": 6.035,
      "dur": 0.7999999999999998
    }
  ],
  "resultClips": [
    {
      "id": "0.00-4.76",
      "start": 0,
      "end": 4.765,
      "timelineStart": 0,
      "displayDuration": 2.3825,
      "playbackRate": 2
    },
    {
      "id": "0.25-2.00",
      "start": 0.25,
      "end": 2,
      "timelineStart": 2.3825,
      "displayDuration": 0.875,
      "playbackRate": 2
    },
    {
      "id": "2.75-4.50",
      "start": 2.75,
      "end": 4.5,
      "timelineStart": 3.2575,
      "displayDuration": 0.875,
      "playbackRate": 2
    },
    {
      "id": "split-4.76-9.53",
      "start": 4.765,
      "end": 9.53,
      "timelineStart": 4.1325,
      "displayDuration": 2.3825,
      "playbackRate": 2
    },
    {
      "id": "split-9.53-11.00",
      "start": 9.53,
      "end": 11.001667,
      "timelineStart": 6.515000000000001,
      "displayDuration": 1.471667,
      "playbackRate": 1
    },
    {
      "id": "5.24-6.04",
      "start": 5.235,
      "end": 6.035,
      "timelineStart": 7.986667000000001,
      "displayDuration": 0.3999999999999999,
      "playbackRate": 2
    }
  ],
  "totalTimelineDuration": 8.386667000000001,
  "videoDuration": 15.766667,
  "textEdits": [
    {
      "type": "text",
      "start": 0.25,
      "end": 2,
      "text": "制作鸡蛋沙拉馅料",
      "position": "bottom",
      "timelineStart": 0.125,
      "timelineEnd": 1
    },
    {
      "type": "text",
      "start": 2.75,
      "end": 4.5,
      "text": "切片巨型吐司",
      "position": "bottom",
      "timelineStart": 1.375,
      "timelineEnd": 2.25
    },
    {
      "type": "text",
      "start": 5.235,
      "end": 6.035,
      "text": "烤制金黄酥脆",
      "position": "bottom",
      "timelineStart": 4.367500000000001,
      "timelineEnd": 4.7675
    }
  ],
  "fadeEdits": []
}
