[16:47:34.484] [INFO] [analyze] start
{
  "name": "1E2C715E-421C-4E90-9929-83902DBC8ED7.mov",
  "size": 39345775,
  "duration": 57.538005,
  "pe": "短视频剪辑产品经理（PE）",
  "request": "做成一个 vlog 的视频，配点文字，把鸡蛋捣碎的过程加速一下，整体视频控制在 30S",
  "engine": "doubao"
}
[16:49:38.967] [DATA] [analyze] debugTimeline
[
  {
    "time": "2026-03-16T08:47:34.484Z",
    "role": "system",
    "level": "info",
    "message": "收到识别请求",
    "data": {
      "name": "1E2C715E-421C-4E90-9929-83902DBC8ED7.mov",
      "size": 39345775,
      "duration": 57.538005,
      "pe": "短视频剪辑产品经理（PE）",
      "request": "做成一个 vlog 的视频，配点文字，把鸡蛋捣碎的过程加速一下，整体视频控制在 30S",
      "engine": "doubao"
    }
  },
  {
    "round": 1,
    "thought": "需要先分析视频的画面内容，定位鸡蛋捣碎的过程片段以及其他适合vlog呈现的关键内容节点，才能后续完成加速、时长裁剪、添加文字的需求",
    "action": "analyze_video(\"找出视频中鸡蛋捣碎的过程片段，以及其他烹饪相关的关键内容节点\")",
    "observation": {
      "events": 11,
      "description": "视频展示了厚蛋吐司的制作全过程：先将熟鸡蛋加调味酱捣碎混匀，再处理厚切吐司后把鸡蛋酱堆放在吐司上，最后调味完成制作。"
    }
  },
  {
    "round": 2,
    "thought": "已分析出视频的完整制作流程，接下来将对鸡蛋捣碎片段加速，删除冗余间隙，对非关键片段适当提速控制总时长在30秒左右，并为各关键步骤配说明文字"
  },
  {
    "time": "2026-03-16T08:49:38.967Z",
    "role": "system",
    "level": "info",
    "message": "识别完成",
    "data": {
      "source": "agent-loop-doubao",
      "engine": "doubao",
      "edits": 18
    }
  }
]
[16:49:38.967] [DATA] [analyze] result.features
{
  "duration": 57.538005,
  "segmentCount": 9,
  "segments": [
    {
      "id": "0.00-3.00",
      "start": 0,
      "end": 3,
      "duration": 3,
      "energy": 0.7,
      "label": "放入熟鸡蛋加调味酱",
      "tags": {}
    },
    {
      "id": "3.00-9.50",
      "start": 3,
      "end": 9.5,
      "duration": 6.5,
      "energy": 0.8,
      "label": "捣碎鸡蛋与酱料混合",
      "tags": {}
    },
    {
      "id": "11.00-15.00",
      "start": 11,
      "end": 15,
      "duration": 4,
      "energy": 0.6,
      "label": "切厚吐司片",
      "tags": {}
    },
    {
      "id": "15.00-22.50",
      "start": 15,
      "end": 22.5,
      "duration": 7.5,
      "energy": 0.6,
      "label": "烘烤厚吐司片",
      "tags": {}
    },
    {
      "id": "23.00-28.50",
      "start": 23,
      "end": 28.5,
      "duration": 5.5,
      "energy": 0.6,
      "label": "刮除吐司烤糊部分",
      "tags": {}
    },
    {
      "id": "28.50-33.00",
      "start": 28.5,
      "end": 33,
      "duration": 4.5,
      "energy": 0.7,
      "label": "吐司划口涂抹黄油",
      "tags": {}
    },
    {
      "id": "33.00-37.50",
      "start": 33,
      "end": 37.5,
      "duration": 4.5,
      "energy": 0.6,
      "label": "二次烘烤吐司",
      "tags": {}
    },
    {
      "id": "38.00-51.00",
      "start": 38,
      "end": 51,
      "duration": 13,
      "energy": 0.8,
      "label": "堆放鸡蛋酱到吐司上",
      "tags": {}
    },
    {
      "id": "51.50-55.00",
      "start": 51.5,
      "end": 55,
      "duration": 3.5,
      "energy": 0.9,
      "label": "成品撒料调味",
      "tags": {}
    }
  ],
  "keyframes": [
    {
      "time": 1.5,
      "energy": 0.7
    },
    {
      "time": 6.25,
      "energy": 0.8
    },
    {
      "time": 13,
      "energy": 0.6
    },
    {
      "time": 18.75,
      "energy": 0.6
    },
    {
      "time": 25.75,
      "energy": 0.6
    },
    {
      "time": 30.75,
      "energy": 0.7
    },
    {
      "time": 35.25,
      "energy": 0.6
    },
    {
      "time": 44.5,
      "energy": 0.8
    },
    {
      "time": 53.25,
      "energy": 0.9
    }
  ],
  "rhythmScore": 0.7,
  "events": [
    {
      "label": "将熟鸡蛋放入金属容器中",
      "start": 0,
      "end": 1,
      "confidence": 1
    },
    {
      "label": "往容器中挤入黄色调味酱",
      "start": 1,
      "end": 3,
      "confidence": 1
    },
    {
      "label": "捣碎鸡蛋并和调味酱混合均匀",
      "start": 3,
      "end": 9.5,
      "confidence": 1
    },
    {
      "label": "切厚吐司片",
      "start": 11,
      "end": 15,
      "confidence": 1
    },
    {
      "label": "烘烤厚吐司片",
      "start": 15,
      "end": 22.5,
      "confidence": 1
    },
    {
      "label": "刮除吐司表层烤糊的部分",
      "start": 23,
      "end": 28.5,
      "confidence": 1
    },
    {
      "label": "在吐司内部划开口子",
      "start": 28.5,
      "end": 31,
      "confidence": 1
    },
    {
      "label": "往吐司开口处涂抹黄油",
      "start": 31,
      "end": 33,
      "confidence": 1
    },
    {
      "label": "二次烘烤吐司融化黄油",
      "start": 33,
      "end": 37.5,
      "confidence": 1
    },
    {
      "label": "将混合好的鸡蛋酱堆放在吐司上",
      "start": 38,
      "end": 51,
      "confidence": 1
    },
    {
      "label": "往成品上撒香料、挤番茄酱调味",
      "start": 51.5,
      "end": 55,
      "confidence": 1
    }
  ],
  "edits": [
    {
      "type": "delete",
      "start": 9.5,
      "end": 11
    },
    {
      "type": "delete",
      "start": 22.5,
      "end": 23
    },
    {
      "type": "delete",
      "start": 37.5,
      "end": 38
    },
    {
      "type": "delete",
      "start": 55,
      "end": 57.538
    },
    {
      "type": "speed",
      "start": 3,
      "end": 9.5,
      "rate": 2
    },
    {
      "type": "speed",
      "start": 15,
      "end": 22.5,
      "rate": 3
    },
    {
      "type": "speed",
      "start": 23,
      "end": 28.5,
      "rate": 2
    },
    {
      "type": "speed",
      "start": 33,
      "end": 37.5,
      "rate": 3
    },
    {
      "type": "speed",
      "start": 38,
      "end": 51,
      "rate": 1.5
    },
    {
      "type": "text",
      "start": 0,
      "end": 3,
      "text": "放入鸡蛋加酱",
      "position": "bottom"
    },
    {
      "type": "text",
      "start": 3,
      "end": 9.5,
      "text": "捣碎鸡蛋混匀",
      "position": "bottom"
    },
    {
      "type": "text",
      "start": 11,
      "end": 15,
      "text": "切厚吐司片",
      "position": "bottom"
    },
    {
      "type": "text",
      "start": 15,
      "end": 22.5,
      "text": "烘烤吐司",
      "position": "bottom"
    },
    {
      "type": "text",
      "start": 23,
      "end": 28.5,
      "text": "刮除烤糊部分",
      "position": "bottom"
    },
    {
      "type": "text",
      "start": 28.5,
      "end": 33,
      "text": "划口抹黄油",
      "position": "bottom"
    },
    {
      "type": "text",
      "start": 33,
      "end": 37.5,
      "text": "二次烘烤",
      "position": "bottom"
    },
    {
      "type": "text",
      "start": 38,
      "end": 51,
      "text": "堆放鸡蛋酱",
      "position": "bottom"
    },
    {
      "type": "text",
      "start": 51.5,
      "end": 55,
      "text": "撒料调味完成",
      "position": "bottom"
    }
  ],
  "summary": "已为你完成vlog剪辑，将原厚蛋吐司制作视频压缩到约30秒，已加速鸡蛋捣碎过程，且为每个关键制作步骤添加了说明文字",
  "agentSteps": [
    {
      "round": 1,
      "thought": "需要先分析视频的画面内容，定位鸡蛋捣碎的过程片段以及其他适合vlog呈现的关键内容节点，才能后续完成加速、时长裁剪、添加文字的需求",
      "action": "analyze_video(\"找出视频中鸡蛋捣碎的过程片段，以及其他烹饪相关的关键内容节点\")",
      "observation": {
        "events": 11,
        "description": "视频展示了厚蛋吐司的制作全过程：先将熟鸡蛋加调味酱捣碎混匀，再处理厚切吐司后把鸡蛋酱堆放在吐司上，最后调味完成制作。"
      }
    },
    {
      "round": 2,
      "thought": "已分析出视频的完整制作流程，接下来将对鸡蛋捣碎片段加速，删除冗余间隙，对非关键片段适当提速控制总时长在30秒左右，并为各关键步骤配说明文字"
    }
  ],
  "performance": {
    "totalTime": "124.5s",
    "rounds": 2,
    "tokensIn": 38906,
    "tokensOut": 5214,
    "totalTokens": 44120,
    "cost": "$0.0000",
    "orchestratorCalls": 2,
    "videoAnalysisCalls": 1
  }
}
[16:49:38.967] [INFO] [analyze] done
{
  "source": "agent-loop-doubao",
  "segmentCount": 9,
  "events": 11,
  "edits": 18
}
[16:49:38.970] [DATA] [analyze] rawResponse
"{\n    \"thought\": \"已分析出视频的完整制作流程，接下来将对鸡蛋捣碎片段加速，删除冗余间隙，对非关键片段适当提速控制总时长在30秒左右，并为各关键步骤配说明文字\",\n    \"final_answer\": \"已为你完成vlog剪辑，将原厚蛋吐司制作视频压缩到约30秒，已加速鸡蛋捣碎过程，且为每个关键制作步骤添加了说明文字\",\n    \"summary\": \"视频为厚蛋吐司制作过程：依次为放入熟鸡蛋加调味酱、捣碎鸡蛋与酱料混合、切厚吐司片、烘烤厚吐司片、刮除吐司烤糊部分、吐司划口涂抹黄油、二次烘烤吐司、堆放鸡蛋酱到吐司上、成品撒料调味完成\",\n    \"segments\": [\n        {\"start\": 0.0, \"end\": 3.0, \"energy\": 0.7, \"label\": \"放入熟鸡蛋加调味酱\"},\n        {\"start\": 3.0, \"end\": 9.5, \"energy\": 0.8, \"label\": \"捣碎鸡蛋与酱料混合\"},\n        {\"start\": 11.0, \"end\": 15.0, \"energy\": 0.6, \"label\": \"切厚吐司片\"},\n        {\"start\": 15.0, \"end\": 22.5, \"energy\": 0.6, \"label\": \"烘烤厚吐司片\"},\n        {\"start\": 23.0, \"end\": 28.5, \"energy\": 0.6, \"label\": \"刮除吐司烤糊部分\"},\n        {\"start\": 28.5, \"end\": 33.0, \"energy\": 0.7, \"label\": \"吐司划口涂抹黄油\"},\n        {\"start\": 33.0, \"end\": 37.5, \"energy\": 0.6, \"label\": \"二次烘烤吐司\"},\n        {\"start\": 38.0, \"end\": 51.0, \"energy\": 0.8, \"label\": \"堆放鸡蛋酱到吐司上\"},\n        {\"start\": 51.5, \"end\": 55.0, \"energy\": 0.9, \"label\": \"成品撒料调味\"}\n    ],\n    \"events\": [\n        {\"label\": \"将熟鸡蛋放入金属容器中\", \"start\": 0, \"end\": 1, \"confidence\": 1},\n        {\"label\": \"往容器中挤入黄色调味酱\", \"start\": 1, \"end\": 3, \"confidence\": 1},\n        {\"label\": \"捣碎鸡蛋并和调味酱混合均匀\", \"start\": 3, \"end\": 9.5, \"confidence\": 1},\n        {\"label\": \"切厚吐司片\", \"start\": 11, \"end\": 15, \"confidence\": 1},\n        {\"label\": \"烘烤厚吐司片\", \"start\": 15, \"end\": 22.5, \"confidence\": 1},\n        {\"label\": \"刮除吐司表层烤糊的部分\", \"start\": 23, \"end\": 28.5, \"confidence\": 1},\n        {\"label\": \"在吐司内部划开口子\", \"start\": 28.5, \"end\": 31, \"confidence\": 1},\n        {\"label\": \"往吐司开口处涂抹黄油\", \"start\": 31, \"end\": 33, \"confidence\": 1},\n        {\"label\": \"二次烘烤吐司融化黄油\", \"start\": 33, \"end\": 37.5, \"confidence\": 1},\n        {\"label\": \"将混合好的鸡蛋酱堆放在吐司上\", \"start\": 38, \"end\": 51, \"confidence\": 1},\n        {\"label\": \"往成品上撒香料、挤番茄酱调味\", \"start\": 51.5, \"end\": 55, \"confidence\": 1}\n    ],\n    \"edits\": [\n        {\"type\": \"delete\", \"start\": 9.5, \"end\": 11.0},\n        {\"type\": \"delete\", \"start\": 22.5, \"end\": 23.0},\n        {\"type\": \"delete\", \"start\": 37.5, \"end\": 38.0},\n        {\"type\": \"delete\", \"start\": 55.0, \"end\": 57.538},\n        {\"type\": \"speed\", \"start\": 3.0, \"end\": 9.5, \"rate\": 2.0},\n        {\"type\": \"speed\", \"start\": 15.0, \"end\": 22.5, \"rate\": 3.0},\n        {\"type\": \"speed\", \"start\": 23.0, \"end\": 28.5, \"rate\": 2.0},\n        {\"type\": \"speed\", \"start\": 33.0, \"end\": 37.5, \"rate\": 3.0},\n        {\"type\": \"speed\", \"start\": 38.0, \"end\": 51.0, \"rate\": 1.5},\n        {\"type\": \"text\", \"start\": 0.0, \"end\": 3.0, \"text\": \"放入鸡蛋加酱\", \"position\": \"bottom\"},\n        {\"type\": \"text\", \"start\": 3.0, \"end\": 9.5, \"text\": \"捣碎鸡蛋混匀\", \"position\": \"bottom\"},\n        {\"type\": \"text\", \"start\": 11.0, \"end\": 15.0, \"text\": \"切厚吐司片\", \"position\": \"bottom\"},\n        {\"type\": \"text\", \"start\": 15.0, \"end\": 22.5, \"text\": \"烘烤吐司\", \"position\": \"bottom\"},\n        {\"type\": \"text\", \"start\": 23.0, \"end\": 28.5, \"text\": \"刮除烤糊部分\", \"position\": \"bottom\"},\n        {\"type\": \"text\", \"start\": 28.5, \"end\": 33.0, \"text\": \"划口抹黄油\", \"position\": \"bottom\"},\n        {\"type\": \"text\", \"start\": 33.0, \"end\": 37.5, \"text\": \"二次烘烤\", \"position\": \"bottom\"},\n        {\"type\": \"text\", \"start\": 38.0, \"end\": 51.0, \"text\": \"堆放鸡蛋酱\", \"position\": \"bottom\"},\n        {\"type\": \"text\", \"start\": 51.5, \"end\": 55.0, \"text\": \"撒料调味完成\", \"position\": \"bottom\"}\n    ]\n}"
[16:49:38.985] [DATA] [timeline-build] timeline constructed
{
  "baseClips": [
    {
      "id": "0.00-3.00",
      "start": 0,
      "end": 3,
      "dur": 3
    },
    {
      "id": "3.00-9.50",
      "start": 3,
      "end": 9.5,
      "dur": 6.5
    },
    {
      "id": "28.50-33.00",
      "start": 28.5,
      "end": 33,
      "dur": 4.5
    },
    {
      "id": "38.00-51.00",
      "start": 38,
      "end": 51,
      "dur": 13
    },
    {
      "id": "51.50-55.00",
      "start": 51.5,
      "end": 55,
      "dur": 3.5
    }
  ],
  "resultClips": [
    {
      "id": "0.00-3.00",
      "start": 0,
      "end": 3,
      "timelineStart": 0,
      "displayDuration": 3,
      "playbackRate": 1
    },
    {
      "id": "3.00-9.50",
      "start": 3,
      "end": 9.5,
      "timelineStart": 3,
      "displayDuration": 3.25,
      "playbackRate": 2
    },
    {
      "id": "28.50-33.00",
      "start": 28.5,
      "end": 33,
      "timelineStart": 6.25,
      "displayDuration": 4.5,
      "playbackRate": 1
    },
    {
      "id": "38.00-51.00",
      "start": 38,
      "end": 51,
      "timelineStart": 10.75,
      "displayDuration": 8.666666666666666,
      "playbackRate": 1.5
    },
    {
      "id": "51.50-55.00",
      "start": 51.5,
      "end": 55,
      "timelineStart": 19.416666666666664,
      "displayDuration": 3.5,
      "playbackRate": 1
    }
  ],
  "totalTimelineDuration": 22.916666666666664,
  "videoDuration": 57.538005,
  "textEdits": [
    {
      "type": "text",
      "start": 0,
      "end": 3,
      "text": "放入鸡蛋加酱",
      "position": "bottom",
      "timelineStart": 0,
      "timelineEnd": 3
    },
    {
      "type": "text",
      "start": 3,
      "end": 9.5,
      "text": "捣碎鸡蛋混匀",
      "position": "bottom",
      "timelineStart": 3,
      "timelineEnd": 6.25
    },
    {
      "type": "text",
      "start": 11,
      "end": 15,
      "text": "切厚吐司片",
      "position": "bottom",
      "timelineStart": 11,
      "timelineEnd": 15
    },
    {
      "type": "text",
      "start": 15,
      "end": 22.5,
      "text": "烘烤吐司",
      "position": "bottom",
      "timelineStart": 15,
      "timelineEnd": 22.5
    },
    {
      "type": "text",
      "start": 23,
      "end": 28.5,
      "text": "刮除烤糊部分",
      "position": "bottom",
      "timelineStart": 23,
      "timelineEnd": 6.25
    },
    {
      "type": "text",
      "start": 28.5,
      "end": 33,
      "text": "划口抹黄油",
      "position": "bottom",
      "timelineStart": 6.25,
      "timelineEnd": 10.75
    },
    {
      "type": "text",
      "start": 33,
      "end": 37.5,
      "text": "二次烘烤",
      "position": "bottom",
      "timelineStart": 10.75,
      "timelineEnd": 37.5
    },
    {
      "type": "text",
      "start": 38,
      "end": 51,
      "text": "堆放鸡蛋酱",
      "position": "bottom",
      "timelineStart": 10.75,
      "timelineEnd": 19.416666666666664
    },
    {
      "type": "text",
      "start": 51.5,
      "end": 55,
      "text": "撒料调味完成",
      "position": "bottom",
      "timelineStart": 19.416666666666664,
      "timelineEnd": 22.916666666666664
    }
  ],
  "fadeEdits": []
}
