[17:56:28.348] [INFO] [analyze] start
{
  "name": "IMG_5962.MOV",
  "size": 394329811,
  "duration": 358.561667,
  "pe": "短视频剪辑产品经理（PE）",
  "request": "找出视频中穿白色球衣的球员进球的片段，保留这些片段，其它都去掉",
  "engine": "auto"
}
[17:57:44.928] [DATA] [analyze] debugTimeline
[
  {
    "time": "2026-03-15T09:56:28.343Z",
    "role": "system",
    "level": "info",
    "message": "收到识别请求",
    "data": {
      "name": "IMG_5962.MOV",
      "size": 394329811,
      "duration": 358.561667,
      "pe": "短视频剪辑产品经理（PE）",
      "request": "找出视频中穿白色球衣的球员进球的片段，保留这些片段，其它都去掉",
      "engine": "auto"
    }
  },
  {
    "round": 1,
    "thought": "用户要求找出视频中穿白色球衣的球员进球的片段，并删除其他内容。我需要分析视频内容以识别这些特定的进球事件。因此，我将调用 `analyze_video` 工具，并指定查询条件为“白色球衣球员的进球”。",
    "action": "analyze_video(\"complete scoring plays by players in white jerseys\")",
    "observation": {
      "events": 5,
      "description": "视频记录了一场完整的室内一对一篮球比赛，其中一名球员身穿白色球衣，另一名球员身穿黑色背心。本分析重点关注并列出了白衣球员的所有成功得分瞬间。"
    }
  },
  {
    "round": 2,
    "thought": "我已经识别出视频中所有穿白色球衣的球员的进球片段。根据“高潮时刻的完整性原则”和“边界处理原则”，我将每个进球片段的开始和结束时间向前和向后各扩展约1秒，以包含完整的蓄力、高潮和反应阶段。这些调整后的片段时长都在3-8秒之间，符合篮球比赛作为密集型内容的节奏要求。我将把这些片段组合成一个集锦，并删除视频的其余部分。最后，我会为集锦添加一段背景音乐。"
  },
  {
    "time": "2026-03-15T09:57:44.928Z",
    "role": "system",
    "level": "info",
    "message": "识别完成",
    "data": {
      "source": "agent-loop",
      "edits": 1
    }
  }
]
[17:57:44.928] [DATA] [analyze] result.features
{
  "duration": 358.561667,
  "segmentCount": 5,
  "segments": [
    {
      "id": "41.10-47.00",
      "start": 41.1,
      "end": 47,
      "duration": 5.899999999999999,
      "energy": 0.9,
      "label": "白衣球员三分命中",
      "tags": {}
    },
    {
      "id": "100.00-106.10",
      "start": 100,
      "end": 106.1,
      "duration": 6.099999999999994,
      "energy": 0.9,
      "label": "白衣球员右路突破上篮",
      "tags": {}
    },
    {
      "id": "111.30-116.20",
      "start": 111.3,
      "end": 116.2,
      "duration": 4.900000000000006,
      "energy": 0.85,
      "label": "白衣球员左路突破上篮",
      "tags": {}
    },
    {
      "id": "179.20-185.80",
      "start": 179.2,
      "end": 185.8,
      "duration": 6.600000000000023,
      "energy": 0.9,
      "label": "白衣球员转身突破上篮",
      "tags": {}
    },
    {
      "id": "254.90-260.20",
      "start": 254.9,
      "end": 260.2,
      "duration": 5.299999999999983,
      "energy": 0.85,
      "label": "白衣球员再次左路突破上篮",
      "tags": {}
    }
  ],
  "keyframes": [
    {
      "time": 44.05,
      "energy": 0.9
    },
    {
      "time": 103.05,
      "energy": 0.9
    },
    {
      "time": 113.75,
      "energy": 0.85
    },
    {
      "time": 182.5,
      "energy": 0.9
    },
    {
      "time": 257.55,
      "energy": 0.85
    }
  ],
  "rhythmScore": 0.88,
  "events": [
    {
      "label": "身穿白色球衣的球员命中一记三分球",
      "start": 42.1,
      "end": 46,
      "confidence": 0.95
    },
    {
      "label": "身穿白色球衣的球员右路突破上篮得分",
      "start": 101,
      "end": 105.1,
      "confidence": 0.95
    },
    {
      "label": "身穿白色球衣的球员左路突破上篮得分",
      "start": 112.3,
      "end": 115.2,
      "confidence": 0.95
    },
    {
      "label": "身穿白色球衣的球员转身突破上篮得分",
      "start": 180.2,
      "end": 184.8,
      "confidence": 0.95
    },
    {
      "label": "身穿白色球衣的球员左路再次突破上篮得分",
      "start": 255.9,
      "end": 259.2,
      "confidence": 0.95
    }
  ],
  "edits": [
    {
      "type": "bgm",
      "start": 0,
      "end": 358.561667,
      "keywords": "upbeat sports",
      "volume": 0.3
    }
  ],
  "summary": "这是为你剪辑的白色球衣球员进球集锦。",
  "agentSteps": [
    {
      "round": 1,
      "thought": "用户要求找出视频中穿白色球衣的球员进球的片段，并删除其他内容。我需要分析视频内容以识别这些特定的进球事件。因此，我将调用 `analyze_video` 工具，并指定查询条件为“白色球衣球员的进球”。",
      "action": "analyze_video(\"complete scoring plays by players in white jerseys\")",
      "observation": {
        "events": 5,
        "description": "视频记录了一场完整的室内一对一篮球比赛，其中一名球员身穿白色球衣，另一名球员身穿黑色背心。本分析重点关注并列出了白衣球员的所有成功得分瞬间。"
      }
    },
    {
      "round": 2,
      "thought": "我已经识别出视频中所有穿白色球衣的球员的进球片段。根据“高潮时刻的完整性原则”和“边界处理原则”，我将每个进球片段的开始和结束时间向前和向后各扩展约1秒，以包含完整的蓄力、高潮和反应阶段。这些调整后的片段时长都在3-8秒之间，符合篮球比赛作为密集型内容的节奏要求。我将把这些片段组合成一个集锦，并删除视频的其余部分。最后，我会为集锦添加一段背景音乐。"
    }
  ],
  "performance": {
    "totalTime": "76.6s",
    "rounds": 2,
    "tokensIn": 113119,
    "tokensOut": 1247,
    "totalTokens": 114366,
    "cost": "$0.1405",
    "orchestratorCalls": 2,
    "videoAnalysisCalls": 1
  }
}
[17:57:44.928] [INFO] [analyze] done
{
  "source": "agent-loop",
  "segmentCount": 5,
  "events": 5,
  "edits": 1
}
[17:57:44.931] [DATA] [analyze] rawResponse
"{\n  \"thought\": \"我已经识别出视频中所有穿白色球衣的球员的进球片段。根据“高潮时刻的完整性原则”和“边界处理原则”，我将每个进球片段的开始和结束时间向前和向后各扩展约1秒，以包含完整的蓄力、高潮和反应阶段。这些调整后的片段时长都在3-8秒之间，符合篮球比赛作为密集型内容的节奏要求。我将把这些片段组合成一个集锦，并删除视频的其余部分。最后，我会为集锦添加一段背景音乐。\",\n  \"final_answer\": \"这是为你剪辑的白色球衣球员进球集锦。\",\n  \"summary\": \"视频中穿白色球衣的球员的五个精彩进球集锦。\",\n  \"segments\": [\n    {\n      \"start\": 41.1,\n      \"end\": 47.0,\n      \"energy\": 0.9,\n      \"label\": \"白衣球员三分命中\"\n    },\n    {\n      \"start\": 100.0,\n      \"end\": 106.1,\n      \"energy\": 0.9,\n      \"label\": \"白衣球员右路突破上篮\"\n    },\n    {\n      \"start\": 111.3,\n      \"end\": 116.2,\n      \"energy\": 0.85,\n      \"label\": \"白衣球员左路突破上篮\"\n    },\n    {\n      \"start\": 179.2,\n      \"end\": 185.8,\n      \"energy\": 0.9,\n      \"label\": \"白衣球员转身突破上篮\"\n    },\n    {\n      \"start\": 254.9,\n      \"end\": 260.2,\n      \"energy\": 0.85,\n      \"label\": \"白衣球员再次左路突破上篮\"\n    }\n  ],\n  \"events\": [\n    {\n      \"label\": \"身穿白色球衣的球员命中一记三分球\",\n      \"start\": 42.1,\n      \"end\": 46,\n      \"confidence\": 0.95\n    },\n    {\n      \"label\": \"身穿白色球衣的球员右路突破上篮得分\",\n      \"start\": 101,\n      \"end\": 105.1,\n      \"confidence\": 0.95\n    },\n    {\n      \"label\": \"身穿白色球衣的球员左路突破上篮得分\",\n      \"start\": 112.3,\n      \"end\": 115.2,\n      \"confidence\": 0.95\n    },\n    {\n      \"label\": \"身穿白色球衣的球员转身突破上篮得分\",\n      \"start\": 180.2,\n      \"end\": 184.8,\n      \"confidence\": 0.95\n    },\n    {\n      \"label\": \"身穿白色球衣的球员左路再次突破上篮得分\",\n      \"start\": 255.9,\n      \"end\": 259.2,\n      \"confidence\": 0.95\n    }\n  ],\n  \"edits\": [\n    {\n      \"type\": \"bgm\",\n      \"keywords\": \"upbeat sports\",\n      \"volume\": 0.3\n    }\n  ]\n}"
[17:57:44.948] [DATA] [timeline-build] timeline constructed
{
  "baseClips": [
    {
      "id": "41.10-47.00",
      "start": 41.1,
      "end": 47,
      "dur": 5.899999999999999
    },
    {
      "id": "100.00-106.10",
      "start": 100,
      "end": 106.1,
      "dur": 6.099999999999994
    },
    {
      "id": "111.30-116.20",
      "start": 111.3,
      "end": 116.2,
      "dur": 4.900000000000006
    },
    {
      "id": "179.20-185.80",
      "start": 179.2,
      "end": 185.8,
      "dur": 6.600000000000023
    },
    {
      "id": "254.90-260.20",
      "start": 254.9,
      "end": 260.2,
      "dur": 5.299999999999983
    }
  ],
  "resultClips": [
    {
      "id": "41.10-47.00",
      "start": 41.1,
      "end": 47,
      "timelineStart": 0,
      "displayDuration": 5.899999999999999,
      "playbackRate": 1
    },
    {
      "id": "100.00-106.10",
      "start": 100,
      "end": 106.1,
      "timelineStart": 5.899999999999999,
      "displayDuration": 6.099999999999994,
      "playbackRate": 1
    },
    {
      "id": "111.30-116.20",
      "start": 111.3,
      "end": 116.2,
      "timelineStart": 11.999999999999993,
      "displayDuration": 4.900000000000006,
      "playbackRate": 1
    },
    {
      "id": "179.20-185.80",
      "start": 179.2,
      "end": 185.8,
      "timelineStart": 16.9,
      "displayDuration": 6.600000000000023,
      "playbackRate": 1
    },
    {
      "id": "254.90-260.20",
      "start": 254.9,
      "end": 260.2,
      "timelineStart": 23.50000000000002,
      "displayDuration": 5.299999999999983,
      "playbackRate": 1
    }
  ],
  "totalTimelineDuration": 28.800000000000004,
  "videoDuration": 358.561667,
  "textEdits": [],
  "fadeEdits": []
}
