[00:37:36.576] [INFO] [analyze] start
{
  "name": "IMG_5962_edited.mp4",
  "size": 16664237,
  "duration": 32.002,
  "pe": "短视频剪辑产品经理（PE）",
  "request": "添加一个很燃的背景音乐",
  "engine": "auto"
}
[00:37:38.870] [DATA] [analyze] debugTimeline
[
  {
    "time": "2026-03-15T16:37:36.575Z",
    "role": "system",
    "level": "info",
    "message": "收到识别请求",
    "data": {
      "name": "IMG_5962_edited.mp4",
      "size": 16664237,
      "duration": 32.002,
      "pe": "短视频剪辑产品经理（PE）",
      "request": "添加一个很燃的背景音乐",
      "engine": "auto"
    }
  },
  {
    "round": 1,
    "thought": "用户要求添加一个很燃的背景音乐。我将使用 'upbeat' 和 'energetic' 作为关键词，并设置音量为 0.3，以确保背景音乐不会完全盖过原声。"
  },
  {
    "time": "2026-03-15T16:37:38.870Z",
    "role": "system",
    "level": "info",
    "message": "识别完成",
    "data": {
      "source": "agent-loop-auto",
      "edits": 1
    }
  }
]
[00:37:38.870] [DATA] [analyze] result.features
{
  "duration": 32.002,
  "segmentCount": 0,
  "segments": [],
  "keyframes": [],
  "rhythmScore": 0,
  "events": [],
  "edits": [
    {
      "type": "bgm",
      "start": 0,
      "end": 32.002,
      "keywords": "upbeat energetic",
      "volume": 0.3
    }
  ],
  "summary": "已为您添加一段很燃的背景音乐！",
  "agentSteps": [
    {
      "round": 1,
      "thought": "用户要求添加一个很燃的背景音乐。我将使用 'upbeat' 和 'energetic' 作为关键词，并设置音量为 0.3，以确保背景音乐不会完全盖过原声。"
    }
  ],
  "performance": {
    "totalTime": "2.3s",
    "rounds": 1,
    "tokensIn": 3315,
    "tokensOut": 136,
    "totalTokens": 3451,
    "cost": "$0.0013",
    "orchestratorCalls": 1,
    "videoAnalysisCalls": 0
  }
}
[00:37:38.870] [INFO] [analyze] done
{
  "source": "agent-loop-auto",
  "segmentCount": 0,
  "events": 0,
  "edits": 1
}
[00:37:38.871] [DATA] [analyze] rawResponse
"{\n  \"thought\": \"用户要求添加一个很燃的背景音乐。我将使用 'upbeat' 和 'energetic' 作为关键词，并设置音量为 0.3，以确保背景音乐不会完全盖过原声。\",\n  \"edits\": [\n    {\n      \"type\": \"bgm\",\n      \"keywords\": \"upbeat energetic\",\n      \"volume\": 0.3\n    }\n  ],\n  \"final_answer\": \"已为您添加一段很燃的背景音乐！\",\n  \"summary\": \"\",\n  \"segments\": [],\n  \"events\": []\n}"
[00:37:38.884] [DATA] [timeline-build] timeline constructed
{
  "baseClips": [],
  "resultClips": [
    {
      "id": "base-clip",
      "start": 0,
      "end": 32.002,
      "timelineStart": 0,
      "displayDuration": 32.002,
      "playbackRate": 1
    }
  ],
  "totalTimelineDuration": 32.002,
  "videoDuration": 32.002,
  "textEdits": [],
  "fadeEdits": []
}
