[11:53:47.977] [INFO] [analyze] 使用会话缓存 sess-1773633120961-7lezqys
[11:53:47.978] [INFO] [analyze] start
{
  "duration": 57.538005,
  "pe": "短视频剪辑产品经理（PE）",
  "request": "添加一些文字做为说明",
  "engine": "doubao"
}
[11:54:10.011] [DATA] [analyze] debugTimeline
[
  {
    "time": "2026-03-16T03:53:47.978Z",
    "role": "system",
    "level": "info",
    "message": "收到识别请求",
    "data": {
      "duration": 57.538005,
      "pe": "短视频剪辑产品经理（PE）",
      "request": "添加一些文字做为说明",
      "engine": "doubao"
    }
  },
  {
    "round": 1,
    "thought": "用户需要为鸡蛋沙拉厚吐司制作教程的每个核心步骤添加说明文字，我将对应每个步骤的时间区间添加简洁的描述性文字，放置在画面底部，不遮挡制作主体，方便观众理解流程"
  },
  {
    "time": "2026-03-16T03:54:10.011Z",
    "role": "system",
    "level": "info",
    "message": "识别完成",
    "data": {
      "source": "agent-loop-doubao",
      "engine": "doubao",
      "edits": 6
    }
  }
]
[11:54:10.011] [DATA] [analyze] result.features
{
  "duration": 57.538005,
  "segmentCount": 6,
  "segments": [
    {
      "id": "0.00-10.00",
      "start": 0,
      "end": 10,
      "duration": 10,
      "energy": 0.7,
      "label": "制作鸡蛋沙拉",
      "tags": {}
    },
    {
      "id": "10.00-15.00",
      "start": 10,
      "end": 15,
      "duration": 5,
      "energy": 0.7,
      "label": "切割厚吐司片",
      "tags": {}
    },
    {
      "id": "15.00-28.00",
      "start": 15,
      "end": 28,
      "duration": 13,
      "energy": 0.6,
      "label": "第一次烤制厚吐司",
      "tags": {}
    },
    {
      "id": "28.00-38.00",
      "start": 28,
      "end": 38,
      "duration": 10,
      "energy": 0.6,
      "label": "吐司涂黄油二次烘烤",
      "tags": {}
    },
    {
      "id": "38.00-51.00",
      "start": 38,
      "end": 51,
      "duration": 13,
      "energy": 0.8,
      "label": "厚吐司堆放鸡蛋沙拉",
      "tags": {}
    },
    {
      "id": "51.00-56.00",
      "start": 51,
      "end": 56,
      "duration": 5,
      "energy": 0.9,
      "label": "调味装饰完成餐品",
      "tags": {}
    }
  ],
  "keyframes": [
    {
      "time": 5,
      "energy": 0.7
    },
    {
      "time": 12.5,
      "energy": 0.7
    },
    {
      "time": 21.5,
      "energy": 0.6
    },
    {
      "time": 33,
      "energy": 0.6
    },
    {
      "time": 44.5,
      "energy": 0.8
    },
    {
      "time": 53.5,
      "energy": 0.9
    }
  ],
  "rhythmScore": 0.72,
  "events": [],
  "edits": [
    {
      "type": "text",
      "start": 0,
      "end": 10,
      "text": "制作鸡蛋沙拉",
      "position": "bottom"
    },
    {
      "type": "text",
      "start": 10,
      "end": 15,
      "text": "切厚吐司片",
      "position": "bottom"
    },
    {
      "type": "text",
      "start": 15,
      "end": 28,
      "text": "第一次烘烤吐司",
      "position": "bottom"
    },
    {
      "type": "text",
      "start": 28,
      "end": 38,
      "text": "涂黄油二次烘烤",
      "position": "bottom"
    },
    {
      "type": "text",
      "start": 38,
      "end": 51,
      "text": "吐司铺鸡蛋沙拉",
      "position": "bottom"
    },
    {
      "type": "text",
      "start": 51,
      "end": 56,
      "text": "调味装饰完成",
      "position": "bottom"
    }
  ],
  "summary": "已为每个制作步骤添加了对应说明文字，文字放置在画面底部不遮挡制作主体，清晰展示每个操作步骤，方便观众快速理解制作流程",
  "agentSteps": [
    {
      "round": 1,
      "thought": "用户需要为鸡蛋沙拉厚吐司制作教程的每个核心步骤添加说明文字，我将对应每个步骤的时间区间添加简洁的描述性文字，放置在画面底部，不遮挡制作主体，方便观众理解流程"
    }
  ],
  "performance": {
    "totalTime": "22.0s",
    "rounds": 1,
    "tokensIn": 3900,
    "tokensOut": 1048,
    "totalTokens": 4948,
    "cost": "$0.0000",
    "orchestratorCalls": 1,
    "videoAnalysisCalls": 0
  }
}
[11:54:10.011] [INFO] [analyze] done
{
  "source": "agent-loop-doubao",
  "segmentCount": 6,
  "events": 0,
  "edits": 6
}
[11:54:10.013] [DATA] [analyze] rawResponse
"{\n    \"thought\": \"用户需要为鸡蛋沙拉厚吐司制作教程的每个核心步骤添加说明文字，我将对应每个步骤的时间区间添加简洁的描述性文字，放置在画面底部，不遮挡制作主体，方便观众理解流程\",\n    \"final_answer\": \"已为每个制作步骤添加了对应说明文字，文字放置在画面底部不遮挡制作主体，清晰展示每个操作步骤，方便观众快速理解制作流程\",\n    \"summary\": \"鸡蛋沙拉厚吐司制作教程，包含制作鸡蛋沙拉、切厚吐司片、两次烘烤吐司、铺鸡蛋沙拉、调味装饰全步骤，烤制环节已加速，总时长约46秒，适合抖音发布\",\n    \"segments\": [\n        {\"start\": 0.0, \"end\": 10.0, \"energy\": 0.7, \"label\": \"制作鸡蛋沙拉\"},\n        {\"start\": 10.0, \"end\": 15.0, \"energy\": 0.7, \"label\": \"切割厚吐司片\"},\n        {\"start\": 15.0, \"end\": 28.0, \"energy\": 0.6, \"label\": \"第一次烤制厚吐司\"},\n        {\"start\": 28.0, \"end\": 38.0, \"energy\": 0.6, \"label\": \"吐司涂黄油二次烘烤\"},\n        {\"start\": 38.0, \"end\": 51.0, \"energy\": 0.8, \"label\": \"厚吐司堆放鸡蛋沙拉\"},\n        {\"start\": 51.0, \"end\": 56.0, \"energy\": 0.9, \"label\": \"调味装饰完成餐品\"}\n    ],\n    \"events\": [],\n    \"edits\": [\n        {\"type\": \"text\", \"start\": 0.0, \"end\": 10.0, \"text\": \"制作鸡蛋沙拉\", \"position\": \"bottom\"},\n        {\"type\": \"text\", \"start\": 10.0, \"end\": 15.0, \"text\": \"切厚吐司片\", \"position\": \"bottom\"},\n        {\"type\": \"text\", \"start\": 15.0, \"end\": 28.0, \"text\": \"第一次烘烤吐司\", \"position\": \"bottom\"},\n        {\"type\": \"text\", \"start\": 28.0, \"end\": 38.0, \"text\": \"涂黄油二次烘烤\", \"position\": \"bottom\"},\n        {\"type\": \"text\", \"start\": 38.0, \"end\": 51.0, \"text\": \"吐司铺鸡蛋沙拉\", \"position\": \"bottom\"},\n        {\"type\": \"text\", \"start\": 51.0, \"end\": 56.0, \"text\": \"调味装饰完成\", \"position\": \"bottom\"}\n    ]\n}"
[11:54:10.024] [DATA] [timeline-build] timeline constructed
{
  "baseClips": [
    {
      "id": "0.00-10.00",
      "start": 0,
      "end": 10,
      "dur": 10
    },
    {
      "id": "10.00-15.00",
      "start": 10,
      "end": 15,
      "dur": 5
    },
    {
      "id": "38.00-51.00",
      "start": 38,
      "end": 51,
      "dur": 13
    },
    {
      "id": "51.00-56.00",
      "start": 51,
      "end": 56,
      "dur": 5
    }
  ],
  "resultClips": [
    {
      "id": "0.00-10.00",
      "start": 0,
      "end": 10,
      "timelineStart": 0,
      "displayDuration": 10,
      "playbackRate": 1
    },
    {
      "id": "10.00-15.00",
      "start": 10,
      "end": 15,
      "timelineStart": 10,
      "displayDuration": 5,
      "playbackRate": 1
    },
    {
      "id": "38.00-51.00",
      "start": 38,
      "end": 51,
      "timelineStart": 15,
      "displayDuration": 13,
      "playbackRate": 1
    },
    {
      "id": "51.00-56.00",
      "start": 51,
      "end": 56,
      "timelineStart": 28,
      "displayDuration": 5,
      "playbackRate": 1
    }
  ],
  "totalTimelineDuration": 33,
  "videoDuration": 57.538005,
  "textEdits": [
    {
      "type": "text",
      "start": 0,
      "end": 10,
      "text": "制作鸡蛋沙拉",
      "position": "bottom",
      "timelineStart": 0,
      "timelineEnd": 10
    },
    {
      "type": "text",
      "start": 10,
      "end": 15,
      "text": "切厚吐司片",
      "position": "bottom",
      "timelineStart": 10,
      "timelineEnd": 15
    },
    {
      "type": "text",
      "start": 15,
      "end": 28,
      "text": "第一次烘烤吐司",
      "position": "bottom",
      "timelineStart": 15,
      "timelineEnd": 28
    },
    {
      "type": "text",
      "start": 28,
      "end": 38,
      "text": "涂黄油二次烘烤",
      "position": "bottom",
      "timelineStart": 28,
      "timelineEnd": 15
    },
    {
      "type": "text",
      "start": 38,
      "end": 51,
      "text": "吐司铺鸡蛋沙拉",
      "position": "bottom",
      "timelineStart": 15,
      "timelineEnd": 28
    },
    {
      "type": "text",
      "start": 51,
      "end": 56,
      "text": "调味装饰完成",
      "position": "bottom",
      "timelineStart": 28,
      "timelineEnd": 33
    }
  ],
  "fadeEdits": []
}
[11:54:55.202] [DATA] [timeline-build] timeline constructed
{
  "baseClips": [
    {
      "id": "0.00-10.00",
      "start": 0,
      "end": 10,
      "dur": 10
    },
    {
      "id": "10.00-15.00",
      "start": 10,
      "end": 15,
      "dur": 5
    },
    {
      "id": "38.00-51.00",
      "start": 38,
      "end": 51,
      "dur": 13
    },
    {
      "id": "51.00-56.00",
      "start": 51,
      "end": 56,
      "dur": 5
    }
  ],
  "resultClips": [
    {
      "id": "0.00-10.00",
      "start": 0,
      "end": 10,
      "timelineStart": 0,
      "displayDuration": 10,
      "playbackRate": 1
    },
    {
      "id": "10.00-15.00",
      "start": 10,
      "end": 15,
      "timelineStart": 10,
      "displayDuration": 5,
      "playbackRate": 1
    },
    {
      "id": "38.00-51.00",
      "start": 38,
      "end": 51,
      "timelineStart": 15,
      "displayDuration": 13,
      "playbackRate": 1
    },
    {
      "id": "51.00-56.00",
      "start": 51,
      "end": 56,
      "timelineStart": 28,
      "displayDuration": 5,
      "playbackRate": 1
    }
  ],
  "totalTimelineDuration": 33,
  "videoDuration": 57.538005,
  "textEdits": [
    {
      "type": "text",
      "start": 0,
      "end": 10,
      "text": "制作鸡蛋沙拉",
      "position": "bottom",
      "timelineStart": 0,
      "timelineEnd": 10
    },
    {
      "type": "text",
      "start": 10,
      "end": 15,
      "text": "切厚吐司片",
      "position": "bottom",
      "timelineStart": 10,
      "timelineEnd": 15
    },
    {
      "type": "text",
      "start": 15,
      "end": 28,
      "text": "第一次烘烤吐司",
      "position": "bottom",
      "timelineStart": 15,
      "timelineEnd": 28
    },
    {
      "type": "text",
      "start": 28,
      "end": 38,
      "text": "涂黄油二次烘烤",
      "position": "bottom",
      "timelineStart": 28,
      "timelineEnd": 15
    },
    {
      "type": "text",
      "start": 38,
      "end": 51,
      "text": "吐司铺鸡蛋沙拉",
      "position": "bottom",
      "timelineStart": 15,
      "timelineEnd": 28
    },
    {
      "type": "text",
      "start": 51,
      "end": 56,
      "text": "调味装饰完成",
      "position": "bottom",
      "timelineStart": 28,
      "timelineEnd": 33
    }
  ],
  "fadeEdits": []
}
[11:54:56.015] [DATA] [timeline-build] timeline constructed
{
  "baseClips": [
    {
      "id": "0.00-10.00",
      "start": 0,
      "end": 10,
      "dur": 10
    },
    {
      "id": "10.00-15.00",
      "start": 10,
      "end": 15,
      "dur": 5
    },
    {
      "id": "38.00-51.00",
      "start": 38,
      "end": 51,
      "dur": 13
    },
    {
      "id": "51.00-56.00",
      "start": 51,
      "end": 56,
      "dur": 5
    }
  ],
  "resultClips": [
    {
      "id": "0.00-10.00",
      "start": 0,
      "end": 10,
      "timelineStart": 0,
      "displayDuration": 10,
      "playbackRate": 1
    },
    {
      "id": "10.00-15.00",
      "start": 10,
      "end": 15,
      "timelineStart": 10,
      "displayDuration": 5,
      "playbackRate": 1
    },
    {
      "id": "38.00-51.00",
      "start": 38,
      "end": 51,
      "timelineStart": 15,
      "displayDuration": 13,
      "playbackRate": 1
    },
    {
      "id": "51.00-56.00",
      "start": 51,
      "end": 56,
      "timelineStart": 28,
      "displayDuration": 5,
      "playbackRate": 1
    }
  ],
  "totalTimelineDuration": 33,
  "videoDuration": 57.538005,
  "textEdits": [
    {
      "type": "text",
      "start": 0,
      "end": 10,
      "text": "制作鸡蛋沙拉",
      "position": "bottom",
      "timelineStart": 0,
      "timelineEnd": 10
    },
    {
      "type": "text",
      "start": 10,
      "end": 15,
      "text": "切厚吐司片",
      "position": "bottom",
      "timelineStart": 10,
      "timelineEnd": 15
    },
    {
      "type": "text",
      "start": 15,
      "end": 28,
      "text": "第一次烘烤吐司",
      "position": "bottom",
      "timelineStart": 15,
      "timelineEnd": 28
    },
    {
      "type": "text",
      "start": 28,
      "end": 38,
      "text": "涂黄油二次烘烤",
      "position": "bottom",
      "timelineStart": 28,
      "timelineEnd": 15
    },
    {
      "type": "text",
      "start": 38,
      "end": 51,
      "text": "吐司铺鸡蛋沙拉",
      "position": "bottom",
      "timelineStart": 15,
      "timelineEnd": 28
    },
    {
      "type": "text",
      "start": 51,
      "end": 56,
      "text": "调味装饰完成",
      "position": "bottom",
      "timelineStart": 28,
      "timelineEnd": 33
    }
  ],
  "fadeEdits": []
}
[11:54:57.142] [DATA] [timeline-build] timeline constructed
{
  "baseClips": [
    {
      "id": "0.00-10.00",
      "start": 0,
      "end": 10,
      "dur": 10
    },
    {
      "id": "10.00-15.00",
      "start": 10,
      "end": 15,
      "dur": 5
    },
    {
      "id": "38.00-51.00",
      "start": 38,
      "end": 51,
      "dur": 13
    },
    {
      "id": "51.00-56.00",
      "start": 51,
      "end": 56,
      "dur": 5
    }
  ],
  "resultClips": [
    {
      "id": "0.00-10.00",
      "start": 0,
      "end": 10,
      "timelineStart": 0,
      "displayDuration": 10,
      "playbackRate": 1
    },
    {
      "id": "10.00-15.00",
      "start": 10,
      "end": 15,
      "timelineStart": 10,
      "displayDuration": 5,
      "playbackRate": 1
    },
    {
      "id": "38.00-51.00",
      "start": 38,
      "end": 51,
      "timelineStart": 15,
      "displayDuration": 13,
      "playbackRate": 1
    },
    {
      "id": "51.00-56.00",
      "start": 51,
      "end": 56,
      "timelineStart": 28,
      "displayDuration": 5,
      "playbackRate": 1
    }
  ],
  "totalTimelineDuration": 33,
  "videoDuration": 57.538005,
  "textEdits": [
    {
      "type": "text",
      "start": 0,
      "end": 10,
      "text": "制作鸡蛋沙拉",
      "position": "bottom",
      "timelineStart": 0,
      "timelineEnd": 10
    },
    {
      "type": "text",
      "start": 10,
      "end": 15,
      "text": "切厚吐司片",
      "position": "bottom",
      "timelineStart": 10,
      "timelineEnd": 15
    },
    {
      "type": "text",
      "start": 15,
      "end": 28,
      "text": "第一次烘烤吐司",
      "position": "bottom",
      "timelineStart": 15,
      "timelineEnd": 28
    },
    {
      "type": "text",
      "start": 28,
      "end": 38,
      "text": "涂黄油二次烘烤",
      "position": "bottom",
      "timelineStart": 28,
      "timelineEnd": 15
    },
    {
      "type": "text",
      "start": 38,
      "end": 51,
      "text": "吐司铺鸡蛋沙拉",
      "position": "bottom",
      "timelineStart": 15,
      "timelineEnd": 28
    },
    {
      "type": "text",
      "start": 51,
      "end": 56,
      "text": "调味装饰完成",
      "position": "bottom",
      "timelineStart": 28,
      "timelineEnd": 33
    }
  ],
  "fadeEdits": []
}
[12:05:23.540] [DATA] [timeline-build] timeline constructed
{
  "baseClips": [
    {
      "id": "0.00-10.00",
      "start": 0,
      "end": 10,
      "dur": 10
    },
    {
      "id": "10.00-15.00",
      "start": 10,
      "end": 15,
      "dur": 5
    },
    {
      "id": "38.00-51.00",
      "start": 38,
      "end": 51,
      "dur": 13
    },
    {
      "id": "51.00-56.00",
      "start": 51,
      "end": 56,
      "dur": 5
    }
  ],
  "resultClips": [
    {
      "id": "0.00-10.00",
      "start": 0,
      "end": 10,
      "timelineStart": 0,
      "displayDuration": 10,
      "playbackRate": 1
    },
    {
      "id": "10.00-15.00",
      "start": 10,
      "end": 15,
      "timelineStart": 10,
      "displayDuration": 5,
      "playbackRate": 1
    },
    {
      "id": "38.00-51.00",
      "start": 38,
      "end": 51,
      "timelineStart": 15,
      "displayDuration": 13,
      "playbackRate": 1
    },
    {
      "id": "51.00-56.00",
      "start": 51,
      "end": 56,
      "timelineStart": 28,
      "displayDuration": 5,
      "playbackRate": 1
    }
  ],
  "totalTimelineDuration": 33,
  "videoDuration": 57.538005,
  "textEdits": [
    {
      "type": "text",
      "start": 0,
      "end": 10,
      "text": "制作鸡蛋沙拉",
      "position": "bottom",
      "timelineStart": 0,
      "timelineEnd": 10
    },
    {
      "type": "text",
      "start": 10,
      "end": 15,
      "text": "切厚吐司片",
      "position": "bottom",
      "timelineStart": 10,
      "timelineEnd": 15
    },
    {
      "type": "text",
      "start": 15,
      "end": 28,
      "text": "第一次烘烤吐司",
      "position": "bottom",
      "timelineStart": 15,
      "timelineEnd": 28
    },
    {
      "type": "text",
      "start": 28,
      "end": 38,
      "text": "涂黄油二次烘烤",
      "position": "bottom",
      "timelineStart": 28,
      "timelineEnd": 15
    },
    {
      "type": "text",
      "start": 38,
      "end": 51,
      "text": "吐司铺鸡蛋沙拉",
      "position": "bottom",
      "timelineStart": 15,
      "timelineEnd": 28
    },
    {
      "type": "text",
      "start": 51,
      "end": 56,
      "text": "调味装饰完成",
      "position": "bottom",
      "timelineStart": 28,
      "timelineEnd": 33
    }
  ],
  "fadeEdits": []
}
