[17:53:11.964] [INFO] [analyze] start
{
  "name": "1E2C715E-421C-4E90-9929-83902DBC8ED7.mov",
  "size": 39345775,
  "duration": 57.538005,
  "pe": "短视频剪辑产品经理（PE）",
  "request": "做成一个 vlog 的视频，配点文字，把鸡蛋捣碎的过程加速一下，整体视频控制在 30S",
  "engine": "doubao"
}
[17:54:39.826] [DATA] [analyze] debugTimeline
[
  {
    "time": "2026-03-16T09:53:11.964Z",
    "role": "system",
    "level": "info",
    "message": "收到识别请求",
    "data": {
      "name": "1E2C715E-421C-4E90-9929-83902DBC8ED7.mov",
      "size": 39345775,
      "duration": 57.538005,
      "pe": "短视频剪辑产品经理（PE）",
      "request": "做成一个 vlog 的视频，配点文字，把鸡蛋捣碎的过程加速一下，整体视频控制在 30S",
      "engine": "doubao"
    }
  },
  {
    "round": 1,
    "thought": "用户需要制作时长30秒的vlog，需定位鸡蛋捣碎过程的时间区间以便加速，同时需要提取合适的vlog内容片段，因此先调用视频分析工具获取内容结构和关键事件时间戳。",
    "action": "analyze_video(\"定位鸡蛋捣碎的过程片段，以及其他适合美食vlog的关键内容片段\")",
    "observation": {
      "events": 5,
      "description": "视频展示了特色厚蛋吐司的制作过程，先将熟鸡蛋加酱料捣碎制成鸡蛋沙拉，再把厚吐司经烘烤、挖空处理后填入鸡蛋沙拉，调味后完成餐品制作。"
    }
  },
  {
    "round": 2,
    "thought": "已获取视频完整内容结构，现在按照要求加速鸡蛋捣碎过程，筛选核心制作片段控制总时长在30秒左右，同时给每个关键步骤配说明文字。"
  },
  {
    "time": "2026-03-16T09:54:39.826Z",
    "role": "system",
    "level": "info",
    "message": "识别完成",
    "data": {
      "source": "agent-loop-doubao",
      "engine": "doubao",
      "edits": 11
    }
  }
]
[17:54:39.826] [DATA] [analyze] result.features
{
  "duration": 57.538005,
  "segmentCount": 5,
  "segments": [
    {
      "id": "0.00-9.70",
      "start": 0,
      "end": 9.7,
      "duration": 9.7,
      "energy": 0.9,
      "label": "捣碎鸡蛋制作沙拉",
      "tags": {}
    },
    {
      "id": "11.30-15.30",
      "start": 11.3,
      "end": 15.3,
      "duration": 4,
      "energy": 0.7,
      "label": "切厚吐司片",
      "tags": {}
    },
    {
      "id": "15.50-21.00",
      "start": 15.5,
      "end": 21,
      "duration": 5.5,
      "energy": 0.7,
      "label": "第一次烘烤吐司",
      "tags": {}
    },
    {
      "id": "23.30-30.00",
      "start": 23.3,
      "end": 30,
      "duration": 6.699999999999999,
      "energy": 0.8,
      "label": "处理吐司二次烘烤",
      "tags": {}
    },
    {
      "id": "38.00-47.00",
      "start": 38,
      "end": 47,
      "duration": 9,
      "energy": 0.9,
      "label": "填入沙拉完成制作",
      "tags": {}
    }
  ],
  "keyframes": [
    {
      "time": 4.85,
      "energy": 0.9
    },
    {
      "time": 13.3,
      "energy": 0.7
    },
    {
      "time": 18.25,
      "energy": 0.7
    },
    {
      "time": 26.65,
      "energy": 0.8
    },
    {
      "time": 42.5,
      "energy": 0.9
    }
  ],
  "rhythmScore": 0.8,
  "events": [
    {
      "label": "捣碎鸡蛋制作沙拉",
      "start": 0,
      "end": 9.7,
      "confidence": 1
    },
    {
      "label": "切厚吐司片",
      "start": 11.3,
      "end": 15.3,
      "confidence": 1
    },
    {
      "label": "第一次烘烤吐司",
      "start": 15.5,
      "end": 23,
      "confidence": 1
    },
    {
      "label": "处理吐司二次烘烤",
      "start": 23.3,
      "end": 37.7,
      "confidence": 1
    },
    {
      "label": "填入沙拉完成制作",
      "start": 38,
      "end": 55.7,
      "confidence": 1
    }
  ],
  "edits": [
    {
      "type": "speed",
      "start": 0,
      "end": 9.7,
      "rate": 2
    },
    {
      "type": "delete",
      "start": 9.7,
      "end": 11.3
    },
    {
      "type": "delete",
      "start": 15.3,
      "end": 15.5
    },
    {
      "type": "delete",
      "start": 21,
      "end": 23.3
    },
    {
      "type": "delete",
      "start": 30,
      "end": 38
    },
    {
      "type": "delete",
      "start": 47,
      "end": 57.538
    },
    {
      "type": "text",
      "start": 0,
      "end": 4.85,
      "text": "制作鸡蛋沙拉",
      "position": "bottom"
    },
    {
      "type": "text",
      "start": 4.85,
      "end": 8.85,
      "text": "切厚吐司",
      "position": "bottom"
    },
    {
      "type": "text",
      "start": 8.85,
      "end": 14.35,
      "text": "烘烤吐司",
      "position": "bottom"
    },
    {
      "type": "text",
      "start": 14.35,
      "end": 21.05,
      "text": "吐司二次加工",
      "position": "bottom"
    },
    {
      "type": "text",
      "start": 21.05,
      "end": 30.05,
      "text": "完成厚蛋吐司",
      "position": "bottom"
    }
  ],
  "summary": "已完成30秒美食vlog制作：加速了鸡蛋捣碎过程，保留了厚蛋吐司核心制作步骤，每个步骤配了对应说明文字，总时长约30秒符合要求。",
  "agentSteps": [
    {
      "round": 1,
      "thought": "用户需要制作时长30秒的vlog，需定位鸡蛋捣碎过程的时间区间以便加速，同时需要提取合适的vlog内容片段，因此先调用视频分析工具获取内容结构和关键事件时间戳。",
      "action": "analyze_video(\"定位鸡蛋捣碎的过程片段，以及其他适合美食vlog的关键内容片段\")",
      "observation": {
        "events": 5,
        "description": "视频展示了特色厚蛋吐司的制作过程，先将熟鸡蛋加酱料捣碎制成鸡蛋沙拉，再把厚吐司经烘烤、挖空处理后填入鸡蛋沙拉，调味后完成餐品制作。"
      }
    },
    {
      "round": 2,
      "thought": "已获取视频完整内容结构，现在按照要求加速鸡蛋捣碎过程，筛选核心制作片段控制总时长在30秒左右，同时给每个关键步骤配说明文字。"
    }
  ],
  "performance": {
    "totalTime": "87.9s",
    "rounds": 2,
    "tokensIn": 38812,
    "tokensOut": 3557,
    "totalTokens": 42369,
    "cost": "$0.0000",
    "orchestratorCalls": 2,
    "videoAnalysisCalls": 1
  }
}
[17:54:39.826] [INFO] [analyze] done
{
  "source": "agent-loop-doubao",
  "segmentCount": 5,
  "events": 5,
  "edits": 11
}
[17:54:39.827] [DATA] [analyze] rawResponse
"{\n    \"thought\": \"已获取视频完整内容结构，现在按照要求加速鸡蛋捣碎过程，筛选核心制作片段控制总时长在30秒左右，同时给每个关键步骤配说明文字。\",\n    \"final_answer\": \"已完成30秒美食vlog制作：加速了鸡蛋捣碎过程，保留了厚蛋吐司核心制作步骤，每个步骤配了对应说明文字，总时长约30秒符合要求。\",\n    \"summary\": \"视频为特色厚蛋吐司制作过程：先制作鸡蛋沙拉，再处理厚吐司经两次烘烤后填入沙拉调味完成制作。\",\n    \"segments\": [\n        {\"start\": 0.0, \"end\": 9.7, \"energy\": 0.9, \"label\": \"捣碎鸡蛋制作沙拉\"},\n        {\"start\": 11.3, \"end\": 15.3, \"energy\": 0.7, \"label\": \"切厚吐司片\"},\n        {\"start\": 15.5, \"end\": 21.0, \"energy\": 0.7, \"label\": \"第一次烘烤吐司\"},\n        {\"start\": 23.3, \"end\": 30.0, \"energy\": 0.8, \"label\": \"处理吐司二次烘烤\"},\n        {\"start\": 38.0, \"end\": 47.0, \"energy\": 0.9, \"label\": \"填入沙拉完成制作\"}\n    ],\n    \"events\": [\n        {\"label\": \"捣碎鸡蛋制作沙拉\", \"start\": 0.0, \"end\": 9.7, \"confidence\": 1.0},\n        {\"label\": \"切厚吐司片\", \"start\": 11.3, \"end\": 15.3, \"confidence\": 1.0},\n        {\"label\": \"第一次烘烤吐司\", \"start\": 15.5, \"end\": 23.0, \"confidence\": 1.0},\n        {\"label\": \"处理吐司二次烘烤\", \"start\": 23.3, \"end\": 37.7, \"confidence\": 1.0},\n        {\"label\": \"填入沙拉完成制作\", \"start\": 38.0, \"end\": 55.7, \"confidence\": 1.0}\n    ],\n    \"edits\": [\n        {\"type\": \"speed\", \"start\": 0.0, \"end\": 9.7, \"rate\": 2.0},\n        {\"type\": \"delete\", \"start\": 9.7, \"end\": 11.3},\n        {\"type\": \"delete\", \"start\": 15.3, \"end\": 15.5},\n        {\"type\": \"delete\", \"start\": 21.0, \"end\": 23.3},\n        {\"type\": \"delete\", \"start\": 30.0, \"end\": 38.0},\n        {\"type\": \"delete\", \"start\": 47.0, \"end\": 57.538},\n        {\"type\": \"text\", \"start\": 0.0, \"end\": 4.85, \"text\": \"制作鸡蛋沙拉\", \"position\": \"bottom\"},\n        {\"type\": \"text\", \"start\": 4.85, \"end\": 8.85, \"text\": \"切厚吐司\", \"position\": \"bottom\"},\n        {\"type\": \"text\", \"start\": 8.85, \"end\": 14.35, \"text\": \"烘烤吐司\", \"position\": \"bottom\"},\n        {\"type\": \"text\", \"start\": 14.35, \"end\": 21.05, \"text\": \"吐司二次加工\", \"position\": \"bottom\"},\n        {\"type\": \"text\", \"start\": 21.05, \"end\": 30.05, \"text\": \"完成厚蛋吐司\", \"position\": \"bottom\"}\n    ]\n}"
[17:54:39.841] [DATA] [timeline-build] timeline constructed
{
  "baseClips": [
    {
      "id": "base-clip",
      "start": 0,
      "end": 57.538005,
      "dur": 57.538005
    }
  ],
  "resultClips": [
    {
      "id": "split-0.00-9.70",
      "start": 0,
      "end": 9.7,
      "timelineStart": 0,
      "displayDuration": 4.85,
      "playbackRate": 2
    },
    {
      "id": "split-11.30-15.30",
      "start": 11.3,
      "end": 15.3,
      "timelineStart": 4.85,
      "displayDuration": 4,
      "playbackRate": 1
    },
    {
      "id": "split-15.50-21.00",
      "start": 15.5,
      "end": 21,
      "timelineStart": 8.85,
      "displayDuration": 5.5,
      "playbackRate": 1
    },
    {
      "id": "split-23.30-30.00",
      "start": 23.3,
      "end": 30,
      "timelineStart": 14.35,
      "displayDuration": 6.699999999999999,
      "playbackRate": 1
    },
    {
      "id": "split-38.00-47.00",
      "start": 38,
      "end": 47,
      "timelineStart": 21.049999999999997,
      "displayDuration": 9,
      "playbackRate": 1
    }
  ],
  "totalTimelineDuration": 30.049999999999997,
  "videoDuration": 57.538005,
  "textEdits": [
    {
      "type": "text",
      "start": 0,
      "end": 4.85,
      "text": "制作鸡蛋沙拉",
      "position": "bottom",
      "timelineStart": 0,
      "timelineEnd": 2.425
    },
    {
      "type": "text",
      "start": 4.85,
      "end": 8.85,
      "text": "切厚吐司",
      "position": "bottom",
      "timelineStart": 2.425,
      "timelineEnd": 4.425
    },
    {
      "type": "text",
      "start": 8.85,
      "end": 14.35,
      "text": "烘烤吐司",
      "position": "bottom",
      "timelineStart": 4.425,
      "timelineEnd": 7.899999999999999
    },
    {
      "type": "text",
      "start": 14.35,
      "end": 21.05,
      "text": "吐司二次加工",
      "position": "bottom",
      "timelineStart": 7.899999999999999,
      "timelineEnd": 14.4
    },
    {
      "type": "text",
      "start": 21.05,
      "end": 30.05,
      "text": "完成厚蛋吐司",
      "position": "bottom",
      "timelineStart": 14.4,
      "timelineEnd": 21.1
    }
  ],
  "fadeEdits": []
}
[21:46:39.697] [DATA] [timeline-build] timeline constructed
{
  "baseClips": [
    {
      "id": "base-clip",
      "start": 0,
      "end": 54.466667,
      "dur": 54.466667
    }
  ],
  "resultClips": [
    {
      "id": "base-clip",
      "start": 0,
      "end": 54.466667,
      "timelineStart": 0,
      "displayDuration": 54.466667,
      "playbackRate": 1
    }
  ],
  "totalTimelineDuration": 54.466667,
  "videoDuration": 54.466667,
  "textEdits": [],
  "fadeEdits": []
}
[21:46:54.245] [DATA] [timeline-build] timeline constructed
{
  "baseClips": [
    {
      "id": "base-clip",
      "start": 0,
      "end": 54.466667,
      "dur": 54.466667
    }
  ],
  "resultClips": [
    {
      "id": "base-clip",
      "start": 0,
      "end": 54.466667,
      "timelineStart": 0,
      "displayDuration": 54.466667,
      "playbackRate": 1
    }
  ],
  "totalTimelineDuration": 54.466667,
  "videoDuration": 54.466667,
  "textEdits": [],
  "fadeEdits": []
}
