[22:01:01.105] [INFO] [analyze] start
{
  "name": "IMG_5962_edited.mp4",
  "size": 16664237,
  "duration": 32.002,
  "pe": "短视频剪辑产品经理（PE）",
  "request": "找出视频中穿白色球衣的球员进球的片段，保留这些片段，其它都去掉\r\n",
  "engine": "doubao"
}
[22:03:00.241] [DATA] [analyze] debugTimeline
[
  {
    "time": "2026-03-15T14:01:01.105Z",
    "role": "system",
    "level": "info",
    "message": "收到识别请求",
    "data": {
      "name": "IMG_5962_edited.mp4",
      "size": 16664237,
      "duration": 32.002,
      "pe": "短视频剪辑产品经理（PE）",
      "request": "找出视频中穿白色球衣的球员进球的片段，保留这些片段，其它都去掉\r\n",
      "engine": "doubao"
    }
  },
  {
    "round": 1,
    "thought": "当前需要定位视频中穿白色球衣球员的进球片段，首先调用视频分析工具识别相关事件",
    "action": "analyze_video(\"穿白色球衣的球员的进球片段\")",
    "observation": {
      "events": 0,
      "description": ""
    }
  },
  {
    "round": 2,
    "thought": "首次视频分析未返回有效进球相关事件，调整查询关键词重新调用分析工具，明确要求识别所有进球事件及对应球员球衣颜色，定位符合要求的片段时间范围",
    "action": "analyze_video(\"识别视频中所有进球事件，记录每个进球的时间范围，同时识别进球球员的球衣颜色，标记出穿白色球衣球员的进球片段\")",
    "observation": {
      "events": 0,
      "description": ""
    }
  },
  {
    "round": 3,
    "thought": "前两次分析未返回有效事件，简化查询指令，先识别所有进球事件及对应球员球衣颜色，获取相关片段的时间范围",
    "action": "analyze_video(\"分析视频里所有的进球事件，返回每个进球的开始时间、结束时间，以及进球球员的球衣颜色\")",
    "observation": {
      "events": 0,
      "description": ""
    }
  },
  {
    "round": 4,
    "thought": "经过三次调用视频分析工具，均未识别到视频中穿白色球衣球员的进球相关事件，无法定位符合要求的片段，无法完成本次剪辑需求"
  },
  {
    "time": "2026-03-15T14:03:00.241Z",
    "role": "system",
    "level": "info",
    "message": "识别完成",
    "data": {
      "source": "agent-loop-doubao",
      "edits": 0
    }
  }
]
[22:03:00.241] [DATA] [analyze] result.features
{
  "duration": 32.002,
  "segmentCount": 0,
  "segments": [],
  "keyframes": [],
  "rhythmScore": 0,
  "events": [],
  "edits": [],
  "summary": "很抱歉，经过多次视频内容分析，未识别到视频中穿白色球衣球员的进球片段，无法为您完成对应的剪辑操作。",
  "agentSteps": [
    {
      "round": 1,
      "thought": "当前需要定位视频中穿白色球衣球员的进球片段，首先调用视频分析工具识别相关事件",
      "action": "analyze_video(\"穿白色球衣的球员的进球片段\")",
      "observation": {
        "events": 0,
        "description": ""
      }
    },
    {
      "round": 2,
      "thought": "首次视频分析未返回有效进球相关事件，调整查询关键词重新调用分析工具，明确要求识别所有进球事件及对应球员球衣颜色，定位符合要求的片段时间范围",
      "action": "analyze_video(\"识别视频中所有进球事件，记录每个进球的时间范围，同时识别进球球员的球衣颜色，标记出穿白色球衣球员的进球片段\")",
      "observation": {
        "events": 0,
        "description": ""
      }
    },
    {
      "round": 3,
      "thought": "前两次分析未返回有效事件，简化查询指令，先识别所有进球事件及对应球员球衣颜色，获取相关片段的时间范围",
      "action": "analyze_video(\"分析视频里所有的进球事件，返回每个进球的开始时间、结束时间，以及进球球员的球衣颜色\")",
      "observation": {
        "events": 0,
        "description": ""
      }
    },
    {
      "round": 4,
      "thought": "经过三次调用视频分析工具，均未识别到视频中穿白色球衣球员的进球相关事件，无法定位符合要求的片段，无法完成本次剪辑需求"
    }
  ],
  "performance": {
    "totalTime": "119.1s",
    "rounds": 4,
    "tokensIn": 67230,
    "tokensOut": 4443,
    "totalTokens": 71673,
    "cost": "$0.0000",
    "orchestratorCalls": 4,
    "videoAnalysisCalls": 3
  }
}
[22:03:00.241] [INFO] [analyze] done
{
  "source": "agent-loop-doubao",
  "segmentCount": 0,
  "events": 0,
  "edits": 0
}
[22:03:00.244] [DATA] [analyze] rawResponse
"{\n  \"thought\": \"经过三次调用视频分析工具，均未识别到视频中穿白色球衣球员的进球相关事件，无法定位符合要求的片段，无法完成本次剪辑需求\",\n  \"final_answer\": \"很抱歉，经过多次视频内容分析，未识别到视频中穿白色球衣球员的进球片段，无法为您完成对应的剪辑操作。\",\n  \"summary\": \"\",\n  \"segments\": [],\n  \"events\": [],\n  \"edits\": []\n}"
[22:03:00.266] [DATA] [timeline-build] timeline constructed
{
  "baseClips": [],
  "resultClips": [],
  "totalTimelineDuration": 0,
  "videoDuration": 32.002,
  "textEdits": [],
  "fadeEdits": []
}
